OS Climate Setup Log - 2025-03-25 07:42:43
Command: /usr/bin/python3 /home/trim/Documents/GitHub/INFER-GEO/GEO-INFER-SPACE/osc_setup_all.py --skip-tests

=== STANDARD OUTPUT ===

Directory structure for osc-geo-h3grid-srv:
osc-geo-h3grid-srv/
├── .git/
│   ├── branches/
│   ├── hooks/
│   │   ├── applypatch-msg.sample (478B)
│   │   ├── commit-msg.sample (896B)
│   │   ├── fsmonitor-watchman.sample (4.5KB)
│   │   ├── post-update.sample (189B)
│   │   ├── pre-applypatch.sample (424B)
│   │   ├── pre-commit.sample (1.6KB)
│   │   ├── pre-merge-commit.sample (416B)
│   │   ├── pre-push.sample (1.3KB)
│   │   ├── pre-rebase.sample (4.8KB)
│   │   ├── pre-receive.sample (544B)
│   │   ├── prepare-commit-msg.sample (1.5KB)
│   │   ├── push-to-checkout.sample (2.7KB)
│   │   └── update.sample (3.6KB)
│   ├── info/
│   │   └── exclude (240B)
│   ├── logs/
│   │   ├── refs/
│   │   │   ├── heads/
│   │   │   │   ...
│   │   │   └── remotes/
│   │   │       ...
│   │   └── HEAD (214B)
│   ├── objects/
│   │   ├── info/
│   │   └── pack/
│   │       ├── pack-6cb21b0f8851b6419169f7455db5bebd3bdd6714.idx (17.8KB)
│   │       └── pack-6cb21b0f8851b6419169f7455db5bebd3bdd6714.pack (26269.2KB)
│   ├── refs/
│   │   ├── heads/
│   │   │   └── main (41B)
│   │   ├── remotes/
│   │   │   └── origin/
│   │   │       ...
│   │   └── tags/
│   ├── config (273B)
│   ├── description (73B)
│   ├── FETCH_HEAD (108B)
│   ├── HEAD (21B)
│   ├── index (6.8KB)
│   ├── ORIG_HEAD (41B)
│   └── packed-refs (112B)
├── .pytest_cache/
│   ├── v/
│   │   └── cache/
│   │       ├── lastfailed (629B)
│   │       ├── nodeids (593B)
│   │       └── stepwise (2B)
│   ├── .gitignore (37B)
│   ├── CACHEDIR.TAG (191B)
│   └── README.md (302B)
├── app/
│   ├── start.sh (439B)
│   └── startd.sh (593B)
├── bin/
│   ├── dockerize.sh (5.3KB)
│   ├── environment.sh (587B)
│   ├── show.sh (635B)
│   ├── start.sh (460B)
│   ├── startd.sh (1.6KB)
│   ├── vactivate.sh (1.0KB)
│   └── venv.sh (1.0KB)
├── config/
│   ├── config-example.yml (73B)
│   ├── config.yml (50B)
│   └── config_docker.yml (55B)
├── docker/
│   ├── docker-compose.yml (561B)
│   └── Dockerfile (596B)
├── docs/
│   ├── getting-started.md (6.6KB)
│   ├── README-geospatial.md (20.1KB)
│   ├── README-repository.md (4.3KB)
│   ├── README-shapefile.md (22.2KB)
│   └── roadmap.md (587B)
├── examples/
│   ├── common/
│   │   └── example_datasets/
│   │       ├── dataset_metadata.duckdb (1292.0KB)
│   │       ├── jamaica_buildings.duckdb (524.0KB)
│   │       ├── tu_delft_river_flood_depth_1971_2000_hist_0010y_europe.duckdb (26124.0KB)
│   │       ├── tu_delft_river_flood_depth_1971_2000_hist_0010y_germany.duckdb (2572.0KB)
│   │       └── tu_delft_river_flood_depth_1971_2000_hist_1000y_germany.duckdb (2572.0KB)
│   ├── geospatial/
│   │   └── filter-assets/
│   │       ├── europe_one_dataset.json (221B)
│   │       ├── germany_1_m_generated_assets.zip (7386.3KB)
│   │       ├── germany_5_assets.parquet (1.2KB)
│   │       ├── germany_datasets.json (684B)
│   │       └── germany_one_dataset.json (343B)
│   └── getting-started/
│       └── giss_2022_12.yml (482B)
├── integration-test/
│   └── test_geomeshcli.py (2.2KB)
├── src/
│   ├── cli/
│   │   ├── cli_geospatial.py (16.5KB)
│   │   ├── cli_repository.py (4.2KB)
│   │   ├── cli_shapefile.py (6.2KB)
│   │   ├── cliexec_geospatial.py (8.3KB)
│   │   ├── cliexec_repository.py (1.3KB)
│   │   └── cliexec_shapefile.py (2.0KB)
│   ├── common/
│   │   ├── __pycache__/
│   │   │   ├── const.cpython-310.pyc (439B)
│   │   │   └── duckdbutils.cpython-310.pyc (3.4KB)
│   │   ├── const.py (477B)
│   │   ├── dataset_utilities.py (716B)
│   │   ├── duckdbutils.py (4.2KB)
│   │   └── httputils.py (5.1KB)
│   ├── geoserver/
│   │   ├── __pycache__/
│   │   │   ├── correlator.cpython-310.pyc (7.4KB)
│   │   │   └── geomesh_router_arguments.cpython-310.pyc (4.4KB)
│   │   ├── correlator.py (8.6KB)
│   │   ├── geomesh.py (43.8KB)
│   │   ├── geomesh_router.py (7.4KB)
│   │   ├── geomesh_router_arguments.py (4.5KB)
│   │   ├── metadata.py (9.7KB)
│   │   ├── point_router.py (5.7KB)
│   │   ├── route_constants.py (273B)
│   │   ├── server.py (1.9KB)
│   │   └── state.py (690B)
│   ├── osc_geo_h3grid_srv.egg-info/
│   │   ├── dependency_links.txt (1B)
│   │   ├── PKG-INFO (165B)
│   │   ├── SOURCES.txt (210B)
│   │   └── top_level.txt (1B)
│   └── shape/
│       ├── repository.py (3.2KB)
│       └── shape.py (18.2KB)
├── test/
│   ├── geoserver_test/
│   │   ├── __pycache__/
│   │   │   ├── __init__.cpython-310.pyc (212B)
│   │   │   └── test_correlator.cpython-310-pytest-8.2.1.pyc (7.7KB)
│   │   ├── __init__.py (264B)
│   │   └── test_correlator.py (10.6KB)
│   └── test_data/
│       └── correlator/
│           ├── dataset_metadata.duckdb (1292.0KB)
│           ├── tu_delft_river_flood_depth_1971_2000_hist_0010y_germany.duckdb (2572.0KB)
│           └── tu_delft_river_flood_depth_1971_2000_hist_1000y_germany.duckdb (2572.0KB)
├── venv/
│   ├── __pycache__/
│   │   └── setup.cpython-310.pyc (1.4KB)
│   ├── bin/
│   │   ├── activate (2.0KB)
│   │   ├── activate.csh (987B)
│   │   ├── activate.fish (2.2KB)
│   │   ├── Activate.ps1 (8.8KB)
│   │   ├── f2py (304B)
│   │   ├── fio (313B)
│   │   ├── imagecodecs (307B)
│   │   ├── normalizer (314B)
│   │   ├── pip (309B)
│   │   ├── pip3 (309B)
│   │   ├── pip3.10 (309B)
│   │   ├── py.test (309B)
│   │   ├── pyproj (302B)
│   │   ├── pytest (309B)
│   │   ├── python (5798.6KB)
│   │   ├── python3 (5798.6KB)
│   │   ├── python3.10 (5798.6KB)
│   │   ├── rio (316B)
│   │   └── uvicorn (299B)
│   ├── include/
│   │   └── h3/
│   │       └── h3api.h (17.1KB)
│   ├── lib/
│   │   ├── cmake/
│   │   │   └── h3/
│   │   │       ...
│   │   ├── python3.10/
│   │   │   └── site-packages/
│   │   │       ...
│   │   └── libh3.a (129.4KB)
│   ├── lib64/
│   │   ├── cmake/
│   │   │   └── h3/
│   │   │       ...
│   │   ├── python3.10/
│   │   │   └── site-packages/
│   │   │       ...
│   │   └── libh3.a (129.4KB)
│   ├── share/
│   │   └── xyzservices/
│   │       └── providers.json (738.3KB)
│   ├── src/
│   │   └── h3lib/
│   │       ├── cmake/
│   │       │   ...
│   │       ├── examples/
│   │       │   ...
│   │       ├── scripts/
│   │       │   ...
│   │       ├── src/
│   │       │   ...
│   │       ├── CMakeLists.txt (28.2KB)
│   │       ├── LICENSE (11.1KB)
│   │       ├── README.md (7.4KB)
│   │       └── VERSION (6B)
│   ├── CHANGELOG.md (2.6KB)
│   ├── CMakeLists.txt (913B)
│   ├── LICENSE (11.1KB)
│   ├── makefile (971B)
│   ├── pyproject.toml (77B)
│   ├── pyvenv.cfg (71B)
│   ├── readme.md (3.1KB)
│   ├── requirements.in (232B)
│   └── setup.py (1.2KB)
├── .gitattributes (16B)
├── .gitignore (257B)
├── LICENSE (1.1KB)
├── pytest.ini (25B)
├── README.md (3.9KB)
├── requirements.txt (332B)
└── setup.py (175B)


=== STANDARD ERROR ===
2025-03-25 07:42:43,966 - osc_setup_all - INFO - 
=== STEP 1: CLONING OS CLIMATE REPOSITORIES ===
2025-03-25 07:42:43,966 - osc_setup_all - INFO - Repository osc-geo-h3grid-srv already exists at ./ext/os-climate/osc-geo-h3grid-srv, updating
2025-03-25 07:42:43,966 - osc_setup_all - INFO - Running: git pull
2025-03-25 07:42:44,504 - osc_setup_all - INFO - OUT: Already up to date.
2025-03-25 07:42:44,504 - osc_setup_all - INFO - Command succeeded (exit code 0)
2025-03-25 07:42:44,504 - osc_setup_all - INFO - Repository osc-geo-h3loader-cli already exists at ./ext/os-climate/osc-geo-h3loader-cli, updating
2025-03-25 07:42:44,504 - osc_setup_all - INFO - Running: git pull
2025-03-25 07:42:44,983 - osc_setup_all - INFO - OUT: Already up to date.
2025-03-25 07:42:44,983 - osc_setup_all - INFO - Command succeeded (exit code 0)
2025-03-25 07:42:44,983 - osc_setup_all - INFO - 
=== STEP 2: LISTING REPOSITORY STRUCTURES ===
2025-03-25 07:42:44,990 - osc_setup_all - ERROR - Error listing directory structure for osc-geo-h3loader-cli: [Errno 2] No such file or directory: 'ext/os-climate/osc-geo-h3loader-cli/LICENSE'
2025-03-25 07:42:44,990 - osc_setup_all - WARNING - 
=== COMPLETED WITH WARNINGS ===
2025-03-25 07:42:44,990 - osc_setup_all - WARNING - OS Climate repositories have been cloned successfully, but there were issues listing some files.
2025-03-25 07:42:44,991 - osc_setup_all - INFO - 
================================================================================
2025-03-25 07:42:44,991 - osc_setup_all - INFO - Setup report saved to: /home/trim/Documents/GitHub/INFER-GEO/GEO-INFER-SPACE/reports/osc_setup_report_20250325_074243.json
2025-03-25 07:42:44,991 - osc_setup_all - INFO - ================================================================================


=== SUMMARY ===
Exit code: 0
Status: SUCCESS
