2025-07-09 17:04:24,286 - __main__ - INFO - ================================================================================
2025-07-09 17:04:24,286 - __main__ - INFO - Cascadia Agricultural Land Analysis Framework
2025-07-09 17:04:24,286 - __main__ - INFO - ================================================================================
2025-07-09 17:04:24,289 - __main__ - INFO - ✓ h3 is available
2025-07-09 17:04:24,401 - __main__ - INFO - ✓ numpy is available
2025-07-09 17:04:24,557 - numexpr.utils - INFO - NumExpr defaulting to 12 threads.
2025-07-09 17:04:24,750 - __main__ - INFO - ✓ pandas is available
2025-07-09 17:04:24,825 - __main__ - INFO - ✓ geopandas is available
2025-07-09 17:04:24,826 - __main__ - INFO - ✓ shapely is available
2025-07-09 17:04:24,938 - __main__ - INFO - ✓ requests is available
2025-07-09 17:04:25,041 - __main__ - INFO - ✓ rasterio is available
2025-07-09 17:04:25,214 - __main__ - INFO - ✓ folium is available
2025-07-09 17:04:25,214 - __main__ - INFO - All dependencies are available
2025-07-09 17:04:25,215 - __main__ - INFO - Output directory: /home/trim/Documents/GitHub/GEO-INFER/output
2025-07-09 17:04:25,215 - __main__ - INFO - Configuration validation successful
2025-07-09 17:04:25,300 - __main__ - INFO - Initializing Cascadia Agricultural H3 Backend (resolution: 8)
2025-07-09 17:04:25,301 - unified_backend - INFO - Defined 204 hexagons for Cascadia bioregion
2025-07-09 17:04:25,301 - zoning.geo_infer_zoning - INFO - GeoInferZoning initialized with H3 resolution 8
2025-07-09 17:04:25,301 - current_use.geo_infer_current_use - INFO - GeoInferCurrentUse initialized with H3 resolution 8
2025-07-09 17:04:25,301 - ownership.geo_infer_ownership - INFO - GeoInferOwnership initialized with H3 resolution 8
2025-07-09 17:04:25,301 - mortgage_debt.geo_infer_mortgage_debt - INFO - GeoInferMortgageDebt initialized with H3 resolution 8
2025-07-09 17:04:25,301 - improvements.geo_infer_improvements - INFO - GeoInferImprovements initialized with H3 resolution 8
2025-07-09 17:04:25,301 - surface_water.geo_infer_surface_water - INFO - GeoInferSurfaceWater initialized with H3 resolution 8
2025-07-09 17:04:25,301 - ground_water.geo_infer_ground_water - INFO - GeoInferGroundWater initialized with H3 resolution 8
2025-07-09 17:04:25,301 - power_source.geo_infer_power_source - INFO - GeoInferPowerSource initialized with H3 resolution 8
2025-07-09 17:04:25,301 - unified_backend - INFO - CascadiaAgriculturalH3Backend initialized with 8 modules at H3 resolution 8
2025-07-09 17:04:25,301 - __main__ - INFO - Starting comprehensive agricultural analysis...
2025-07-09 17:04:25,301 - unified_backend - INFO - Starting comprehensive analysis across all 8 modules
2025-07-09 17:04:25,302 - unified_backend - INFO - Processing zoning module...
2025-07-09 17:04:25,302 - zoning.data_sources - INFO - Fetching FMMP data for Butte (attempt 1/3)
2025-07-09 17:04:25,564 - zoning.data_sources - ERROR - Error fetching FMMP data for Butte: 404 Client Error: Not Found for url: https://gis.conservation.ca.gov/server/rest/services/FMMP/Important_Farmland/MapServer/0/query?where=COUNTY+%3D+%27Butte%27&outFields=%2A&f=geojson&returnGeometry=true
2025-07-09 17:04:26,565 - zoning.data_sources - INFO - Fetching FMMP data for Butte (attempt 2/3)
2025-07-09 17:04:26,932 - zoning.data_sources - ERROR - Error fetching FMMP data for Butte: 404 Client Error: Not Found for url: https://gis.conservation.ca.gov/server/rest/services/FMMP/Important_Farmland/MapServer/0/query?where=COUNTY+%3D+%27Butte%27&outFields=%2A&f=geojson&returnGeometry=true
2025-07-09 17:04:28,934 - zoning.data_sources - INFO - Fetching FMMP data for Butte (attempt 3/3)
2025-07-09 17:04:29,352 - zoning.data_sources - ERROR - Error fetching FMMP data for Butte: 404 Client Error: Not Found for url: https://gis.conservation.ca.gov/server/rest/services/FMMP/Important_Farmland/MapServer/0/query?where=COUNTY+%3D+%27Butte%27&outFields=%2A&f=geojson&returnGeometry=true
2025-07-09 17:04:29,353 - zoning.geo_infer_zoning - WARNING - No FMMP data retrieved for Butte
2025-07-09 17:04:29,353 - zoning.data_sources - INFO - Fetching FMMP data for Colusa (attempt 1/3)
2025-07-09 17:04:29,584 - zoning.data_sources - ERROR - Error fetching FMMP data for Colusa: 404 Client Error: Not Found for url: https://gis.conservation.ca.gov/server/rest/services/FMMP/Important_Farmland/MapServer/0/query?where=COUNTY+%3D+%27Colusa%27&outFields=%2A&f=geojson&returnGeometry=true
2025-07-09 17:04:30,585 - zoning.data_sources - INFO - Fetching FMMP data for Colusa (attempt 2/3)
2025-07-09 17:04:30,795 - zoning.data_sources - ERROR - Error fetching FMMP data for Colusa: 404 Client Error: Not Found for url: https://gis.conservation.ca.gov/server/rest/services/FMMP/Important_Farmland/MapServer/0/query?where=COUNTY+%3D+%27Colusa%27&outFields=%2A&f=geojson&returnGeometry=true
2025-07-09 17:04:32,797 - zoning.data_sources - INFO - Fetching FMMP data for Colusa (attempt 3/3)
2025-07-09 17:04:33,023 - zoning.data_sources - ERROR - Error fetching FMMP data for Colusa: 404 Client Error: Not Found for url: https://gis.conservation.ca.gov/server/rest/services/FMMP/Important_Farmland/MapServer/0/query?where=COUNTY+%3D+%27Colusa%27&outFields=%2A&f=geojson&returnGeometry=true
2025-07-09 17:04:33,023 - zoning.geo_infer_zoning - WARNING - No FMMP data retrieved for Colusa
2025-07-09 17:04:33,023 - zoning.data_sources - INFO - Fetching FMMP data for Del Norte (attempt 1/3)
2025-07-09 17:04:33,329 - zoning.data_sources - ERROR - Error fetching FMMP data for Del Norte: 404 Client Error: Not Found for url: https://gis.conservation.ca.gov/server/rest/services/FMMP/Important_Farmland/MapServer/0/query?where=COUNTY+%3D+%27Del+Norte%27&outFields=%2A&f=geojson&returnGeometry=true
2025-07-09 17:04:34,330 - zoning.data_sources - INFO - Fetching FMMP data for Del Norte (attempt 2/3)
2025-07-09 17:04:34,549 - zoning.data_sources - ERROR - Error fetching FMMP data for Del Norte: 404 Client Error: Not Found for url: https://gis.conservation.ca.gov/server/rest/services/FMMP/Important_Farmland/MapServer/0/query?where=COUNTY+%3D+%27Del+Norte%27&outFields=%2A&f=geojson&returnGeometry=true
2025-07-09 17:04:36,552 - zoning.data_sources - INFO - Fetching FMMP data for Del Norte (attempt 3/3)
2025-07-09 17:04:36,794 - zoning.data_sources - ERROR - Error fetching FMMP data for Del Norte: 404 Client Error: Not Found for url: https://gis.conservation.ca.gov/server/rest/services/FMMP/Important_Farmland/MapServer/0/query?where=COUNTY+%3D+%27Del+Norte%27&outFields=%2A&f=geojson&returnGeometry=true
2025-07-09 17:04:36,794 - zoning.geo_infer_zoning - WARNING - No FMMP data retrieved for Del Norte
2025-07-09 17:04:36,794 - zoning.data_sources - INFO - Fetching FMMP data for Glenn (attempt 1/3)
2025-07-09 17:04:37,005 - zoning.data_sources - ERROR - Error fetching FMMP data for Glenn: 404 Client Error: Not Found for url: https://gis.conservation.ca.gov/server/rest/services/FMMP/Important_Farmland/MapServer/0/query?where=COUNTY+%3D+%27Glenn%27&outFields=%2A&f=geojson&returnGeometry=true
2025-07-09 17:04:38,006 - zoning.data_sources - INFO - Fetching FMMP data for Glenn (attempt 2/3)
2025-07-09 17:04:38,227 - zoning.data_sources - ERROR - Error fetching FMMP data for Glenn: 404 Client Error: Not Found for url: https://gis.conservation.ca.gov/server/rest/services/FMMP/Important_Farmland/MapServer/0/query?where=COUNTY+%3D+%27Glenn%27&outFields=%2A&f=geojson&returnGeometry=true
2025-07-09 17:04:40,229 - zoning.data_sources - INFO - Fetching FMMP data for Glenn (attempt 3/3)
2025-07-09 17:04:40,424 - zoning.data_sources - ERROR - Error fetching FMMP data for Glenn: 404 Client Error: Not Found for url: https://gis.conservation.ca.gov/server/rest/services/FMMP/Important_Farmland/MapServer/0/query?where=COUNTY+%3D+%27Glenn%27&outFields=%2A&f=geojson&returnGeometry=true
2025-07-09 17:04:40,425 - zoning.geo_infer_zoning - WARNING - No FMMP data retrieved for Glenn
2025-07-09 17:04:40,432 - zoning.data_sources - INFO - Fetching FMMP data for Humboldt (attempt 1/3)
2025-07-09 17:04:40,677 - zoning.data_sources - ERROR - Error fetching FMMP data for Humboldt: 404 Client Error: Not Found for url: https://gis.conservation.ca.gov/server/rest/services/FMMP/Important_Farmland/MapServer/0/query?where=COUNTY+%3D+%27Humboldt%27&outFields=%2A&f=geojson&returnGeometry=true
2025-07-09 17:04:41,678 - zoning.data_sources - INFO - Fetching FMMP data for Humboldt (attempt 2/3)
2025-07-09 17:04:41,930 - zoning.data_sources - ERROR - Error fetching FMMP data for Humboldt: 404 Client Error: Not Found for url: https://gis.conservation.ca.gov/server/rest/services/FMMP/Important_Farmland/MapServer/0/query?where=COUNTY+%3D+%27Humboldt%27&outFields=%2A&f=geojson&returnGeometry=true
2025-07-09 17:04:43,932 - zoning.data_sources - INFO - Fetching FMMP data for Humboldt (attempt 3/3)
2025-07-09 17:04:44,115 - zoning.data_sources - ERROR - Error fetching FMMP data for Humboldt: 404 Client Error: Not Found for url: https://gis.conservation.ca.gov/server/rest/services/FMMP/Important_Farmland/MapServer/0/query?where=COUNTY+%3D+%27Humboldt%27&outFields=%2A&f=geojson&returnGeometry=true
2025-07-09 17:04:44,116 - zoning.geo_infer_zoning - WARNING - No FMMP data retrieved for Humboldt
2025-07-09 17:04:44,116 - zoning.data_sources - INFO - Fetching FMMP data for Lake (attempt 1/3)
2025-07-09 17:04:44,379 - zoning.data_sources - ERROR - Error fetching FMMP data for Lake: 404 Client Error: Not Found for url: https://gis.conservation.ca.gov/server/rest/services/FMMP/Important_Farmland/MapServer/0/query?where=COUNTY+%3D+%27Lake%27&outFields=%2A&f=geojson&returnGeometry=true
2025-07-09 17:04:45,380 - zoning.data_sources - INFO - Fetching FMMP data for Lake (attempt 2/3)
2025-07-09 17:04:45,567 - zoning.data_sources - ERROR - Error fetching FMMP data for Lake: 404 Client Error: Not Found for url: https://gis.conservation.ca.gov/server/rest/services/FMMP/Important_Farmland/MapServer/0/query?where=COUNTY+%3D+%27Lake%27&outFields=%2A&f=geojson&returnGeometry=true
2025-07-09 17:04:47,569 - zoning.data_sources - INFO - Fetching FMMP data for Lake (attempt 3/3)
2025-07-09 17:04:47,899 - zoning.data_sources - ERROR - Error fetching FMMP data for Lake: 404 Client Error: Not Found for url: https://gis.conservation.ca.gov/server/rest/services/FMMP/Important_Farmland/MapServer/0/query?where=COUNTY+%3D+%27Lake%27&outFields=%2A&f=geojson&returnGeometry=true
2025-07-09 17:04:47,900 - zoning.geo_infer_zoning - WARNING - No FMMP data retrieved for Lake
2025-07-09 17:04:47,900 - zoning.data_sources - INFO - Fetching FMMP data for Lassen (attempt 1/3)
2025-07-09 17:04:48,118 - zoning.data_sources - ERROR - Error fetching FMMP data for Lassen: 404 Client Error: Not Found for url: https://gis.conservation.ca.gov/server/rest/services/FMMP/Important_Farmland/MapServer/0/query?where=COUNTY+%3D+%27Lassen%27&outFields=%2A&f=geojson&returnGeometry=true
2025-07-09 17:04:49,119 - zoning.data_sources - INFO - Fetching FMMP data for Lassen (attempt 2/3)
2025-07-09 17:04:49,392 - zoning.data_sources - ERROR - Error fetching FMMP data for Lassen: 404 Client Error: Not Found for url: https://gis.conservation.ca.gov/server/rest/services/FMMP/Important_Farmland/MapServer/0/query?where=COUNTY+%3D+%27Lassen%27&outFields=%2A&f=geojson&returnGeometry=true
2025-07-09 17:04:51,394 - zoning.data_sources - INFO - Fetching FMMP data for Lassen (attempt 3/3)
2025-07-09 17:04:51,597 - zoning.data_sources - ERROR - Error fetching FMMP data for Lassen: 404 Client Error: Not Found for url: https://gis.conservation.ca.gov/server/rest/services/FMMP/Important_Farmland/MapServer/0/query?where=COUNTY+%3D+%27Lassen%27&outFields=%2A&f=geojson&returnGeometry=true
2025-07-09 17:04:51,597 - zoning.geo_infer_zoning - WARNING - No FMMP data retrieved for Lassen
2025-07-09 17:04:51,597 - zoning.data_sources - INFO - Fetching FMMP data for Mendocino (attempt 1/3)
2025-07-09 17:04:51,994 - zoning.data_sources - ERROR - Error fetching FMMP data for Mendocino: 404 Client Error: Not Found for url: https://gis.conservation.ca.gov/server/rest/services/FMMP/Important_Farmland/MapServer/0/query?where=COUNTY+%3D+%27Mendocino%27&outFields=%2A&f=geojson&returnGeometry=true
2025-07-09 17:04:52,996 - zoning.data_sources - INFO - Fetching FMMP data for Mendocino (attempt 2/3)
2025-07-09 17:04:53,195 - zoning.data_sources - ERROR - Error fetching FMMP data for Mendocino: 404 Client Error: Not Found for url: https://gis.conservation.ca.gov/server/rest/services/FMMP/Important_Farmland/MapServer/0/query?where=COUNTY+%3D+%27Mendocino%27&outFields=%2A&f=geojson&returnGeometry=true
2025-07-09 17:04:55,197 - zoning.data_sources - INFO - Fetching FMMP data for Mendocino (attempt 3/3)
2025-07-09 17:04:55,390 - zoning.data_sources - ERROR - Error fetching FMMP data for Mendocino: 404 Client Error: Not Found for url: https://gis.conservation.ca.gov/server/rest/services/FMMP/Important_Farmland/MapServer/0/query?where=COUNTY+%3D+%27Mendocino%27&outFields=%2A&f=geojson&returnGeometry=true
2025-07-09 17:04:55,391 - zoning.geo_infer_zoning - WARNING - No FMMP data retrieved for Mendocino
2025-07-09 17:04:55,391 - zoning.data_sources - INFO - Fetching FMMP data for Modoc (attempt 1/3)
2025-07-09 17:04:55,566 - zoning.data_sources - ERROR - Error fetching FMMP data for Modoc: 404 Client Error: Not Found for url: https://gis.conservation.ca.gov/server/rest/services/FMMP/Important_Farmland/MapServer/0/query?where=COUNTY+%3D+%27Modoc%27&outFields=%2A&f=geojson&returnGeometry=true
2025-07-09 17:04:56,568 - zoning.data_sources - INFO - Fetching FMMP data for Modoc (attempt 2/3)
2025-07-09 17:04:56,866 - zoning.data_sources - ERROR - Error fetching FMMP data for Modoc: 404 Client Error: Not Found for url: https://gis.conservation.ca.gov/server/rest/services/FMMP/Important_Farmland/MapServer/0/query?where=COUNTY+%3D+%27Modoc%27&outFields=%2A&f=geojson&returnGeometry=true
2025-07-09 17:04:58,869 - zoning.data_sources - INFO - Fetching FMMP data for Modoc (attempt 3/3)
2025-07-09 17:04:59,091 - zoning.data_sources - ERROR - Error fetching FMMP data for Modoc: 404 Client Error: Not Found for url: https://gis.conservation.ca.gov/server/rest/services/FMMP/Important_Farmland/MapServer/0/query?where=COUNTY+%3D+%27Modoc%27&outFields=%2A&f=geojson&returnGeometry=true
2025-07-09 17:04:59,092 - zoning.geo_infer_zoning - WARNING - No FMMP data retrieved for Modoc
2025-07-09 17:04:59,093 - zoning.data_sources - INFO - Fetching FMMP data for Nevada (attempt 1/3)
2025-07-09 17:04:59,302 - zoning.data_sources - ERROR - Error fetching FMMP data for Nevada: 404 Client Error: Not Found for url: https://gis.conservation.ca.gov/server/rest/services/FMMP/Important_Farmland/MapServer/0/query?where=COUNTY+%3D+%27Nevada%27&outFields=%2A&f=geojson&returnGeometry=true
2025-07-09 17:05:00,304 - zoning.data_sources - INFO - Fetching FMMP data for Nevada (attempt 2/3)
2025-07-09 17:05:00,489 - zoning.data_sources - ERROR - Error fetching FMMP data for Nevada: 404 Client Error: Not Found for url: https://gis.conservation.ca.gov/server/rest/services/FMMP/Important_Farmland/MapServer/0/query?where=COUNTY+%3D+%27Nevada%27&outFields=%2A&f=geojson&returnGeometry=true
2025-07-09 17:05:02,491 - zoning.data_sources - INFO - Fetching FMMP data for Nevada (attempt 3/3)
2025-07-09 17:05:03,011 - zoning.data_sources - ERROR - Error fetching FMMP data for Nevada: 404 Client Error: Not Found for url: https://gis.conservation.ca.gov/server/rest/services/FMMP/Important_Farmland/MapServer/0/query?where=COUNTY+%3D+%27Nevada%27&outFields=%2A&f=geojson&returnGeometry=true
2025-07-09 17:05:03,012 - zoning.geo_infer_zoning - WARNING - No FMMP data retrieved for Nevada
2025-07-09 17:05:03,012 - zoning.data_sources - INFO - Fetching FMMP data for Plumas (attempt 1/3)
2025-07-09 17:05:03,216 - zoning.data_sources - ERROR - Error fetching FMMP data for Plumas: 404 Client Error: Not Found for url: https://gis.conservation.ca.gov/server/rest/services/FMMP/Important_Farmland/MapServer/0/query?where=COUNTY+%3D+%27Plumas%27&outFields=%2A&f=geojson&returnGeometry=true
2025-07-09 17:05:04,217 - zoning.data_sources - INFO - Fetching FMMP data for Plumas (attempt 2/3)
2025-07-09 17:05:04,394 - zoning.data_sources - ERROR - Error fetching FMMP data for Plumas: 404 Client Error: Not Found for url: https://gis.conservation.ca.gov/server/rest/services/FMMP/Important_Farmland/MapServer/0/query?where=COUNTY+%3D+%27Plumas%27&outFields=%2A&f=geojson&returnGeometry=true
2025-07-09 17:05:06,396 - zoning.data_sources - INFO - Fetching FMMP data for Plumas (attempt 3/3)
2025-07-09 17:05:06,614 - zoning.data_sources - ERROR - Error fetching FMMP data for Plumas: 404 Client Error: Not Found for url: https://gis.conservation.ca.gov/server/rest/services/FMMP/Important_Farmland/MapServer/0/query?where=COUNTY+%3D+%27Plumas%27&outFields=%2A&f=geojson&returnGeometry=true
2025-07-09 17:05:06,620 - zoning.geo_infer_zoning - WARNING - No FMMP data retrieved for Plumas
2025-07-09 17:05:06,620 - zoning.data_sources - INFO - Fetching FMMP data for Shasta (attempt 1/3)
2025-07-09 17:05:06,833 - zoning.data_sources - ERROR - Error fetching FMMP data for Shasta: 404 Client Error: Not Found for url: https://gis.conservation.ca.gov/server/rest/services/FMMP/Important_Farmland/MapServer/0/query?where=COUNTY+%3D+%27Shasta%27&outFields=%2A&f=geojson&returnGeometry=true
2025-07-09 17:05:07,834 - zoning.data_sources - INFO - Fetching FMMP data for Shasta (attempt 2/3)
2025-07-09 17:05:08,066 - zoning.data_sources - ERROR - Error fetching FMMP data for Shasta: 404 Client Error: Not Found for url: https://gis.conservation.ca.gov/server/rest/services/FMMP/Important_Farmland/MapServer/0/query?where=COUNTY+%3D+%27Shasta%27&outFields=%2A&f=geojson&returnGeometry=true
2025-07-09 17:05:10,068 - zoning.data_sources - INFO - Fetching FMMP data for Shasta (attempt 3/3)
2025-07-09 17:05:10,284 - zoning.data_sources - ERROR - Error fetching FMMP data for Shasta: 404 Client Error: Not Found for url: https://gis.conservation.ca.gov/server/rest/services/FMMP/Important_Farmland/MapServer/0/query?where=COUNTY+%3D+%27Shasta%27&outFields=%2A&f=geojson&returnGeometry=true
2025-07-09 17:05:10,285 - zoning.geo_infer_zoning - WARNING - No FMMP data retrieved for Shasta
2025-07-09 17:05:10,285 - zoning.data_sources - INFO - Fetching FMMP data for Sierra (attempt 1/3)
2025-07-09 17:05:10,452 - zoning.data_sources - ERROR - Error fetching FMMP data for Sierra: 404 Client Error: Not Found for url: https://gis.conservation.ca.gov/server/rest/services/FMMP/Important_Farmland/MapServer/0/query?where=COUNTY+%3D+%27Sierra%27&outFields=%2A&f=geojson&returnGeometry=true
2025-07-09 17:05:11,453 - zoning.data_sources - INFO - Fetching FMMP data for Sierra (attempt 2/3)
2025-07-09 17:05:11,637 - zoning.data_sources - ERROR - Error fetching FMMP data for Sierra: 404 Client Error: Not Found for url: https://gis.conservation.ca.gov/server/rest/services/FMMP/Important_Farmland/MapServer/0/query?where=COUNTY+%3D+%27Sierra%27&outFields=%2A&f=geojson&returnGeometry=true
2025-07-09 17:05:13,639 - zoning.data_sources - INFO - Fetching FMMP data for Sierra (attempt 3/3)
2025-07-09 17:05:14,142 - zoning.data_sources - ERROR - Error fetching FMMP data for Sierra: 404 Client Error: Not Found for url: https://gis.conservation.ca.gov/server/rest/services/FMMP/Important_Farmland/MapServer/0/query?where=COUNTY+%3D+%27Sierra%27&outFields=%2A&f=geojson&returnGeometry=true
2025-07-09 17:05:14,142 - zoning.geo_infer_zoning - WARNING - No FMMP data retrieved for Sierra
2025-07-09 17:05:14,143 - zoning.data_sources - INFO - Fetching FMMP data for Siskiyou (attempt 1/3)
2025-07-09 17:05:15,248 - zoning.data_sources - ERROR - Error fetching FMMP data for Siskiyou: 404 Client Error: Not Found for url: https://gis.conservation.ca.gov/server/rest/services/FMMP/Important_Farmland/MapServer/0/query?where=COUNTY+%3D+%27Siskiyou%27&outFields=%2A&f=geojson&returnGeometry=true
2025-07-09 17:05:16,249 - zoning.data_sources - INFO - Fetching FMMP data for Siskiyou (attempt 2/3)
2025-07-09 17:05:16,547 - zoning.data_sources - ERROR - Error fetching FMMP data for Siskiyou: 404 Client Error: Not Found for url: https://gis.conservation.ca.gov/server/rest/services/FMMP/Important_Farmland/MapServer/0/query?where=COUNTY+%3D+%27Siskiyou%27&outFields=%2A&f=geojson&returnGeometry=true
2025-07-09 17:05:18,549 - zoning.data_sources - INFO - Fetching FMMP data for Siskiyou (attempt 3/3)
2025-07-09 17:05:18,734 - zoning.data_sources - ERROR - Error fetching FMMP data for Siskiyou: 404 Client Error: Not Found for url: https://gis.conservation.ca.gov/server/rest/services/FMMP/Important_Farmland/MapServer/0/query?where=COUNTY+%3D+%27Siskiyou%27&outFields=%2A&f=geojson&returnGeometry=true
2025-07-09 17:05:18,735 - zoning.geo_infer_zoning - WARNING - No FMMP data retrieved for Siskiyou
2025-07-09 17:05:18,735 - zoning.data_sources - INFO - Fetching FMMP data for Tehama (attempt 1/3)
2025-07-09 17:05:19,215 - zoning.data_sources - ERROR - Error fetching FMMP data for Tehama: 404 Client Error: Not Found for url: https://gis.conservation.ca.gov/server/rest/services/FMMP/Important_Farmland/MapServer/0/query?where=COUNTY+%3D+%27Tehama%27&outFields=%2A&f=geojson&returnGeometry=true
2025-07-09 17:05:20,216 - zoning.data_sources - INFO - Fetching FMMP data for Tehama (attempt 2/3)
2025-07-09 17:05:20,518 - zoning.data_sources - ERROR - Error fetching FMMP data for Tehama: 404 Client Error: Not Found for url: https://gis.conservation.ca.gov/server/rest/services/FMMP/Important_Farmland/MapServer/0/query?where=COUNTY+%3D+%27Tehama%27&outFields=%2A&f=geojson&returnGeometry=true
2025-07-09 17:05:22,521 - zoning.data_sources - INFO - Fetching FMMP data for Tehama (attempt 3/3)
2025-07-09 17:05:22,817 - zoning.data_sources - ERROR - Error fetching FMMP data for Tehama: 404 Client Error: Not Found for url: https://gis.conservation.ca.gov/server/rest/services/FMMP/Important_Farmland/MapServer/0/query?where=COUNTY+%3D+%27Tehama%27&outFields=%2A&f=geojson&returnGeometry=true
2025-07-09 17:05:22,817 - zoning.geo_infer_zoning - WARNING - No FMMP data retrieved for Tehama
2025-07-09 17:05:22,817 - zoning.data_sources - INFO - Fetching FMMP data for Trinity (attempt 1/3)
2025-07-09 17:05:23,024 - zoning.data_sources - ERROR - Error fetching FMMP data for Trinity: 404 Client Error: Not Found for url: https://gis.conservation.ca.gov/server/rest/services/FMMP/Important_Farmland/MapServer/0/query?where=COUNTY+%3D+%27Trinity%27&outFields=%2A&f=geojson&returnGeometry=true
2025-07-09 17:05:24,025 - zoning.data_sources - INFO - Fetching FMMP data for Trinity (attempt 2/3)
2025-07-09 17:05:24,218 - zoning.data_sources - ERROR - Error fetching FMMP data for Trinity: 404 Client Error: Not Found for url: https://gis.conservation.ca.gov/server/rest/services/FMMP/Important_Farmland/MapServer/0/query?where=COUNTY+%3D+%27Trinity%27&outFields=%2A&f=geojson&returnGeometry=true
2025-07-09 17:05:26,221 - zoning.data_sources - INFO - Fetching FMMP data for Trinity (attempt 3/3)
2025-07-09 17:05:26,525 - zoning.data_sources - ERROR - Error fetching FMMP data for Trinity: 404 Client Error: Not Found for url: https://gis.conservation.ca.gov/server/rest/services/FMMP/Important_Farmland/MapServer/0/query?where=COUNTY+%3D+%27Trinity%27&outFields=%2A&f=geojson&returnGeometry=true
2025-07-09 17:05:26,525 - zoning.geo_infer_zoning - WARNING - No FMMP data retrieved for Trinity
2025-07-09 17:05:26,525 - zoning.data_sources - INFO - Fetching Oregon EFU data for All Oregon Counties
2025-07-09 17:05:26,525 - zoning.data_sources - INFO - Oregon EFU data structure created (placeholder)
2025-07-09 17:05:26,525 - unified_backend - INFO - Completed zoning module analysis
2025-07-09 17:05:26,526 - unified_backend - INFO - Processing current_use module...
2025-07-09 17:05:26,526 - unified_backend - INFO - Completed current_use module analysis
2025-07-09 17:05:26,526 - unified_backend - INFO - Processing ownership module...
2025-07-09 17:05:26,529 - unified_backend - INFO - Completed ownership module analysis
2025-07-09 17:05:26,529 - unified_backend - INFO - Processing mortgage_debt module...
2025-07-09 17:05:26,530 - unified_backend - INFO - Completed mortgage_debt module analysis
2025-07-09 17:05:26,531 - unified_backend - INFO - Processing improvements module...
2025-07-09 17:05:26,538 - unified_backend - INFO - Completed improvements module analysis
2025-07-09 17:05:26,538 - unified_backend - INFO - Processing surface_water module...
2025-07-09 17:05:26,545 - unified_backend - INFO - Completed surface_water module analysis
2025-07-09 17:05:26,545 - unified_backend - INFO - Processing ground_water module...
2025-07-09 17:05:26,558 - unified_backend - INFO - Completed ground_water module analysis
2025-07-09 17:05:26,559 - unified_backend - INFO - Processing power_source module...
2025-07-09 17:05:26,570 - unified_backend - INFO - Completed power_source module analysis
2025-07-09 17:05:26,570 - unified_backend - INFO - Comprehensive analysis completed for 204 hexagons
2025-07-09 17:05:26,570 - __main__ - INFO - Calculating agricultural redevelopment potential...
2025-07-09 17:05:26,572 - __main__ - INFO - Generating comprehensive summary...
2025-07-09 17:05:26,572 - __main__ - INFO - Exporting unified data to output/cascadia_unified_data_20250709_170526.geojson
2025-07-09 17:05:26,623 - __main__ - INFO - Exporting redevelopment scores to output/cascadia_redevelopment_scores_20250709_170526.json
2025-07-09 17:05:26,626 - __main__ - INFO - Exporting comprehensive summary to output/cascadia_summary_20250709_170526.json
2025-07-09 17:05:26,626 - __main__ - INFO - Generating analysis report to output/cascadia_analysis_report_20250709_170526.md
2025-07-09 17:05:26,627 - __main__ - INFO - ================================================================================
2025-07-09 17:05:26,627 - __main__ - INFO - Analysis completed successfully!
2025-07-09 17:05:26,627 - __main__ - INFO - Results saved to: /home/trim/Documents/GitHub/GEO-INFER/output
2025-07-09 17:05:26,627 - __main__ - INFO - ================================================================================
