2025-07-16 14:42:43,500 - UrbanActiveInference - INFO - Urban Planning Active Inference - Comprehensive Analysis
2025-07-16 14:42:43,500 - UrbanActiveInference - INFO - ======================================================================
2025-07-16 14:42:43,500 - UrbanActiveInference - INFO - Starting Urban Planning Active Inference Model
2025-07-16 14:42:43,500 - UrbanActiveInference - INFO - Multi-agent resource allocation and coordination simulation
2025-07-16 14:42:43,500 - UrbanActiveInference - INFO - Initialized urban model: 6 locations, 4 resources, 3 agents
2025-07-16 14:42:43,505 - geo_infer_act.api.interface - INFO - ActiveInferenceInterface initialized
2025-07-16 14:42:43,505 - geo_infer_act.api.interface - INFO - Created categorical model: agent_0_government
2025-07-16 14:42:43,505 - geo_infer_act.api.interface - INFO - Set preferences for model agent_0_government
2025-07-16 14:42:43,506 - geo_infer_act.utils.analysis - INFO - ActiveInferenceAnalyzer initialized with output: /home/trim/Documents/GitHub/GEO-INFER/GEO-INFER-ACT/examples/output/urban/agent_0
2025-07-16 14:42:43,506 - UrbanActiveInference - INFO - Created model for Government agent (ID: 0)
2025-07-16 14:42:43,506 - geo_infer_act.api.interface - INFO - Created categorical model: agent_1_developer
2025-07-16 14:42:43,506 - geo_infer_act.api.interface - INFO - Set preferences for model agent_1_developer
2025-07-16 14:42:43,507 - geo_infer_act.utils.analysis - INFO - ActiveInferenceAnalyzer initialized with output: /home/trim/Documents/GitHub/GEO-INFER/GEO-INFER-ACT/examples/output/urban/agent_1
2025-07-16 14:42:43,507 - UrbanActiveInference - INFO - Created model for Developer agent (ID: 1)
2025-07-16 14:42:43,507 - geo_infer_act.api.interface - INFO - Created categorical model: agent_2_community
2025-07-16 14:42:43,507 - geo_infer_act.api.interface - INFO - Set preferences for model agent_2_community
2025-07-16 14:42:43,507 - geo_infer_act.utils.analysis - INFO - ActiveInferenceAnalyzer initialized with output: /home/trim/Documents/GitHub/GEO-INFER/GEO-INFER-ACT/examples/output/urban/agent_2
2025-07-16 14:42:43,507 - UrbanActiveInference - INFO - Created model for Community agent (ID: 2)
2025-07-16 14:42:43,507 - UrbanActiveInference - INFO - Running urban development simulation for 20 steps...
2025-07-16 14:42:43,508 - UrbanActiveInference - INFO - 
--- Step 1/20 ---
2025-07-16 14:42:43,508 - UrbanActiveInference - INFO - Overall urban quality: 0.525
2025-07-16 14:42:43,508 - UrbanActiveInference - INFO - Cooperation index: 0.506
2025-07-16 14:42:43,508 - UrbanActiveInference - INFO -   Agent 0 (Government):
2025-07-16 14:42:43,508 - UrbanActiveInference - INFO -     Observation: [0. 1. 0. 0.]
2025-07-16 14:42:43,508 - UrbanActiveInference - INFO -     Belief entropy: 1.5541
2025-07-16 14:42:43,509 - UrbanActiveInference - INFO -     Surprise: 0.0000
2025-07-16 14:42:43,509 - UrbanActiveInference - INFO -     Information gain: 0.0204
2025-07-16 14:42:43,509 - UrbanActiveInference - INFO -     Free energy change: 0.0370 → 0.0587
2025-07-16 14:42:43,509 - UrbanActiveInference - INFO -     Action: Invest 20.0 in Commercial at location 5
2025-07-16 14:42:43,509 - UrbanActiveInference - INFO -     Action success: False
2025-07-16 14:42:43,509 - UrbanActiveInference - INFO -     Satisfaction: 0.500
2025-07-16 14:42:43,509 - geo_infer_act.utils.analysis - DEBUG - Recorded step 1: FE=0.0587
2025-07-16 14:42:43,509 - UrbanActiveInference - INFO -   Agent 1 (Developer):
2025-07-16 14:42:43,510 - UrbanActiveInference - INFO -     Observation: [0. 1. 0. 0.]
2025-07-16 14:42:43,510 - UrbanActiveInference - INFO -     Belief entropy: 1.3206
2025-07-16 14:42:43,510 - UrbanActiveInference - INFO -     Surprise: 1.4018
2025-07-16 14:42:43,510 - UrbanActiveInference - INFO -     Information gain: 0.0039
2025-07-16 14:42:43,510 - UrbanActiveInference - INFO -     Free energy change: 0.0663 → 0.0705
2025-07-16 14:42:43,510 - UrbanActiveInference - INFO -     Action: Invest 20.0 in Housing at location 2
2025-07-16 14:42:43,510 - UrbanActiveInference - INFO -     Action success: True
2025-07-16 14:42:43,510 - UrbanActiveInference - INFO -     Satisfaction: 0.491
2025-07-16 14:42:43,510 - geo_infer_act.utils.analysis - DEBUG - Recorded step 1: FE=0.0705
2025-07-16 14:42:43,511 - UrbanActiveInference - INFO -   Agent 2 (Community):
2025-07-16 14:42:43,511 - UrbanActiveInference - INFO -     Observation: [0. 1. 0. 0.]
2025-07-16 14:42:43,511 - UrbanActiveInference - INFO -     Belief entropy: 1.3733
2025-07-16 14:42:43,511 - UrbanActiveInference - INFO -     Surprise: 1.6094
2025-07-16 14:42:43,511 - UrbanActiveInference - INFO -     Information gain: 0.0000
2025-07-16 14:42:43,511 - UrbanActiveInference - INFO -     Free energy change: 0.0320 → 0.0139
2025-07-16 14:42:43,511 - UrbanActiveInference - INFO -     Action: Invest 20.0 in Transport at location 0
2025-07-16 14:42:43,511 - UrbanActiveInference - INFO -     Action success: True
2025-07-16 14:42:43,511 - UrbanActiveInference - INFO -     Satisfaction: 1.000
2025-07-16 14:42:43,511 - geo_infer_act.utils.analysis - DEBUG - Recorded step 1: FE=0.0139
2025-07-16 14:42:43,511 - UrbanActiveInference - INFO - 
--- Step 2/20 ---
2025-07-16 14:42:43,511 - UrbanActiveInference - INFO - Overall urban quality: 0.526
2025-07-16 14:42:43,511 - UrbanActiveInference - INFO - Cooperation index: 0.506
2025-07-16 14:42:43,512 - UrbanActiveInference - INFO -   Agent 0 (Government):
2025-07-16 14:42:43,512 - UrbanActiveInference - INFO -     Observation: [0. 1. 0. 0.]
2025-07-16 14:42:43,512 - UrbanActiveInference - INFO -     Belief entropy: 1.5309
2025-07-16 14:42:43,512 - UrbanActiveInference - INFO -     Surprise: 0.0000
2025-07-16 14:42:43,512 - UrbanActiveInference - INFO -     Information gain: 0.0233
2025-07-16 14:42:43,512 - UrbanActiveInference - INFO -     Free energy change: 0.0587 → 0.0834
2025-07-16 14:42:43,512 - UrbanActiveInference - INFO -     Action: Invest 20.0 in Green at location 5
2025-07-16 14:42:43,512 - UrbanActiveInference - INFO -     Action success: True
2025-07-16 14:42:43,512 - UrbanActiveInference - INFO -     Satisfaction: 0.666
2025-07-16 14:42:43,512 - geo_infer_act.utils.analysis - DEBUG - Recorded step 2: FE=0.0834
2025-07-16 14:42:43,513 - UrbanActiveInference - INFO -   Agent 1 (Developer):
2025-07-16 14:42:43,513 - UrbanActiveInference - INFO -     Observation: [0. 1. 0. 0.]
2025-07-16 14:42:43,513 - UrbanActiveInference - INFO -     Belief entropy: 1.3145
2025-07-16 14:42:43,513 - UrbanActiveInference - INFO -     Surprise: 1.3607
2025-07-16 14:42:43,513 - UrbanActiveInference - INFO -     Information gain: 0.0060
2025-07-16 14:42:43,513 - UrbanActiveInference - INFO -     Free energy change: 0.0705 → 0.0770
2025-07-16 14:42:43,513 - UrbanActiveInference - INFO -     Action: Invest 16.0 in Transport at location 4
2025-07-16 14:42:43,513 - UrbanActiveInference - INFO -     Action success: False
2025-07-16 14:42:43,513 - UrbanActiveInference - INFO -     Satisfaction: 0.491
2025-07-16 14:42:43,514 - geo_infer_act.utils.analysis - DEBUG - Recorded step 2: FE=0.0770
2025-07-16 14:42:43,514 - UrbanActiveInference - INFO -   Agent 2 (Community):
2025-07-16 14:42:43,514 - UrbanActiveInference - INFO -     Observation: [0. 1. 0. 0.]
2025-07-16 14:42:43,515 - UrbanActiveInference - INFO -     Belief entropy: 1.3635
2025-07-16 14:42:43,515 - UrbanActiveInference - INFO -     Surprise: 1.3241
2025-07-16 14:42:43,515 - UrbanActiveInference - INFO -     Information gain: 0.0098
2025-07-16 14:42:43,515 - UrbanActiveInference - INFO -     Free energy change: 0.0139 → 0.0244
2025-07-16 14:42:43,515 - UrbanActiveInference - INFO -     Action: Invest 16.0 in Housing at location 0
2025-07-16 14:42:43,515 - UrbanActiveInference - INFO -     Action success: True
2025-07-16 14:42:43,515 - UrbanActiveInference - INFO -     Satisfaction: 1.000
2025-07-16 14:42:43,515 - geo_infer_act.utils.analysis - DEBUG - Recorded step 2: FE=0.0244
2025-07-16 14:42:43,515 - UrbanActiveInference - INFO - 
--- Step 3/20 ---
2025-07-16 14:42:43,515 - UrbanActiveInference - INFO - Overall urban quality: 0.526
2025-07-16 14:42:43,515 - UrbanActiveInference - INFO - Cooperation index: 0.506
2025-07-16 14:42:43,516 - UrbanActiveInference - INFO -   Agent 0 (Government):
2025-07-16 14:42:43,516 - UrbanActiveInference - INFO -     Observation: [0. 1. 0. 0.]
2025-07-16 14:42:43,516 - UrbanActiveInference - INFO -     Belief entropy: 1.5069
2025-07-16 14:42:43,516 - UrbanActiveInference - INFO -     Surprise: 0.0000
2025-07-16 14:42:43,516 - UrbanActiveInference - INFO -     Information gain: 0.0240
2025-07-16 14:42:43,516 - UrbanActiveInference - INFO -     Free energy change: 0.0834 → 0.1089
2025-07-16 14:42:43,516 - UrbanActiveInference - INFO -     Action: Invest 16.0 in Transport at location 0
2025-07-16 14:42:43,516 - UrbanActiveInference - INFO -     Action success: True
2025-07-16 14:42:43,516 - UrbanActiveInference - INFO -     Satisfaction: 0.823
2025-07-16 14:42:43,516 - geo_infer_act.utils.analysis - DEBUG - Recorded step 3: FE=0.1089
2025-07-16 14:42:43,517 - UrbanActiveInference - INFO -   Agent 1 (Developer):
2025-07-16 14:42:43,517 - UrbanActiveInference - INFO -     Observation: [0. 1. 0. 0.]
2025-07-16 14:42:43,517 - UrbanActiveInference - INFO -     Belief entropy: 1.3073
2025-07-16 14:42:43,517 - UrbanActiveInference - INFO -     Surprise: 1.3281
2025-07-16 14:42:43,517 - UrbanActiveInference - INFO -     Information gain: 0.0072
2025-07-16 14:42:43,517 - UrbanActiveInference - INFO -     Free energy change: 0.0770 → 0.0846
2025-07-16 14:42:43,517 - UrbanActiveInference - INFO -     Action: Invest 16.0 in Housing at location 1
2025-07-16 14:42:43,517 - UrbanActiveInference - INFO -     Action success: False
2025-07-16 14:42:43,517 - UrbanActiveInference - INFO -     Satisfaction: 0.491
2025-07-16 14:42:43,517 - geo_infer_act.utils.analysis - DEBUG - Recorded step 3: FE=0.0846
2025-07-16 14:42:43,519 - UrbanActiveInference - INFO -   Agent 2 (Community):
2025-07-16 14:42:43,519 - UrbanActiveInference - INFO -     Observation: [0. 1. 0. 0.]
2025-07-16 14:42:43,519 - UrbanActiveInference - INFO -     Belief entropy: 1.3345
2025-07-16 14:42:43,519 - UrbanActiveInference - INFO -     Surprise: 1.1070
2025-07-16 14:42:43,519 - UrbanActiveInference - INFO -     Information gain: 0.0290
2025-07-16 14:42:43,520 - UrbanActiveInference - INFO -     Free energy change: 0.0244 → 0.0555
2025-07-16 14:42:43,520 - UrbanActiveInference - INFO -     Action: Invest 12.8 in Green at location 0
2025-07-16 14:42:43,520 - UrbanActiveInference - INFO -     Action success: False
2025-07-16 14:42:43,520 - UrbanActiveInference - INFO -     Satisfaction: 1.000
2025-07-16 14:42:43,520 - geo_infer_act.utils.analysis - DEBUG - Recorded step 3: FE=0.0555
2025-07-16 14:42:43,520 - UrbanActiveInference - INFO - 
--- Step 4/20 ---
2025-07-16 14:42:43,520 - UrbanActiveInference - INFO - Overall urban quality: 0.527
2025-07-16 14:42:43,520 - UrbanActiveInference - INFO - Cooperation index: 0.506
2025-07-16 14:42:43,522 - UrbanActiveInference - INFO -   Agent 0 (Government):
2025-07-16 14:42:43,522 - UrbanActiveInference - INFO -     Observation: [0. 1. 0. 0.]
2025-07-16 14:42:43,522 - UrbanActiveInference - INFO -     Belief entropy: 1.4834
2025-07-16 14:42:43,522 - UrbanActiveInference - INFO -     Surprise: 0.0000
2025-07-16 14:42:43,522 - UrbanActiveInference - INFO -     Information gain: 0.0235
2025-07-16 14:42:43,522 - UrbanActiveInference - INFO -     Free energy change: 0.1089 → 0.1338
2025-07-16 14:42:43,522 - UrbanActiveInference - INFO -     Action: Invest 12.8 in Green at location 5
2025-07-16 14:42:43,522 - UrbanActiveInference - INFO -     Action success: True
2025-07-16 14:42:43,522 - UrbanActiveInference - INFO -     Satisfaction: 0.929
2025-07-16 14:42:43,522 - geo_infer_act.utils.analysis - DEBUG - Recorded step 4: FE=0.1338
2025-07-16 14:42:43,523 - UrbanActiveInference - INFO -   Agent 1 (Developer):
2025-07-16 14:42:43,523 - UrbanActiveInference - INFO -     Observation: [0. 1. 0. 0.]
2025-07-16 14:42:43,523 - UrbanActiveInference - INFO -     Belief entropy: 1.2997
2025-07-16 14:42:43,523 - UrbanActiveInference - INFO -     Surprise: 1.3023
2025-07-16 14:42:43,523 - UrbanActiveInference - INFO -     Information gain: 0.0077
2025-07-16 14:42:43,523 - UrbanActiveInference - INFO -     Free energy change: 0.0846 → 0.0929
2025-07-16 14:42:43,523 - UrbanActiveInference - INFO -     Action: Invest 16.0 in Transport at location 3
2025-07-16 14:42:43,523 - UrbanActiveInference - INFO -     Action success: True
2025-07-16 14:42:43,524 - UrbanActiveInference - INFO -     Satisfaction: 0.640
2025-07-16 14:42:43,524 - geo_infer_act.utils.analysis - DEBUG - Recorded step 4: FE=0.0929
2025-07-16 14:42:43,524 - UrbanActiveInference - INFO -   Agent 2 (Community):
2025-07-16 14:42:43,524 - UrbanActiveInference - INFO -     Observation: [0. 1. 0. 0.]
2025-07-16 14:42:43,524 - UrbanActiveInference - INFO -     Belief entropy: 1.2927
2025-07-16 14:42:43,524 - UrbanActiveInference - INFO -     Surprise: 0.9380
2025-07-16 14:42:43,524 - UrbanActiveInference - INFO -     Information gain: 0.0419
2025-07-16 14:42:43,524 - UrbanActiveInference - INFO -     Free energy change: 0.0555 → 0.1004
2025-07-16 14:42:43,524 - UrbanActiveInference - INFO -     Action: Invest 12.8 in Green at location 4
2025-07-16 14:42:43,524 - UrbanActiveInference - INFO -     Action success: False
2025-07-16 14:42:43,525 - UrbanActiveInference - INFO -     Satisfaction: 1.000
2025-07-16 14:42:43,525 - geo_infer_act.utils.analysis - DEBUG - Recorded step 4: FE=0.1004
2025-07-16 14:42:43,525 - UrbanActiveInference - INFO - 
--- Step 5/20 ---
2025-07-16 14:42:43,525 - UrbanActiveInference - INFO - Overall urban quality: 0.527
2025-07-16 14:42:43,525 - UrbanActiveInference - INFO - Cooperation index: 0.506
2025-07-16 14:42:43,525 - UrbanActiveInference - INFO -   Agent 0 (Government):
2025-07-16 14:42:43,525 - UrbanActiveInference - INFO -     Observation: [0. 1. 0. 0.]
2025-07-16 14:42:43,526 - UrbanActiveInference - INFO -     Belief entropy: 1.4611
2025-07-16 14:42:43,526 - UrbanActiveInference - INFO -     Surprise: 0.0000
2025-07-16 14:42:43,526 - UrbanActiveInference - INFO -     Information gain: 0.0224
2025-07-16 14:42:43,526 - UrbanActiveInference - INFO -     Free energy change: 0.1338 → 0.1576
2025-07-16 14:42:43,526 - UrbanActiveInference - INFO -     Action: Invest 10.2 in Commercial at location 0
2025-07-16 14:42:43,526 - UrbanActiveInference - INFO -     Action success: True
2025-07-16 14:42:43,526 - UrbanActiveInference - INFO -     Satisfaction: 0.941
2025-07-16 14:42:43,526 - geo_infer_act.utils.analysis - DEBUG - Recorded step 5: FE=0.1576
2025-07-16 14:42:43,527 - UrbanActiveInference - INFO -   Agent 1 (Developer):
2025-07-16 14:42:43,527 - UrbanActiveInference - INFO -     Observation: [0. 1. 0. 0.]
2025-07-16 14:42:43,527 - UrbanActiveInference - INFO -     Belief entropy: 1.2918
2025-07-16 14:42:43,527 - UrbanActiveInference - INFO -     Surprise: 1.2815
2025-07-16 14:42:43,527 - UrbanActiveInference - INFO -     Information gain: 0.0078
2025-07-16 14:42:43,527 - UrbanActiveInference - INFO -     Free energy change: 0.0929 → 0.1013
2025-07-16 14:42:43,527 - UrbanActiveInference - INFO -     Action: Invest 12.8 in Housing at location 4
2025-07-16 14:42:43,527 - UrbanActiveInference - INFO -     Action success: True
2025-07-16 14:42:43,527 - UrbanActiveInference - INFO -     Satisfaction: 0.635
2025-07-16 14:42:43,527 - geo_infer_act.utils.analysis - DEBUG - Recorded step 5: FE=0.1013
2025-07-16 14:42:43,528 - UrbanActiveInference - INFO -   Agent 2 (Community):
2025-07-16 14:42:43,529 - UrbanActiveInference - INFO -     Observation: [0. 1. 0. 0.]
2025-07-16 14:42:43,529 - UrbanActiveInference - INFO -     Belief entropy: 1.2428
2025-07-16 14:42:43,529 - UrbanActiveInference - INFO -     Surprise: 0.8039
2025-07-16 14:42:43,529 - UrbanActiveInference - INFO -     Information gain: 0.0499
2025-07-16 14:42:43,529 - UrbanActiveInference - INFO -     Free energy change: 0.1004 → 0.1539
2025-07-16 14:42:43,529 - UrbanActiveInference - INFO -     Action: Invest 12.8 in Housing at location 4
2025-07-16 14:42:43,529 - UrbanActiveInference - INFO -     Action success: True
2025-07-16 14:42:43,529 - UrbanActiveInference - INFO -     Satisfaction: 1.000
2025-07-16 14:42:43,529 - geo_infer_act.utils.analysis - DEBUG - Recorded step 5: FE=0.1539
2025-07-16 14:42:46,132 - UrbanActiveInference - INFO -     Generated urban analysis visualization
2025-07-16 14:42:46,132 - UrbanActiveInference - INFO - 
--- Step 6/20 ---
2025-07-16 14:42:46,132 - UrbanActiveInference - INFO - Overall urban quality: 0.527
2025-07-16 14:42:46,132 - UrbanActiveInference - INFO - Cooperation index: 0.506
2025-07-16 14:42:46,133 - UrbanActiveInference - INFO -   Agent 0 (Government):
2025-07-16 14:42:46,133 - UrbanActiveInference - INFO -     Observation: [0. 1. 0. 0.]
2025-07-16 14:42:46,134 - UrbanActiveInference - INFO -     Belief entropy: 1.4401
2025-07-16 14:42:46,134 - UrbanActiveInference - INFO -     Surprise: 0.0000
2025-07-16 14:42:46,134 - UrbanActiveInference - INFO -     Information gain: 0.0210
2025-07-16 14:42:46,134 - UrbanActiveInference - INFO -     Free energy change: 0.1576 → 0.1799
2025-07-16 14:42:46,134 - UrbanActiveInference - INFO -     Action: Invest 8.2 in Housing at location 0
2025-07-16 14:42:46,134 - UrbanActiveInference - INFO -     Action success: True
2025-07-16 14:42:46,134 - UrbanActiveInference - INFO -     Satisfaction: 0.983
2025-07-16 14:42:46,134 - geo_infer_act.utils.analysis - DEBUG - Recorded step 6: FE=0.1799
2025-07-16 14:42:46,135 - UrbanActiveInference - INFO -   Agent 1 (Developer):
2025-07-16 14:42:46,136 - UrbanActiveInference - INFO -     Observation: [0. 1. 0. 0.]
2025-07-16 14:42:46,136 - UrbanActiveInference - INFO -     Belief entropy: 1.2841
2025-07-16 14:42:46,136 - UrbanActiveInference - INFO -     Surprise: 1.2649
2025-07-16 14:42:46,136 - UrbanActiveInference - INFO -     Information gain: 0.0078
2025-07-16 14:42:46,136 - UrbanActiveInference - INFO -     Free energy change: 0.1013 → 0.1096
2025-07-16 14:42:46,136 - UrbanActiveInference - INFO -     Action: Invest 10.2 in Transport at location 2
2025-07-16 14:42:46,136 - UrbanActiveInference - INFO -     Action success: True
2025-07-16 14:42:46,136 - UrbanActiveInference - INFO -     Satisfaction: 0.742
2025-07-16 14:42:46,136 - geo_infer_act.utils.analysis - DEBUG - Recorded step 6: FE=0.1096
2025-07-16 14:42:46,139 - UrbanActiveInference - INFO -   Agent 2 (Community):
2025-07-16 14:42:46,139 - UrbanActiveInference - INFO -     Observation: [0. 1. 0. 0.]
2025-07-16 14:42:46,140 - UrbanActiveInference - INFO -     Belief entropy: 1.1884
2025-07-16 14:42:46,140 - UrbanActiveInference - INFO -     Surprise: 0.6959
2025-07-16 14:42:46,140 - UrbanActiveInference - INFO -     Information gain: 0.0543
2025-07-16 14:42:46,140 - UrbanActiveInference - INFO -     Free energy change: 0.1539 → 0.2121
2025-07-16 14:42:46,140 - UrbanActiveInference - INFO -     Action: Invest 10.2 in Commercial at location 0
2025-07-16 14:42:46,140 - UrbanActiveInference - INFO -     Action success: True
2025-07-16 14:42:46,140 - UrbanActiveInference - INFO -     Satisfaction: 1.000
2025-07-16 14:42:46,140 - geo_infer_act.utils.analysis - DEBUG - Recorded step 6: FE=0.2121
2025-07-16 14:42:46,140 - UrbanActiveInference - INFO - 
--- Step 7/20 ---
2025-07-16 14:42:46,140 - UrbanActiveInference - INFO - Overall urban quality: 0.528
2025-07-16 14:42:46,141 - UrbanActiveInference - INFO - Cooperation index: 0.506
2025-07-16 14:42:46,141 - UrbanActiveInference - INFO -   Agent 0 (Government):
2025-07-16 14:42:46,142 - UrbanActiveInference - INFO -     Observation: [0. 1. 0. 0.]
2025-07-16 14:42:46,142 - UrbanActiveInference - INFO -     Belief entropy: 1.4206
2025-07-16 14:42:46,142 - UrbanActiveInference - INFO -     Surprise: 0.0000
2025-07-16 14:42:46,142 - UrbanActiveInference - INFO -     Information gain: 0.0195
2025-07-16 14:42:46,142 - UrbanActiveInference - INFO -     Free energy change: 0.1799 → 0.2005
2025-07-16 14:42:46,142 - UrbanActiveInference - INFO -     Action: Invest 6.6 in Transport at location 2
2025-07-16 14:42:46,142 - UrbanActiveInference - INFO -     Action success: True
2025-07-16 14:42:46,142 - UrbanActiveInference - INFO -     Satisfaction: 1.000
2025-07-16 14:42:46,142 - geo_infer_act.utils.analysis - DEBUG - Recorded step 7: FE=0.2005
2025-07-16 14:42:46,143 - UrbanActiveInference - INFO -   Agent 1 (Developer):
2025-07-16 14:42:46,144 - UrbanActiveInference - INFO -     Observation: [0. 1. 0. 0.]
2025-07-16 14:42:46,144 - UrbanActiveInference - INFO -     Belief entropy: 1.2765
2025-07-16 14:42:46,144 - UrbanActiveInference - INFO -     Surprise: 1.2515
2025-07-16 14:42:46,144 - UrbanActiveInference - INFO -     Information gain: 0.0076
2025-07-16 14:42:46,144 - UrbanActiveInference - INFO -     Free energy change: 0.1096 → 0.1177
2025-07-16 14:42:46,144 - UrbanActiveInference - INFO -     Action: Invest 8.2 in Transport at location 3
2025-07-16 14:42:46,144 - UrbanActiveInference - INFO -     Action success: True
2025-07-16 14:42:46,144 - UrbanActiveInference - INFO -     Satisfaction: 0.818
2025-07-16 14:42:46,144 - geo_infer_act.utils.analysis - DEBUG - Recorded step 7: FE=0.1177
2025-07-16 14:42:46,145 - UrbanActiveInference - INFO -   Agent 2 (Community):
2025-07-16 14:42:46,146 - UrbanActiveInference - INFO -     Observation: [0. 1. 0. 0.]
2025-07-16 14:42:46,146 - UrbanActiveInference - INFO -     Belief entropy: 1.1323
2025-07-16 14:42:46,146 - UrbanActiveInference - INFO -     Surprise: 0.6076
2025-07-16 14:42:46,146 - UrbanActiveInference - INFO -     Information gain: 0.0562
2025-07-16 14:42:46,146 - UrbanActiveInference - INFO -     Free energy change: 0.2121 → 0.2724
2025-07-16 14:42:46,146 - UrbanActiveInference - INFO -     Action: Invest 8.2 in Housing at location 0
2025-07-16 14:42:46,146 - UrbanActiveInference - INFO -     Action success: True
2025-07-16 14:42:46,146 - UrbanActiveInference - INFO -     Satisfaction: 1.000
2025-07-16 14:42:46,146 - geo_infer_act.utils.analysis - DEBUG - Recorded step 7: FE=0.2724
2025-07-16 14:42:46,146 - UrbanActiveInference - INFO - 
--- Step 8/20 ---
2025-07-16 14:42:46,146 - UrbanActiveInference - INFO - Overall urban quality: 0.528
2025-07-16 14:42:46,147 - UrbanActiveInference - INFO - Cooperation index: 0.506
2025-07-16 14:42:46,148 - UrbanActiveInference - INFO -   Agent 0 (Government):
2025-07-16 14:42:46,148 - UrbanActiveInference - INFO -     Observation: [0. 1. 0. 0.]
2025-07-16 14:42:46,148 - UrbanActiveInference - INFO -     Belief entropy: 1.4026
2025-07-16 14:42:46,148 - UrbanActiveInference - INFO -     Surprise: 0.0000
2025-07-16 14:42:46,148 - UrbanActiveInference - INFO -     Information gain: 0.0180
2025-07-16 14:42:46,148 - UrbanActiveInference - INFO -     Free energy change: 0.2005 → 0.2197
2025-07-16 14:42:46,148 - UrbanActiveInference - INFO -     Action: Invest 5.2 in Housing at location 3
2025-07-16 14:42:46,148 - UrbanActiveInference - INFO -     Action success: True
2025-07-16 14:42:46,148 - UrbanActiveInference - INFO -     Satisfaction: 1.000
2025-07-16 14:42:46,149 - geo_infer_act.utils.analysis - DEBUG - Recorded step 8: FE=0.2197
2025-07-16 14:42:46,149 - UrbanActiveInference - INFO -   Agent 1 (Developer):
2025-07-16 14:42:46,150 - UrbanActiveInference - INFO -     Observation: [0. 1. 0. 0.]
2025-07-16 14:42:46,150 - UrbanActiveInference - INFO -     Belief entropy: 1.2692
2025-07-16 14:42:46,150 - UrbanActiveInference - INFO -     Surprise: 1.2407
2025-07-16 14:42:46,150 - UrbanActiveInference - INFO -     Information gain: 0.0073
2025-07-16 14:42:46,150 - UrbanActiveInference - INFO -     Free energy change: 0.1177 → 0.1255
2025-07-16 14:42:46,150 - UrbanActiveInference - INFO -     Action: Invest 6.6 in Transport at location 0
2025-07-16 14:42:46,150 - UrbanActiveInference - INFO -     Action success: True
2025-07-16 14:42:46,151 - UrbanActiveInference - INFO -     Satisfaction: 0.883
2025-07-16 14:42:46,151 - geo_infer_act.utils.analysis - DEBUG - Recorded step 8: FE=0.1255
2025-07-16 14:42:46,152 - UrbanActiveInference - INFO -   Agent 2 (Community):
2025-07-16 14:42:46,153 - UrbanActiveInference - INFO -     Observation: [0. 1. 0. 0.]
2025-07-16 14:42:46,153 - UrbanActiveInference - INFO -     Belief entropy: 1.0760
2025-07-16 14:42:46,154 - UrbanActiveInference - INFO -     Surprise: 0.5345
2025-07-16 14:42:46,154 - UrbanActiveInference - INFO -     Information gain: 0.0562
2025-07-16 14:42:46,154 - UrbanActiveInference - INFO -     Free energy change: 0.2724 → 0.3327
2025-07-16 14:42:46,154 - UrbanActiveInference - INFO -     Action: Invest 6.6 in Commercial at location 5
2025-07-16 14:42:46,154 - UrbanActiveInference - INFO -     Action success: False
2025-07-16 14:42:46,154 - UrbanActiveInference - INFO -     Satisfaction: 1.000
2025-07-16 14:42:46,154 - geo_infer_act.utils.analysis - DEBUG - Recorded step 8: FE=0.3327
2025-07-16 14:42:46,154 - UrbanActiveInference - INFO - 
--- Step 9/20 ---
2025-07-16 14:42:46,155 - UrbanActiveInference - INFO - Overall urban quality: 0.528
2025-07-16 14:42:46,155 - UrbanActiveInference - INFO - Cooperation index: 0.506
2025-07-16 14:42:46,157 - UrbanActiveInference - INFO -   Agent 0 (Government):
2025-07-16 14:42:46,158 - UrbanActiveInference - INFO -     Observation: [0. 1. 0. 0.]
2025-07-16 14:42:46,159 - UrbanActiveInference - INFO -     Belief entropy: 1.3860
2025-07-16 14:42:46,159 - UrbanActiveInference - INFO -     Surprise: 0.0000
2025-07-16 14:42:46,159 - UrbanActiveInference - INFO -     Information gain: 0.0167
2025-07-16 14:42:46,159 - UrbanActiveInference - INFO -     Free energy change: 0.2197 → 0.2374
2025-07-16 14:42:46,159 - UrbanActiveInference - INFO -     Action: Invest 4.2 in Housing at location 2
2025-07-16 14:42:46,159 - UrbanActiveInference - INFO -     Action success: True
2025-07-16 14:42:46,159 - UrbanActiveInference - INFO -     Satisfaction: 1.000
2025-07-16 14:42:46,159 - geo_infer_act.utils.analysis - DEBUG - Recorded step 9: FE=0.2374
2025-07-16 14:42:46,161 - UrbanActiveInference - INFO -   Agent 1 (Developer):
2025-07-16 14:42:46,161 - UrbanActiveInference - INFO -     Observation: [0. 1. 0. 0.]
2025-07-16 14:42:46,162 - UrbanActiveInference - INFO -     Belief entropy: 1.2622
2025-07-16 14:42:46,162 - UrbanActiveInference - INFO -     Surprise: 1.2321
2025-07-16 14:42:46,162 - UrbanActiveInference - INFO -     Information gain: 0.0070
2025-07-16 14:42:46,162 - UrbanActiveInference - INFO -     Free energy change: 0.1255 → 0.1331
2025-07-16 14:42:46,162 - UrbanActiveInference - INFO -     Action: Invest 5.2 in Commercial at location 4
2025-07-16 14:42:46,163 - UrbanActiveInference - INFO -     Action success: False
2025-07-16 14:42:46,163 - UrbanActiveInference - INFO -     Satisfaction: 0.883
2025-07-16 14:42:46,163 - geo_infer_act.utils.analysis - DEBUG - Recorded step 9: FE=0.1331
2025-07-16 14:42:46,164 - UrbanActiveInference - INFO -   Agent 2 (Community):
2025-07-16 14:42:46,164 - UrbanActiveInference - INFO -     Observation: [0. 1. 0. 0.]
2025-07-16 14:42:46,164 - UrbanActiveInference - INFO -     Belief entropy: 1.0209
2025-07-16 14:42:46,164 - UrbanActiveInference - INFO -     Surprise: 0.4736
2025-07-16 14:42:46,164 - UrbanActiveInference - INFO -     Information gain: 0.0551
2025-07-16 14:42:46,164 - UrbanActiveInference - INFO -     Free energy change: 0.3327 → 0.3917
2025-07-16 14:42:46,164 - UrbanActiveInference - INFO -     Action: Invest 6.6 in Housing at location 1
2025-07-16 14:42:46,165 - UrbanActiveInference - INFO -     Action success: False
2025-07-16 14:42:46,165 - UrbanActiveInference - INFO -     Satisfaction: 1.000
2025-07-16 14:42:46,165 - geo_infer_act.utils.analysis - DEBUG - Recorded step 9: FE=0.3917
2025-07-16 14:42:46,165 - UrbanActiveInference - INFO - 
--- Step 10/20 ---
2025-07-16 14:42:46,165 - UrbanActiveInference - INFO - Overall urban quality: 0.528
2025-07-16 14:42:46,165 - UrbanActiveInference - INFO - Cooperation index: 0.506
2025-07-16 14:42:46,166 - UrbanActiveInference - INFO -   Agent 0 (Government):
2025-07-16 14:42:46,167 - UrbanActiveInference - INFO -     Observation: [0. 1. 0. 0.]
2025-07-16 14:42:46,167 - UrbanActiveInference - INFO -     Belief entropy: 1.3705
2025-07-16 14:42:46,167 - UrbanActiveInference - INFO -     Surprise: 0.0000
2025-07-16 14:42:46,168 - UrbanActiveInference - INFO -     Information gain: 0.0154
2025-07-16 14:42:46,168 - UrbanActiveInference - INFO -     Free energy change: 0.2374 → 0.2537
2025-07-16 14:42:46,168 - UrbanActiveInference - INFO -     Action: Invest 3.4 in Green at location 4
2025-07-16 14:42:46,168 - UrbanActiveInference - INFO -     Action success: False
2025-07-16 14:42:46,168 - UrbanActiveInference - INFO -     Satisfaction: 1.000
2025-07-16 14:42:46,169 - geo_infer_act.utils.analysis - DEBUG - Recorded step 10: FE=0.2537
2025-07-16 14:42:46,171 - UrbanActiveInference - INFO -   Agent 1 (Developer):
2025-07-16 14:42:46,173 - UrbanActiveInference - INFO -     Observation: [0. 1. 0. 0.]
2025-07-16 14:42:46,173 - UrbanActiveInference - INFO -     Belief entropy: 1.2554
2025-07-16 14:42:46,173 - UrbanActiveInference - INFO -     Surprise: 1.2252
2025-07-16 14:42:46,173 - UrbanActiveInference - INFO -     Information gain: 0.0068
2025-07-16 14:42:46,173 - UrbanActiveInference - INFO -     Free energy change: 0.1331 → 0.1403
2025-07-16 14:42:46,173 - UrbanActiveInference - INFO -     Action: Invest 5.2 in Commercial at location 0
2025-07-16 14:42:46,173 - UrbanActiveInference - INFO -     Action success: True
2025-07-16 14:42:46,173 - UrbanActiveInference - INFO -     Satisfaction: 0.933
2025-07-16 14:42:46,173 - geo_infer_act.utils.analysis - DEBUG - Recorded step 10: FE=0.1403
2025-07-16 14:42:46,175 - UrbanActiveInference - INFO -   Agent 2 (Community):
2025-07-16 14:42:46,175 - UrbanActiveInference - INFO -     Observation: [0. 1. 0. 0.]
2025-07-16 14:42:46,175 - UrbanActiveInference - INFO -     Belief entropy: 0.9678
2025-07-16 14:42:46,175 - UrbanActiveInference - INFO -     Surprise: 0.4221
2025-07-16 14:42:46,175 - UrbanActiveInference - INFO -     Information gain: 0.0532
2025-07-16 14:42:46,175 - UrbanActiveInference - INFO -     Free energy change: 0.3917 → 0.4487
2025-07-16 14:42:46,175 - UrbanActiveInference - INFO -     Action: Invest 6.6 in Commercial at location 1
2025-07-16 14:42:46,175 - UrbanActiveInference - INFO -     Action success: True
2025-07-16 14:42:46,176 - UrbanActiveInference - INFO -     Satisfaction: 1.000
2025-07-16 14:42:46,176 - geo_infer_act.utils.analysis - DEBUG - Recorded step 10: FE=0.4487
2025-07-16 14:42:48,472 - UrbanActiveInference - INFO -     Generated urban analysis visualization
2025-07-16 14:42:48,472 - UrbanActiveInference - INFO - 
--- Step 11/20 ---
2025-07-16 14:42:48,472 - UrbanActiveInference - INFO - Overall urban quality: 0.528
2025-07-16 14:42:48,473 - UrbanActiveInference - INFO - Cooperation index: 0.506
2025-07-16 14:42:48,473 - UrbanActiveInference - INFO -   Agent 0 (Government):
2025-07-16 14:42:48,473 - UrbanActiveInference - INFO -     Observation: [0. 1. 0. 0.]
2025-07-16 14:42:48,473 - UrbanActiveInference - INFO -     Belief entropy: 1.3562
2025-07-16 14:42:48,473 - UrbanActiveInference - INFO -     Surprise: 0.0000
2025-07-16 14:42:48,473 - UrbanActiveInference - INFO -     Information gain: 0.0143
2025-07-16 14:42:48,473 - UrbanActiveInference - INFO -     Free energy change: 0.2537 → 0.2689
2025-07-16 14:42:48,474 - UrbanActiveInference - INFO -     Action: Invest 3.4 in Green at location 1
2025-07-16 14:42:48,474 - UrbanActiveInference - INFO -     Action success: False
2025-07-16 14:42:48,474 - UrbanActiveInference - INFO -     Satisfaction: 1.000
2025-07-16 14:42:48,474 - geo_infer_act.utils.analysis - DEBUG - Recorded step 11: FE=0.2689
2025-07-16 14:42:48,474 - UrbanActiveInference - INFO -   Agent 1 (Developer):
2025-07-16 14:42:48,474 - UrbanActiveInference - INFO -     Observation: [0. 1. 0. 0.]
2025-07-16 14:42:48,475 - UrbanActiveInference - INFO -     Belief entropy: 1.2489
2025-07-16 14:42:48,475 - UrbanActiveInference - INFO -     Surprise: 1.2197
2025-07-16 14:42:48,475 - UrbanActiveInference - INFO -     Information gain: 0.0065
2025-07-16 14:42:48,475 - UrbanActiveInference - INFO -     Free energy change: 0.1403 → 0.1473
2025-07-16 14:42:48,475 - UrbanActiveInference - INFO -     Action: Invest 4.2 in Transport at location 0
2025-07-16 14:42:48,475 - UrbanActiveInference - INFO -     Action success: True
2025-07-16 14:42:48,475 - UrbanActiveInference - INFO -     Satisfaction: 0.974
2025-07-16 14:42:48,475 - geo_infer_act.utils.analysis - DEBUG - Recorded step 11: FE=0.1473
2025-07-16 14:42:48,476 - UrbanActiveInference - INFO -   Agent 2 (Community):
2025-07-16 14:42:48,476 - UrbanActiveInference - INFO -     Observation: [0. 1. 0. 0.]
2025-07-16 14:42:48,476 - UrbanActiveInference - INFO -     Belief entropy: 0.9170
2025-07-16 14:42:48,476 - UrbanActiveInference - INFO -     Surprise: 0.3784
2025-07-16 14:42:48,476 - UrbanActiveInference - INFO -     Information gain: 0.0508
2025-07-16 14:42:48,476 - UrbanActiveInference - INFO -     Free energy change: 0.4487 → 0.5031
2025-07-16 14:42:48,476 - UrbanActiveInference - INFO -     Action: Invest 5.2 in Commercial at location 1
2025-07-16 14:42:48,476 - UrbanActiveInference - INFO -     Action success: True
2025-07-16 14:42:48,476 - UrbanActiveInference - INFO -     Satisfaction: 1.000
2025-07-16 14:42:48,476 - geo_infer_act.utils.analysis - DEBUG - Recorded step 11: FE=0.5031
2025-07-16 14:42:48,476 - UrbanActiveInference - INFO - 
--- Step 12/20 ---
2025-07-16 14:42:48,476 - UrbanActiveInference - INFO - Overall urban quality: 0.529
2025-07-16 14:42:48,476 - UrbanActiveInference - INFO - Cooperation index: 0.506
2025-07-16 14:42:48,477 - UrbanActiveInference - INFO -   Agent 0 (Government):
2025-07-16 14:42:48,477 - UrbanActiveInference - INFO -     Observation: [0. 1. 0. 0.]
2025-07-16 14:42:48,477 - UrbanActiveInference - INFO -     Belief entropy: 1.3429
2025-07-16 14:42:48,477 - UrbanActiveInference - INFO -     Surprise: 0.0000
2025-07-16 14:42:48,477 - UrbanActiveInference - INFO -     Information gain: 0.0133
2025-07-16 14:42:48,477 - UrbanActiveInference - INFO -     Free energy change: 0.2689 → 0.2831
2025-07-16 14:42:48,477 - UrbanActiveInference - INFO -     Action: Invest 3.4 in Green at location 3
2025-07-16 14:42:48,477 - UrbanActiveInference - INFO -     Action success: True
2025-07-16 14:42:48,477 - UrbanActiveInference - INFO -     Satisfaction: 1.000
2025-07-16 14:42:48,477 - geo_infer_act.utils.analysis - DEBUG - Recorded step 12: FE=0.2831
2025-07-16 14:42:48,478 - UrbanActiveInference - INFO -   Agent 1 (Developer):
2025-07-16 14:42:48,478 - UrbanActiveInference - INFO -     Observation: [0. 1. 0. 0.]
2025-07-16 14:42:48,478 - UrbanActiveInference - INFO -     Belief entropy: 1.2426
2025-07-16 14:42:48,478 - UrbanActiveInference - INFO -     Surprise: 1.2154
2025-07-16 14:42:48,478 - UrbanActiveInference - INFO -     Information gain: 0.0063
2025-07-16 14:42:48,478 - UrbanActiveInference - INFO -     Free energy change: 0.1473 → 0.1541
2025-07-16 14:42:48,478 - UrbanActiveInference - INFO -     Action: Invest 3.4 in Commercial at location 4
2025-07-16 14:42:48,478 - UrbanActiveInference - INFO -     Action success: False
2025-07-16 14:42:48,478 - UrbanActiveInference - INFO -     Satisfaction: 0.974
2025-07-16 14:42:48,478 - geo_infer_act.utils.analysis - DEBUG - Recorded step 12: FE=0.1541
2025-07-16 14:42:48,479 - UrbanActiveInference - INFO -   Agent 2 (Community):
2025-07-16 14:42:48,479 - UrbanActiveInference - INFO -     Observation: [0. 1. 0. 0.]
2025-07-16 14:42:48,479 - UrbanActiveInference - INFO -     Belief entropy: 0.8689
2025-07-16 14:42:48,479 - UrbanActiveInference - INFO -     Surprise: 0.3410
2025-07-16 14:42:48,479 - UrbanActiveInference - INFO -     Information gain: 0.0481
2025-07-16 14:42:48,479 - UrbanActiveInference - INFO -     Free energy change: 0.5031 → 0.5547
2025-07-16 14:42:48,480 - UrbanActiveInference - INFO -     Action: Invest 4.2 in Housing at location 4
2025-07-16 14:42:48,480 - UrbanActiveInference - INFO -     Action success: True
2025-07-16 14:42:48,480 - UrbanActiveInference - INFO -     Satisfaction: 1.000
2025-07-16 14:42:48,480 - geo_infer_act.utils.analysis - DEBUG - Recorded step 12: FE=0.5547
2025-07-16 14:42:48,480 - UrbanActiveInference - INFO - 
--- Step 13/20 ---
2025-07-16 14:42:48,480 - UrbanActiveInference - INFO - Overall urban quality: 0.529
2025-07-16 14:42:48,480 - UrbanActiveInference - INFO - Cooperation index: 0.506
2025-07-16 14:42:48,481 - UrbanActiveInference - INFO -   Agent 0 (Government):
2025-07-16 14:42:48,481 - UrbanActiveInference - INFO -     Observation: [0. 1. 0. 0.]
2025-07-16 14:42:48,481 - UrbanActiveInference - INFO -     Belief entropy: 1.3304
2025-07-16 14:42:48,481 - UrbanActiveInference - INFO -     Surprise: 0.0000
2025-07-16 14:42:48,481 - UrbanActiveInference - INFO -     Information gain: 0.0125
2025-07-16 14:42:48,481 - UrbanActiveInference - INFO -     Free energy change: 0.2831 → 0.2964
2025-07-16 14:42:48,481 - UrbanActiveInference - INFO -     Action: Invest 2.7 in Housing at location 3
2025-07-16 14:42:48,481 - UrbanActiveInference - INFO -     Action success: True
2025-07-16 14:42:48,481 - UrbanActiveInference - INFO -     Satisfaction: 1.000
2025-07-16 14:42:48,481 - geo_infer_act.utils.analysis - DEBUG - Recorded step 13: FE=0.2964
2025-07-16 14:42:48,482 - UrbanActiveInference - INFO -   Agent 1 (Developer):
2025-07-16 14:42:48,482 - UrbanActiveInference - INFO -     Observation: [0. 1. 0. 0.]
2025-07-16 14:42:48,482 - UrbanActiveInference - INFO -     Belief entropy: 1.2364
2025-07-16 14:42:48,482 - UrbanActiveInference - INFO -     Surprise: 1.2121
2025-07-16 14:42:48,482 - UrbanActiveInference - INFO -     Information gain: 0.0061
2025-07-16 14:42:48,482 - UrbanActiveInference - INFO -     Free energy change: 0.1541 → 0.1607
2025-07-16 14:42:48,482 - UrbanActiveInference - INFO -     Action: Invest 3.4 in Housing at location 1
2025-07-16 14:42:48,483 - UrbanActiveInference - INFO -     Action success: False
2025-07-16 14:42:48,483 - UrbanActiveInference - INFO -     Satisfaction: 0.974
2025-07-16 14:42:48,483 - geo_infer_act.utils.analysis - DEBUG - Recorded step 13: FE=0.1607
2025-07-16 14:42:48,483 - UrbanActiveInference - INFO -   Agent 2 (Community):
2025-07-16 14:42:48,484 - UrbanActiveInference - INFO -     Observation: [0. 1. 0. 0.]
2025-07-16 14:42:48,484 - UrbanActiveInference - INFO -     Belief entropy: 0.8234
2025-07-16 14:42:48,484 - UrbanActiveInference - INFO -     Surprise: 0.3087
2025-07-16 14:42:48,484 - UrbanActiveInference - INFO -     Information gain: 0.0454
2025-07-16 14:42:48,484 - UrbanActiveInference - INFO -     Free energy change: 0.5547 → 0.6035
2025-07-16 14:42:48,484 - UrbanActiveInference - INFO -     Action: Invest 3.4 in Commercial at location 3
2025-07-16 14:42:48,484 - UrbanActiveInference - INFO -     Action success: True
2025-07-16 14:42:48,484 - UrbanActiveInference - INFO -     Satisfaction: 1.000
2025-07-16 14:42:48,484 - geo_infer_act.utils.analysis - DEBUG - Recorded step 13: FE=0.6035
2025-07-16 14:42:48,484 - UrbanActiveInference - INFO - 
--- Step 14/20 ---
2025-07-16 14:42:48,484 - UrbanActiveInference - INFO - Overall urban quality: 0.529
2025-07-16 14:42:48,484 - UrbanActiveInference - INFO - Cooperation index: 0.506
2025-07-16 14:42:48,485 - UrbanActiveInference - INFO -   Agent 0 (Government):
2025-07-16 14:42:48,485 - UrbanActiveInference - INFO -     Observation: [0. 1. 0. 0.]
2025-07-16 14:42:48,485 - UrbanActiveInference - INFO -     Belief entropy: 1.3187
2025-07-16 14:42:48,485 - UrbanActiveInference - INFO -     Surprise: 0.0000
2025-07-16 14:42:48,485 - UrbanActiveInference - INFO -     Information gain: 0.0117
2025-07-16 14:42:48,485 - UrbanActiveInference - INFO -     Free energy change: 0.2964 → 0.3088
2025-07-16 14:42:48,485 - UrbanActiveInference - INFO -     Action: Invest 2.1 in Green at location 5
2025-07-16 14:42:48,486 - UrbanActiveInference - INFO -     Action success: True
2025-07-16 14:42:48,486 - UrbanActiveInference - INFO -     Satisfaction: 1.000
2025-07-16 14:42:48,486 - geo_infer_act.utils.analysis - DEBUG - Recorded step 14: FE=0.3088
2025-07-16 14:42:48,486 - UrbanActiveInference - INFO -   Agent 1 (Developer):
2025-07-16 14:42:48,486 - UrbanActiveInference - INFO -     Observation: [0. 1. 0. 0.]
2025-07-16 14:42:48,487 - UrbanActiveInference - INFO -     Belief entropy: 1.2304
2025-07-16 14:42:48,487 - UrbanActiveInference - INFO -     Surprise: 1.2097
2025-07-16 14:42:48,487 - UrbanActiveInference - INFO -     Information gain: 0.0060
2025-07-16 14:42:48,487 - UrbanActiveInference - INFO -     Free energy change: 0.1607 → 0.1671
2025-07-16 14:42:48,487 - UrbanActiveInference - INFO -     Action: Invest 3.4 in Green at location 1
2025-07-16 14:42:48,487 - UrbanActiveInference - INFO -     Action success: False
2025-07-16 14:42:48,487 - UrbanActiveInference - INFO -     Satisfaction: 0.974
2025-07-16 14:42:48,487 - geo_infer_act.utils.analysis - DEBUG - Recorded step 14: FE=0.1671
2025-07-16 14:42:48,488 - UrbanActiveInference - INFO -   Agent 2 (Community):
2025-07-16 14:42:48,488 - UrbanActiveInference - INFO -     Observation: [0. 1. 0. 0.]
2025-07-16 14:42:48,488 - UrbanActiveInference - INFO -     Belief entropy: 0.7807
2025-07-16 14:42:48,488 - UrbanActiveInference - INFO -     Surprise: 0.2807
2025-07-16 14:42:48,488 - UrbanActiveInference - INFO -     Information gain: 0.0427
2025-07-16 14:42:48,488 - UrbanActiveInference - INFO -     Free energy change: 0.6035 → 0.6493
2025-07-16 14:42:48,488 - UrbanActiveInference - INFO -     Action: Invest 2.7 in Housing at location 3
2025-07-16 14:42:48,488 - UrbanActiveInference - INFO -     Action success: True
2025-07-16 14:42:48,488 - UrbanActiveInference - INFO -     Satisfaction: 1.000
2025-07-16 14:42:48,488 - geo_infer_act.utils.analysis - DEBUG - Recorded step 14: FE=0.6493
2025-07-16 14:42:48,488 - UrbanActiveInference - INFO - 
--- Step 15/20 ---
2025-07-16 14:42:48,489 - UrbanActiveInference - INFO - Overall urban quality: 0.529
2025-07-16 14:42:48,489 - UrbanActiveInference - INFO - Cooperation index: 0.506
2025-07-16 14:42:48,489 - UrbanActiveInference - INFO -   Agent 0 (Government):
2025-07-16 14:42:48,490 - UrbanActiveInference - INFO -     Observation: [0. 1. 0. 0.]
2025-07-16 14:42:48,490 - UrbanActiveInference - INFO -     Belief entropy: 1.3076
2025-07-16 14:42:48,490 - UrbanActiveInference - INFO -     Surprise: 0.0000
2025-07-16 14:42:48,490 - UrbanActiveInference - INFO -     Information gain: 0.0111
2025-07-16 14:42:48,490 - UrbanActiveInference - INFO -     Free energy change: 0.3088 → 0.3206
2025-07-16 14:42:48,490 - UrbanActiveInference - INFO -     Action: Invest 1.7 in Green at location 5
2025-07-16 14:42:48,490 - UrbanActiveInference - INFO -     Action success: True
2025-07-16 14:42:48,490 - UrbanActiveInference - INFO -     Satisfaction: 1.000
2025-07-16 14:42:48,490 - geo_infer_act.utils.analysis - DEBUG - Recorded step 15: FE=0.3206
2025-07-16 14:42:48,491 - UrbanActiveInference - INFO -   Agent 1 (Developer):
2025-07-16 14:42:48,491 - UrbanActiveInference - INFO -     Observation: [0. 1. 0. 0.]
2025-07-16 14:42:48,491 - UrbanActiveInference - INFO -     Belief entropy: 1.2245
2025-07-16 14:42:48,491 - UrbanActiveInference - INFO -     Surprise: 1.2080
2025-07-16 14:42:48,491 - UrbanActiveInference - INFO -     Information gain: 0.0059
2025-07-16 14:42:48,491 - UrbanActiveInference - INFO -     Free energy change: 0.1671 → 0.1734
2025-07-16 14:42:48,491 - UrbanActiveInference - INFO -     Action: Invest 3.4 in Housing at location 0
2025-07-16 14:42:48,491 - UrbanActiveInference - INFO -     Action success: True
2025-07-16 14:42:48,491 - UrbanActiveInference - INFO -     Satisfaction: 0.973
2025-07-16 14:42:48,491 - geo_infer_act.utils.analysis - DEBUG - Recorded step 15: FE=0.1734
2025-07-16 14:42:48,492 - UrbanActiveInference - INFO -   Agent 2 (Community):
2025-07-16 14:42:48,492 - UrbanActiveInference - INFO -     Observation: [0. 1. 0. 0.]
2025-07-16 14:42:48,492 - UrbanActiveInference - INFO -     Belief entropy: 0.7405
2025-07-16 14:42:48,492 - UrbanActiveInference - INFO -     Surprise: 0.2562
2025-07-16 14:42:48,492 - UrbanActiveInference - INFO -     Information gain: 0.0401
2025-07-16 14:42:48,492 - UrbanActiveInference - INFO -     Free energy change: 0.6493 → 0.6923
2025-07-16 14:42:48,492 - UrbanActiveInference - INFO -     Action: Invest 2.1 in Transport at location 1
2025-07-16 14:42:48,492 - UrbanActiveInference - INFO -     Action success: False
2025-07-16 14:42:48,493 - UrbanActiveInference - INFO -     Satisfaction: 1.000
2025-07-16 14:42:48,493 - geo_infer_act.utils.analysis - DEBUG - Recorded step 15: FE=0.6923
2025-07-16 14:42:50,703 - UrbanActiveInference - INFO -     Generated urban analysis visualization
2025-07-16 14:42:50,703 - UrbanActiveInference - INFO - 
--- Step 16/20 ---
2025-07-16 14:42:50,704 - UrbanActiveInference - INFO - Overall urban quality: 0.529
2025-07-16 14:42:50,704 - UrbanActiveInference - INFO - Cooperation index: 0.506
2025-07-16 14:42:50,704 - UrbanActiveInference - INFO -   Agent 0 (Government):
2025-07-16 14:42:50,704 - UrbanActiveInference - INFO -     Observation: [0. 1. 0. 0.]
2025-07-16 14:42:50,705 - UrbanActiveInference - INFO -     Belief entropy: 1.2971
2025-07-16 14:42:50,705 - UrbanActiveInference - INFO -     Surprise: 0.0000
2025-07-16 14:42:50,705 - UrbanActiveInference - INFO -     Information gain: 0.0105
2025-07-16 14:42:50,705 - UrbanActiveInference - INFO -     Free energy change: 0.3206 → 0.3318
2025-07-16 14:42:50,705 - UrbanActiveInference - INFO -     Action: Invest 1.4 in Transport at location 0
2025-07-16 14:42:50,705 - UrbanActiveInference - INFO -     Action success: True
2025-07-16 14:42:50,705 - UrbanActiveInference - INFO -     Satisfaction: 1.000
2025-07-16 14:42:50,705 - geo_infer_act.utils.analysis - DEBUG - Recorded step 16: FE=0.3318
2025-07-16 14:42:50,705 - UrbanActiveInference - INFO -   Agent 1 (Developer):
2025-07-16 14:42:50,706 - UrbanActiveInference - INFO -     Observation: [0. 1. 0. 0.]
2025-07-16 14:42:50,706 - UrbanActiveInference - INFO -     Belief entropy: 1.2187
2025-07-16 14:42:50,706 - UrbanActiveInference - INFO -     Surprise: 1.2069
2025-07-16 14:42:50,706 - UrbanActiveInference - INFO -     Information gain: 0.0058
2025-07-16 14:42:50,706 - UrbanActiveInference - INFO -     Free energy change: 0.1734 → 0.1796
2025-07-16 14:42:50,706 - UrbanActiveInference - INFO -     Action: Invest 2.7 in Commercial at location 1
2025-07-16 14:42:50,706 - UrbanActiveInference - INFO -     Action success: True
2025-07-16 14:42:50,706 - UrbanActiveInference - INFO -     Satisfaction: 0.999
2025-07-16 14:42:50,706 - geo_infer_act.utils.analysis - DEBUG - Recorded step 16: FE=0.1796
2025-07-16 14:42:50,706 - UrbanActiveInference - INFO -   Agent 2 (Community):
2025-07-16 14:42:50,707 - UrbanActiveInference - INFO -     Observation: [0. 1. 0. 0.]
2025-07-16 14:42:50,707 - UrbanActiveInference - INFO -     Belief entropy: 0.7029
2025-07-16 14:42:50,707 - UrbanActiveInference - INFO -     Surprise: 0.2346
2025-07-16 14:42:50,707 - UrbanActiveInference - INFO -     Information gain: 0.0377
2025-07-16 14:42:50,707 - UrbanActiveInference - INFO -     Free energy change: 0.6923 → 0.7327
2025-07-16 14:42:50,707 - UrbanActiveInference - INFO -     Action: Invest 2.1 in Housing at location 5
2025-07-16 14:42:50,707 - UrbanActiveInference - INFO -     Action success: True
2025-07-16 14:42:50,707 - UrbanActiveInference - INFO -     Satisfaction: 1.000
2025-07-16 14:42:50,707 - geo_infer_act.utils.analysis - DEBUG - Recorded step 16: FE=0.7327
2025-07-16 14:42:50,707 - UrbanActiveInference - INFO - 
--- Step 17/20 ---
2025-07-16 14:42:50,707 - UrbanActiveInference - INFO - Overall urban quality: 0.529
2025-07-16 14:42:50,707 - UrbanActiveInference - INFO - Cooperation index: 0.506
2025-07-16 14:42:50,708 - UrbanActiveInference - INFO -   Agent 0 (Government):
2025-07-16 14:42:50,708 - UrbanActiveInference - INFO -     Observation: [0. 1. 0. 0.]
2025-07-16 14:42:50,708 - UrbanActiveInference - INFO -     Belief entropy: 1.2871
2025-07-16 14:42:50,708 - UrbanActiveInference - INFO -     Surprise: 0.0000
2025-07-16 14:42:50,708 - UrbanActiveInference - INFO -     Information gain: 0.0100
2025-07-16 14:42:50,708 - UrbanActiveInference - INFO -     Free energy change: 0.3318 → 0.3424
2025-07-16 14:42:50,708 - UrbanActiveInference - INFO -     Action: Invest 1.1 in Transport at location 4
2025-07-16 14:42:50,708 - UrbanActiveInference - INFO -     Action success: False
2025-07-16 14:42:50,708 - UrbanActiveInference - INFO -     Satisfaction: 1.000
2025-07-16 14:42:50,708 - geo_infer_act.utils.analysis - DEBUG - Recorded step 17: FE=0.3424
2025-07-16 14:42:50,709 - UrbanActiveInference - INFO -   Agent 1 (Developer):
2025-07-16 14:42:50,709 - UrbanActiveInference - INFO -     Observation: [0. 1. 0. 0.]
2025-07-16 14:42:50,709 - UrbanActiveInference - INFO -     Belief entropy: 1.2130
2025-07-16 14:42:50,709 - UrbanActiveInference - INFO -     Surprise: 1.2063
2025-07-16 14:42:50,709 - UrbanActiveInference - INFO -     Information gain: 0.0057
2025-07-16 14:42:50,709 - UrbanActiveInference - INFO -     Free energy change: 0.1796 → 0.1858
2025-07-16 14:42:50,709 - UrbanActiveInference - INFO -     Action: Invest 2.1 in Housing at location 0
2025-07-16 14:42:50,709 - UrbanActiveInference - INFO -     Action success: True
2025-07-16 14:42:50,709 - UrbanActiveInference - INFO -     Satisfaction: 0.998
2025-07-16 14:42:50,709 - geo_infer_act.utils.analysis - DEBUG - Recorded step 17: FE=0.1858
2025-07-16 14:42:50,710 - UrbanActiveInference - INFO -   Agent 2 (Community):
2025-07-16 14:42:50,710 - UrbanActiveInference - INFO -     Observation: [0. 1. 0. 0.]
2025-07-16 14:42:50,710 - UrbanActiveInference - INFO -     Belief entropy: 0.6676
2025-07-16 14:42:50,710 - UrbanActiveInference - INFO -     Surprise: 0.2156
2025-07-16 14:42:50,710 - UrbanActiveInference - INFO -     Information gain: 0.0353
2025-07-16 14:42:50,710 - UrbanActiveInference - INFO -     Free energy change: 0.7327 → 0.7706
2025-07-16 14:42:50,710 - UrbanActiveInference - INFO -     Action: Invest 1.7 in Commercial at location 3
2025-07-16 14:42:50,710 - UrbanActiveInference - INFO -     Action success: True
2025-07-16 14:42:50,710 - UrbanActiveInference - INFO -     Satisfaction: 1.000
2025-07-16 14:42:50,710 - geo_infer_act.utils.analysis - DEBUG - Recorded step 17: FE=0.7706
2025-07-16 14:42:50,710 - UrbanActiveInference - INFO - 
--- Step 18/20 ---
2025-07-16 14:42:50,710 - UrbanActiveInference - INFO - Overall urban quality: 0.529
2025-07-16 14:42:50,710 - UrbanActiveInference - INFO - Cooperation index: 0.506
2025-07-16 14:42:50,711 - UrbanActiveInference - INFO -   Agent 0 (Government):
2025-07-16 14:42:50,711 - UrbanActiveInference - INFO -     Observation: [0. 1. 0. 0.]
2025-07-16 14:42:50,711 - UrbanActiveInference - INFO -     Belief entropy: 1.2775
2025-07-16 14:42:50,711 - UrbanActiveInference - INFO -     Surprise: 0.0000
2025-07-16 14:42:50,711 - UrbanActiveInference - INFO -     Information gain: 0.0096
2025-07-16 14:42:50,711 - UrbanActiveInference - INFO -     Free energy change: 0.3424 → 0.3526
2025-07-16 14:42:50,711 - UrbanActiveInference - INFO -     Action: Invest 1.1 in Housing at location 2
2025-07-16 14:42:50,711 - UrbanActiveInference - INFO -     Action success: True
2025-07-16 14:42:50,711 - UrbanActiveInference - INFO -     Satisfaction: 1.000
2025-07-16 14:42:50,711 - geo_infer_act.utils.analysis - DEBUG - Recorded step 18: FE=0.3526
2025-07-16 14:42:50,712 - UrbanActiveInference - INFO -   Agent 1 (Developer):
2025-07-16 14:42:50,712 - UrbanActiveInference - INFO -     Observation: [0. 1. 0. 0.]
2025-07-16 14:42:50,712 - UrbanActiveInference - INFO -     Belief entropy: 1.2074
2025-07-16 14:42:50,712 - UrbanActiveInference - INFO -     Surprise: 1.2062
2025-07-16 14:42:50,712 - UrbanActiveInference - INFO -     Information gain: 0.0057
2025-07-16 14:42:50,712 - UrbanActiveInference - INFO -     Free energy change: 0.1858 → 0.1918
2025-07-16 14:42:50,712 - UrbanActiveInference - INFO -     Action: Invest 1.7 in Housing at location 3
2025-07-16 14:42:50,712 - UrbanActiveInference - INFO -     Action success: True
2025-07-16 14:42:50,712 - UrbanActiveInference - INFO -     Satisfaction: 0.998
2025-07-16 14:42:50,712 - geo_infer_act.utils.analysis - DEBUG - Recorded step 18: FE=0.1918
2025-07-16 14:42:50,713 - UrbanActiveInference - INFO -   Agent 2 (Community):
2025-07-16 14:42:50,713 - UrbanActiveInference - INFO -     Observation: [0. 1. 0. 0.]
2025-07-16 14:42:50,713 - UrbanActiveInference - INFO -     Belief entropy: 0.6344
2025-07-16 14:42:50,713 - UrbanActiveInference - INFO -     Surprise: 0.1987
2025-07-16 14:42:50,713 - UrbanActiveInference - INFO -     Information gain: 0.0332
2025-07-16 14:42:50,713 - UrbanActiveInference - INFO -     Free energy change: 0.7706 → 0.8061
2025-07-16 14:42:50,713 - UrbanActiveInference - INFO -     Action: Invest 1.4 in Green at location 0
2025-07-16 14:42:50,713 - UrbanActiveInference - INFO -     Action success: False
2025-07-16 14:42:50,713 - UrbanActiveInference - INFO -     Satisfaction: 1.000
2025-07-16 14:42:50,713 - geo_infer_act.utils.analysis - DEBUG - Recorded step 18: FE=0.8061
2025-07-16 14:42:50,713 - UrbanActiveInference - INFO - 
--- Step 19/20 ---
2025-07-16 14:42:50,713 - UrbanActiveInference - INFO - Overall urban quality: 0.529
2025-07-16 14:42:50,713 - UrbanActiveInference - INFO - Cooperation index: 0.506
2025-07-16 14:42:50,714 - UrbanActiveInference - INFO -   Agent 0 (Government):
2025-07-16 14:42:50,714 - UrbanActiveInference - INFO -     Observation: [0. 1. 0. 0.]
2025-07-16 14:42:50,714 - UrbanActiveInference - INFO -     Belief entropy: 1.2683
2025-07-16 14:42:50,714 - UrbanActiveInference - INFO -     Surprise: 0.0000
2025-07-16 14:42:50,714 - UrbanActiveInference - INFO -     Information gain: 0.0092
2025-07-16 14:42:50,714 - UrbanActiveInference - INFO -     Free energy change: 0.3526 → 0.3624
2025-07-16 14:42:50,714 - UrbanActiveInference - INFO -     Action: Invest 0.9 in Transport at location 3
2025-07-16 14:42:50,714 - UrbanActiveInference - INFO -     Action success: True
2025-07-16 14:42:50,714 - UrbanActiveInference - INFO -     Satisfaction: 1.000
2025-07-16 14:42:50,715 - geo_infer_act.utils.analysis - DEBUG - Recorded step 19: FE=0.3624
2025-07-16 14:42:50,715 - UrbanActiveInference - INFO -   Agent 1 (Developer):
2025-07-16 14:42:50,715 - UrbanActiveInference - INFO -     Observation: [0. 1. 0. 0.]
2025-07-16 14:42:50,715 - UrbanActiveInference - INFO -     Belief entropy: 1.2017
2025-07-16 14:42:50,715 - UrbanActiveInference - INFO -     Surprise: 1.2065
2025-07-16 14:42:50,715 - UrbanActiveInference - INFO -     Information gain: 0.0056
2025-07-16 14:42:50,715 - UrbanActiveInference - INFO -     Free energy change: 0.1918 → 0.1979
2025-07-16 14:42:50,715 - UrbanActiveInference - INFO -     Action: Invest 1.4 in Housing at location 5
2025-07-16 14:42:50,715 - UrbanActiveInference - INFO -     Action success: True
2025-07-16 14:42:50,716 - UrbanActiveInference - INFO -     Satisfaction: 0.997
2025-07-16 14:42:50,716 - geo_infer_act.utils.analysis - DEBUG - Recorded step 19: FE=0.1979
2025-07-16 14:42:50,716 - UrbanActiveInference - INFO -   Agent 2 (Community):
2025-07-16 14:42:50,716 - UrbanActiveInference - INFO -     Observation: [0. 1. 0. 0.]
2025-07-16 14:42:50,716 - UrbanActiveInference - INFO -     Belief entropy: 0.6033
2025-07-16 14:42:50,716 - UrbanActiveInference - INFO -     Surprise: 0.1836
2025-07-16 14:42:50,716 - UrbanActiveInference - INFO -     Information gain: 0.0311
2025-07-16 14:42:50,717 - UrbanActiveInference - INFO -     Free energy change: 0.8061 → 0.8395
2025-07-16 14:42:50,717 - UrbanActiveInference - INFO -     Action: Invest 1.4 in Housing at location 0
2025-07-16 14:42:50,717 - UrbanActiveInference - INFO -     Action success: True
2025-07-16 14:42:50,717 - UrbanActiveInference - INFO -     Satisfaction: 1.000
2025-07-16 14:42:50,717 - geo_infer_act.utils.analysis - DEBUG - Recorded step 19: FE=0.8395
2025-07-16 14:42:50,717 - UrbanActiveInference - INFO - 
--- Step 20/20 ---
2025-07-16 14:42:50,717 - UrbanActiveInference - INFO - Overall urban quality: 0.529
2025-07-16 14:42:50,717 - UrbanActiveInference - INFO - Cooperation index: 0.506
2025-07-16 14:42:50,717 - UrbanActiveInference - INFO -   Agent 0 (Government):
2025-07-16 14:42:50,718 - UrbanActiveInference - INFO -     Observation: [0. 1. 0. 0.]
2025-07-16 14:42:50,718 - UrbanActiveInference - INFO -     Belief entropy: 1.2594
2025-07-16 14:42:50,718 - UrbanActiveInference - INFO -     Surprise: 0.0000
2025-07-16 14:42:50,718 - UrbanActiveInference - INFO -     Information gain: 0.0089
2025-07-16 14:42:50,718 - UrbanActiveInference - INFO -     Free energy change: 0.3624 → 0.3718
2025-07-16 14:42:50,718 - UrbanActiveInference - INFO -     Action: Invest 0.7 in Housing at location 2
2025-07-16 14:42:50,718 - UrbanActiveInference - INFO -     Action success: True
2025-07-16 14:42:50,718 - UrbanActiveInference - INFO -     Satisfaction: 1.000
2025-07-16 14:42:50,718 - geo_infer_act.utils.analysis - DEBUG - Recorded step 20: FE=0.3718
2025-07-16 14:42:50,719 - UrbanActiveInference - INFO -   Agent 1 (Developer):
2025-07-16 14:42:50,719 - UrbanActiveInference - INFO -     Observation: [0. 1. 0. 0.]
2025-07-16 14:42:50,719 - UrbanActiveInference - INFO -     Belief entropy: 1.1961
2025-07-16 14:42:50,719 - UrbanActiveInference - INFO -     Surprise: 1.2071
2025-07-16 14:42:50,719 - UrbanActiveInference - INFO -     Information gain: 0.0056
2025-07-16 14:42:50,719 - UrbanActiveInference - INFO -     Free energy change: 0.1979 → 0.2039
2025-07-16 14:42:50,719 - UrbanActiveInference - INFO -     Action: Invest 1.1 in Transport at location 0
2025-07-16 14:42:50,719 - UrbanActiveInference - INFO -     Action success: True
2025-07-16 14:42:50,719 - UrbanActiveInference - INFO -     Satisfaction: 1.000
2025-07-16 14:42:50,719 - geo_infer_act.utils.analysis - DEBUG - Recorded step 20: FE=0.2039
2025-07-16 14:42:50,720 - UrbanActiveInference - INFO -   Agent 2 (Community):
2025-07-16 14:42:50,720 - UrbanActiveInference - INFO -     Observation: [0. 1. 0. 0.]
2025-07-16 14:42:50,720 - UrbanActiveInference - INFO -     Belief entropy: 0.5740
2025-07-16 14:42:50,720 - UrbanActiveInference - INFO -     Surprise: 0.1700
2025-07-16 14:42:50,720 - UrbanActiveInference - INFO -     Information gain: 0.0293
2025-07-16 14:42:50,720 - UrbanActiveInference - INFO -     Free energy change: 0.8395 → 0.8709
2025-07-16 14:42:50,720 - UrbanActiveInference - INFO -     Action: Invest 1.1 in Housing at location 3
2025-07-16 14:42:50,720 - UrbanActiveInference - INFO -     Action success: True
2025-07-16 14:42:50,720 - UrbanActiveInference - INFO -     Satisfaction: 1.000
2025-07-16 14:42:50,720 - geo_infer_act.utils.analysis - DEBUG - Recorded step 20: FE=0.8709
2025-07-16 14:42:53,017 - UrbanActiveInference - INFO -     Generated urban analysis visualization
2025-07-16 14:42:53,017 - UrbanActiveInference - INFO - 
======================================================================
2025-07-16 14:42:53,017 - UrbanActiveInference - INFO - COMPREHENSIVE URBAN PLANNING ANALYSIS
2025-07-16 14:42:53,018 - UrbanActiveInference - INFO - ======================================================================
2025-07-16 14:42:53,018 - UrbanActiveInference - INFO - 
AGENT 0 (Government) ANALYSIS:
2025-07-16 14:42:53,018 - geo_infer_act.utils.analysis - INFO - Analyzing perception patterns...
2025-07-16 14:42:53,025 - geo_infer_act.utils.analysis - INFO - Analysis saved to /home/trim/Documents/GitHub/GEO-INFER/GEO-INFER-ACT/examples/output/urban/agent_0/analysis/perception_analysis.json
2025-07-16 14:42:53,025 - geo_infer_act.utils.analysis - INFO - Perception pattern analysis completed
2025-07-16 14:42:53,025 - geo_infer_act.utils.analysis - INFO - Analyzing action selection patterns...
2025-07-16 14:42:53,028 - geo_infer_act.utils.analysis - INFO - Analysis saved to /home/trim/Documents/GitHub/GEO-INFER/GEO-INFER-ACT/examples/output/urban/agent_0/analysis/action_selection_analysis.json
2025-07-16 14:42:53,028 - geo_infer_act.utils.analysis - INFO - Action selection pattern analysis completed
2025-07-16 14:42:53,028 - geo_infer_act.utils.analysis - INFO - Analyzing Variational Free Energy patterns...
2025-07-16 14:42:53,029 - geo_infer_act.utils.analysis - INFO - Analysis saved to /home/trim/Documents/GitHub/GEO-INFER/GEO-INFER-ACT/examples/output/urban/agent_0/analysis/free_energy_analysis.json
2025-07-16 14:42:53,029 - geo_infer_act.utils.analysis - INFO - Free Energy pattern analysis completed
2025-07-16 14:42:53,029 - UrbanActiveInference - INFO -   Perception quality: Fair - Limited Structure
2025-07-16 14:42:53,029 - UrbanActiveInference - INFO -   Action consistency: 0.300
2025-07-16 14:42:53,029 - UrbanActiveInference - INFO -   Free energy efficiency: -0.016
2025-07-16 14:42:53,029 - UrbanActiveInference - INFO -   Final satisfaction: 1.000
2025-07-16 14:42:53,029 - UrbanActiveInference - INFO -   Remaining budget: 2.8
2025-07-16 14:42:55,922 - geo_infer_act.utils.visualization - INFO - Perception analysis saved to /home/trim/Documents/GitHub/GEO-INFER/GEO-INFER-ACT/examples/output/urban/agent_0
2025-07-16 14:42:58,182 - geo_infer_act.utils.visualization - INFO - Action analysis saved to /home/trim/Documents/GitHub/GEO-INFER/GEO-INFER-ACT/examples/output/urban/agent_0
2025-07-16 14:42:58,189 - geo_infer_act.utils.analysis - INFO - Traces saved to CSV files in /home/trim/Documents/GitHub/GEO-INFER/GEO-INFER-ACT/examples/output/urban/agent_0/data
2025-07-16 14:42:58,189 - UrbanActiveInference - INFO - 
AGENT 1 (Developer) ANALYSIS:
2025-07-16 14:42:58,189 - geo_infer_act.utils.analysis - INFO - Analyzing perception patterns...
2025-07-16 14:42:58,199 - geo_infer_act.utils.analysis - INFO - Analysis saved to /home/trim/Documents/GitHub/GEO-INFER/GEO-INFER-ACT/examples/output/urban/agent_1/analysis/perception_analysis.json
2025-07-16 14:42:58,200 - geo_infer_act.utils.analysis - INFO - Perception pattern analysis completed
2025-07-16 14:42:58,200 - geo_infer_act.utils.analysis - INFO - Analyzing action selection patterns...
2025-07-16 14:42:58,204 - geo_infer_act.utils.analysis - INFO - Analysis saved to /home/trim/Documents/GitHub/GEO-INFER/GEO-INFER-ACT/examples/output/urban/agent_1/analysis/action_selection_analysis.json
2025-07-16 14:42:58,204 - geo_infer_act.utils.analysis - INFO - Action selection pattern analysis completed
2025-07-16 14:42:58,205 - geo_infer_act.utils.analysis - INFO - Analyzing Variational Free Energy patterns...
2025-07-16 14:42:58,207 - geo_infer_act.utils.analysis - INFO - Analysis saved to /home/trim/Documents/GitHub/GEO-INFER/GEO-INFER-ACT/examples/output/urban/agent_1/analysis/free_energy_analysis.json
2025-07-16 14:42:58,207 - geo_infer_act.utils.analysis - INFO - Free Energy pattern analysis completed
2025-07-16 14:42:58,207 - UrbanActiveInference - INFO -   Perception quality: Fair - Limited Structure
2025-07-16 14:42:58,207 - UrbanActiveInference - INFO -   Action consistency: 0.250
2025-07-16 14:42:58,207 - UrbanActiveInference - INFO -   Free energy efficiency: -0.007
2025-07-16 14:42:58,208 - UrbanActiveInference - INFO -   Final satisfaction: 1.000
2025-07-16 14:42:58,208 - UrbanActiveInference - INFO -   Remaining budget: 4.4
2025-07-16 14:43:00,732 - geo_infer_act.utils.visualization - INFO - Perception analysis saved to /home/trim/Documents/GitHub/GEO-INFER/GEO-INFER-ACT/examples/output/urban/agent_1
2025-07-16 14:43:03,159 - geo_infer_act.utils.visualization - INFO - Action analysis saved to /home/trim/Documents/GitHub/GEO-INFER/GEO-INFER-ACT/examples/output/urban/agent_1
2025-07-16 14:43:03,166 - geo_infer_act.utils.analysis - INFO - Traces saved to CSV files in /home/trim/Documents/GitHub/GEO-INFER/GEO-INFER-ACT/examples/output/urban/agent_1/data
2025-07-16 14:43:03,166 - UrbanActiveInference - INFO - 
AGENT 2 (Community) ANALYSIS:
2025-07-16 14:43:03,167 - geo_infer_act.utils.analysis - INFO - Analyzing perception patterns...
2025-07-16 14:43:03,173 - geo_infer_act.utils.analysis - INFO - Analysis saved to /home/trim/Documents/GitHub/GEO-INFER/GEO-INFER-ACT/examples/output/urban/agent_2/analysis/perception_analysis.json
2025-07-16 14:43:03,173 - geo_infer_act.utils.analysis - INFO - Perception pattern analysis completed
2025-07-16 14:43:03,173 - geo_infer_act.utils.analysis - INFO - Analyzing action selection patterns...
2025-07-16 14:43:03,179 - geo_infer_act.utils.analysis - INFO - Analysis saved to /home/trim/Documents/GitHub/GEO-INFER/GEO-INFER-ACT/examples/output/urban/agent_2/analysis/action_selection_analysis.json
2025-07-16 14:43:03,180 - geo_infer_act.utils.analysis - INFO - Action selection pattern analysis completed
2025-07-16 14:43:03,180 - geo_infer_act.utils.analysis - INFO - Analyzing Variational Free Energy patterns...
2025-07-16 14:43:03,181 - geo_infer_act.utils.analysis - INFO - Analysis saved to /home/trim/Documents/GitHub/GEO-INFER/GEO-INFER-ACT/examples/output/urban/agent_2/analysis/free_energy_analysis.json
2025-07-16 14:43:03,181 - geo_infer_act.utils.analysis - INFO - Free Energy pattern analysis completed
2025-07-16 14:43:03,181 - UrbanActiveInference - INFO -   Perception quality: Fair - Limited Structure
2025-07-16 14:43:03,181 - UrbanActiveInference - INFO -   Action consistency: 0.150
2025-07-16 14:43:03,181 - UrbanActiveInference - INFO -   Free energy efficiency: -0.043
2025-07-16 14:43:03,181 - UrbanActiveInference - INFO -   Final satisfaction: 1.000
2025-07-16 14:43:03,181 - UrbanActiveInference - INFO -   Remaining budget: 4.4
2025-07-16 14:43:06,102 - geo_infer_act.utils.visualization - INFO - Perception analysis saved to /home/trim/Documents/GitHub/GEO-INFER/GEO-INFER-ACT/examples/output/urban/agent_2
2025-07-16 14:43:08,892 - geo_infer_act.utils.visualization - INFO - Action analysis saved to /home/trim/Documents/GitHub/GEO-INFER/GEO-INFER-ACT/examples/output/urban/agent_2
2025-07-16 14:43:08,899 - geo_infer_act.utils.analysis - INFO - Traces saved to CSV files in /home/trim/Documents/GitHub/GEO-INFER/GEO-INFER-ACT/examples/output/urban/agent_2/data
2025-07-16 14:43:08,899 - UrbanActiveInference - INFO - 
SYSTEM-WIDE URBAN DEVELOPMENT ANALYSIS:
2025-07-16 14:43:08,899 - UrbanActiveInference - INFO -   Urban quality change: 0.525 → 0.529 (Δ=+0.004)
2025-07-16 14:43:08,899 - UrbanActiveInference - INFO -   Cooperation change: 0.506 → 0.506 (Δ=+0.000)
2025-07-16 14:43:08,900 - UrbanActiveInference - INFO -   Housing development: +4.28
2025-07-16 14:43:08,900 - UrbanActiveInference - INFO -   Commercial development: +0.48
2025-07-16 14:43:08,900 - UrbanActiveInference - INFO -   Transport development: +1.99
2025-07-16 14:43:08,900 - UrbanActiveInference - INFO -   Green Space development: +2.95
2025-07-16 14:43:08,900 - UrbanActiveInference - INFO -   Average agent satisfaction: 1.000 (±0.000)
2025-07-16 14:43:08,900 - UrbanActiveInference - INFO -   Development equity score: 0.946
2025-07-16 14:43:10,595 - UrbanActiveInference - INFO - 
Exporting comprehensive analysis data...
2025-07-16 14:43:10,600 - UrbanActiveInference - INFO - 
FEATURES DEMONSTRATED:
2025-07-16 14:43:10,601 - UrbanActiveInference - INFO - • Multi-agent Active Inference coordination for urban planning
2025-07-16 14:43:10,601 - UrbanActiveInference - INFO - • Comprehensive stakeholder behavior analysis and pattern detection
2025-07-16 14:43:10,601 - UrbanActiveInference - INFO - • Real-time resource allocation optimization with constraint handling
2025-07-16 14:43:10,601 - UrbanActiveInference - INFO - • Spatial-temporal urban development modeling and quality assessment
2025-07-16 14:43:10,601 - UrbanActiveInference - INFO - • Agent-specific preference learning and satisfaction tracking
2025-07-16 14:43:10,601 - UrbanActiveInference - INFO - • System-wide cooperation dynamics and equity analysis
2025-07-16 14:43:10,601 - UrbanActiveInference - INFO - • Professional visualization suite for urban planning insights
2025-07-16 14:43:10,601 - UrbanActiveInference - INFO - • Comprehensive data export and reporting for policy analysis
2025-07-16 14:43:10,601 - UrbanActiveInference - INFO - 
Urban Planning Active Inference simulation complete!
2025-07-16 14:43:10,601 - UrbanActiveInference - INFO - Results saved to: /home/trim/Documents/GitHub/GEO-INFER/GEO-INFER-ACT/examples/output/urban
2025-07-16 14:43:10,601 - UrbanActiveInference - INFO - Total simulation time: 20 steps
2025-07-16 14:43:10,601 - UrbanActiveInference - INFO - Analysis completed at: 2025-07-16 14:43:10
