2025-07-10 06:50:00,466 - __main__ - INFO - ================================================================================
2025-07-10 06:50:00,466 - __main__ - INFO - Cascadia Agricultural Land Analysis Framework
2025-07-10 06:50:00,467 - __main__ - INFO - ================================================================================
2025-07-10 06:50:00,467 - __main__ - INFO - Output directory: /home/trim/Documents/GitHub/GEO-INFER/output
2025-07-10 06:50:00,467 - __main__ - INFO - Configuration validation successful
2025-07-10 06:50:00,699 - numexpr.utils - INFO - NumExpr defaulting to 12 threads.
2025-07-10 06:50:01,499 - rasterio.env - DEBUG - GDAL data found in package: path='/home/trim/.local/lib/python3.10/site-packages/rasterio/gdal_data'.
2025-07-10 06:50:01,499 - rasterio.env - DEBUG - PROJ data found in package: path='/home/trim/.local/lib/python3.10/site-packages/rasterio/proj_data'.
2025-07-10 06:50:01,518 - __main__ - INFO - Initializing Cascadia Agricultural H3 Backend (resolution: 8)
2025-07-10 06:50:01,518 - unified_backend - INFO - Defined 204 hexagons for Cascadia bioregion
2025-07-10 06:50:01,518 - zoning.geo_infer_zoning - INFO - GeoInferZoning initialized with H3 resolution 8
2025-07-10 06:50:01,518 - current_use.geo_infer_current_use - INFO - GeoInferCurrentUse initialized with H3 resolution 8
2025-07-10 06:50:01,519 - ownership.geo_infer_ownership - INFO - GeoInferOwnership initialized with H3 resolution 8
2025-07-10 06:50:01,519 - mortgage_debt.geo_infer_mortgage_debt - INFO - GeoInferMortgageDebt initialized with H3 resolution 8
2025-07-10 06:50:01,519 - improvements.geo_infer_improvements - INFO - GeoInferImprovements initialized with H3 resolution 8
2025-07-10 06:50:01,519 - surface_water.geo_infer_surface_water - INFO - GeoInferSurfaceWater initialized with H3 resolution 8
2025-07-10 06:50:01,519 - ground_water.geo_infer_ground_water - INFO - GeoInferGroundWater initialized with H3 resolution 8
2025-07-10 06:50:01,519 - power_source.geo_infer_power_source - INFO - GeoInferPowerSource initialized with H3 resolution 8
2025-07-10 06:50:01,519 - unified_backend - INFO - CascadiaAgriculturalH3Backend initialized with 8 modules at H3 resolution 8
2025-07-10 06:50:01,519 - __main__ - INFO - Starting comprehensive agricultural analysis...
2025-07-10 06:50:01,519 - unified_backend - INFO - Processing zoning module...
2025-07-10 06:50:01,519 - zoning.data_sources - ERROR - FMMP shapefile for Butte not found at /home/trim/Documents/GitHub/GEO-INFER/GEO-INFER-PLACE/locations/cascadia/data/fmmp/Butte.shp. Please download it from https://www.conservation.ca.gov/dlrp/fmmp/Pages/county_info.aspx and place it in data/fmmp/.
2025-07-10 06:50:01,519 - zoning.geo_infer_zoning - WARNING - No FMMP data retrieved for Butte
2025-07-10 06:50:01,519 - zoning.data_sources - ERROR - FMMP shapefile for Colusa not found at /home/trim/Documents/GitHub/GEO-INFER/GEO-INFER-PLACE/locations/cascadia/data/fmmp/Colusa.shp. Please download it from https://www.conservation.ca.gov/dlrp/fmmp/Pages/county_info.aspx and place it in data/fmmp/.
2025-07-10 06:50:01,519 - zoning.geo_infer_zoning - WARNING - No FMMP data retrieved for Colusa
2025-07-10 06:50:01,519 - zoning.data_sources - ERROR - FMMP shapefile for Del Norte not found at /home/trim/Documents/GitHub/GEO-INFER/GEO-INFER-PLACE/locations/cascadia/data/fmmp/Del Norte.shp. Please download it from https://www.conservation.ca.gov/dlrp/fmmp/Pages/county_info.aspx and place it in data/fmmp/.
2025-07-10 06:50:01,519 - zoning.geo_infer_zoning - WARNING - No FMMP data retrieved for Del Norte
2025-07-10 06:50:01,519 - zoning.data_sources - ERROR - FMMP shapefile for Glenn not found at /home/trim/Documents/GitHub/GEO-INFER/GEO-INFER-PLACE/locations/cascadia/data/fmmp/Glenn.shp. Please download it from https://www.conservation.ca.gov/dlrp/fmmp/Pages/county_info.aspx and place it in data/fmmp/.
2025-07-10 06:50:01,519 - zoning.geo_infer_zoning - WARNING - No FMMP data retrieved for Glenn
2025-07-10 06:50:01,519 - zoning.data_sources - ERROR - FMMP shapefile for Humboldt not found at /home/trim/Documents/GitHub/GEO-INFER/GEO-INFER-PLACE/locations/cascadia/data/fmmp/Humboldt.shp. Please download it from https://www.conservation.ca.gov/dlrp/fmmp/Pages/county_info.aspx and place it in data/fmmp/.
2025-07-10 06:50:01,519 - zoning.geo_infer_zoning - WARNING - No FMMP data retrieved for Humboldt
2025-07-10 06:50:01,519 - zoning.data_sources - ERROR - FMMP shapefile for Lake not found at /home/trim/Documents/GitHub/GEO-INFER/GEO-INFER-PLACE/locations/cascadia/data/fmmp/Lake.shp. Please download it from https://www.conservation.ca.gov/dlrp/fmmp/Pages/county_info.aspx and place it in data/fmmp/.
2025-07-10 06:50:01,519 - zoning.geo_infer_zoning - WARNING - No FMMP data retrieved for Lake
2025-07-10 06:50:01,519 - zoning.data_sources - ERROR - FMMP shapefile for Lassen not found at /home/trim/Documents/GitHub/GEO-INFER/GEO-INFER-PLACE/locations/cascadia/data/fmmp/Lassen.shp. Please download it from https://www.conservation.ca.gov/dlrp/fmmp/Pages/county_info.aspx and place it in data/fmmp/.
2025-07-10 06:50:01,519 - zoning.geo_infer_zoning - WARNING - No FMMP data retrieved for Lassen
2025-07-10 06:50:01,519 - zoning.data_sources - ERROR - FMMP shapefile for Mendocino not found at /home/trim/Documents/GitHub/GEO-INFER/GEO-INFER-PLACE/locations/cascadia/data/fmmp/Mendocino.shp. Please download it from https://www.conservation.ca.gov/dlrp/fmmp/Pages/county_info.aspx and place it in data/fmmp/.
2025-07-10 06:50:01,519 - zoning.geo_infer_zoning - WARNING - No FMMP data retrieved for Mendocino
2025-07-10 06:50:01,519 - zoning.data_sources - ERROR - FMMP shapefile for Modoc not found at /home/trim/Documents/GitHub/GEO-INFER/GEO-INFER-PLACE/locations/cascadia/data/fmmp/Modoc.shp. Please download it from https://www.conservation.ca.gov/dlrp/fmmp/Pages/county_info.aspx and place it in data/fmmp/.
2025-07-10 06:50:01,520 - zoning.geo_infer_zoning - WARNING - No FMMP data retrieved for Modoc
2025-07-10 06:50:01,520 - zoning.data_sources - ERROR - FMMP shapefile for Nevada not found at /home/trim/Documents/GitHub/GEO-INFER/GEO-INFER-PLACE/locations/cascadia/data/fmmp/Nevada.shp. Please download it from https://www.conservation.ca.gov/dlrp/fmmp/Pages/county_info.aspx and place it in data/fmmp/.
2025-07-10 06:50:01,520 - zoning.geo_infer_zoning - WARNING - No FMMP data retrieved for Nevada
2025-07-10 06:50:01,520 - zoning.data_sources - ERROR - FMMP shapefile for Plumas not found at /home/trim/Documents/GitHub/GEO-INFER/GEO-INFER-PLACE/locations/cascadia/data/fmmp/Plumas.shp. Please download it from https://www.conservation.ca.gov/dlrp/fmmp/Pages/county_info.aspx and place it in data/fmmp/.
2025-07-10 06:50:01,520 - zoning.geo_infer_zoning - WARNING - No FMMP data retrieved for Plumas
2025-07-10 06:50:01,520 - zoning.data_sources - ERROR - FMMP shapefile for Shasta not found at /home/trim/Documents/GitHub/GEO-INFER/GEO-INFER-PLACE/locations/cascadia/data/fmmp/Shasta.shp. Please download it from https://www.conservation.ca.gov/dlrp/fmmp/Pages/county_info.aspx and place it in data/fmmp/.
2025-07-10 06:50:01,520 - zoning.geo_infer_zoning - WARNING - No FMMP data retrieved for Shasta
2025-07-10 06:50:01,520 - zoning.data_sources - ERROR - FMMP shapefile for Sierra not found at /home/trim/Documents/GitHub/GEO-INFER/GEO-INFER-PLACE/locations/cascadia/data/fmmp/Sierra.shp. Please download it from https://www.conservation.ca.gov/dlrp/fmmp/Pages/county_info.aspx and place it in data/fmmp/.
2025-07-10 06:50:01,520 - zoning.geo_infer_zoning - WARNING - No FMMP data retrieved for Sierra
2025-07-10 06:50:01,520 - zoning.data_sources - ERROR - FMMP shapefile for Siskiyou not found at /home/trim/Documents/GitHub/GEO-INFER/GEO-INFER-PLACE/locations/cascadia/data/fmmp/Siskiyou.shp. Please download it from https://www.conservation.ca.gov/dlrp/fmmp/Pages/county_info.aspx and place it in data/fmmp/.
2025-07-10 06:50:01,520 - zoning.geo_infer_zoning - WARNING - No FMMP data retrieved for Siskiyou
2025-07-10 06:50:01,520 - zoning.data_sources - ERROR - FMMP shapefile for Tehama not found at /home/trim/Documents/GitHub/GEO-INFER/GEO-INFER-PLACE/locations/cascadia/data/fmmp/Tehama.shp. Please download it from https://www.conservation.ca.gov/dlrp/fmmp/Pages/county_info.aspx and place it in data/fmmp/.
2025-07-10 06:50:01,520 - zoning.geo_infer_zoning - WARNING - No FMMP data retrieved for Tehama
2025-07-10 06:50:01,520 - zoning.data_sources - ERROR - FMMP shapefile for Trinity not found at /home/trim/Documents/GitHub/GEO-INFER/GEO-INFER-PLACE/locations/cascadia/data/fmmp/Trinity.shp. Please download it from https://www.conservation.ca.gov/dlrp/fmmp/Pages/county_info.aspx and place it in data/fmmp/.
2025-07-10 06:50:01,520 - zoning.geo_infer_zoning - WARNING - No FMMP data retrieved for Trinity
2025-07-10 06:50:01,520 - zoning.data_sources - INFO - Fetching Oregon EFU data for All Oregon Counties
2025-07-10 06:50:01,520 - zoning.data_sources - INFO - Oregon EFU data structure created (placeholder)
2025-07-10 06:50:01,520 - zoning.geo_infer_zoning - INFO - Converting 3 polygons to H3 resolution 8
2025-07-10 06:50:01,521 - zoning.geo_infer_zoning - WARNING - Error indexing hexagon 88298e68b9fffff: module 'h3' has no attribute 'cell_to_latlng'
2025-07-10 06:50:01,521 - zoning.geo_infer_zoning - WARNING - Error indexing hexagon 8828a5b885fffff: module 'h3' has no attribute 'cell_to_latlng'
2025-07-10 06:50:01,521 - zoning.geo_infer_zoning - WARNING - Error indexing hexagon 88281c4a03fffff: module 'h3' has no attribute 'cell_to_latlng'
2025-07-10 06:50:01,521 - zoning.geo_infer_zoning - WARNING - Error indexing hexagon 882804ab1bfffff: module 'h3' has no attribute 'cell_to_latlng'
2025-07-10 06:50:01,521 - zoning.geo_infer_zoning - WARNING - Error indexing hexagon 88281d8d61fffff: module 'h3' has no attribute 'cell_to_latlng'
2025-07-10 06:50:01,521 - zoning.geo_infer_zoning - WARNING - Error indexing hexagon 88288536c1fffff: module 'h3' has no attribute 'cell_to_latlng'
2025-07-10 06:50:01,521 - zoning.geo_infer_zoning - WARNING - Error indexing hexagon 8828ae8595fffff: module 'h3' has no attribute 'cell_to_latlng'
2025-07-10 06:50:01,521 - zoning.geo_infer_zoning - WARNING - Error indexing hexagon 88298b502dfffff: module 'h3' has no attribute 'cell_to_latlng'
2025-07-10 06:50:01,521 - zoning.geo_infer_zoning - WARNING - Error indexing hexagon 882833b65bfffff: module 'h3' has no attribute 'cell_to_latlng'
2025-07-10 06:50:01,521 - zoning.geo_infer_zoning - WARNING - Error indexing hexagon 8828320c23fffff: module 'h3' has no attribute 'cell_to_latlng'
2025-07-10 06:50:01,521 - zoning.geo_infer_zoning - WARNING - Error indexing hexagon 882815c259fffff: module 'h3' has no attribute 'cell_to_latlng'
2025-07-10 06:50:01,521 - zoning.geo_infer_zoning - WARNING - Error indexing hexagon 88298baac7fffff: module 'h3' has no attribute 'cell_to_latlng'
2025-07-10 06:50:01,521 - zoning.geo_infer_zoning - WARNING - Error indexing hexagon 8828022215fffff: module 'h3' has no attribute 'cell_to_latlng'
2025-07-10 06:50:01,521 - zoning.geo_infer_zoning - WARNING - Error indexing hexagon 8828e6896dfffff: module 'h3' has no attribute 'cell_to_latlng'
2025-07-10 06:50:01,521 - zoning.geo_infer_zoning - WARNING - Error indexing hexagon 8828f42d91fffff: module 'h3' has no attribute 'cell_to_latlng'
2025-07-10 06:50:01,521 - zoning.geo_infer_zoning - WARNING - Error indexing hexagon 8828f6a2dbfffff: module 'h3' has no attribute 'cell_to_latlng'
2025-07-10 06:50:01,521 - zoning.geo_infer_zoning - WARNING - Error indexing hexagon 8828a5c9a3fffff: module 'h3' has no attribute 'cell_to_latlng'
2025-07-10 06:50:01,521 - zoning.geo_infer_zoning - WARNING - Error indexing hexagon 8828f6ceedfffff: module 'h3' has no attribute 'cell_to_latlng'
2025-07-10 06:50:01,521 - zoning.geo_infer_zoning - WARNING - Error indexing hexagon 8828a1c955fffff: module 'h3' has no attribute 'cell_to_latlng'
2025-07-10 06:50:01,521 - zoning.geo_infer_zoning - WARNING - Error indexing hexagon 8828e2d581fffff: module 'h3' has no attribute 'cell_to_latlng'
2025-07-10 06:50:01,521 - zoning.geo_infer_zoning - WARNING - Error indexing hexagon 8828a4788dfffff: module 'h3' has no attribute 'cell_to_latlng'
2025-07-10 06:50:01,521 - zoning.geo_infer_zoning - WARNING - Error indexing hexagon 8828064c07fffff: module 'h3' has no attribute 'cell_to_latlng'
2025-07-10 06:50:01,521 - zoning.geo_infer_zoning - WARNING - Error indexing hexagon 882881365bfffff: module 'h3' has no attribute 'cell_to_latlng'
2025-07-10 06:50:01,521 - zoning.geo_infer_zoning - WARNING - Error indexing hexagon 882885441dfffff: module 'h3' has no attribute 'cell_to_latlng'
2025-07-10 06:50:01,522 - zoning.geo_infer_zoning - WARNING - Error indexing hexagon 8828024f69fffff: module 'h3' has no attribute 'cell_to_latlng'
2025-07-10 06:50:01,522 - zoning.geo_infer_zoning - WARNING - Error indexing hexagon 8828ac7495fffff: module 'h3' has no attribute 'cell_to_latlng'
2025-07-10 06:50:01,522 - zoning.geo_infer_zoning - WARNING - Error indexing hexagon 88281989cbfffff: module 'h3' has no attribute 'cell_to_latlng'
2025-07-10 06:50:01,522 - zoning.geo_infer_zoning - WARNING - Error indexing hexagon 8829898215fffff: module 'h3' has no attribute 'cell_to_latlng'
2025-07-10 06:50:01,522 - zoning.geo_infer_zoning - WARNING - Error indexing hexagon 8828185985fffff: module 'h3' has no attribute 'cell_to_latlng'
2025-07-10 06:50:01,522 - zoning.geo_infer_zoning - WARNING - Error indexing hexagon 88281318edfffff: module 'h3' has no attribute 'cell_to_latlng'
2025-07-10 06:50:01,522 - zoning.geo_infer_zoning - WARNING - Error indexing hexagon 8828ada6e9fffff: module 'h3' has no attribute 'cell_to_latlng'
2025-07-10 06:50:01,522 - zoning.geo_infer_zoning - WARNING - Error indexing hexagon 882988ad49fffff: module 'h3' has no attribute 'cell_to_latlng'
2025-07-10 06:50:01,522 - zoning.geo_infer_zoning - WARNING - Error indexing hexagon 8828140f45fffff: module 'h3' has no attribute 'cell_to_latlng'
2025-07-10 06:50:01,522 - zoning.geo_infer_zoning - WARNING - Error indexing hexagon 8828a9ce95fffff: module 'h3' has no attribute 'cell_to_latlng'
2025-07-10 06:50:01,522 - zoning.geo_infer_zoning - WARNING - Error indexing hexagon 8828a1ba37fffff: module 'h3' has no attribute 'cell_to_latlng'
2025-07-10 06:50:01,522 - zoning.geo_infer_zoning - WARNING - Error indexing hexagon 882833c769fffff: module 'h3' has no attribute 'cell_to_latlng'
2025-07-10 06:50:01,522 - zoning.geo_infer_zoning - WARNING - Error indexing hexagon 8828100a5bfffff: module 'h3' has no attribute 'cell_to_latlng'
2025-07-10 06:50:01,522 - zoning.geo_infer_zoning - WARNING - Error indexing hexagon 8828183165fffff: module 'h3' has no attribute 'cell_to_latlng'
2025-07-10 06:50:01,522 - zoning.geo_infer_zoning - WARNING - Error indexing hexagon 88281b05c3fffff: module 'h3' has no attribute 'cell_to_latlng'
2025-07-10 06:50:01,522 - zoning.geo_infer_zoning - WARNING - Error indexing hexagon 8828aa851bfffff: module 'h3' has no attribute 'cell_to_latlng'
2025-07-10 06:50:01,522 - zoning.geo_infer_zoning - WARNING - Error indexing hexagon 8828038d9dfffff: module 'h3' has no attribute 'cell_to_latlng'
2025-07-10 06:50:01,523 - zoning.geo_infer_zoning - WARNING - Error indexing hexagon 8828129355fffff: module 'h3' has no attribute 'cell_to_latlng'
2025-07-10 06:50:01,523 - zoning.geo_infer_zoning - WARNING - Error indexing hexagon 88283124edfffff: module 'h3' has no attribute 'cell_to_latlng'
2025-07-10 06:50:01,523 - zoning.geo_infer_zoning - WARNING - Error indexing hexagon 8828a87411fffff: module 'h3' has no attribute 'cell_to_latlng'
2025-07-10 06:50:01,523 - zoning.geo_infer_zoning - WARNING - Error indexing hexagon 8828aecb6dfffff: module 'h3' has no attribute 'cell_to_latlng'
2025-07-10 06:50:01,523 - zoning.geo_infer_zoning - WARNING - Error indexing hexagon 8828ab7713fffff: module 'h3' has no attribute 'cell_to_latlng'
2025-07-10 06:50:01,523 - zoning.geo_infer_zoning - WARNING - Error indexing hexagon 8828f5052dfffff: module 'h3' has no attribute 'cell_to_latlng'
2025-07-10 06:50:01,523 - zoning.geo_infer_zoning - WARNING - Error indexing hexagon 882806270dfffff: module 'h3' has no attribute 'cell_to_latlng'
2025-07-10 06:50:01,523 - zoning.geo_infer_zoning - WARNING - Error indexing hexagon 88281b592dfffff: module 'h3' has no attribute 'cell_to_latlng'
2025-07-10 06:50:01,523 - zoning.geo_infer_zoning - WARNING - Error indexing hexagon 8828a07a3bfffff: module 'h3' has no attribute 'cell_to_latlng'
2025-07-10 06:50:01,523 - zoning.geo_infer_zoning - WARNING - Error indexing hexagon 882811d007fffff: module 'h3' has no attribute 'cell_to_latlng'
2025-07-10 06:50:01,523 - zoning.geo_infer_zoning - WARNING - Error indexing hexagon 8828169031fffff: module 'h3' has no attribute 'cell_to_latlng'
2025-07-10 06:50:01,523 - zoning.geo_infer_zoning - WARNING - Error indexing hexagon 88288c854bfffff: module 'h3' has no attribute 'cell_to_latlng'
2025-07-10 06:50:01,523 - zoning.geo_infer_zoning - WARNING - Error indexing hexagon 8828814635fffff: module 'h3' has no attribute 'cell_to_latlng'
2025-07-10 06:50:01,523 - zoning.geo_infer_zoning - WARNING - Error indexing hexagon 8828a344a1fffff: module 'h3' has no attribute 'cell_to_latlng'
2025-07-10 06:50:01,523 - zoning.geo_infer_zoning - WARNING - Error indexing hexagon 8828ad1b15fffff: module 'h3' has no attribute 'cell_to_latlng'
2025-07-10 06:50:01,523 - zoning.geo_infer_zoning - WARNING - Error indexing hexagon 8829884265fffff: module 'h3' has no attribute 'cell_to_latlng'
2025-07-10 06:50:01,523 - zoning.geo_infer_zoning - WARNING - Error indexing hexagon 88298a6a17fffff: module 'h3' has no attribute 'cell_to_latlng'
2025-07-10 06:50:01,523 - zoning.geo_infer_zoning - WARNING - Error indexing hexagon 88281c318dfffff: module 'h3' has no attribute 'cell_to_latlng'
2025-07-10 06:50:01,523 - zoning.geo_infer_zoning - WARNING - Error indexing hexagon 88281ed36bfffff: module 'h3' has no attribute 'cell_to_latlng'
2025-07-10 06:50:01,523 - zoning.geo_infer_zoning - WARNING - Error indexing hexagon 8828122931fffff: module 'h3' has no attribute 'cell_to_latlng'
2025-07-10 06:50:01,524 - zoning.geo_infer_zoning - WARNING - Error indexing hexagon 88280016c1fffff: module 'h3' has no attribute 'cell_to_latlng'
2025-07-10 06:50:01,524 - zoning.geo_infer_zoning - WARNING - Error indexing hexagon 8828a9a66dfffff: module 'h3' has no attribute 'cell_to_latlng'
2025-07-10 06:50:01,524 - zoning.geo_infer_zoning - INFO - Created H3 index for 0 hexagons
2025-07-10 06:50:01,524 - unified_backend - INFO - Processing current_use module...
2025-07-10 06:50:01,524 - current_use.geo_infer_current_use - INFO - Processing current use for 2024 at H3 resolution 8
2025-07-10 06:50:01,524 - current_use.data_sources - ERROR - Local CDL file missing: /home/trim/Documents/GitHub/GEO-INFER/GEO-INFER-PLACE/locations/cascadia/current_use/../data/cdl/2024_CA.tif
2025-07-10 06:50:01,524 - current_use.data_sources - INFO - Please download the CDL GeoTIFF for {state} {year} from:
2025-07-10 06:50:01,524 - current_use.data_sources - INFO - https://www.nass.usda.gov/Research_and_Science/Cropland/Release/index.php
2025-07-10 06:50:01,524 - current_use.data_sources - INFO - And place it in data/cdl/ as {year}_{state}.tif
2025-07-10 06:50:01,524 - current_use.data_sources - ERROR - Local CDL file missing: /home/trim/Documents/GitHub/GEO-INFER/GEO-INFER-PLACE/locations/cascadia/current_use/../data/cdl/2024_CA.tif
2025-07-10 06:50:01,524 - current_use.data_sources - INFO - Please download the CDL GeoTIFF for {state} {year} from:
2025-07-10 06:50:01,524 - current_use.data_sources - INFO - https://www.nass.usda.gov/Research_and_Science/Cropland/Release/index.php
2025-07-10 06:50:01,524 - current_use.data_sources - INFO - And place it in data/cdl/ as {year}_{state}.tif
2025-07-10 06:50:01,524 - current_use.data_sources - ERROR - Local CDL file missing: /home/trim/Documents/GitHub/GEO-INFER/GEO-INFER-PLACE/locations/cascadia/current_use/../data/cdl/2024_CA.tif
2025-07-10 06:50:01,524 - current_use.data_sources - INFO - Please download the CDL GeoTIFF for {state} {year} from:
2025-07-10 06:50:01,524 - current_use.data_sources - INFO - https://www.nass.usda.gov/Research_and_Science/Cropland/Release/index.php
2025-07-10 06:50:01,524 - current_use.data_sources - INFO - And place it in data/cdl/ as {year}_{state}.tif
2025-07-10 06:50:01,524 - current_use.data_sources - ERROR - Local CDL file missing: /home/trim/Documents/GitHub/GEO-INFER/GEO-INFER-PLACE/locations/cascadia/current_use/../data/cdl/2024_CA.tif
2025-07-10 06:50:01,524 - current_use.data_sources - INFO - Please download the CDL GeoTIFF for {state} {year} from:
2025-07-10 06:50:01,525 - current_use.data_sources - INFO - https://www.nass.usda.gov/Research_and_Science/Cropland/Release/index.php
2025-07-10 06:50:01,525 - current_use.data_sources - INFO - And place it in data/cdl/ as {year}_{state}.tif
2025-07-10 06:50:01,525 - current_use.data_sources - ERROR - Local CDL file missing: /home/trim/Documents/GitHub/GEO-INFER/GEO-INFER-PLACE/locations/cascadia/current_use/../data/cdl/2024_CA.tif
2025-07-10 06:50:01,525 - current_use.data_sources - INFO - Please download the CDL GeoTIFF for {state} {year} from:
2025-07-10 06:50:01,525 - current_use.data_sources - INFO - https://www.nass.usda.gov/Research_and_Science/Cropland/Release/index.php
2025-07-10 06:50:01,525 - current_use.data_sources - INFO - And place it in data/cdl/ as {year}_{state}.tif
2025-07-10 06:50:01,525 - current_use.data_sources - ERROR - Local CDL file missing: /home/trim/Documents/GitHub/GEO-INFER/GEO-INFER-PLACE/locations/cascadia/current_use/../data/cdl/2024_CA.tif
2025-07-10 06:50:01,525 - current_use.data_sources - INFO - Please download the CDL GeoTIFF for {state} {year} from:
2025-07-10 06:50:01,525 - current_use.data_sources - INFO - https://www.nass.usda.gov/Research_and_Science/Cropland/Release/index.php
2025-07-10 06:50:01,525 - current_use.data_sources - INFO - And place it in data/cdl/ as {year}_{state}.tif
2025-07-10 06:50:01,525 - current_use.data_sources - ERROR - Local CDL file missing: /home/trim/Documents/GitHub/GEO-INFER/GEO-INFER-PLACE/locations/cascadia/current_use/../data/cdl/2024_CA.tif
2025-07-10 06:50:01,525 - current_use.data_sources - INFO - Please download the CDL GeoTIFF for {state} {year} from:
2025-07-10 06:50:01,525 - current_use.data_sources - INFO - https://www.nass.usda.gov/Research_and_Science/Cropland/Release/index.php
2025-07-10 06:50:01,525 - current_use.data_sources - INFO - And place it in data/cdl/ as {year}_{state}.tif
2025-07-10 06:50:01,525 - current_use.data_sources - ERROR - Local CDL file missing: /home/trim/Documents/GitHub/GEO-INFER/GEO-INFER-PLACE/locations/cascadia/current_use/../data/cdl/2024_CA.tif
2025-07-10 06:50:01,525 - current_use.data_sources - INFO - Please download the CDL GeoTIFF for {state} {year} from:
2025-07-10 06:50:01,525 - current_use.data_sources - INFO - https://www.nass.usda.gov/Research_and_Science/Cropland/Release/index.php
2025-07-10 06:50:01,525 - current_use.data_sources - INFO - And place it in data/cdl/ as {year}_{state}.tif
2025-07-10 06:50:01,525 - current_use.data_sources - ERROR - Local CDL file missing: /home/trim/Documents/GitHub/GEO-INFER/GEO-INFER-PLACE/locations/cascadia/current_use/../data/cdl/2024_CA.tif
2025-07-10 06:50:01,525 - current_use.data_sources - INFO - Please download the CDL GeoTIFF for {state} {year} from:
2025-07-10 06:50:01,526 - current_use.data_sources - INFO - https://www.nass.usda.gov/Research_and_Science/Cropland/Release/index.php
2025-07-10 06:50:01,526 - current_use.data_sources - INFO - And place it in data/cdl/ as {year}_{state}.tif
2025-07-10 06:50:01,526 - current_use.data_sources - ERROR - Local CDL file missing: /home/trim/Documents/GitHub/GEO-INFER/GEO-INFER-PLACE/locations/cascadia/current_use/../data/cdl/2024_CA.tif
2025-07-10 06:50:01,526 - current_use.data_sources - INFO - Please download the CDL GeoTIFF for {state} {year} from:
2025-07-10 06:50:01,526 - current_use.data_sources - INFO - https://www.nass.usda.gov/Research_and_Science/Cropland/Release/index.php
2025-07-10 06:50:01,526 - current_use.data_sources - INFO - And place it in data/cdl/ as {year}_{state}.tif
2025-07-10 06:50:01,526 - current_use.data_sources - ERROR - Local CDL file missing: /home/trim/Documents/GitHub/GEO-INFER/GEO-INFER-PLACE/locations/cascadia/current_use/../data/cdl/2024_CA.tif
2025-07-10 06:50:01,526 - current_use.data_sources - INFO - Please download the CDL GeoTIFF for {state} {year} from:
2025-07-10 06:50:01,526 - current_use.data_sources - INFO - https://www.nass.usda.gov/Research_and_Science/Cropland/Release/index.php
2025-07-10 06:50:01,526 - current_use.data_sources - INFO - And place it in data/cdl/ as {year}_{state}.tif
2025-07-10 06:50:01,526 - current_use.data_sources - ERROR - Local CDL file missing: /home/trim/Documents/GitHub/GEO-INFER/GEO-INFER-PLACE/locations/cascadia/current_use/../data/cdl/2024_CA.tif
2025-07-10 06:50:01,526 - current_use.data_sources - INFO - Please download the CDL GeoTIFF for {state} {year} from:
2025-07-10 06:50:01,526 - current_use.data_sources - INFO - https://www.nass.usda.gov/Research_and_Science/Cropland/Release/index.php
2025-07-10 06:50:01,526 - current_use.data_sources - INFO - And place it in data/cdl/ as {year}_{state}.tif
2025-07-10 06:50:01,526 - current_use.data_sources - ERROR - Local CDL file missing: /home/trim/Documents/GitHub/GEO-INFER/GEO-INFER-PLACE/locations/cascadia/current_use/../data/cdl/2024_CA.tif
2025-07-10 06:50:01,526 - current_use.data_sources - INFO - Please download the CDL GeoTIFF for {state} {year} from:
2025-07-10 06:50:01,526 - current_use.data_sources - INFO - https://www.nass.usda.gov/Research_and_Science/Cropland/Release/index.php
2025-07-10 06:50:01,526 - current_use.data_sources - INFO - And place it in data/cdl/ as {year}_{state}.tif
2025-07-10 06:50:01,526 - current_use.data_sources - ERROR - Local CDL file missing: /home/trim/Documents/GitHub/GEO-INFER/GEO-INFER-PLACE/locations/cascadia/current_use/../data/cdl/2024_CA.tif
2025-07-10 06:50:01,526 - current_use.data_sources - INFO - Please download the CDL GeoTIFF for {state} {year} from:
2025-07-10 06:50:01,526 - current_use.data_sources - INFO - https://www.nass.usda.gov/Research_and_Science/Cropland/Release/index.php
2025-07-10 06:50:01,526 - current_use.data_sources - INFO - And place it in data/cdl/ as {year}_{state}.tif
2025-07-10 06:50:01,526 - current_use.data_sources - ERROR - Local CDL file missing: /home/trim/Documents/GitHub/GEO-INFER/GEO-INFER-PLACE/locations/cascadia/current_use/../data/cdl/2024_CA.tif
2025-07-10 06:50:01,527 - current_use.data_sources - INFO - Please download the CDL GeoTIFF for {state} {year} from:
2025-07-10 06:50:01,527 - current_use.data_sources - INFO - https://www.nass.usda.gov/Research_and_Science/Cropland/Release/index.php
2025-07-10 06:50:01,527 - current_use.data_sources - INFO - And place it in data/cdl/ as {year}_{state}.tif
2025-07-10 06:50:01,527 - current_use.data_sources - ERROR - Local CDL file missing: /home/trim/Documents/GitHub/GEO-INFER/GEO-INFER-PLACE/locations/cascadia/current_use/../data/cdl/2024_CA.tif
2025-07-10 06:50:01,527 - current_use.data_sources - INFO - Please download the CDL GeoTIFF for {state} {year} from:
2025-07-10 06:50:01,527 - current_use.data_sources - INFO - https://www.nass.usda.gov/Research_and_Science/Cropland/Release/index.php
2025-07-10 06:50:01,527 - current_use.data_sources - INFO - And place it in data/cdl/ as {year}_{state}.tif
2025-07-10 06:50:01,527 - current_use.data_sources - ERROR - Local Land IQ file missing: /home/trim/Documents/GitHub/GEO-INFER/GEO-INFER-PLACE/locations/cascadia/current_use/../data/land_iq/2024_Butte.shp
2025-07-10 06:50:01,527 - current_use.data_sources - INFO - Please obtain Land IQ data for {year} from:
2025-07-10 06:50:01,527 - current_use.data_sources - INFO - https://www.landiq.com/land-use-mapping
2025-07-10 06:50:01,527 - current_use.data_sources - INFO - And place the shapefile in data/land_iq/
2025-07-10 06:50:01,528 - current_use.data_sources - ERROR - Local Land IQ file missing: /home/trim/Documents/GitHub/GEO-INFER/GEO-INFER-PLACE/locations/cascadia/current_use/../data/land_iq/2024_Colusa.shp
2025-07-10 06:50:01,528 - current_use.data_sources - INFO - Please obtain Land IQ data for {year} from:
2025-07-10 06:50:01,528 - current_use.data_sources - INFO - https://www.landiq.com/land-use-mapping
2025-07-10 06:50:01,528 - current_use.data_sources - INFO - And place the shapefile in data/land_iq/
2025-07-10 06:50:01,529 - current_use.data_sources - ERROR - Local Land IQ file missing: /home/trim/Documents/GitHub/GEO-INFER/GEO-INFER-PLACE/locations/cascadia/current_use/../data/land_iq/2024_Del Norte.shp
2025-07-10 06:50:01,529 - current_use.data_sources - INFO - Please obtain Land IQ data for {year} from:
2025-07-10 06:50:01,529 - current_use.data_sources - INFO - https://www.landiq.com/land-use-mapping
2025-07-10 06:50:01,529 - current_use.data_sources - INFO - And place the shapefile in data/land_iq/
2025-07-10 06:50:01,529 - current_use.data_sources - ERROR - Local Land IQ file missing: /home/trim/Documents/GitHub/GEO-INFER/GEO-INFER-PLACE/locations/cascadia/current_use/../data/land_iq/2024_Glenn.shp
2025-07-10 06:50:01,529 - current_use.data_sources - INFO - Please obtain Land IQ data for {year} from:
2025-07-10 06:50:01,529 - current_use.data_sources - INFO - https://www.landiq.com/land-use-mapping
2025-07-10 06:50:01,529 - current_use.data_sources - INFO - And place the shapefile in data/land_iq/
2025-07-10 06:50:01,530 - current_use.data_sources - ERROR - Local Land IQ file missing: /home/trim/Documents/GitHub/GEO-INFER/GEO-INFER-PLACE/locations/cascadia/current_use/../data/land_iq/2024_Humboldt.shp
2025-07-10 06:50:01,530 - current_use.data_sources - INFO - Please obtain Land IQ data for {year} from:
2025-07-10 06:50:01,530 - current_use.data_sources - INFO - https://www.landiq.com/land-use-mapping
2025-07-10 06:50:01,530 - current_use.data_sources - INFO - And place the shapefile in data/land_iq/
2025-07-10 06:50:01,530 - current_use.data_sources - ERROR - Local Land IQ file missing: /home/trim/Documents/GitHub/GEO-INFER/GEO-INFER-PLACE/locations/cascadia/current_use/../data/land_iq/2024_Lake.shp
2025-07-10 06:50:01,530 - current_use.data_sources - INFO - Please obtain Land IQ data for {year} from:
2025-07-10 06:50:01,530 - current_use.data_sources - INFO - https://www.landiq.com/land-use-mapping
2025-07-10 06:50:01,530 - current_use.data_sources - INFO - And place the shapefile in data/land_iq/
2025-07-10 06:50:01,531 - current_use.data_sources - ERROR - Local Land IQ file missing: /home/trim/Documents/GitHub/GEO-INFER/GEO-INFER-PLACE/locations/cascadia/current_use/../data/land_iq/2024_Lassen.shp
2025-07-10 06:50:01,531 - current_use.data_sources - INFO - Please obtain Land IQ data for {year} from:
2025-07-10 06:50:01,531 - current_use.data_sources - INFO - https://www.landiq.com/land-use-mapping
2025-07-10 06:50:01,531 - current_use.data_sources - INFO - And place the shapefile in data/land_iq/
2025-07-10 06:50:01,531 - current_use.data_sources - ERROR - Local Land IQ file missing: /home/trim/Documents/GitHub/GEO-INFER/GEO-INFER-PLACE/locations/cascadia/current_use/../data/land_iq/2024_Mendocino.shp
2025-07-10 06:50:01,531 - current_use.data_sources - INFO - Please obtain Land IQ data for {year} from:
2025-07-10 06:50:01,531 - current_use.data_sources - INFO - https://www.landiq.com/land-use-mapping
2025-07-10 06:50:01,531 - current_use.data_sources - INFO - And place the shapefile in data/land_iq/
2025-07-10 06:50:01,531 - current_use.data_sources - ERROR - Local Land IQ file missing: /home/trim/Documents/GitHub/GEO-INFER/GEO-INFER-PLACE/locations/cascadia/current_use/../data/land_iq/2024_Modoc.shp
2025-07-10 06:50:01,531 - current_use.data_sources - INFO - Please obtain Land IQ data for {year} from:
2025-07-10 06:50:01,532 - current_use.data_sources - INFO - https://www.landiq.com/land-use-mapping
2025-07-10 06:50:01,532 - current_use.data_sources - INFO - And place the shapefile in data/land_iq/
2025-07-10 06:50:01,532 - current_use.data_sources - ERROR - Local Land IQ file missing: /home/trim/Documents/GitHub/GEO-INFER/GEO-INFER-PLACE/locations/cascadia/current_use/../data/land_iq/2024_Nevada.shp
2025-07-10 06:50:01,532 - current_use.data_sources - INFO - Please obtain Land IQ data for {year} from:
2025-07-10 06:50:01,532 - current_use.data_sources - INFO - https://www.landiq.com/land-use-mapping
2025-07-10 06:50:01,532 - current_use.data_sources - INFO - And place the shapefile in data/land_iq/
2025-07-10 06:50:01,532 - current_use.data_sources - ERROR - Local Land IQ file missing: /home/trim/Documents/GitHub/GEO-INFER/GEO-INFER-PLACE/locations/cascadia/current_use/../data/land_iq/2024_Plumas.shp
2025-07-10 06:50:01,532 - current_use.data_sources - INFO - Please obtain Land IQ data for {year} from:
2025-07-10 06:50:01,532 - current_use.data_sources - INFO - https://www.landiq.com/land-use-mapping
2025-07-10 06:50:01,532 - current_use.data_sources - INFO - And place the shapefile in data/land_iq/
2025-07-10 06:50:01,533 - current_use.data_sources - ERROR - Local Land IQ file missing: /home/trim/Documents/GitHub/GEO-INFER/GEO-INFER-PLACE/locations/cascadia/current_use/../data/land_iq/2024_Shasta.shp
2025-07-10 06:50:01,533 - current_use.data_sources - INFO - Please obtain Land IQ data for {year} from:
2025-07-10 06:50:01,533 - current_use.data_sources - INFO - https://www.landiq.com/land-use-mapping
2025-07-10 06:50:01,533 - current_use.data_sources - INFO - And place the shapefile in data/land_iq/
2025-07-10 06:50:01,533 - current_use.data_sources - ERROR - Local Land IQ file missing: /home/trim/Documents/GitHub/GEO-INFER/GEO-INFER-PLACE/locations/cascadia/current_use/../data/land_iq/2024_Sierra.shp
2025-07-10 06:50:01,533 - current_use.data_sources - INFO - Please obtain Land IQ data for {year} from:
2025-07-10 06:50:01,533 - current_use.data_sources - INFO - https://www.landiq.com/land-use-mapping
2025-07-10 06:50:01,533 - current_use.data_sources - INFO - And place the shapefile in data/land_iq/
2025-07-10 06:50:01,534 - current_use.data_sources - ERROR - Local Land IQ file missing: /home/trim/Documents/GitHub/GEO-INFER/GEO-INFER-PLACE/locations/cascadia/current_use/../data/land_iq/2024_Siskiyou.shp
2025-07-10 06:50:01,534 - current_use.data_sources - INFO - Please obtain Land IQ data for {year} from:
2025-07-10 06:50:01,534 - current_use.data_sources - INFO - https://www.landiq.com/land-use-mapping
2025-07-10 06:50:01,534 - current_use.data_sources - INFO - And place the shapefile in data/land_iq/
2025-07-10 06:50:01,534 - current_use.data_sources - ERROR - Local Land IQ file missing: /home/trim/Documents/GitHub/GEO-INFER/GEO-INFER-PLACE/locations/cascadia/current_use/../data/land_iq/2024_Tehama.shp
2025-07-10 06:50:01,534 - current_use.data_sources - INFO - Please obtain Land IQ data for {year} from:
2025-07-10 06:50:01,534 - current_use.data_sources - INFO - https://www.landiq.com/land-use-mapping
2025-07-10 06:50:01,534 - current_use.data_sources - INFO - And place the shapefile in data/land_iq/
2025-07-10 06:50:01,534 - current_use.data_sources - ERROR - Local Land IQ file missing: /home/trim/Documents/GitHub/GEO-INFER/GEO-INFER-PLACE/locations/cascadia/current_use/../data/land_iq/2024_Trinity.shp
2025-07-10 06:50:01,534 - current_use.data_sources - INFO - Please obtain Land IQ data for {year} from:
2025-07-10 06:50:01,534 - current_use.data_sources - INFO - https://www.landiq.com/land-use-mapping
2025-07-10 06:50:01,535 - current_use.data_sources - INFO - And place the shapefile in data/land_iq/
2025-07-10 06:50:01,535 - current_use.data_sources - ERROR - Local Oregon EFU file missing: /home/trim/Documents/GitHub/GEO-INFER/GEO-INFER-PLACE/locations/cascadia/current_use/../data/oregon_efu/efu_report_2024.csv
2025-07-10 06:50:01,535 - current_use.data_sources - INFO - Please download the EFU report from:
2025-07-10 06:50:01,535 - current_use.data_sources - INFO - https://www.oregon.gov/lcd/FF/Pages/Farm-Forest-Reports.aspx
2025-07-10 06:50:01,535 - current_use.data_sources - INFO - Convert to CSV if needed and place in data/oregon_efu/
2025-07-10 06:50:01,659 - current_use.geo_infer_current_use - INFO - Processed current use for 84 hexagons
2025-07-10 06:50:01,660 - unified_backend - INFO - Processing ownership module...
2025-07-10 06:50:01,660 - unified_backend - INFO - Processing mortgage_debt module...
2025-07-10 06:50:01,660 - unified_backend - INFO - Processing improvements module...
2025-07-10 06:50:01,660 - unified_backend - INFO - Processing surface_water module...
2025-07-10 06:50:01,660 - unified_backend - INFO - Processing ground_water module...
2025-07-10 06:50:01,660 - unified_backend - INFO - Processing power_source module...
2025-07-10 06:50:01,661 - __main__ - INFO - Calculating agricultural redevelopment potential...
2025-07-10 06:50:01,662 - __main__ - INFO - Generating comprehensive summary...
2025-07-10 06:50:01,662 - __main__ - ERROR - Analysis failed: 'modules'
2025-07-10 06:50:01,662 - __main__ - ERROR - Traceback: Traceback (most recent call last):
  File "/home/trim/Documents/GitHub/GEO-INFER/GEO-INFER-PLACE/locations/cascadia/cascadia_main.py", line 222, in main
    summary = backend.get_comprehensive_summary()
  File "/home/trim/Documents/GitHub/GEO-INFER/GEO-INFER-PLACE/locations/cascadia/unified_backend.py", line 373, in get_comprehensive_summary
    module_data = hexagon_data['modules'].get(module_name, {})
KeyError: 'modules'

