2025-07-10 07:31:21,089 - __main__ - INFO - ================================================================================
2025-07-10 07:31:21,089 - __main__ - INFO - Cascadia Agricultural Land Analysis Framework
2025-07-10 07:31:21,089 - __main__ - INFO - ================================================================================
2025-07-10 07:31:21,095 - __main__ - INFO - ✓ h3 is available
2025-07-10 07:31:21,230 - __main__ - INFO - ✓ numpy is available
2025-07-10 07:31:21,408 - numexpr.utils - INFO - NumExpr defaulting to 12 threads.
2025-07-10 07:31:21,581 - __main__ - INFO - ✓ pandas is available
2025-07-10 07:31:21,662 - __main__ - INFO - ✓ geopandas is available
2025-07-10 07:31:21,662 - __main__ - INFO - ✓ shapely is available
2025-07-10 07:31:21,753 - __main__ - INFO - ✓ requests is available
2025-07-10 07:31:21,852 - __main__ - INFO - ✓ rasterio is available
2025-07-10 07:31:22,072 - __main__ - INFO - ✓ folium is available
2025-07-10 07:31:22,072 - __main__ - INFO - All dependencies are available
2025-07-10 07:31:22,072 - __main__ - INFO - Output directory: /home/trim/Documents/GitHub/GEO-INFER/GEO-INFER-PLACE/locations/cascadia/output
2025-07-10 07:31:22,072 - __main__ - INFO - Configuration validation successful
2025-07-10 07:31:22,221 - __main__ - INFO - Initializing Cascadia Agricultural H3 Backend (resolution: 8)
2025-07-10 07:31:22,221 - unified_backend - INFO - Defined 204 hexagons for Cascadia bioregion
2025-07-10 07:31:22,221 - zoning.geo_infer_zoning - INFO - GeoInferZoning initialized with H3 resolution 8
2025-07-10 07:31:22,221 - current_use.geo_infer_current_use - INFO - GeoInferCurrentUse initialized with H3 resolution 8
2025-07-10 07:31:22,222 - ownership.geo_infer_ownership - INFO - GeoInferOwnership initialized with H3 resolution 8
2025-07-10 07:31:22,222 - mortgage_debt.geo_infer_mortgage_debt - INFO - GeoInferMortgageDebt initialized with H3 resolution 8
2025-07-10 07:31:22,222 - improvements.geo_infer_improvements - INFO - GeoInferImprovements initialized with H3 resolution 8
2025-07-10 07:31:22,222 - surface_water.geo_infer_surface_water - INFO - GeoInferSurfaceWater initialized with H3 resolution 8
2025-07-10 07:31:22,222 - ground_water.geo_infer_ground_water - INFO - GeoInferGroundWater initialized with H3 resolution 8
2025-07-10 07:31:22,222 - power_source.geo_infer_power_source - INFO - GeoInferPowerSource initialized with H3 resolution 8
2025-07-10 07:31:22,222 - unified_backend - INFO - CascadiaAgriculturalH3Backend initialized with 8 modules at H3 resolution 8
2025-07-10 07:31:22,222 - __main__ - INFO - Starting comprehensive agricultural analysis...
2025-07-10 07:31:22,222 - unified_backend - INFO - Processing zoning module...
2025-07-10 07:31:22,222 - zoning.data_sources - INFO - Local shapefile not found or failed. Fetching FMMP data for Butte from API.
2025-07-10 07:31:25,705 - zoning.data_sources - INFO - Fetched 2000 FMMP features for Butte from API.
2025-07-10 07:31:25,706 - zoning.data_sources - INFO - Local shapefile not found or failed. Fetching FMMP data for Colusa from API.
2025-07-10 07:31:28,417 - zoning.data_sources - INFO - Fetched 1580 FMMP features for Colusa from API.
2025-07-10 07:31:28,418 - zoning.data_sources - INFO - Local shapefile not found or failed. Fetching FMMP data for Del Norte from API.
2025-07-10 07:31:28,764 - zoning.data_sources - INFO - Fetched 0 FMMP features for Del Norte from API.
2025-07-10 07:31:28,764 - zoning.data_sources - INFO - Local shapefile not found or failed. Fetching FMMP data for Glenn from API.
2025-07-10 07:31:33,235 - zoning.data_sources - INFO - Fetched 2000 FMMP features for Glenn from API.
2025-07-10 07:31:33,236 - zoning.data_sources - INFO - Local shapefile not found or failed. Fetching FMMP data for Humboldt from API.
2025-07-10 07:31:33,625 - zoning.data_sources - INFO - Fetched 0 FMMP features for Humboldt from API.
2025-07-10 07:31:33,626 - zoning.data_sources - INFO - Local shapefile not found or failed. Fetching FMMP data for Lake from API.
2025-07-10 07:31:37,372 - zoning.data_sources - INFO - Fetched 2000 FMMP features for Lake from API.
2025-07-10 07:31:37,372 - zoning.data_sources - INFO - Local shapefile not found or failed. Fetching FMMP data for Lassen from API.
2025-07-10 07:31:37,755 - zoning.data_sources - INFO - Fetched 0 FMMP features for Lassen from API.
2025-07-10 07:31:37,756 - zoning.data_sources - INFO - Local shapefile not found or failed. Fetching FMMP data for Mendocino from API.
2025-07-10 07:31:47,598 - zoning.data_sources - INFO - Fetched 2000 FMMP features for Mendocino from API.
2025-07-10 07:31:47,598 - zoning.data_sources - INFO - Local shapefile not found or failed. Fetching FMMP data for Modoc from API.
2025-07-10 07:31:52,714 - zoning.data_sources - INFO - Fetched 2000 FMMP features for Modoc from API.
2025-07-10 07:31:52,715 - zoning.data_sources - INFO - Local shapefile not found or failed. Fetching FMMP data for Nevada from API.
2025-07-10 07:31:55,631 - zoning.data_sources - INFO - Fetched 750 FMMP features for Nevada from API.
2025-07-10 07:31:55,632 - zoning.data_sources - INFO - Local shapefile not found or failed. Fetching FMMP data for Plumas from API.
2025-07-10 07:31:56,298 - zoning.data_sources - INFO - Fetched 0 FMMP features for Plumas from API.
2025-07-10 07:31:56,299 - zoning.data_sources - INFO - Local shapefile not found or failed. Fetching FMMP data for Shasta from API.
2025-07-10 07:32:00,258 - zoning.data_sources - INFO - Fetched 1799 FMMP features for Shasta from API.
2025-07-10 07:32:00,258 - zoning.data_sources - INFO - Local shapefile not found or failed. Fetching FMMP data for Sierra from API.
2025-07-10 07:32:00,801 - zoning.data_sources - INFO - Fetched 0 FMMP features for Sierra from API.
2025-07-10 07:32:00,802 - zoning.data_sources - INFO - Local shapefile not found or failed. Fetching FMMP data for Siskiyou from API.
2025-07-10 07:32:05,825 - zoning.data_sources - INFO - Fetched 2000 FMMP features for Siskiyou from API.
2025-07-10 07:32:05,825 - zoning.data_sources - INFO - Local shapefile not found or failed. Fetching FMMP data for Tehama from API.
2025-07-10 07:32:19,379 - zoning.data_sources - INFO - Fetched 2000 FMMP features for Tehama from API.
2025-07-10 07:32:19,382 - zoning.data_sources - INFO - Local shapefile not found or failed. Fetching FMMP data for Trinity from API.
2025-07-10 07:32:19,748 - zoning.data_sources - INFO - Fetched 0 FMMP features for Trinity from API.
2025-07-10 07:32:19,749 - zoning.geo_infer_zoning - WARNING - Could not fetch Oregon EFU data: fetch_oregon_efu_data() missing 1 required positional argument: 'county'
2025-07-10 07:32:19,749 - zoning.geo_infer_zoning - INFO - Converting 3 polygons to H3 resolution 8
2025-07-10 07:32:19,751 - zoning.geo_infer_zoning - INFO - Created H3 index for 63 hexagons
2025-07-10 07:32:19,902 - unified_backend - INFO - Processing current_use module...
2025-07-10 07:32:19,902 - current_use.geo_infer_current_use - INFO - Processing current use for 2024 at H3 resolution 8
2025-07-10 07:32:19,902 - current_use.data_sources - ERROR - Local CDL file missing: /home/trim/Documents/GitHub/GEO-INFER/GEO-INFER-PLACE/locations/cascadia/current_use/../data/cdl/2024_CA.tif
2025-07-10 07:32:19,902 - current_use.data_sources - INFO - Please download the CDL GeoTIFF for {state} {year} from:
2025-07-10 07:32:19,902 - current_use.data_sources - INFO - https://www.nass.usda.gov/Research_and_Science/Cropland/Release/index.php
2025-07-10 07:32:19,902 - current_use.data_sources - INFO - And place it in data/cdl/ as {year}_{state}.tif
2025-07-10 07:32:19,902 - current_use.data_sources - ERROR - Local CDL file missing: /home/trim/Documents/GitHub/GEO-INFER/GEO-INFER-PLACE/locations/cascadia/current_use/../data/cdl/2024_CA.tif
2025-07-10 07:32:19,902 - current_use.data_sources - INFO - Please download the CDL GeoTIFF for {state} {year} from:
2025-07-10 07:32:19,902 - current_use.data_sources - INFO - https://www.nass.usda.gov/Research_and_Science/Cropland/Release/index.php
2025-07-10 07:32:19,902 - current_use.data_sources - INFO - And place it in data/cdl/ as {year}_{state}.tif
2025-07-10 07:32:19,902 - current_use.data_sources - ERROR - Local CDL file missing: /home/trim/Documents/GitHub/GEO-INFER/GEO-INFER-PLACE/locations/cascadia/current_use/../data/cdl/2024_CA.tif
2025-07-10 07:32:19,903 - current_use.data_sources - INFO - Please download the CDL GeoTIFF for {state} {year} from:
2025-07-10 07:32:19,903 - current_use.data_sources - INFO - https://www.nass.usda.gov/Research_and_Science/Cropland/Release/index.php
2025-07-10 07:32:19,903 - current_use.data_sources - INFO - And place it in data/cdl/ as {year}_{state}.tif
2025-07-10 07:32:19,903 - current_use.data_sources - ERROR - Local CDL file missing: /home/trim/Documents/GitHub/GEO-INFER/GEO-INFER-PLACE/locations/cascadia/current_use/../data/cdl/2024_CA.tif
2025-07-10 07:32:19,903 - current_use.data_sources - INFO - Please download the CDL GeoTIFF for {state} {year} from:
2025-07-10 07:32:19,903 - current_use.data_sources - INFO - https://www.nass.usda.gov/Research_and_Science/Cropland/Release/index.php
2025-07-10 07:32:19,903 - current_use.data_sources - INFO - And place it in data/cdl/ as {year}_{state}.tif
2025-07-10 07:32:19,903 - current_use.data_sources - ERROR - Local CDL file missing: /home/trim/Documents/GitHub/GEO-INFER/GEO-INFER-PLACE/locations/cascadia/current_use/../data/cdl/2024_CA.tif
2025-07-10 07:32:19,903 - current_use.data_sources - INFO - Please download the CDL GeoTIFF for {state} {year} from:
2025-07-10 07:32:19,903 - current_use.data_sources - INFO - https://www.nass.usda.gov/Research_and_Science/Cropland/Release/index.php
2025-07-10 07:32:19,903 - current_use.data_sources - INFO - And place it in data/cdl/ as {year}_{state}.tif
2025-07-10 07:32:19,903 - current_use.data_sources - ERROR - Local CDL file missing: /home/trim/Documents/GitHub/GEO-INFER/GEO-INFER-PLACE/locations/cascadia/current_use/../data/cdl/2024_CA.tif
2025-07-10 07:32:19,903 - current_use.data_sources - INFO - Please download the CDL GeoTIFF for {state} {year} from:
2025-07-10 07:32:19,903 - current_use.data_sources - INFO - https://www.nass.usda.gov/Research_and_Science/Cropland/Release/index.php
2025-07-10 07:32:19,903 - current_use.data_sources - INFO - And place it in data/cdl/ as {year}_{state}.tif
2025-07-10 07:32:19,903 - current_use.data_sources - ERROR - Local CDL file missing: /home/trim/Documents/GitHub/GEO-INFER/GEO-INFER-PLACE/locations/cascadia/current_use/../data/cdl/2024_CA.tif
2025-07-10 07:32:19,903 - current_use.data_sources - INFO - Please download the CDL GeoTIFF for {state} {year} from:
2025-07-10 07:32:19,903 - current_use.data_sources - INFO - https://www.nass.usda.gov/Research_and_Science/Cropland/Release/index.php
2025-07-10 07:32:19,903 - current_use.data_sources - INFO - And place it in data/cdl/ as {year}_{state}.tif
2025-07-10 07:32:19,903 - current_use.data_sources - ERROR - Local CDL file missing: /home/trim/Documents/GitHub/GEO-INFER/GEO-INFER-PLACE/locations/cascadia/current_use/../data/cdl/2024_CA.tif
2025-07-10 07:32:19,903 - current_use.data_sources - INFO - Please download the CDL GeoTIFF for {state} {year} from:
2025-07-10 07:32:19,903 - current_use.data_sources - INFO - https://www.nass.usda.gov/Research_and_Science/Cropland/Release/index.php
2025-07-10 07:32:19,903 - current_use.data_sources - INFO - And place it in data/cdl/ as {year}_{state}.tif
2025-07-10 07:32:19,903 - current_use.data_sources - ERROR - Local CDL file missing: /home/trim/Documents/GitHub/GEO-INFER/GEO-INFER-PLACE/locations/cascadia/current_use/../data/cdl/2024_CA.tif
2025-07-10 07:32:19,903 - current_use.data_sources - INFO - Please download the CDL GeoTIFF for {state} {year} from:
2025-07-10 07:32:19,903 - current_use.data_sources - INFO - https://www.nass.usda.gov/Research_and_Science/Cropland/Release/index.php
2025-07-10 07:32:19,903 - current_use.data_sources - INFO - And place it in data/cdl/ as {year}_{state}.tif
2025-07-10 07:32:19,903 - current_use.data_sources - ERROR - Local CDL file missing: /home/trim/Documents/GitHub/GEO-INFER/GEO-INFER-PLACE/locations/cascadia/current_use/../data/cdl/2024_CA.tif
2025-07-10 07:32:19,903 - current_use.data_sources - INFO - Please download the CDL GeoTIFF for {state} {year} from:
2025-07-10 07:32:19,903 - current_use.data_sources - INFO - https://www.nass.usda.gov/Research_and_Science/Cropland/Release/index.php
2025-07-10 07:32:19,903 - current_use.data_sources - INFO - And place it in data/cdl/ as {year}_{state}.tif
2025-07-10 07:32:19,903 - current_use.data_sources - ERROR - Local CDL file missing: /home/trim/Documents/GitHub/GEO-INFER/GEO-INFER-PLACE/locations/cascadia/current_use/../data/cdl/2024_CA.tif
2025-07-10 07:32:19,903 - current_use.data_sources - INFO - Please download the CDL GeoTIFF for {state} {year} from:
2025-07-10 07:32:19,903 - current_use.data_sources - INFO - https://www.nass.usda.gov/Research_and_Science/Cropland/Release/index.php
2025-07-10 07:32:19,903 - current_use.data_sources - INFO - And place it in data/cdl/ as {year}_{state}.tif
2025-07-10 07:32:19,903 - current_use.data_sources - ERROR - Local CDL file missing: /home/trim/Documents/GitHub/GEO-INFER/GEO-INFER-PLACE/locations/cascadia/current_use/../data/cdl/2024_CA.tif
2025-07-10 07:32:19,903 - current_use.data_sources - INFO - Please download the CDL GeoTIFF for {state} {year} from:
2025-07-10 07:32:19,904 - current_use.data_sources - INFO - https://www.nass.usda.gov/Research_and_Science/Cropland/Release/index.php
2025-07-10 07:32:19,904 - current_use.data_sources - INFO - And place it in data/cdl/ as {year}_{state}.tif
2025-07-10 07:32:19,904 - current_use.data_sources - ERROR - Local CDL file missing: /home/trim/Documents/GitHub/GEO-INFER/GEO-INFER-PLACE/locations/cascadia/current_use/../data/cdl/2024_CA.tif
2025-07-10 07:32:19,904 - current_use.data_sources - INFO - Please download the CDL GeoTIFF for {state} {year} from:
2025-07-10 07:32:19,904 - current_use.data_sources - INFO - https://www.nass.usda.gov/Research_and_Science/Cropland/Release/index.php
2025-07-10 07:32:19,904 - current_use.data_sources - INFO - And place it in data/cdl/ as {year}_{state}.tif
2025-07-10 07:32:19,904 - current_use.data_sources - ERROR - Local CDL file missing: /home/trim/Documents/GitHub/GEO-INFER/GEO-INFER-PLACE/locations/cascadia/current_use/../data/cdl/2024_CA.tif
2025-07-10 07:32:19,904 - current_use.data_sources - INFO - Please download the CDL GeoTIFF for {state} {year} from:
2025-07-10 07:32:19,904 - current_use.data_sources - INFO - https://www.nass.usda.gov/Research_and_Science/Cropland/Release/index.php
2025-07-10 07:32:19,904 - current_use.data_sources - INFO - And place it in data/cdl/ as {year}_{state}.tif
2025-07-10 07:32:19,904 - current_use.data_sources - ERROR - Local CDL file missing: /home/trim/Documents/GitHub/GEO-INFER/GEO-INFER-PLACE/locations/cascadia/current_use/../data/cdl/2024_CA.tif
2025-07-10 07:32:19,904 - current_use.data_sources - INFO - Please download the CDL GeoTIFF for {state} {year} from:
2025-07-10 07:32:19,904 - current_use.data_sources - INFO - https://www.nass.usda.gov/Research_and_Science/Cropland/Release/index.php
2025-07-10 07:32:19,904 - current_use.data_sources - INFO - And place it in data/cdl/ as {year}_{state}.tif
2025-07-10 07:32:19,904 - current_use.data_sources - ERROR - Local CDL file missing: /home/trim/Documents/GitHub/GEO-INFER/GEO-INFER-PLACE/locations/cascadia/current_use/../data/cdl/2024_CA.tif
2025-07-10 07:32:19,904 - current_use.data_sources - INFO - Please download the CDL GeoTIFF for {state} {year} from:
2025-07-10 07:32:19,904 - current_use.data_sources - INFO - https://www.nass.usda.gov/Research_and_Science/Cropland/Release/index.php
2025-07-10 07:32:19,904 - current_use.data_sources - INFO - And place it in data/cdl/ as {year}_{state}.tif
2025-07-10 07:32:19,904 - current_use.geo_infer_current_use - WARNING - Could not fetch Land IQ data for Butte: CascadianCurrentUseDataSources.fetch_land_iq_data() takes 2 positional arguments but 3 were given
2025-07-10 07:32:19,904 - current_use.geo_infer_current_use - WARNING - Could not fetch Land IQ data for Colusa: CascadianCurrentUseDataSources.fetch_land_iq_data() takes 2 positional arguments but 3 were given
2025-07-10 07:32:19,904 - current_use.geo_infer_current_use - WARNING - Could not fetch Land IQ data for Del Norte: CascadianCurrentUseDataSources.fetch_land_iq_data() takes 2 positional arguments but 3 were given
2025-07-10 07:32:19,904 - current_use.geo_infer_current_use - WARNING - Could not fetch Land IQ data for Glenn: CascadianCurrentUseDataSources.fetch_land_iq_data() takes 2 positional arguments but 3 were given
2025-07-10 07:32:19,904 - current_use.geo_infer_current_use - WARNING - Could not fetch Land IQ data for Humboldt: CascadianCurrentUseDataSources.fetch_land_iq_data() takes 2 positional arguments but 3 were given
2025-07-10 07:32:19,904 - current_use.geo_infer_current_use - WARNING - Could not fetch Land IQ data for Lake: CascadianCurrentUseDataSources.fetch_land_iq_data() takes 2 positional arguments but 3 were given
2025-07-10 07:32:19,904 - current_use.geo_infer_current_use - WARNING - Could not fetch Land IQ data for Lassen: CascadianCurrentUseDataSources.fetch_land_iq_data() takes 2 positional arguments but 3 were given
2025-07-10 07:32:19,904 - current_use.geo_infer_current_use - WARNING - Could not fetch Land IQ data for Mendocino: CascadianCurrentUseDataSources.fetch_land_iq_data() takes 2 positional arguments but 3 were given
2025-07-10 07:32:19,904 - current_use.geo_infer_current_use - WARNING - Could not fetch Land IQ data for Modoc: CascadianCurrentUseDataSources.fetch_land_iq_data() takes 2 positional arguments but 3 were given
2025-07-10 07:32:19,904 - current_use.geo_infer_current_use - WARNING - Could not fetch Land IQ data for Nevada: CascadianCurrentUseDataSources.fetch_land_iq_data() takes 2 positional arguments but 3 were given
2025-07-10 07:32:19,904 - current_use.geo_infer_current_use - WARNING - Could not fetch Land IQ data for Plumas: CascadianCurrentUseDataSources.fetch_land_iq_data() takes 2 positional arguments but 3 were given
2025-07-10 07:32:19,904 - current_use.geo_infer_current_use - WARNING - Could not fetch Land IQ data for Shasta: CascadianCurrentUseDataSources.fetch_land_iq_data() takes 2 positional arguments but 3 were given
2025-07-10 07:32:19,904 - current_use.geo_infer_current_use - WARNING - Could not fetch Land IQ data for Sierra: CascadianCurrentUseDataSources.fetch_land_iq_data() takes 2 positional arguments but 3 were given
2025-07-10 07:32:19,904 - current_use.geo_infer_current_use - WARNING - Could not fetch Land IQ data for Siskiyou: CascadianCurrentUseDataSources.fetch_land_iq_data() takes 2 positional arguments but 3 were given
2025-07-10 07:32:19,904 - current_use.geo_infer_current_use - WARNING - Could not fetch Land IQ data for Tehama: CascadianCurrentUseDataSources.fetch_land_iq_data() takes 2 positional arguments but 3 were given
2025-07-10 07:32:19,904 - current_use.geo_infer_current_use - WARNING - Could not fetch Land IQ data for Trinity: CascadianCurrentUseDataSources.fetch_land_iq_data() takes 2 positional arguments but 3 were given
2025-07-10 07:32:19,905 - current_use.data_sources - ERROR - Local Oregon EFU file missing: /home/trim/Documents/GitHub/GEO-INFER/GEO-INFER-PLACE/locations/cascadia/current_use/../data/oregon_efu/efu_report_2024.csv
2025-07-10 07:32:19,905 - current_use.data_sources - INFO - Please download the EFU report from:
2025-07-10 07:32:19,905 - current_use.data_sources - INFO - https://www.oregon.gov/lcd/FF/Pages/Farm-Forest-Reports.aspx
2025-07-10 07:32:19,905 - current_use.data_sources - INFO - Convert to CSV if needed and place in data/oregon_efu/
2025-07-10 07:32:19,996 - current_use.geo_infer_current_use - INFO - Processed current use for 84 hexagons
2025-07-10 07:32:19,997 - unified_backend - INFO - Processing ownership module...
2025-07-10 07:32:19,997 - unified_backend - INFO - Processing mortgage_debt module...
2025-07-10 07:32:19,998 - unified_backend - INFO - Processing improvements module...
2025-07-10 07:32:19,998 - unified_backend - INFO - Processing surface_water module...
2025-07-10 07:32:19,998 - unified_backend - INFO - Processing ground_water module...
2025-07-10 07:32:19,998 - unified_backend - INFO - Processing power_source module...
2025-07-10 07:32:19,998 - __main__ - INFO - Calculating agricultural redevelopment potential...
2025-07-10 07:32:19,999 - __main__ - INFO - Generating comprehensive summary...
2025-07-10 07:32:19,999 - __main__ - INFO - Exporting unified data to output/cascadia_unified_data_20250710_073219.geojson
2025-07-10 07:32:20,011 - __main__ - INFO - Exporting redevelopment scores to output/cascadia_redevelopment_scores_20250710_073219.json
2025-07-10 07:32:20,015 - __main__ - INFO - Exporting comprehensive summary to output/cascadia_summary_20250710_073219.json
2025-07-10 07:32:20,015 - __main__ - INFO - Generating analysis report to output/cascadia_analysis_report_20250710_073219.md

================================================================================
CASCADIA AGRICULTURAL ANALYSIS SUMMARY
================================================================================
Total Hexagons Analyzed: 204
H3 Resolution: 8
Modules Analyzed: 8

Redevelopment Potential:
  Mean Score: 0.000
  High Potential: 0 hexagons
  Low Potential: 0 hexagons

Module Status:
  Zoning: ✓ SUCCESS (204 hexagons)
  Current Use: ✓ SUCCESS (204 hexagons)
  Ownership: ✓ SUCCESS (204 hexagons)
  Mortgage Debt: ✓ SUCCESS (204 hexagons)
  Improvements: ✓ SUCCESS (204 hexagons)
  Surface Water: ✓ SUCCESS (204 hexagons)
  Ground Water: ✓ SUCCESS (204 hexagons)
  Power Source: ✓ SUCCESS (204 hexagons)
================================================================================
2025-07-10 07:32:20,015 - __main__ - INFO - ================================================================================
2025-07-10 07:32:20,015 - __main__ - INFO - Analysis completed successfully!
2025-07-10 07:32:20,016 - __main__ - INFO - Results saved to: /home/trim/Documents/GitHub/GEO-INFER/GEO-INFER-PLACE/locations/cascadia/output
2025-07-10 07:32:20,016 - __main__ - INFO - ================================================================================
