2025-08-07 13:19:20,464 - utils.setup_manager - INFO - Enhanced Cascadia Analysis Framework initialized with SPACE integration
2025-08-07 13:19:20,464 - utils.setup_manager - INFO - Log file: cascadia_analysis_20250807_131920.log
2025-08-07 13:19:20,464 - __main__ - INFO - 🌲 Starting Cascadia Agricultural Analysis Framework
2025-08-07 13:19:20,464 - __main__ - INFO - 📊 Analysis Parameters:
2025-08-07 13:19:20,464 - __main__ - INFO -    H3 Resolution: 8
2025-08-07 13:19:20,464 - __main__ - INFO -    Target Counties: CA:Del Norte
2025-08-07 13:19:20,464 - __main__ - INFO -    Active Modules: zoning,current_use,ownership,improvements
2025-08-07 13:19:20,464 - __main__ - INFO -    Export Format: geojson
2025-08-07 13:19:20,464 - __main__ - INFO -    Output Directory: output
2025-08-07 13:19:20,464 - __main__ - INFO -    Visualization Options: Lightweight Static Visualizations
2025-08-07 13:19:20,464 - __main__ - INFO -    H3 Validation: Enabled
2025-08-07 13:19:20,471 - utils.setup_manager - INFO - Loaded analysis configuration from config/analysis_config.yaml
2025-08-07 13:19:20,471 - __main__ - INFO - Target counties: {'CA': ['Del Norte']}
2025-08-07 13:19:20,471 - __main__ - INFO - Active modules: ['zoning', 'current_use', 'ownership', 'improvements']
2025-08-07 13:19:20,471 - utils.data_processor - INFO - 🔧 Creating shared backend for all modules...
2025-08-07 13:19:20,493 - geo_infer_space.osc_geo.core.repos - WARNING - Repository path not found: /home/trim/Documents/GitHub/GEO-INFER/GEO-INFER-SPACE/repo/osc-geo-h3loader-cli
2025-08-07 13:19:20,493 - geo_infer_place.core.unified_backend - WARNING - Failed to initialize H3DataLoader: H3 loader CLI repository not found. Please clone it first.
2025-08-07 13:19:20,493 - geo_infer_place.core.unified_backend - INFO - Loading region data from cache: output/data/cache/region_cache_4e2b5626c8c4ca7a05c736003fae87ed.json
2025-08-07 13:19:20,494 - geo_infer_place.core.unified_backend - INFO - ✅ Loaded 7749 hexagons from cache
2025-08-07 13:19:20,494 - geo_infer_place.core.unified_backend - INFO - Using cached region data
2025-08-07 13:19:20,510 - geo_infer_space.osc_geo.core.repos - WARNING - Repository path not found: /home/trim/Documents/GitHub/GEO-INFER/GEO-INFER-SPACE/repo/osc-geo-h3loader-cli
2025-08-07 13:19:20,510 - geo_infer_space.core.unified_backend - ERROR - Failed to initialize H3DataLoader from GEO-INFER-SPACE: H3 loader CLI repository not found. Please clone it first.
2025-08-07 13:19:20,510 - geo_infer_place.core.unified_backend - WARNING - Failed to initialize UnifiedH3Backend: Failed to initialize H3DataLoader: H3 loader CLI repository not found. Please clone it first.
2025-08-07 13:19:20,510 - geo_infer_space.utils.config_loader - INFO - Config loader initialized with directory: /Users/4d/Documents/GitHub/GEO-INFER/GEO-INFER-SPACE/src/config
2025-08-07 13:19:20,510 - geo_infer_space.utils.config_loader - WARNING - Location config not found: /Users/4d/Documents/GitHub/GEO-INFER/GEO-INFER-SPACE/src/config/cascadia.yaml
2025-08-07 13:19:20,510 - geo_infer_space.utils.config_loader - DEBUG - Configuration validation passed
2025-08-07 13:19:20,510 - geo_infer_place.core.unified_backend - INFO - ✅ Cascadia configuration loaded successfully
2025-08-07 13:19:20,510 - geo_infer_place.core.unified_backend - INFO - Loading county geometries with boundary loader...
2025-08-07 13:19:20,518 - county_boundary_loader - INFO - Loaded county boundaries configuration from /Users/4d/Documents/GitHub/GEO-INFER/GEO-INFER-PLACE/locations/cascadia/config/county_boundaries.yaml
2025-08-07 13:19:20,518 - county_boundary_loader - INFO - Loaded GeoJSON geometry for ca_del_norte from /Users/4d/Documents/GitHub/GEO-INFER/GEO-INFER-PLACE/locations/cascadia/config/ca_del_norte_boundary.geojson
2025-08-07 13:19:20,518 - geo_infer_place.core.unified_backend - INFO - Successfully loaded county geometries using boundary loader
2025-08-07 13:19:20,518 - geo_infer_place.core.unified_backend - INFO - Generating hexagons for Del_Norte, CA using SPACE utilities...
2025-08-07 13:19:20,518 - geo_infer_place.core.unified_backend - DEBUG - Geometry type: <class 'dict'>, Geometry: {'type': 'Polygon', 'coordinates': [[[-124.5, 41.4], [-124.5, 42.0], [-123.5, 42.0], [-123.5, 41.4], [-124.5, 41.4]]]}
2025-08-07 13:19:20,523 - geo_infer_place.core.unified_backend - INFO - Generated 7749 hexagons for Del_Norte, CA
2025-08-07 13:19:20,525 - geo_infer_place.core.unified_backend - INFO - ✅ Generated 7749 H3 hexagons using SPACE utilities
2025-08-07 13:19:20,525 - geo_infer_place.core.unified_backend - INFO - Enhanced CascadianAgriculturalH3Backend initialized for 'Cascadia' with 0 active modules at H3 resolution 8
2025-08-07 13:19:20,525 - geo_infer_place.core.unified_backend - INFO - Active modules: []
2025-08-07 13:19:20,525 - geo_infer_place.core.unified_backend - INFO - Defined 7749 total target hexagons across 1 states.
2025-08-07 13:19:20,525 - geo_infer_place.core.unified_backend - INFO - SPACE integration: Spatial processor, data integrator, and visualization engine available
2025-08-07 13:19:20,525 - utils.data_processor - INFO - ✅ Shared backend created with 7749 target hexagons
2025-08-07 13:19:20,525 - utils.enhanced_data_manager - INFO - Enhanced Data Manager initialized with H3 resolution 8
2025-08-07 13:19:20,525 - utils.enhanced_data_manager - INFO - SPACE H3 utilities available: True
2025-08-07 13:19:20,525 - utils.enhanced_h3_fusion - INFO - Enhanced H3 Fusion initialized with resolution 8
2025-08-07 13:19:20,525 - utils.enhanced_h3_fusion - INFO - SPACE H3 utilities available: True
2025-08-07 13:19:20,525 - utils.enhanced_h3_fusion - INFO - Spatial analysis enabled: True
2025-08-07 13:19:20,526 - utils.enhanced_h3_fusion - INFO - ✅ H3 operations validation completed successfully
2025-08-07 13:19:20,526 - __main__ - INFO - H3 validation result: {'h3_api_version': '4.x', 'space_integration': True, 'operations_tested': ['latlng_to_cell', 'cell_to_latlng', 'cell_to_latlng_boundary', 'geo_to_cells', 'grid_disk', 'cell_area', 'is_valid_cell'], 'errors': [], 'warnings': []}
2025-08-07 13:19:20,526 - zoning.geo_infer_zoning - INFO - Initialized GeoInferZoning module with real OSC H3 v4 integration.
2025-08-07 13:19:20,526 - __main__ - INFO - ✅ Zoning module initialized with enhanced data management
2025-08-07 13:19:20,527 - current_use.data_sources - INFO - Initialized CascadianCurrentUseDataSources
2025-08-07 13:19:20,527 - current_use.geo_infer_current_use - INFO - Initialized GeoInferCurrentUse module with real OSC H3 v4 integration.
2025-08-07 13:19:20,527 - __main__ - INFO - ✅ Current use module initialized with enhanced data management
2025-08-07 13:19:20,527 - ownership.geo_infer_ownership - INFO - Initialized GeoInferOwnership module with real OSC H3 v4 integration.
2025-08-07 13:19:20,527 - __main__ - INFO - ✅ Ownership module initialized with enhanced data management
2025-08-07 13:19:20,527 - improvements.data_sources - INFO - Initialized CascadianImprovementsDataSources.
2025-08-07 13:19:20,527 - improvements.geo_infer_improvements - INFO - Initialized GeoInferImprovements module.
2025-08-07 13:19:20,527 - __main__ - INFO - ✅ Improvements module initialized with enhanced data management
2025-08-07 13:19:20,527 - __main__ - INFO - ✅ Updated shared backend with 4 active modules
2025-08-07 13:19:20,527 - __main__ - INFO - 🔍 Validating H3 operations...
2025-08-07 13:19:20,527 - utils.enhanced_h3_fusion - INFO - ✅ H3 operations validation completed successfully
2025-08-07 13:19:20,527 - __main__ - INFO - H3 validation result: {'h3_api_version': '4.x', 'space_integration': True, 'operations_tested': ['latlng_to_cell', 'cell_to_latlng', 'cell_to_latlng_boundary', 'geo_to_cells', 'grid_disk', 'cell_area', 'is_valid_cell'], 'errors': [], 'warnings': []}
2025-08-07 13:19:20,527 - __main__ - INFO - 🚀 Starting enhanced comprehensive analysis with H3 geospatial fusion...
2025-08-07 13:19:20,527 - __main__ - INFO - 📊 Processing module: zoning
2025-08-07 13:19:20,527 - utils.enhanced_data_manager - INFO - [zoning] 📄 Using cached raw data: output/data/zoning/raw_zoning_data.geojson
2025-08-07 13:19:20,528 - utils.enhanced_data_manager - INFO - [zoning] 🔄 Processing data to H3 format...
2025-08-07 13:19:20,642 - utils.enhanced_data_manager - INFO - [zoning] ✅ Processed 2 features to 0 H3 hexagons
2025-08-07 13:19:20,642 - utils.enhanced_data_manager - INFO - [zoning] ✅ Processed and cached H3 data: 0 hexagons
2025-08-07 13:19:20,642 - __main__ - INFO - 📋 zoning data quality: 0.00
2025-08-07 13:19:20,643 - __main__ - INFO - 📊 Processing module: current_use
2025-08-07 13:19:20,643 - utils.enhanced_data_manager - INFO - [current_use] 📄 Using cached raw data: output/data/current_use/raw_current_use_data.geojson
2025-08-07 13:19:20,643 - utils.enhanced_data_manager - INFO - [current_use] 🔄 Processing data to H3 format...
2025-08-07 13:19:20,651 - utils.enhanced_data_manager - WARNING - [current_use] ⚠️ Error processing feature 2: Component rings have coordinate sequences, but the polygon does not
2025-08-07 13:19:20,651 - utils.enhanced_data_manager - INFO - [current_use] ✅ Processed 3 features to 1 H3 hexagons
2025-08-07 13:19:20,651 - utils.enhanced_data_manager - INFO - [current_use] ✅ Processed and cached H3 data: 1 hexagons
2025-08-07 13:19:20,652 - __main__ - INFO - 📋 current_use data quality: 0.00
2025-08-07 13:19:20,652 - __main__ - INFO - 📊 Processing module: ownership
2025-08-07 13:19:20,652 - utils.enhanced_data_manager - INFO - [ownership] 📄 Using cached raw data: output/data/ownership/raw_ownership_data.geojson
2025-08-07 13:19:20,652 - utils.enhanced_data_manager - INFO - [ownership] 🔄 Processing data to H3 format...
2025-08-07 13:19:20,658 - utils.enhanced_data_manager - INFO - [ownership] ✅ Processed 100 features to 0 H3 hexagons
2025-08-07 13:19:20,659 - utils.enhanced_data_manager - INFO - [ownership] ✅ Processed and cached H3 data: 0 hexagons
2025-08-07 13:19:20,659 - __main__ - INFO - 📋 ownership data quality: 0.00
2025-08-07 13:19:20,659 - __main__ - INFO - 📊 Processing module: improvements
2025-08-07 13:19:20,659 - utils.enhanced_data_manager - INFO - [improvements] 📄 Using cached raw data: output/data/improvements/raw_improvements_data.geojson
2025-08-07 13:19:20,659 - utils.enhanced_data_manager - INFO - [improvements] 🔄 Processing data to H3 format...
2025-08-07 13:19:20,726 - utils.enhanced_data_manager - INFO - [improvements] ✅ Processed 500 features to 0 H3 hexagons
2025-08-07 13:19:20,730 - utils.enhanced_data_manager - INFO - [improvements] ✅ Processed and cached H3 data: 0 hexagons
2025-08-07 13:19:20,731 - __main__ - INFO - 📋 improvements data quality: 0.00
2025-08-07 13:19:20,731 - __main__ - INFO - 🔗 Performing enhanced H3 geospatial fusion...
2025-08-07 13:19:20,731 - utils.enhanced_h3_fusion - INFO - Starting enhanced H3 geospatial fusion for 4 data sources
2025-08-07 13:19:20,734 - utils.enhanced_h3_fusion - INFO - Processing data source: zoning
2025-08-07 13:19:20,734 - utils.enhanced_h3_fusion - INFO - ✅ Fused zoning: 0 hexagons
2025-08-07 13:19:20,734 - utils.enhanced_h3_fusion - INFO - Processing data source: current_use
2025-08-07 13:19:21,285 - utils.enhanced_h3_fusion - INFO - ✅ Fused current_use: 7 hexagons
2025-08-07 13:19:21,286 - utils.enhanced_h3_fusion - INFO - Processing data source: ownership
2025-08-07 13:19:21,286 - utils.enhanced_h3_fusion - INFO - ✅ Fused ownership: 0 hexagons
2025-08-07 13:19:21,286 - utils.enhanced_h3_fusion - INFO - Processing data source: improvements
2025-08-07 13:19:21,286 - utils.enhanced_h3_fusion - INFO - ✅ Fused improvements: 0 hexagons
2025-08-07 13:19:21,286 - utils.enhanced_h3_fusion - INFO - Performing enhanced spatial analysis...
2025-08-07 13:19:21,286 - utils.enhanced_h3_fusion - INFO - Performing enhanced spatial analysis...
2025-08-07 13:19:21,286 - utils.enhanced_h3_fusion - INFO - ✅ Enhanced spatial analysis completed
2025-08-07 13:19:21,286 - utils.enhanced_h3_fusion - INFO - ✅ Enhanced H3 fusion completed: 7 hexagons
2025-08-07 13:19:21,286 - utils.enhanced_h3_fusion - INFO - 📊 Fusion coverage: 0.1%
2025-08-07 13:19:21,286 - __main__ - INFO - 🔬 Running final analysis on fused data...
2025-08-07 13:19:21,286 - utils.data_processor - INFO - Step 4: Exporting analysis results...
2025-08-07 13:19:21,286 - utils.data_processor - ERROR - ❌ Export failed: No unified data to export. Please run the analysis first.
2025-08-07 13:19:21,286 - __main__ - INFO - 📊 Generating lightweight static visualizations...
2025-08-07 13:19:21,287 - utils.static_visualization - INFO - Creating static visualization plots...
2025-08-07 13:19:21,288 - geo_infer_place.core.unified_backend - INFO - Calculating enhanced agricultural redevelopment potential scores with SPACE integration...
2025-08-07 13:19:21,288 - geo_infer_place.core.unified_backend - WARNING - Unified data is not available. Cannot calculate redevelopment scores.
2025-08-07 13:19:21,288 - utils.static_visualization - INFO - Creating summary statistics...
2025-08-07 13:19:21,288 - utils.static_visualization - INFO - Summary statistics created for 0 hexagons
2025-08-07 13:19:21,289 - utils.static_visualization - INFO - Creating data export for external visualization...
2025-08-07 13:19:21,289 - utils.static_visualization - INFO - Data export created with 0 sampled points
2025-08-07 13:19:21,291 - utils.static_visualization - INFO - Static visualizations created successfully
2025-08-07 13:19:21,291 - __main__ - INFO - ✅ Lightweight visualizations created
2025-08-07 13:19:21,291 - utils.reporting_engine - INFO - Generating enhanced analysis report to output/cascadia_analysis_report_20250807_131921.md...
2025-08-07 13:19:21,291 - utils.reporting_engine - INFO - ✅ Analysis report generated: output/cascadia_analysis_report_20250807_131921.md
2025-08-07 13:19:21,292 - __main__ - INFO - 📋 Analysis report: output/cascadia_analysis_report_20250807_131921.md
2025-08-07 13:19:21,292 - __main__ - INFO - ✅ Cascadia analysis completed successfully!
