2025-08-07 18:20:25,269 - utils.setup_manager - INFO - Enhanced Cascadia Analysis Framework initialized with SPACE integration
2025-08-07 18:20:25,269 - utils.setup_manager - INFO - Log file: cascadia_analysis_20250807_182025.log
2025-08-07 18:20:25,269 - __main__ - INFO - 🌲 Starting Cascadia Agricultural Analysis Framework
2025-08-07 18:20:25,269 - __main__ - INFO - 📊 Analysis Parameters:
2025-08-07 18:20:25,269 - __main__ - INFO -    H3 Resolution: 8
2025-08-07 18:20:25,270 - __main__ - INFO -    Target Counties: CA:Del Norte
2025-08-07 18:20:25,270 - __main__ - INFO -    Active Modules: zoning,current_use,ownership,improvements
2025-08-07 18:20:25,270 - __main__ - INFO -    Export Format: geojson
2025-08-07 18:20:25,270 - __main__ - INFO -    Output Directory: output
2025-08-07 18:20:25,270 - __main__ - INFO -    Visualization Options: Lightweight Static Visualizations, Deepscatter Visualizations
2025-08-07 18:20:25,270 - cascadia - INFO - Enhanced logging initialized with level: INFO
2025-08-07 18:20:25,270 - __main__ - INFO - 🚀 Initializing Cascadia Agricultural Analysis Framework
2025-08-07 18:20:25,270 - __main__ - INFO - Enhanced logging initialized: output/cascadia_analysis.log
2025-08-07 18:20:25,276 - utils.setup_manager - INFO - Loaded analysis configuration from config/analysis_config.yaml
2025-08-07 18:20:25,276 - __main__ - INFO - Target counties: {'CA': ['Del Norte']}
2025-08-07 18:20:25,276 - __main__ - INFO - Active modules: ['zoning', 'current_use', 'ownership', 'improvements']
2025-08-07 18:20:25,276 - utils.data_processor - INFO - 🔧 Creating shared backend for all modules...
2025-08-07 18:20:26,049 - geo_infer_place.core.unified_backend - INFO - Successfully initialized H3DataLoader from GEO-INFER-SPACE.
2025-08-07 18:20:26,049 - geo_infer_place.core.unified_backend - INFO - Loading region data from cache: output/data/cache/region_cache_4e2b5626c8c4ca7a05c736003fae87ed.json
2025-08-07 18:20:26,049 - geo_infer_place.core.unified_backend - INFO - ✅ Loaded 7749 hexagons from cache
2025-08-07 18:20:26,049 - geo_infer_place.core.unified_backend - INFO - Using cached region data
2025-08-07 18:20:26,605 - geo_infer_space.core.unified_backend - INFO - Successfully initialized H3DataLoader from GEO-INFER-SPACE.
2025-08-07 18:20:26,606 - geo_infer_place.core.unified_backend - ERROR - No county geometries could be loaded or defined. Cannot define a target region.
2025-08-07 18:20:26,606 - geo_infer_space.core.unified_backend - INFO - UnifiedH3Backend initialized for 'Cascadia' with 0 active modules at H3 resolution 8
2025-08-07 18:20:26,606 - geo_infer_space.core.unified_backend - INFO - Active modules: []
2025-08-07 18:20:26,606 - geo_infer_space.core.unified_backend - INFO - Defined 0 total target hexagons across 0 areas.
2025-08-07 18:20:26,606 - geo_infer_space.utils.config_loader - INFO - Config loader initialized with directory: /Users/4d/Documents/GitHub/GEO-INFER/GEO-INFER-SPACE/src/config
2025-08-07 18:20:26,606 - geo_infer_space.utils.config_loader - WARNING - Location config not found: /Users/4d/Documents/GitHub/GEO-INFER/GEO-INFER-SPACE/src/config/cascadia.yaml
2025-08-07 18:20:26,606 - geo_infer_space.utils.config_loader - DEBUG - Configuration validation passed
2025-08-07 18:20:26,606 - geo_infer_place.core.unified_backend - INFO - ✅ Cascadia configuration loaded successfully
2025-08-07 18:20:26,606 - geo_infer_place.core.unified_backend - INFO - Loading county geometries with boundary loader...
2025-08-07 18:20:26,613 - county_boundary_loader - INFO - Loaded county boundaries configuration from /Users/4d/Documents/GitHub/GEO-INFER/GEO-INFER-PLACE/locations/cascadia/config/county_boundaries.yaml
2025-08-07 18:20:26,613 - county_boundary_loader - INFO - Loaded GeoJSON geometry for ca_del_norte from /Users/4d/Documents/GitHub/GEO-INFER/GEO-INFER-PLACE/locations/cascadia/config/ca_del_norte_boundary.geojson
2025-08-07 18:20:26,613 - geo_infer_place.core.unified_backend - INFO - Successfully loaded county geometries using boundary loader
2025-08-07 18:20:26,613 - geo_infer_place.core.unified_backend - INFO - Generating hexagons for Del_Norte, CA using SPACE utilities...
2025-08-07 18:20:26,613 - geo_infer_place.core.unified_backend - DEBUG - Geometry type: <class 'dict'>, Geometry: {'type': 'Polygon', 'coordinates': [[[-124.5, 41.4], [-124.5, 42.0], [-123.5, 42.0], [-123.5, 41.4], [-124.5, 41.4]]]}
2025-08-07 18:20:26,618 - geo_infer_place.core.unified_backend - INFO - Generated 7749 hexagons for Del_Norte, CA
2025-08-07 18:20:26,620 - geo_infer_place.core.unified_backend - INFO - ✅ Generated 7749 H3 hexagons using SPACE utilities
2025-08-07 18:20:26,620 - geo_infer_place.core.unified_backend - INFO - Enhanced CascadianAgriculturalH3Backend initialized for 'Cascadia' with 0 active modules at H3 resolution 8
2025-08-07 18:20:26,620 - geo_infer_place.core.unified_backend - INFO - Active modules: []
2025-08-07 18:20:26,620 - geo_infer_place.core.unified_backend - INFO - Defined 7749 total target hexagons across 1 states.
2025-08-07 18:20:26,620 - geo_infer_place.core.unified_backend - INFO - SPACE integration: Spatial processor, data integrator, and visualization engine available
2025-08-07 18:20:26,620 - utils.data_processor - INFO - ✅ Shared backend created with 7749 target hexagons
2025-08-07 18:20:26,620 - utils.enhanced_data_manager - INFO - Enhanced Data Manager initialized with H3 resolution 8
2025-08-07 18:20:26,620 - utils.enhanced_data_manager - INFO - SPACE H3 utilities available: True
2025-08-07 18:20:26,620 - utils.enhanced_h3_fusion - INFO - Enhanced H3 Fusion initialized with resolution 8
2025-08-07 18:20:26,620 - utils.enhanced_h3_fusion - INFO - SPACE H3 utilities available: True
2025-08-07 18:20:26,621 - utils.enhanced_h3_fusion - INFO - Spatial analysis enabled: False
2025-08-07 18:20:26,621 - utils.enhanced_h3_fusion - INFO - Fusion cache directory: output/data/cache/fusion
2025-08-07 18:20:26,621 - selenium.webdriver.common.selenium_manager - DEBUG - Selenium Manager binary found at: /Users/4d/.pyenv/versions/3.12.11/lib/python3.12/site-packages/selenium/webdriver/common/macos/selenium-manager
2025-08-07 18:20:26,621 - selenium.webdriver.common.selenium_manager - DEBUG - Executing process: /Users/4d/.pyenv/versions/3.12.11/lib/python3.12/site-packages/selenium/webdriver/common/macos/selenium-manager --browser chrome --debug --language-binding python --output json
2025-08-07 18:20:26,703 - selenium.webdriver.common.selenium_manager - DEBUG - chromedriver not found in PATH
2025-08-07 18:20:26,703 - selenium.webdriver.common.selenium_manager - DEBUG - chrome detected at /Applications/Google Chrome.app/Contents/MacOS/Google Chrome
2025-08-07 18:20:26,703 - selenium.webdriver.common.selenium_manager - DEBUG - Running command: /Applications/Google\ Chrome.app/Contents/MacOS/Google\ Chrome --version
2025-08-07 18:20:26,703 - selenium.webdriver.common.selenium_manager - DEBUG - Output: "Google Chrome 139.0.7258.66 "
2025-08-07 18:20:26,703 - selenium.webdriver.common.selenium_manager - DEBUG - Detected browser: chrome 139.0.7258.66
2025-08-07 18:20:26,703 - selenium.webdriver.common.selenium_manager - DEBUG - Required driver: chromedriver 139.0.7258.66
2025-08-07 18:20:26,703 - selenium.webdriver.common.selenium_manager - DEBUG - chromedriver 139.0.7258.66 already in the cache
2025-08-07 18:20:26,703 - selenium.webdriver.common.selenium_manager - DEBUG - Driver path: /Users/4d/.cache/selenium/chromedriver/mac-arm64/139.0.7258.66/chromedriver
2025-08-07 18:20:26,703 - selenium.webdriver.common.selenium_manager - DEBUG - Browser path: /Applications/Google Chrome.app/Contents/MacOS/Google Chrome
2025-08-07 18:20:26,707 - selenium.webdriver.common.service - DEBUG - Started executable: `/Users/4d/.cache/selenium/chromedriver/mac-arm64/139.0.7258.66/chromedriver` in a child process with pid: 54784 using 0 to output -3
2025-08-07 18:20:26,721 - selenium.webdriver.remote.remote_connection - DEBUG - POST http://localhost:52834/session {'capabilities': {'firstMatch': [{}], 'alwaysMatch': {'browserName': 'chrome', 'pageLoadStrategy': <PageLoadStrategy.normal: 'normal'>, 'browserVersion': None, 'goog:chromeOptions': {'extensions': [], 'binary': '/Applications/Google Chrome.app/Contents/MacOS/Google Chrome', 'args': ['--headless', '--no-sandbox', '--disable-dev-shm-usage', '--disable-gpu', '--window-size=1920,1080']}}}}
2025-08-07 18:20:26,721 - urllib3.connectionpool - DEBUG - Starting new HTTP connection (1): localhost:52834
2025-08-07 18:20:27,037 - urllib3.connectionpool - DEBUG - http://localhost:52834 "POST /session HTTP/1.1" 200 890
2025-08-07 18:20:27,038 - selenium.webdriver.remote.remote_connection - DEBUG - Remote response: status=200 | data={"value":{"capabilities":{"acceptInsecureCerts":false,"browserName":"chrome","browserVersion":"139.0.7258.66","chrome":{"chromedriverVersion":"139.0.7258.66 (a62d329947691f76c376a873eae39f56381103c8-refs/branch-heads/7258@{#2226})","userDataDir":"/var/folders/vc/rgmbpjpj0dbg61vr54xjskc80000gn/T/.org.chromium.Chromium.pidGva"},"fedcm:accounts":true,"goog:chromeOptions":{"debuggerAddress":"localhost:52839"},"networkConnectionEnabled":false,"pageLoadStrategy":"normal","platformName":"mac","proxy":{},"setWindowRect":true,"strictFileInteractability":false,"timeouts":{"implicit":0,"pageLoad":300000,"script":30000},"unhandledPromptBehavior":"dismiss and notify","webauthn:extension:credBlob":true,"webauthn:extension:largeBlob":true,"webauthn:extension:minPinLength":true,"webauthn:extension:prf":true,"webauthn:virtualAuthenticators":true},"sessionId":"81be5a7229ca763ee3935dd7fc319c13"}} | headers=HTTPHeaderDict({'Content-Length': '890', 'Content-Type': 'application/json; charset=utf-8', 'cache-control': 'no-cache'})
2025-08-07 18:20:27,038 - selenium.webdriver.remote.remote_connection - DEBUG - Finished Request
2025-08-07 18:20:27,038 - selenium.webdriver.remote.remote_connection - DEBUG - POST http://localhost:52834/session/81be5a7229ca763ee3935dd7fc319c13/timeouts {'implicit': 10000}
2025-08-07 18:20:27,038 - urllib3.connectionpool - DEBUG - http://localhost:52834 "POST /session/81be5a7229ca763ee3935dd7fc319c13/timeouts HTTP/1.1" 200 14
2025-08-07 18:20:27,039 - selenium.webdriver.remote.remote_connection - DEBUG - Remote response: status=200 | data={"value":null} | headers=HTTPHeaderDict({'Content-Length': '14', 'Content-Type': 'application/json; charset=utf-8', 'cache-control': 'no-cache'})
2025-08-07 18:20:27,039 - selenium.webdriver.remote.remote_connection - DEBUG - Finished Request
2025-08-07 18:20:27,039 - utils.real_data_acquisition - INFO - Web driver initialized successfully
2025-08-07 18:20:27,039 - utils.real_data_acquisition - INFO - Real Data Acquisition system initialized
2025-08-07 18:20:27,039 - utils.comprehensive_visualization - INFO - Comprehensive Visualization Engine initialized
2025-08-07 18:20:27,039 - utils.enhanced_h3_fusion - INFO - ✅ H3 operations validation completed successfully
2025-08-07 18:20:27,039 - __main__ - INFO - H3 validation result: {'h3_api_version': '4.x', 'space_integration': True, 'operations_tested': ['latlng_to_cell', 'cell_to_latlng', 'cell_to_latlng_boundary', 'geo_to_cells', 'grid_disk', 'cell_area', 'is_valid_cell'], 'errors': [], 'warnings': []}
2025-08-07 18:20:27,039 - zoning.geo_infer_zoning - INFO - Initialized GeoInferZoning module with real OSC H3 v4 integration.
2025-08-07 18:20:27,039 - __main__ - INFO - ✅ Zoning module initialized with enhanced data management
2025-08-07 18:20:27,040 - current_use.data_sources - INFO - Initialized CascadianCurrentUseDataSources
2025-08-07 18:20:27,040 - current_use.geo_infer_current_use - INFO - Initialized GeoInferCurrentUse module with real OSC H3 v4 integration.
2025-08-07 18:20:27,040 - __main__ - INFO - ✅ Current use module initialized with enhanced data management
2025-08-07 18:20:27,040 - ownership.geo_infer_ownership - INFO - Initialized GeoInferOwnership module with real OSC H3 v4 integration.
2025-08-07 18:20:27,040 - __main__ - INFO - ✅ Ownership module initialized with enhanced data management
2025-08-07 18:20:27,040 - improvements.data_sources - INFO - Initialized CascadianImprovementsDataSources.
2025-08-07 18:20:27,040 - improvements.geo_infer_improvements - INFO - Initialized GeoInferImprovements module.
2025-08-07 18:20:27,040 - __main__ - INFO - ✅ Improvements module initialized with enhanced data management
2025-08-07 18:20:27,040 - __main__ - INFO - ✅ Updated shared backend with 4 active modules
2025-08-07 18:20:27,040 - __main__ - INFO - 🚀 Starting enhanced comprehensive analysis with real data acquisition and H3 geospatial fusion...
2025-08-07 18:20:27,040 - __main__ - INFO - 📊 Processing module: zoning
2025-08-07 18:20:27,040 - cascadia.processing.real_data_acquisition - INFO - 🚀 PROCESSING START - Zoning Data Acquisition
2025-08-07 18:20:27,040 - cascadia.processing.real_data_acquisition - INFO -    Module: real_data_acquisition
2025-08-07 18:20:27,040 - cascadia.processing.real_data_acquisition - INFO -    Parameters: {'sources': ['Del Norte County', 'California State']}
2025-08-07 18:20:27,040 - selenium.webdriver.remote.remote_connection - DEBUG - POST http://localhost:52834/session/81be5a7229ca763ee3935dd7fc319c13/url {'url': 'https://www.co.del-norte.ca.us/departments/planning-building'}
2025-08-07 18:20:29,019 - urllib3.connectionpool - DEBUG - http://localhost:52834 "POST /session/81be5a7229ca763ee3935dd7fc319c13/url HTTP/1.1" 200 14
2025-08-07 18:20:29,019 - selenium.webdriver.remote.remote_connection - DEBUG - Remote response: status=200 | data={"value":null} | headers=HTTPHeaderDict({'Content-Length': '14', 'Content-Type': 'application/json; charset=utf-8', 'cache-control': 'no-cache'})
2025-08-07 18:20:29,020 - selenium.webdriver.remote.remote_connection - DEBUG - Finished Request
2025-08-07 18:20:29,020 - selenium.webdriver.remote.remote_connection - DEBUG - POST http://localhost:52834/session/81be5a7229ca763ee3935dd7fc319c13/elements {'using': 'tag name', 'value': 'a'}
2025-08-07 18:20:29,025 - urllib3.connectionpool - DEBUG - http://localhost:52834 "POST /session/81be5a7229ca763ee3935dd7fc319c13/elements HTTP/1.1" 200 3521
2025-08-07 18:20:29,025 - selenium.webdriver.remote.remote_connection - DEBUG - Remote response: status=200 | data={"value":[{"element-6066-11e4-a52e-4f735466cecf":"f.0880363F913EC009C232AEBFFB70F207.d.53F9BAE649158D820B5331DD64334E60.e.63"},{"element-6066-11e4-a52e-4f735466cecf":"f.0880363F913EC009C232AEBFFB70F207.d.53F9BAE649158D820B5331DD64334E60.e.64"},{"element-6066-11e4-a52e-4f735466cecf":"f.0880363F913EC009C232AEBFFB70F207.d.53F9BAE649158D820B5331DD64334E60.e.65"},{"element-6066-11e4-a52e-4f735466cecf":"f.0880363F913EC009C232AEBFFB70F207.d.53F9BAE649158D820B5331DD64334E60.e.66"},{"element-6066-11e4-a52e-4f735466cecf":"f.0880363F913EC009C232AEBFFB70F207.d.53F9BAE649158D820B5331DD64334E60.e.67"},{"element-6066-11e4-a52e-4f735466cecf":"f.0880363F913EC009C232AEBFFB70F207.d.53F9BAE649158D820B5331DD64334E60.e.68"},{"element-6066-11e4-a52e-4f735466cecf":"f.0880363F913EC009C232AEBFFB70F207.d.53F9BAE649158D820B5331DD64334E60.e.69"},{"element-6066-11e4-a52e-4f735466cecf":"f.0880363F913EC009C232AEBFFB70F207.d.53F9BAE649158D820B5331DD64334E60.e.70"},{"element-6066-11e4-a52e-4f735466cecf":"f.0880363F913EC009C232AEBFFB70F207.d.53F9BAE649158D820B5331DD64334E60.e.71"},{"element-6066-11e4-a52e-4f735466cecf":"f.0880363F913EC009C232AEBFFB70F207.d.53F9BAE649158D820B5331DD64334E60.e.72"},{"element-6066-11e4-a52e-4f735466cecf":"f.0880363F913EC009C232AEBFFB70F207.d.53F9BAE649158D820B5331DD64334E60.e.73"},{"element-6066-11e4-a52e-4f735466cecf":"f.0880363F913EC009C232AEBFFB70F207.d.53F9BAE649158D820B5331DD64334E60.e.74"},{"element-6066-11e4-a52e-4f735466cecf":"f.0880363F913EC009C232AEBFFB70F207.d.53F9BAE649158D820B5331DD64334E60.e.75"},{"element-6066-11e4-a52e-4f735466cecf":"f.0880363F913EC009C232AEBFFB70F207.d.53F9BAE649158D820B5331DD64334E60.e.76"},{"element-6066-11e4-a52e-4f735466cecf":"f.0880363F913EC009C232AEBFFB70F207.d.53F9BAE649158D820B5331DD64334E60.e.77"},{"element-6066-11e4-a52e-4f735466cecf":"f.0880363F913EC009C232AEBFFB70F207.d.53F9BAE649158D820B5331DD64334E60.e.78"},{"element-6066-11e4-a52e-4f735466cecf":"f.0880363F913EC009C232AEBFFB70F207.d.53F9BAE649158D820B5331DD64334E60.e.79"},{"element-6066-11e4-a52e-4f735466cecf":"f.0880363F913EC009C232AEBFFB70F207.d.53F9BAE649158D820B5331DD64334E60.e.80"},{"element-6066-11e4-a52e-4f735466cecf":"f.0880363F913EC009C232AEBFFB70F207.d.53F9BAE649158D820B5331DD64334E60.e.81"},{"element-6066-11e4-a52e-4f735466cecf":"f.0880363F913EC009C232AEBFFB70F207.d.53F9BAE649158D820B5331DD64334E60.e.82"},{"element-6066-11e4-a52e-4f735466cecf":"f.0880363F913EC009C232AEBFFB70F207.d.53F9BAE649158D820B5331DD64334E60.e.83"},{"element-6066-11e4-a52e-4f735466cecf":"f.0880363F913EC009C232AEBFFB70F207.d.53F9BAE649158D820B5331DD64334E60.e.84"},{"element-6066-11e4-a52e-4f735466cecf":"f.0880363F913EC009C232AEBFFB70F207.d.53F9BAE649158D820B5331DD64334E60.e.85"},{"element-6066-11e4-a52e-4f735466cecf":"f.0880363F913EC009C232AEBFFB70F207.d.53F9BAE649158D820B5331DD64334E60.e.86"},{"element-6066-11e4-a52e-4f735466cecf":"f.0880363F913EC009C232AEBFFB70F207.d.53F9BAE649158D820B5331DD64334E60.e.87"},{"element-6066-11e4-a52e-4f735466cecf":"f.0880363F913EC009C232AEBFFB70F207.d.53F9BAE649158D820B5331DD64334E60.e.88"},{"element-6066-11e4-a52e-4f735466cecf":"f.0880363F913EC009C232AEBFFB70F207.d.53F9BAE649158D820B5331DD64334E60.e.89"},{"element-6066-11e4-a52e-4f735466cecf":"f.0880363F913EC009C232AEBFFB70F207.d.53F9BAE649158D820B5331DD64334E60.e.90"},{"element-6066-11e4-a52e-4f735466cecf":"f.0880363F913EC009C232AEBFFB70F207.d.53F9BAE649158D820B5331DD64334E60.e.91"},{"element-6066-11e4-a52e-4f735466cecf":"f.0880363F913EC009C232AEBFFB70F207.d.53F9BAE649158D820B5331DD64334E60.e.92"}]} | headers=HTTPHeaderDict({'Content-Length': '3521', 'Content-Type': 'application/json; charset=utf-8', 'cache-control': 'no-cache'})
2025-08-07 18:20:29,025 - selenium.webdriver.remote.remote_connection - DEBUG - Finished Request
2025-08-07 18:20:29,025 - selenium.webdriver.remote.remote_connection - DEBUG - GET http://localhost:52834/session/81be5a7229ca763ee3935dd7fc319c13/element/f.0880363F913EC009C232AEBFFB70F207.d.53F9BAE649158D820B5331DD64334E60.e.63/text {}
2025-08-07 18:20:29,030 - urllib3.connectionpool - DEBUG - http://localhost:52834 "GET /session/81be5a7229ca763ee3935dd7fc319c13/element/f.0880363F913EC009C232AEBFFB70F207.d.53F9BAE649158D820B5331DD64334E60.e.63/text HTTP/1.1" 200 12
2025-08-07 18:20:29,030 - selenium.webdriver.remote.remote_connection - DEBUG - Remote response: status=200 | data={"value":""} | headers=HTTPHeaderDict({'Content-Length': '12', 'Content-Type': 'application/json; charset=utf-8', 'cache-control': 'no-cache'})
2025-08-07 18:20:29,034 - selenium.webdriver.remote.remote_connection - DEBUG - Finished Request
2025-08-07 18:20:29,035 - selenium.webdriver.remote.remote_connection - DEBUG - GET http://localhost:52834/session/81be5a7229ca763ee3935dd7fc319c13/element/f.0880363F913EC009C232AEBFFB70F207.d.53F9BAE649158D820B5331DD64334E60.e.64/text {}
2025-08-07 18:20:29,038 - urllib3.connectionpool - DEBUG - http://localhost:52834 "GET /session/81be5a7229ca763ee3935dd7fc319c13/element/f.0880363F913EC009C232AEBFFB70F207.d.53F9BAE649158D820B5331DD64334E60.e.64/text HTTP/1.1" 200 12
2025-08-07 18:20:29,039 - selenium.webdriver.remote.remote_connection - DEBUG - Remote response: status=200 | data={"value":""} | headers=HTTPHeaderDict({'Content-Length': '12', 'Content-Type': 'application/json; charset=utf-8', 'cache-control': 'no-cache'})
2025-08-07 18:20:29,039 - selenium.webdriver.remote.remote_connection - DEBUG - Finished Request
2025-08-07 18:20:29,039 - selenium.webdriver.remote.remote_connection - DEBUG - GET http://localhost:52834/session/81be5a7229ca763ee3935dd7fc319c13/element/f.0880363F913EC009C232AEBFFB70F207.d.53F9BAE649158D820B5331DD64334E60.e.65/text {}
2025-08-07 18:20:29,041 - urllib3.connectionpool - DEBUG - http://localhost:52834 "GET /session/81be5a7229ca763ee3935dd7fc319c13/element/f.0880363F913EC009C232AEBFFB70F207.d.53F9BAE649158D820B5331DD64334E60.e.65/text HTTP/1.1" 200 12
2025-08-07 18:20:29,041 - selenium.webdriver.remote.remote_connection - DEBUG - Remote response: status=200 | data={"value":""} | headers=HTTPHeaderDict({'Content-Length': '12', 'Content-Type': 'application/json; charset=utf-8', 'cache-control': 'no-cache'})
2025-08-07 18:20:29,041 - selenium.webdriver.remote.remote_connection - DEBUG - Finished Request
2025-08-07 18:20:29,041 - selenium.webdriver.remote.remote_connection - DEBUG - GET http://localhost:52834/session/81be5a7229ca763ee3935dd7fc319c13/element/f.0880363F913EC009C232AEBFFB70F207.d.53F9BAE649158D820B5331DD64334E60.e.66/text {}
2025-08-07 18:20:29,044 - urllib3.connectionpool - DEBUG - http://localhost:52834 "GET /session/81be5a7229ca763ee3935dd7fc319c13/element/f.0880363F913EC009C232AEBFFB70F207.d.53F9BAE649158D820B5331DD64334E60.e.66/text HTTP/1.1" 200 12
2025-08-07 18:20:29,044 - selenium.webdriver.remote.remote_connection - DEBUG - Remote response: status=200 | data={"value":""} | headers=HTTPHeaderDict({'Content-Length': '12', 'Content-Type': 'application/json; charset=utf-8', 'cache-control': 'no-cache'})
2025-08-07 18:20:29,044 - selenium.webdriver.remote.remote_connection - DEBUG - Finished Request
2025-08-07 18:20:29,044 - selenium.webdriver.remote.remote_connection - DEBUG - GET http://localhost:52834/session/81be5a7229ca763ee3935dd7fc319c13/element/f.0880363F913EC009C232AEBFFB70F207.d.53F9BAE649158D820B5331DD64334E60.e.67/text {}
2025-08-07 18:20:29,047 - urllib3.connectionpool - DEBUG - http://localhost:52834 "GET /session/81be5a7229ca763ee3935dd7fc319c13/element/f.0880363F913EC009C232AEBFFB70F207.d.53F9BAE649158D820B5331DD64334E60.e.67/text HTTP/1.1" 200 12
2025-08-07 18:20:29,047 - selenium.webdriver.remote.remote_connection - DEBUG - Remote response: status=200 | data={"value":""} | headers=HTTPHeaderDict({'Content-Length': '12', 'Content-Type': 'application/json; charset=utf-8', 'cache-control': 'no-cache'})
2025-08-07 18:20:29,047 - selenium.webdriver.remote.remote_connection - DEBUG - Finished Request
2025-08-07 18:20:29,047 - selenium.webdriver.remote.remote_connection - DEBUG - GET http://localhost:52834/session/81be5a7229ca763ee3935dd7fc319c13/element/f.0880363F913EC009C232AEBFFB70F207.d.53F9BAE649158D820B5331DD64334E60.e.68/text {}
2025-08-07 18:20:29,050 - urllib3.connectionpool - DEBUG - http://localhost:52834 "GET /session/81be5a7229ca763ee3935dd7fc319c13/element/f.0880363F913EC009C232AEBFFB70F207.d.53F9BAE649158D820B5331DD64334E60.e.68/text HTTP/1.1" 200 12
2025-08-07 18:20:29,050 - selenium.webdriver.remote.remote_connection - DEBUG - Remote response: status=200 | data={"value":""} | headers=HTTPHeaderDict({'Content-Length': '12', 'Content-Type': 'application/json; charset=utf-8', 'cache-control': 'no-cache'})
2025-08-07 18:20:29,050 - selenium.webdriver.remote.remote_connection - DEBUG - Finished Request
2025-08-07 18:20:29,050 - selenium.webdriver.remote.remote_connection - DEBUG - GET http://localhost:52834/session/81be5a7229ca763ee3935dd7fc319c13/element/f.0880363F913EC009C232AEBFFB70F207.d.53F9BAE649158D820B5331DD64334E60.e.69/text {}
2025-08-07 18:20:29,053 - urllib3.connectionpool - DEBUG - http://localhost:52834 "GET /session/81be5a7229ca763ee3935dd7fc319c13/element/f.0880363F913EC009C232AEBFFB70F207.d.53F9BAE649158D820B5331DD64334E60.e.69/text HTTP/1.1" 200 29
2025-08-07 18:20:29,053 - selenium.webdriver.remote.remote_connection - DEBUG - Remote response: status=200 | data={"value":"Planning Division"} | headers=HTTPHeaderDict({'Content-Length': '29', 'Content-Type': 'application/json; charset=utf-8', 'cache-control': 'no-cache'})
2025-08-07 18:20:29,053 - selenium.webdriver.remote.remote_connection - DEBUG - Finished Request
2025-08-07 18:20:29,053 - selenium.webdriver.remote.remote_connection - DEBUG - GET http://localhost:52834/session/81be5a7229ca763ee3935dd7fc319c13/element/f.0880363F913EC009C232AEBFFB70F207.d.53F9BAE649158D820B5331DD64334E60.e.70/text {}
2025-08-07 18:20:29,056 - urllib3.connectionpool - DEBUG - http://localhost:52834 "GET /session/81be5a7229ca763ee3935dd7fc319c13/element/f.0880363F913EC009C232AEBFFB70F207.d.53F9BAE649158D820B5331DD64334E60.e.70/text HTTP/1.1" 200 36
2025-08-07 18:20:29,056 - selenium.webdriver.remote.remote_connection - DEBUG - Remote response: status=200 | data={"value":"Accessory Dwelling Units"} | headers=HTTPHeaderDict({'Content-Length': '36', 'Content-Type': 'application/json; charset=utf-8', 'cache-control': 'no-cache'})
2025-08-07 18:20:29,056 - selenium.webdriver.remote.remote_connection - DEBUG - Finished Request
2025-08-07 18:20:29,056 - selenium.webdriver.remote.remote_connection - DEBUG - GET http://localhost:52834/session/81be5a7229ca763ee3935dd7fc319c13/element/f.0880363F913EC009C232AEBFFB70F207.d.53F9BAE649158D820B5331DD64334E60.e.71/text {}
2025-08-07 18:20:29,058 - urllib3.connectionpool - DEBUG - http://localhost:52834 "GET /session/81be5a7229ca763ee3935dd7fc319c13/element/f.0880363F913EC009C232AEBFFB70F207.d.53F9BAE649158D820B5331DD64334E60.e.71/text HTTP/1.1" 200 34
2025-08-07 18:20:29,058 - selenium.webdriver.remote.remote_connection - DEBUG - Remote response: status=200 | data={"value":"Bid/Proposal Documents"} | headers=HTTPHeaderDict({'Content-Length': '34', 'Content-Type': 'application/json; charset=utf-8', 'cache-control': 'no-cache'})
2025-08-07 18:20:29,058 - selenium.webdriver.remote.remote_connection - DEBUG - Finished Request
2025-08-07 18:20:29,058 - selenium.webdriver.remote.remote_connection - DEBUG - GET http://localhost:52834/session/81be5a7229ca763ee3935dd7fc319c13/element/f.0880363F913EC009C232AEBFFB70F207.d.53F9BAE649158D820B5331DD64334E60.e.72/text {}
2025-08-07 18:20:29,061 - urllib3.connectionpool - DEBUG - http://localhost:52834 "GET /session/81be5a7229ca763ee3935dd7fc319c13/element/f.0880363F913EC009C232AEBFFB70F207.d.53F9BAE649158D820B5331DD64334E60.e.72/text HTTP/1.1" 200 21
2025-08-07 18:20:29,061 - selenium.webdriver.remote.remote_connection - DEBUG - Remote response: status=200 | data={"value":"Documents"} | headers=HTTPHeaderDict({'Content-Length': '21', 'Content-Type': 'application/json; charset=utf-8', 'cache-control': 'no-cache'})
2025-08-07 18:20:29,061 - selenium.webdriver.remote.remote_connection - DEBUG - Finished Request
2025-08-07 18:20:29,061 - selenium.webdriver.remote.remote_connection - DEBUG - GET http://localhost:52834/session/81be5a7229ca763ee3935dd7fc319c13/element/f.0880363F913EC009C232AEBFFB70F207.d.53F9BAE649158D820B5331DD64334E60.e.73/text {}
2025-08-07 18:20:29,064 - urllib3.connectionpool - DEBUG - http://localhost:52834 "GET /session/81be5a7229ca763ee3935dd7fc319c13/element/f.0880363F913EC009C232AEBFFB70F207.d.53F9BAE649158D820B5331DD64334E60.e.73/text HTTP/1.1" 200 30
2025-08-07 18:20:29,064 - selenium.webdriver.remote.remote_connection - DEBUG - Remote response: status=200 | data={"value":"Forms and Handouts"} | headers=HTTPHeaderDict({'Content-Length': '30', 'Content-Type': 'application/json; charset=utf-8', 'cache-control': 'no-cache'})
2025-08-07 18:20:29,064 - selenium.webdriver.remote.remote_connection - DEBUG - Finished Request
2025-08-07 18:20:29,064 - selenium.webdriver.remote.remote_connection - DEBUG - GET http://localhost:52834/session/81be5a7229ca763ee3935dd7fc319c13/element/f.0880363F913EC009C232AEBFFB70F207.d.53F9BAE649158D820B5331DD64334E60.e.74/text {}
2025-08-07 18:20:29,066 - urllib3.connectionpool - DEBUG - http://localhost:52834 "GET /session/81be5a7229ca763ee3935dd7fc319c13/element/f.0880363F913EC009C232AEBFFB70F207.d.53F9BAE649158D820B5331DD64334E60.e.74/text HTTP/1.1" 200 29
2025-08-07 18:20:29,066 - selenium.webdriver.remote.remote_connection - DEBUG - Remote response: status=200 | data={"value":"Housing Resources"} | headers=HTTPHeaderDict({'Content-Length': '29', 'Content-Type': 'application/json; charset=utf-8', 'cache-control': 'no-cache'})
2025-08-07 18:20:29,066 - selenium.webdriver.remote.remote_connection - DEBUG - Finished Request
2025-08-07 18:20:29,066 - selenium.webdriver.remote.remote_connection - DEBUG - GET http://localhost:52834/session/81be5a7229ca763ee3935dd7fc319c13/element/f.0880363F913EC009C232AEBFFB70F207.d.53F9BAE649158D820B5331DD64334E60.e.75/text {}
2025-08-07 18:20:29,069 - urllib3.connectionpool - DEBUG - http://localhost:52834 "GET /session/81be5a7229ca763ee3935dd7fc319c13/element/f.0880363F913EC009C232AEBFFB70F207.d.53F9BAE649158D820B5331DD64334E60.e.75/text HTTP/1.1" 200 38
2025-08-07 18:20:29,069 - selenium.webdriver.remote.remote_connection - DEBUG - Remote response: status=200 | data={"value":"Planning Commission Agenda"} | headers=HTTPHeaderDict({'Content-Length': '38', 'Content-Type': 'application/json; charset=utf-8', 'cache-control': 'no-cache'})
2025-08-07 18:20:29,069 - selenium.webdriver.remote.remote_connection - DEBUG - Finished Request
2025-08-07 18:20:29,069 - selenium.webdriver.remote.remote_connection - DEBUG - GET http://localhost:52834/session/81be5a7229ca763ee3935dd7fc319c13/element/f.0880363F913EC009C232AEBFFB70F207.d.53F9BAE649158D820B5331DD64334E60.e.76/text {}
2025-08-07 18:20:29,071 - urllib3.connectionpool - DEBUG - http://localhost:52834 "GET /session/81be5a7229ca763ee3935dd7fc319c13/element/f.0880363F913EC009C232AEBFFB70F207.d.53F9BAE649158D820B5331DD64334E60.e.76/text HTTP/1.1" 200 40
2025-08-07 18:20:29,072 - selenium.webdriver.remote.remote_connection - DEBUG - Remote response: status=200 | data={"value":"Planning Commission Meetings"} | headers=HTTPHeaderDict({'Content-Length': '40', 'Content-Type': 'application/json; charset=utf-8', 'cache-control': 'no-cache'})
2025-08-07 18:20:29,072 - selenium.webdriver.remote.remote_connection - DEBUG - Finished Request
2025-08-07 18:20:29,072 - selenium.webdriver.remote.remote_connection - DEBUG - GET http://localhost:52834/session/81be5a7229ca763ee3935dd7fc319c13/element/f.0880363F913EC009C232AEBFFB70F207.d.53F9BAE649158D820B5331DD64334E60.e.77/text {}
2025-08-07 18:20:29,074 - urllib3.connectionpool - DEBUG - http://localhost:52834 "GET /session/81be5a7229ca763ee3935dd7fc319c13/element/f.0880363F913EC009C232AEBFFB70F207.d.53F9BAE649158D820B5331DD64334E60.e.77/text HTTP/1.1" 200 39
2025-08-07 18:20:29,074 - selenium.webdriver.remote.remote_connection - DEBUG - Remote response: status=200 | data={"value":"2022 - 2030 Housing Element"} | headers=HTTPHeaderDict({'Content-Length': '39', 'Content-Type': 'application/json; charset=utf-8', 'cache-control': 'no-cache'})
2025-08-07 18:20:29,074 - selenium.webdriver.remote.remote_connection - DEBUG - Finished Request
2025-08-07 18:20:29,074 - selenium.webdriver.remote.remote_connection - DEBUG - GET http://localhost:52834/session/81be5a7229ca763ee3935dd7fc319c13/element/f.0880363F913EC009C232AEBFFB70F207.d.53F9BAE649158D820B5331DD64334E60.e.78/text {}
2025-08-07 18:20:29,076 - urllib3.connectionpool - DEBUG - http://localhost:52834 "GET /session/81be5a7229ca763ee3935dd7fc319c13/element/f.0880363F913EC009C232AEBFFB70F207.d.53F9BAE649158D820B5331DD64334E60.e.78/text HTTP/1.1" 200 51
2025-08-07 18:20:29,076 - selenium.webdriver.remote.remote_connection - DEBUG - Remote response: status=200 | data={"value":"2022 - 2030 Housing Element Information"} | headers=HTTPHeaderDict({'Content-Length': '51', 'Content-Type': 'application/json; charset=utf-8', 'cache-control': 'no-cache'})
2025-08-07 18:20:29,076 - selenium.webdriver.remote.remote_connection - DEBUG - Finished Request
2025-08-07 18:20:29,076 - selenium.webdriver.remote.remote_connection - DEBUG - GET http://localhost:52834/session/81be5a7229ca763ee3935dd7fc319c13/element/f.0880363F913EC009C232AEBFFB70F207.d.53F9BAE649158D820B5331DD64334E60.e.79/text {}
2025-08-07 18:20:29,079 - urllib3.connectionpool - DEBUG - http://localhost:52834 "GET /session/81be5a7229ca763ee3935dd7fc319c13/element/f.0880363F913EC009C232AEBFFB70F207.d.53F9BAE649158D820B5331DD64334E60.e.79/text HTTP/1.1" 200 83
2025-08-07 18:20:29,079 - selenium.webdriver.remote.remote_connection - DEBUG - Remote response: status=200 | data={"value":"SB 35 Streamlined Multifamily Review and SB 330 Preliminary Application"} | headers=HTTPHeaderDict({'Content-Length': '83', 'Content-Type': 'application/json; charset=utf-8', 'cache-control': 'no-cache'})
2025-08-07 18:20:29,079 - selenium.webdriver.remote.remote_connection - DEBUG - Finished Request
2025-08-07 18:20:29,079 - selenium.webdriver.remote.remote_connection - DEBUG - GET http://localhost:52834/session/81be5a7229ca763ee3935dd7fc319c13/element/f.0880363F913EC009C232AEBFFB70F207.d.53F9BAE649158D820B5331DD64334E60.e.80/text {}
2025-08-07 18:20:29,081 - urllib3.connectionpool - DEBUG - http://localhost:52834 "GET /session/81be5a7229ca763ee3935dd7fc319c13/element/f.0880363F913EC009C232AEBFFB70F207.d.53F9BAE649158D820B5331DD64334E60.e.80/text HTTP/1.1" 200 25
2025-08-07 18:20:29,081 - selenium.webdriver.remote.remote_connection - DEBUG - Remote response: status=200 | data={"value":"Website Links"} | headers=HTTPHeaderDict({'Content-Length': '25', 'Content-Type': 'application/json; charset=utf-8', 'cache-control': 'no-cache'})
2025-08-07 18:20:29,081 - selenium.webdriver.remote.remote_connection - DEBUG - Finished Request
2025-08-07 18:20:29,081 - selenium.webdriver.remote.remote_connection - DEBUG - GET http://localhost:52834/session/81be5a7229ca763ee3935dd7fc319c13/element/f.0880363F913EC009C232AEBFFB70F207.d.53F9BAE649158D820B5331DD64334E60.e.81/text {}
2025-08-07 18:20:29,083 - urllib3.connectionpool - DEBUG - http://localhost:52834 "GET /session/81be5a7229ca763ee3935dd7fc319c13/element/f.0880363F913EC009C232AEBFFB70F207.d.53F9BAE649158D820B5331DD64334E60.e.81/text HTTP/1.1" 200 12
2025-08-07 18:20:29,084 - selenium.webdriver.remote.remote_connection - DEBUG - Remote response: status=200 | data={"value":""} | headers=HTTPHeaderDict({'Content-Length': '12', 'Content-Type': 'application/json; charset=utf-8', 'cache-control': 'no-cache'})
2025-08-07 18:20:29,084 - selenium.webdriver.remote.remote_connection - DEBUG - Finished Request
2025-08-07 18:20:29,084 - selenium.webdriver.remote.remote_connection - DEBUG - GET http://localhost:52834/session/81be5a7229ca763ee3935dd7fc319c13/element/f.0880363F913EC009C232AEBFFB70F207.d.53F9BAE649158D820B5331DD64334E60.e.82/text {}
2025-08-07 18:20:29,086 - urllib3.connectionpool - DEBUG - http://localhost:52834 "GET /session/81be5a7229ca763ee3935dd7fc319c13/element/f.0880363F913EC009C232AEBFFB70F207.d.53F9BAE649158D820B5331DD64334E60.e.82/text HTTP/1.1" 200 39
2025-08-07 18:20:29,086 - selenium.webdriver.remote.remote_connection - DEBUG - Remote response: status=200 | data={"value":"planning@co.del-norte.ca.us"} | headers=HTTPHeaderDict({'Content-Length': '39', 'Content-Type': 'application/json; charset=utf-8', 'cache-control': 'no-cache'})
2025-08-07 18:20:29,086 - selenium.webdriver.remote.remote_connection - DEBUG - Finished Request
2025-08-07 18:20:29,087 - selenium.webdriver.remote.remote_connection - DEBUG - GET http://localhost:52834/session/81be5a7229ca763ee3935dd7fc319c13/element/f.0880363F913EC009C232AEBFFB70F207.d.53F9BAE649158D820B5331DD64334E60.e.83/text {}
2025-08-07 18:20:29,089 - urllib3.connectionpool - DEBUG - http://localhost:52834 "GET /session/81be5a7229ca763ee3935dd7fc319c13/element/f.0880363F913EC009C232AEBFFB70F207.d.53F9BAE649158D820B5331DD64334E60.e.83/text HTTP/1.1" 200 32
2025-08-07 18:20:29,089 - selenium.webdriver.remote.remote_connection - DEBUG - Remote response: status=200 | data={"value":"Phone (707) 464-7254"} | headers=HTTPHeaderDict({'Content-Length': '32', 'Content-Type': 'application/json; charset=utf-8', 'cache-control': 'no-cache'})
2025-08-07 18:20:29,089 - selenium.webdriver.remote.remote_connection - DEBUG - Finished Request
2025-08-07 18:20:29,089 - selenium.webdriver.remote.remote_connection - DEBUG - GET http://localhost:52834/session/81be5a7229ca763ee3935dd7fc319c13/element/f.0880363F913EC009C232AEBFFB70F207.d.53F9BAE649158D820B5331DD64334E60.e.84/text {}
2025-08-07 18:20:29,091 - urllib3.connectionpool - DEBUG - http://localhost:52834 "GET /session/81be5a7229ca763ee3935dd7fc319c13/element/f.0880363F913EC009C232AEBFFB70F207.d.53F9BAE649158D820B5331DD64334E60.e.84/text HTTP/1.1" 200 26
2025-08-07 18:20:29,091 - selenium.webdriver.remote.remote_connection - DEBUG - Remote response: status=200 | data={"value":"Get Directions"} | headers=HTTPHeaderDict({'Content-Length': '26', 'Content-Type': 'application/json; charset=utf-8', 'cache-control': 'no-cache'})
2025-08-07 18:20:29,091 - selenium.webdriver.remote.remote_connection - DEBUG - Finished Request
2025-08-07 18:20:29,091 - selenium.webdriver.remote.remote_connection - DEBUG - GET http://localhost:52834/session/81be5a7229ca763ee3935dd7fc319c13/element/f.0880363F913EC009C232AEBFFB70F207.d.53F9BAE649158D820B5331DD64334E60.e.85/text {}
2025-08-07 18:20:29,094 - urllib3.connectionpool - DEBUG - http://localhost:52834 "GET /session/81be5a7229ca763ee3935dd7fc319c13/element/f.0880363F913EC009C232AEBFFB70F207.d.53F9BAE649158D820B5331DD64334E60.e.85/text HTTP/1.1" 200 16
2025-08-07 18:20:29,094 - selenium.webdriver.remote.remote_connection - DEBUG - Remote response: status=200 | data={"value":"Home"} | headers=HTTPHeaderDict({'Content-Length': '16', 'Content-Type': 'application/json; charset=utf-8', 'cache-control': 'no-cache'})
2025-08-07 18:20:29,094 - selenium.webdriver.remote.remote_connection - DEBUG - Finished Request
2025-08-07 18:20:29,094 - selenium.webdriver.remote.remote_connection - DEBUG - GET http://localhost:52834/session/81be5a7229ca763ee3935dd7fc319c13/element/f.0880363F913EC009C232AEBFFB70F207.d.53F9BAE649158D820B5331DD64334E60.e.86/text {}
2025-08-07 18:20:29,097 - urllib3.connectionpool - DEBUG - http://localhost:52834 "GET /session/81be5a7229ca763ee3935dd7fc319c13/element/f.0880363F913EC009C232AEBFFB70F207.d.53F9BAE649158D820B5331DD64334E60.e.86/text HTTP/1.1" 200 23
2025-08-07 18:20:29,097 - selenium.webdriver.remote.remote_connection - DEBUG - Remote response: status=200 | data={"value":"Departments"} | headers=HTTPHeaderDict({'Content-Length': '23', 'Content-Type': 'application/json; charset=utf-8', 'cache-control': 'no-cache'})
2025-08-07 18:20:29,097 - selenium.webdriver.remote.remote_connection - DEBUG - Finished Request
2025-08-07 18:20:29,097 - selenium.webdriver.remote.remote_connection - DEBUG - GET http://localhost:52834/session/81be5a7229ca763ee3935dd7fc319c13/element/f.0880363F913EC009C232AEBFFB70F207.d.53F9BAE649158D820B5331DD64334E60.e.87/text {}
2025-08-07 18:20:29,099 - urllib3.connectionpool - DEBUG - http://localhost:52834 "GET /session/81be5a7229ca763ee3935dd7fc319c13/element/f.0880363F913EC009C232AEBFFB70F207.d.53F9BAE649158D820B5331DD64334E60.e.87/text HTTP/1.1" 200 29
2025-08-07 18:20:29,099 - selenium.webdriver.remote.remote_connection - DEBUG - Remote response: status=200 | data={"value":"Planning Division"} | headers=HTTPHeaderDict({'Content-Length': '29', 'Content-Type': 'application/json; charset=utf-8', 'cache-control': 'no-cache'})
2025-08-07 18:20:29,099 - selenium.webdriver.remote.remote_connection - DEBUG - Finished Request
2025-08-07 18:20:29,099 - selenium.webdriver.remote.remote_connection - DEBUG - GET http://localhost:52834/session/81be5a7229ca763ee3935dd7fc319c13/element/f.0880363F913EC009C232AEBFFB70F207.d.53F9BAE649158D820B5331DD64334E60.e.88/text {}
2025-08-07 18:20:29,102 - urllib3.connectionpool - DEBUG - http://localhost:52834 "GET /session/81be5a7229ca763ee3935dd7fc319c13/element/f.0880363F913EC009C232AEBFFB70F207.d.53F9BAE649158D820B5331DD64334E60.e.88/text HTTP/1.1" 200 46
2025-08-07 18:20:29,102 - selenium.webdriver.remote.remote_connection - DEBUG - Remote response: status=200 | data={"value":"Planning Commission Public Comment"} | headers=HTTPHeaderDict({'Content-Length': '46', 'Content-Type': 'application/json; charset=utf-8', 'cache-control': 'no-cache'})
2025-08-07 18:20:29,102 - selenium.webdriver.remote.remote_connection - DEBUG - Finished Request
2025-08-07 18:20:29,102 - selenium.webdriver.remote.remote_connection - DEBUG - GET http://localhost:52834/session/81be5a7229ca763ee3935dd7fc319c13/element/f.0880363F913EC009C232AEBFFB70F207.d.53F9BAE649158D820B5331DD64334E60.e.89/text {}
2025-08-07 18:20:29,104 - urllib3.connectionpool - DEBUG - http://localhost:52834 "GET /session/81be5a7229ca763ee3935dd7fc319c13/element/f.0880363F913EC009C232AEBFFB70F207.d.53F9BAE649158D820B5331DD64334E60.e.89/text HTTP/1.1" 200 49
2025-08-07 18:20:29,104 - selenium.webdriver.remote.remote_connection - DEBUG - Remote response: status=200 | data={"value":"981 H Street\nCrescent City, CA 95531"} | headers=HTTPHeaderDict({'Content-Length': '49', 'Content-Type': 'application/json; charset=utf-8', 'cache-control': 'no-cache'})
2025-08-07 18:20:29,104 - selenium.webdriver.remote.remote_connection - DEBUG - Finished Request
2025-08-07 18:20:29,104 - selenium.webdriver.remote.remote_connection - DEBUG - GET http://localhost:52834/session/81be5a7229ca763ee3935dd7fc319c13/element/f.0880363F913EC009C232AEBFFB70F207.d.53F9BAE649158D820B5331DD64334E60.e.90/text {}
2025-08-07 18:20:29,107 - urllib3.connectionpool - DEBUG - http://localhost:52834 "GET /session/81be5a7229ca763ee3935dd7fc319c13/element/f.0880363F913EC009C232AEBFFB70F207.d.53F9BAE649158D820B5331DD64334E60.e.90/text HTTP/1.1" 200 25
2025-08-07 18:20:29,107 - selenium.webdriver.remote.remote_connection - DEBUG - Remote response: status=200 | data={"value":"Accessibility"} | headers=HTTPHeaderDict({'Content-Length': '25', 'Content-Type': 'application/json; charset=utf-8', 'cache-control': 'no-cache'})
2025-08-07 18:20:29,107 - selenium.webdriver.remote.remote_connection - DEBUG - Finished Request
2025-08-07 18:20:29,107 - selenium.webdriver.remote.remote_connection - DEBUG - GET http://localhost:52834/session/81be5a7229ca763ee3935dd7fc319c13/element/f.0880363F913EC009C232AEBFFB70F207.d.53F9BAE649158D820B5331DD64334E60.e.91/text {}
2025-08-07 18:20:29,109 - urllib3.connectionpool - DEBUG - http://localhost:52834 "GET /session/81be5a7229ca763ee3935dd7fc319c13/element/f.0880363F913EC009C232AEBFFB70F207.d.53F9BAE649158D820B5331DD64334E60.e.91/text HTTP/1.1" 200 22
2025-08-07 18:20:29,109 - selenium.webdriver.remote.remote_connection - DEBUG - Remote response: status=200 | data={"value":"Contact Us"} | headers=HTTPHeaderDict({'Content-Length': '22', 'Content-Type': 'application/json; charset=utf-8', 'cache-control': 'no-cache'})
2025-08-07 18:20:29,109 - selenium.webdriver.remote.remote_connection - DEBUG - Finished Request
2025-08-07 18:20:29,109 - selenium.webdriver.remote.remote_connection - DEBUG - GET http://localhost:52834/session/81be5a7229ca763ee3935dd7fc319c13/element/f.0880363F913EC009C232AEBFFB70F207.d.53F9BAE649158D820B5331DD64334E60.e.92/text {}
2025-08-07 18:20:29,112 - urllib3.connectionpool - DEBUG - http://localhost:52834 "GET /session/81be5a7229ca763ee3935dd7fc319c13/element/f.0880363F913EC009C232AEBFFB70F207.d.53F9BAE649158D820B5331DD64334E60.e.92/text HTTP/1.1" 200 29
2025-08-07 18:20:29,112 - selenium.webdriver.remote.remote_connection - DEBUG - Remote response: status=200 | data={"value":"Website By EvoGov"} | headers=HTTPHeaderDict({'Content-Length': '29', 'Content-Type': 'application/json; charset=utf-8', 'cache-control': 'no-cache'})
2025-08-07 18:20:29,112 - selenium.webdriver.remote.remote_connection - DEBUG - Finished Request
2025-08-07 18:20:29,115 - urllib3.connectionpool - DEBUG - Starting new HTTPS connection (1): data.ca.gov:443
2025-08-07 18:20:29,626 - urllib3.connectionpool - DEBUG - https://data.ca.gov:443 "GET /api/3/action/package_show?id=zoning-data HTTP/1.1" 404 None
2025-08-07 18:20:29,627 - cascadia.data.real_data_acquisition - ERROR - ⚠️  FALLBACK DATA USED - Module: real_data_acquisition
2025-08-07 18:20:29,627 - cascadia.data.real_data_acquisition - ERROR -    Original Source: zoning_data_acquisition
2025-08-07 18:20:29,627 - cascadia.data.real_data_acquisition - ERROR -    Fallback Reason: No real zoning data available
2025-08-07 18:20:29,627 - cascadia.data.real_data_acquisition - ERROR -    Fallback Type: synthetic_zoning
2025-08-07 18:20:29,627 - cascadia.data.real_data_acquisition - ERROR -    Limitations: ['Using generated test data', 'No real zoning boundaries']
2025-08-07 18:20:29,666 - pyogrio._io - INFO - Created 50 records
2025-08-07 18:20:29,666 - __main__ - INFO - ⚠️ Using synthetic data for zoning
2025-08-07 18:20:29,666 - cascadia.processing.data_manager - INFO - 🚀 PROCESSING START - Data Acquisition
2025-08-07 18:20:29,666 - cascadia.processing.data_manager - INFO -    Module: data_manager
2025-08-07 18:20:29,666 - cascadia.processing.data_manager - INFO -    Parameters: {'module': 'zoning', 'force_refresh': False}
2025-08-07 18:20:29,667 - cascadia.data.data_manager - WARNING - 🧪 SYNTHETIC DATA GENERATED - Module: data_manager
2025-08-07 18:20:29,667 - cascadia.data.data_manager - WARNING -    Reason: Using cached synthetic data
2025-08-07 18:20:29,667 - cascadia.data.data_manager - WARNING -    Parameters: {'module': 'zoning', 'file_size_mb': 0.000732421875}
2025-08-07 18:20:29,667 - cascadia.data.data_manager - WARNING -    Row Count: 0
2025-08-07 18:20:29,667 - cascadia.data.data_manager - WARNING -    Coverage Area: 0.00 km²
2025-08-07 18:20:29,667 - cascadia.data.data_manager - WARNING -    Geometry Types: ['Unknown']
2025-08-07 18:20:29,667 - cascadia.processing.data_manager - INFO - ✅ PROCESSING COMPLETE - Data Acquisition
2025-08-07 18:20:29,667 - cascadia.processing.data_manager - INFO -    Duration: 0.00s
2025-08-07 18:20:29,667 - cascadia.processing.data_manager - INFO -    source: cached_synthetic
2025-08-07 18:20:29,667 - cascadia.processing.data_manager - INFO -    module: zoning
2025-08-07 18:20:29,667 - cascadia.processing.data_manager - INFO - 🚀 PROCESSING START - H3 Processing
2025-08-07 18:20:29,667 - cascadia.processing.data_manager - INFO -    Module: data_manager
2025-08-07 18:20:29,667 - cascadia.processing.data_manager - INFO -    Parameters: {'module': 'zoning', 'data_path': 'output/zoning/data/synthetic/synthetic_zoning_data.geojson', 'target_hexagons_count': 7749}
2025-08-07 18:20:29,670 - cascadia.processing.data_manager - INFO -    Step: H3 Processing
2025-08-07 18:20:29,670 - cascadia.processing.data_manager - INFO -      action: cache_invalid
2025-08-07 18:20:29,670 - cascadia.processing.data_manager - INFO -      module: zoning
2025-08-07 18:20:29,670 - cascadia.processing.data_manager - INFO -    Step: H3 Processing
2025-08-07 18:20:29,670 - cascadia.processing.data_manager - INFO -      action: processing_to_h3
2025-08-07 18:20:29,670 - cascadia.processing.data_manager - INFO -      module: zoning
2025-08-07 18:20:29,812 - utils.enhanced_data_manager - INFO - [zoning] ✅ Processed 2 features to 2584 H3 hexagons
2025-08-07 18:20:29,825 - cascadia.data.data_manager - INFO - 🔷 H3 PROCESSING - Module: data_manager
2025-08-07 18:20:29,825 - cascadia.data.data_manager - INFO -    Input Features: 2
2025-08-07 18:20:29,825 - cascadia.data.data_manager - INFO -    Output Hexagons: 2,584
2025-08-07 18:20:29,825 - cascadia.data.data_manager - INFO -    Coverage: 33.3%
2025-08-07 18:20:29,825 - cascadia.data.data_manager - INFO -    Processing Time: 0.16s
2025-08-07 18:20:29,825 - cascadia.processing.data_manager - INFO - ✅ PROCESSING COMPLETE - H3 Processing
2025-08-07 18:20:29,825 - cascadia.processing.data_manager - INFO -    Duration: 0.16s
2025-08-07 18:20:29,825 - cascadia.processing.data_manager - INFO -    source: new_processing
2025-08-07 18:20:29,825 - cascadia.processing.data_manager - INFO -    module: zoning
2025-08-07 18:20:29,825 - cascadia.processing.data_manager - INFO -    input_features: 2
2025-08-07 18:20:29,825 - cascadia.processing.data_manager - INFO -    output_hexagons: 2584
2025-08-07 18:20:29,828 - __main__ - INFO - 📋 zoning data quality: 0.00
2025-08-07 18:20:29,828 - __main__ - INFO - 📊 Processing module: current_use
2025-08-07 18:20:29,828 - cascadia.processing.real_data_acquisition - INFO - 🚀 PROCESSING START - Current Use Data Acquisition
2025-08-07 18:20:29,828 - cascadia.processing.real_data_acquisition - INFO -    Module: real_data_acquisition
2025-08-07 18:20:29,828 - cascadia.processing.real_data_acquisition - INFO -    Parameters: {'sources': ['USDA Cropland Data Layer', 'California Department of Conservation']}
2025-08-07 18:20:30,418 - cascadia.data.real_data_acquisition - ERROR - ⚠️  FALLBACK DATA USED - Module: real_data_acquisition
2025-08-07 18:20:30,418 - cascadia.data.real_data_acquisition - ERROR -    Original Source: current_use_data_acquisition
2025-08-07 18:20:30,418 - cascadia.data.real_data_acquisition - ERROR -    Fallback Reason: Exception: '/vsizip/output/real_data/usda_cropland_data.zip' not recognized as being in a supported file format.; It might help to specify the correct driver explicitly by prefixing the file path with '<DRIVER>:', e.g. 'CSV:path'.
2025-08-07 18:20:30,418 - cascadia.data.real_data_acquisition - ERROR -    Fallback Type: synthetic_current_use
2025-08-07 18:20:30,418 - cascadia.data.real_data_acquisition - ERROR -    Limitations: ['Data acquisition failed', 'Using generated test data']
2025-08-07 18:20:30,430 - pyogrio._io - INFO - Created 100 records
2025-08-07 18:20:30,430 - __main__ - INFO - ⚠️ Using synthetic data for current_use
2025-08-07 18:20:30,430 - cascadia.processing.data_manager - INFO - 🚀 PROCESSING START - Data Acquisition
2025-08-07 18:20:30,430 - cascadia.processing.data_manager - INFO -    Module: data_manager
2025-08-07 18:20:30,430 - cascadia.processing.data_manager - INFO -    Parameters: {'module': 'current_use', 'force_refresh': False}
2025-08-07 18:20:30,430 - cascadia.data.data_manager - WARNING - 🧪 SYNTHETIC DATA GENERATED - Module: data_manager
2025-08-07 18:20:30,430 - cascadia.data.data_manager - WARNING -    Reason: Using cached synthetic data
2025-08-07 18:20:30,430 - cascadia.data.data_manager - WARNING -    Parameters: {'module': 'current_use', 'file_size_mb': 0.0008020401000976562}
2025-08-07 18:20:30,430 - cascadia.data.data_manager - WARNING -    Row Count: 0
2025-08-07 18:20:30,430 - cascadia.data.data_manager - WARNING -    Coverage Area: 0.00 km²
2025-08-07 18:20:30,430 - cascadia.data.data_manager - WARNING -    Geometry Types: ['Unknown']
2025-08-07 18:20:30,430 - cascadia.processing.data_manager - INFO - ✅ PROCESSING COMPLETE - Data Acquisition
2025-08-07 18:20:30,430 - cascadia.processing.data_manager - INFO -    Duration: 0.00s
2025-08-07 18:20:30,430 - cascadia.processing.data_manager - INFO -    source: cached_synthetic
2025-08-07 18:20:30,430 - cascadia.processing.data_manager - INFO -    module: current_use
2025-08-07 18:20:30,430 - cascadia.processing.data_manager - INFO - 🚀 PROCESSING START - H3 Processing
2025-08-07 18:20:30,430 - cascadia.processing.data_manager - INFO -    Module: data_manager
2025-08-07 18:20:30,430 - cascadia.processing.data_manager - INFO -    Parameters: {'module': 'current_use', 'data_path': 'output/current_use/data/synthetic/synthetic_current_use_data.geojson', 'target_hexagons_count': 7749}
2025-08-07 18:20:30,434 - cascadia.processing.data_manager - INFO -    Step: H3 Processing
2025-08-07 18:20:30,434 - cascadia.processing.data_manager - INFO -      action: cache_invalid
2025-08-07 18:20:30,434 - cascadia.processing.data_manager - INFO -      module: current_use
2025-08-07 18:20:30,434 - cascadia.processing.data_manager - INFO -    Step: H3 Processing
2025-08-07 18:20:30,434 - cascadia.processing.data_manager - INFO -      action: processing_to_h3
2025-08-07 18:20:30,434 - cascadia.processing.data_manager - INFO -      module: current_use
2025-08-07 18:20:30,538 - utils.enhanced_data_manager - INFO - [current_use] ✅ Processed 2 features to 1551 H3 hexagons
2025-08-07 18:20:30,547 - cascadia.data.data_manager - INFO - 🔷 H3 PROCESSING - Module: data_manager
2025-08-07 18:20:30,547 - cascadia.data.data_manager - INFO -    Input Features: 2
2025-08-07 18:20:30,547 - cascadia.data.data_manager - INFO -    Output Hexagons: 1,551
2025-08-07 18:20:30,547 - cascadia.data.data_manager - INFO -    Coverage: 20.0%
2025-08-07 18:20:30,547 - cascadia.data.data_manager - INFO -    Processing Time: 0.12s
2025-08-07 18:20:30,547 - cascadia.processing.data_manager - INFO - ✅ PROCESSING COMPLETE - H3 Processing
2025-08-07 18:20:30,547 - cascadia.processing.data_manager - INFO -    Duration: 0.12s
2025-08-07 18:20:30,547 - cascadia.processing.data_manager - INFO -    source: new_processing
2025-08-07 18:20:30,547 - cascadia.processing.data_manager - INFO -    module: current_use
2025-08-07 18:20:30,547 - cascadia.processing.data_manager - INFO -    input_features: 2
2025-08-07 18:20:30,547 - cascadia.processing.data_manager - INFO -    output_hexagons: 1551
2025-08-07 18:20:30,549 - __main__ - INFO - 📋 current_use data quality: 0.00
2025-08-07 18:20:30,549 - __main__ - INFO - 📊 Processing module: ownership
2025-08-07 18:20:30,550 - __main__ - INFO - ✅ Using real data for ownership: ownership/data/empirical/empirical_ownership_data.geojson
2025-08-07 18:20:30,550 - cascadia.processing.data_manager - INFO - 🚀 PROCESSING START - H3 Processing
2025-08-07 18:20:30,550 - cascadia.processing.data_manager - INFO -    Module: data_manager
2025-08-07 18:20:30,550 - cascadia.processing.data_manager - INFO -    Parameters: {'module': 'ownership', 'data_path': 'ownership/data/empirical/empirical_ownership_data.geojson', 'target_hexagons_count': 7749}
2025-08-07 18:20:30,551 - cascadia.processing.data_manager - INFO -    Step: H3 Processing
2025-08-07 18:20:30,551 - cascadia.processing.data_manager - INFO -      action: cache_invalid
2025-08-07 18:20:30,551 - cascadia.processing.data_manager - INFO -      module: ownership
2025-08-07 18:20:30,551 - cascadia.processing.data_manager - INFO -    Step: H3 Processing
2025-08-07 18:20:30,551 - cascadia.processing.data_manager - INFO -      action: processing_to_h3
2025-08-07 18:20:30,551 - cascadia.processing.data_manager - INFO -      module: ownership
2025-08-07 18:20:30,589 - utils.enhanced_data_manager - INFO - [ownership] ✅ Processed 50 features to 594 H3 hexagons
2025-08-07 18:20:30,593 - cascadia.data.data_manager - INFO - 🔷 H3 PROCESSING - Module: data_manager
2025-08-07 18:20:30,593 - cascadia.data.data_manager - INFO -    Input Features: 50
2025-08-07 18:20:30,593 - cascadia.data.data_manager - INFO -    Output Hexagons: 594
2025-08-07 18:20:30,593 - cascadia.data.data_manager - INFO -    Coverage: 7.7%
2025-08-07 18:20:30,593 - cascadia.data.data_manager - INFO -    Processing Time: 0.04s
2025-08-07 18:20:30,593 - cascadia.processing.data_manager - INFO - ✅ PROCESSING COMPLETE - H3 Processing
2025-08-07 18:20:30,593 - cascadia.processing.data_manager - INFO -    Duration: 0.04s
2025-08-07 18:20:30,593 - cascadia.processing.data_manager - INFO -    source: new_processing
2025-08-07 18:20:30,593 - cascadia.processing.data_manager - INFO -    module: ownership
2025-08-07 18:20:30,593 - cascadia.processing.data_manager - INFO -    input_features: 50
2025-08-07 18:20:30,593 - cascadia.processing.data_manager - INFO -    output_hexagons: 594
2025-08-07 18:20:30,594 - __main__ - INFO - 📋 ownership data quality: 0.00
2025-08-07 18:20:30,594 - __main__ - INFO - 📊 Processing module: improvements
2025-08-07 18:20:30,594 - __main__ - INFO - ✅ Using real data for improvements: improvements/data/empirical/empirical_improvements_data.geojson
2025-08-07 18:20:30,594 - cascadia.processing.data_manager - INFO - 🚀 PROCESSING START - H3 Processing
2025-08-07 18:20:30,594 - cascadia.processing.data_manager - INFO -    Module: data_manager
2025-08-07 18:20:30,594 - cascadia.processing.data_manager - INFO -    Parameters: {'module': 'improvements', 'data_path': 'improvements/data/empirical/empirical_improvements_data.geojson', 'target_hexagons_count': 7749}
2025-08-07 18:20:30,595 - cascadia.processing.data_manager - INFO -    Step: H3 Processing
2025-08-07 18:20:30,595 - cascadia.processing.data_manager - INFO -      action: cache_invalid
2025-08-07 18:20:30,595 - cascadia.processing.data_manager - INFO -      module: improvements
2025-08-07 18:20:30,595 - cascadia.processing.data_manager - INFO -    Step: H3 Processing
2025-08-07 18:20:30,595 - cascadia.processing.data_manager - INFO -      action: processing_to_h3
2025-08-07 18:20:30,595 - cascadia.processing.data_manager - INFO -      module: improvements
2025-08-07 18:20:30,605 - utils.enhanced_data_manager - INFO - [improvements] ✅ Processed 100 features to 49 H3 hexagons
2025-08-07 18:20:30,606 - cascadia.data.data_manager - INFO - 🔷 H3 PROCESSING - Module: data_manager
2025-08-07 18:20:30,606 - cascadia.data.data_manager - INFO -    Input Features: 100
2025-08-07 18:20:30,606 - cascadia.data.data_manager - INFO -    Output Hexagons: 49
2025-08-07 18:20:30,606 - cascadia.data.data_manager - INFO -    Coverage: 0.6%
2025-08-07 18:20:30,606 - cascadia.data.data_manager - INFO -    Processing Time: 0.01s
2025-08-07 18:20:30,606 - cascadia.processing.data_manager - INFO - ✅ PROCESSING COMPLETE - H3 Processing
2025-08-07 18:20:30,606 - cascadia.processing.data_manager - INFO -    Duration: 0.01s
2025-08-07 18:20:30,606 - cascadia.processing.data_manager - INFO -    source: new_processing
2025-08-07 18:20:30,606 - cascadia.processing.data_manager - INFO -    module: improvements
2025-08-07 18:20:30,606 - cascadia.processing.data_manager - INFO -    input_features: 100
2025-08-07 18:20:30,606 - cascadia.processing.data_manager - INFO -    output_hexagons: 49
2025-08-07 18:20:30,606 - __main__ - INFO - 📋 improvements data quality: 0.00
2025-08-07 18:20:30,606 - __main__ - INFO - 🔗 Performing enhanced H3 geospatial fusion...
2025-08-07 18:20:30,635 - utils.enhanced_h3_fusion - INFO - Loaded fusion cache: output/data/cache/fusion/fused_res8_3f5d22116bfb8caa.json (3298 hexes)
2025-08-07 18:20:30,635 - __main__ - INFO - 🔬 Running final analysis on fused data...
2025-08-07 18:20:30,643 - __main__ - INFO - Saved redevelopment scores cache: output/data/cache/scores/scores_3f5d22116bfb8caa.json
2025-08-07 18:20:30,690 - geo_infer_place.core.unified_backend - INFO - Calculating enhanced agricultural redevelopment potential scores with SPACE integration...
2025-08-07 18:20:30,797 - geo_infer_place.core.unified_backend - INFO - ✅ Calculated enhanced redevelopment scores for 7749 hexagons with SPACE integration.
2025-08-07 18:20:30,800 - __main__ - INFO - 🎨 Creating comprehensive visualizations...
2025-08-07 18:20:30,800 - cascadia.visualization.comprehensive_viz - INFO - 🎨 VISUALIZATION CREATED - Interactive H3 Map
2025-08-07 18:20:30,800 - cascadia.visualization.comprehensive_viz - INFO -    Module: comprehensive_viz
2025-08-07 18:20:30,800 - cascadia.visualization.comprehensive_viz - INFO -    Data Sources: ['zoning', 'current_use', 'ownership', 'improvements']
2025-08-07 18:20:30,800 - cascadia.visualization.comprehensive_viz - INFO -    Hexagon Count: 5,000
2025-08-07 18:20:30,800 - cascadia.visualization.comprehensive_viz - INFO -    Layers: ['zoning', 'current_use', 'ownership', 'improvements']
2025-08-07 18:20:30,800 - cascadia.visualization.comprehensive_viz - INFO -    Interactive Features: ['Layer Toggles', 'Data Filtering', 'Hexagon Selection', 'Export Capabilities', 'Real-time Analysis']
2025-08-07 18:20:33,573 - cascadia.visualization.comprehensive_viz - INFO - 🎨 VISUALIZATION CREATED - Interactive H3 Map
2025-08-07 18:20:33,573 - cascadia.visualization.comprehensive_viz - INFO -    Module: comprehensive_viz
2025-08-07 18:20:33,573 - cascadia.visualization.comprehensive_viz - INFO -    Data Sources: ['zoning', 'current_use', 'ownership', 'improvements']
2025-08-07 18:20:33,573 - cascadia.visualization.comprehensive_viz - INFO -    Hexagon Count: 5,000
2025-08-07 18:20:33,573 - cascadia.visualization.comprehensive_viz - INFO -    Layers: ['zoning', 'current_use', 'ownership', 'improvements']
2025-08-07 18:20:33,573 - cascadia.visualization.comprehensive_viz - INFO -    Interactive Features: ['Layer Toggles', 'Data Filtering', 'Hexagon Selection', 'Export Capabilities', 'Real-time Analysis']
2025-08-07 18:20:33,573 - utils.comprehensive_visualization - INFO - Interactive H3 map created: output/visualizations/interactive/cascadia_interactive_map.html
2025-08-07 18:20:34,252 - utils.comprehensive_visualization - INFO - Static visualizations created: 4 files
2025-08-07 18:20:34,620 - utils.comprehensive_visualization - INFO - Visualization data exported: 4 files
2025-08-07 18:20:34,622 - __main__ - INFO - ✅ Comprehensive visualizations created
2025-08-07 18:20:34,622 - __main__ - INFO -    Interactive Map: output/visualizations/interactive/cascadia_interactive_map.html
2025-08-07 18:20:34,622 - __main__ - INFO -    Static Visualizations: 4 files
2025-08-07 18:20:34,622 - __main__ - INFO -    Export Files: 4 files
2025-08-07 18:20:34,622 - utils.reporting_engine - INFO - ✅ Data provenance manifest written: output/cascadia_data_provenance_20250807_182034.json
2025-08-07 18:20:34,625 - utils.data_processor - INFO - Step 4: Exporting analysis results...
2025-08-07 18:20:35,005 - geo_infer_place.core.unified_backend - INFO - ✅ Enhanced GeoJSON export completed with 7749 features
2025-08-07 18:20:35,007 - geo_infer_place.core.unified_backend - INFO - ✅ Successfully exported enhanced unified data to output/cascadia_unified_data_20250807_182034.geojson
2025-08-07 18:20:35,007 - utils.data_processor - INFO - ✅ Successfully exported enhanced unified data to output/cascadia_unified_data_20250807_182034.geojson
2025-08-07 18:20:35,009 - utils.data_processor - INFO - Exported redevelopment scores to output/cascadia_redevelopment_scores_20250807_182034.json
2025-08-07 18:20:35,009 - utils.data_processor - INFO - Exported summary to output/cascadia_summary_20250807_182034.json
2025-08-07 18:20:35,009 - utils.data_processor - INFO - Creating efficient visualization alternatives...
2025-08-07 18:20:35,010 - utils.data_processor - WARNING - Datashader not available: No module named 'datashader'
2025-08-07 18:20:35,010 - utils.deepscatter_visualization - INFO - Creating Deepscatter visualizations...
2025-08-07 18:20:35,010 - geo_infer_place.core.unified_backend - INFO - Calculating enhanced agricultural redevelopment potential scores with SPACE integration...
2025-08-07 18:20:35,133 - geo_infer_place.core.unified_backend - INFO - ✅ Calculated enhanced redevelopment scores for 7749 hexagons with SPACE integration.
2025-08-07 18:20:35,133 - utils.deepscatter_visualization - INFO - Preparing H3 data for Deepscatter visualization...
2025-08-07 18:20:35,142 - utils.deepscatter_visualization - INFO - Prepared 7749 data points for Deepscatter
2025-08-07 18:20:35,142 - utils.deepscatter_visualization - INFO - Creating Deepscatter HTML visualization...
2025-08-07 18:20:35,156 - utils.deepscatter_visualization - INFO - Deepscatter HTML visualization saved to: output/cascadia_deepscatter_visualization.html
2025-08-07 18:20:35,156 - utils.deepscatter_visualization - INFO - Creating lightweight CSV export...
2025-08-07 18:20:35,187 - utils.deepscatter_visualization - INFO - Lightweight CSV export saved to: output/cascadia_lightweight_data.csv
2025-08-07 18:20:35,187 - utils.deepscatter_visualization - INFO - Deepscatter visualizations created successfully
2025-08-07 18:20:35,188 - utils.data_processor - INFO - ✅ Deepscatter visualizations created successfully
2025-08-07 18:20:35,188 - utils.static_visualization - INFO - Creating static visualization plots...
2025-08-07 18:20:35,188 - geo_infer_place.core.unified_backend - INFO - Calculating enhanced agricultural redevelopment potential scores with SPACE integration...
2025-08-07 18:20:35,316 - geo_infer_place.core.unified_backend - INFO - ✅ Calculated enhanced redevelopment scores for 7749 hexagons with SPACE integration.
2025-08-07 18:20:35,316 - utils.static_visualization - INFO - Creating summary statistics...
2025-08-07 18:20:35,330 - utils.static_visualization - INFO - Summary statistics created for 7749 hexagons
2025-08-07 18:20:35,330 - utils.static_visualization - INFO - Creating data export for external visualization...
2025-08-07 18:20:35,333 - utils.static_visualization - INFO - Data export created with 1550 sampled points
2025-08-07 18:20:35,358 - utils.static_visualization - INFO - Static visualizations created successfully
2025-08-07 18:20:35,358 - utils.data_processor - INFO - ✅ Static plots created successfully
2025-08-07 18:20:35,358 - utils.data_processor - INFO - 📊 Data export completed in 0.7 seconds
2025-08-07 18:20:35,358 - __main__ - INFO - 📊 Generating lightweight static visualizations...
2025-08-07 18:20:35,358 - utils.static_visualization - INFO - Creating static visualization plots...
2025-08-07 18:20:35,358 - geo_infer_place.core.unified_backend - INFO - Calculating enhanced agricultural redevelopment potential scores with SPACE integration...
2025-08-07 18:20:35,486 - geo_infer_place.core.unified_backend - INFO - ✅ Calculated enhanced redevelopment scores for 7749 hexagons with SPACE integration.
2025-08-07 18:20:35,487 - utils.static_visualization - INFO - Creating summary statistics...
2025-08-07 18:20:35,500 - utils.static_visualization - INFO - Summary statistics created for 7749 hexagons
2025-08-07 18:20:35,501 - utils.static_visualization - INFO - Creating data export for external visualization...
2025-08-07 18:20:35,503 - utils.static_visualization - INFO - Data export created with 1550 sampled points
2025-08-07 18:20:35,527 - utils.static_visualization - INFO - Static visualizations created successfully
2025-08-07 18:20:35,527 - __main__ - INFO - ✅ Lightweight visualizations created
2025-08-07 18:20:35,527 - __main__ - INFO - 📊 Generating Deepscatter visualizations...
2025-08-07 18:20:35,527 - utils.deepscatter_visualization - INFO - Creating Deepscatter visualizations...
2025-08-07 18:20:35,527 - geo_infer_place.core.unified_backend - INFO - Calculating enhanced agricultural redevelopment potential scores with SPACE integration...
2025-08-07 18:20:35,653 - geo_infer_place.core.unified_backend - INFO - ✅ Calculated enhanced redevelopment scores for 7749 hexagons with SPACE integration.
2025-08-07 18:20:35,653 - utils.deepscatter_visualization - INFO - Preparing H3 data for Deepscatter visualization...
2025-08-07 18:20:35,661 - utils.deepscatter_visualization - INFO - Prepared 7749 data points for Deepscatter
2025-08-07 18:20:35,661 - utils.deepscatter_visualization - INFO - Creating Deepscatter HTML visualization...
2025-08-07 18:20:35,676 - utils.deepscatter_visualization - INFO - Deepscatter HTML visualization saved to: output/cascadia_deepscatter_visualization.html
2025-08-07 18:20:35,676 - utils.deepscatter_visualization - INFO - Creating lightweight CSV export...
2025-08-07 18:20:35,708 - utils.deepscatter_visualization - INFO - Lightweight CSV export saved to: output/cascadia_lightweight_data.csv
2025-08-07 18:20:35,708 - utils.deepscatter_visualization - INFO - Deepscatter visualizations created successfully
2025-08-07 18:20:35,709 - __main__ - INFO - ✅ Deepscatter visualizations created
2025-08-07 18:20:35,709 - utils.reporting_engine - INFO - Generating enhanced analysis report to output/cascadia_analysis_report_20250807_182035.md...
2025-08-07 18:20:35,709 - utils.reporting_engine - INFO - ✅ Analysis report generated: output/cascadia_analysis_report_20250807_182035.md
2025-08-07 18:20:35,709 - __main__ - INFO - 📋 Analysis report: output/cascadia_analysis_report_20250807_182035.md
2025-08-07 18:20:35,709 - __main__ - INFO - ✅ Cascadia analysis completed successfully!
2025-08-07 18:20:35,709 - selenium.webdriver.remote.remote_connection - DEBUG - DELETE http://localhost:52834/session/81be5a7229ca763ee3935dd7fc319c13 {}
2025-08-07 18:20:35,789 - selenium.webdriver.remote.remote_connection - DEBUG - Remote response: status=200 | data={"value":null} | headers=HTTPHeaderDict({'Content-Length': '14', 'Content-Type': 'application/json; charset=utf-8', 'cache-control': 'no-cache'})
2025-08-07 18:20:35,789 - selenium.webdriver.remote.remote_connection - DEBUG - Finished Request
