2025-08-07 18:10:41,002 - utils.setup_manager - INFO - Enhanced Cascadia Analysis Framework initialized with SPACE integration
2025-08-07 18:10:41,002 - utils.setup_manager - INFO - Log file: cascadia_analysis_20250807_181041.log
2025-08-07 18:10:41,002 - __main__ - INFO - 🌲 Starting Cascadia Agricultural Analysis Framework
2025-08-07 18:10:41,002 - __main__ - INFO - 📊 Analysis Parameters:
2025-08-07 18:10:41,002 - __main__ - INFO -    H3 Resolution: 8
2025-08-07 18:10:41,002 - __main__ - INFO -    Target Counties: CA:Del Norte
2025-08-07 18:10:41,002 - __main__ - INFO -    Active Modules: zoning,current_use,ownership,improvements
2025-08-07 18:10:41,002 - __main__ - INFO -    Export Format: geojson
2025-08-07 18:10:41,002 - __main__ - INFO -    Output Directory: output
2025-08-07 18:10:41,002 - __main__ - INFO -    Visualization Options: Lightweight Static Visualizations, Deepscatter Visualizations
2025-08-07 18:10:41,002 - cascadia - INFO - Enhanced logging initialized with level: INFO
2025-08-07 18:10:41,002 - __main__ - INFO - 🚀 Initializing Cascadia Agricultural Analysis Framework
2025-08-07 18:10:41,002 - __main__ - INFO - Enhanced logging initialized: output/cascadia_analysis.log
2025-08-07 18:10:41,009 - utils.setup_manager - INFO - Loaded analysis configuration from config/analysis_config.yaml
2025-08-07 18:10:41,009 - __main__ - INFO - Target counties: {'CA': ['Del Norte']}
2025-08-07 18:10:41,009 - __main__ - INFO - Active modules: ['zoning', 'current_use', 'ownership', 'improvements']
2025-08-07 18:10:41,009 - utils.data_processor - INFO - 🔧 Creating shared backend for all modules...
2025-08-07 18:10:41,793 - geo_infer_place.core.unified_backend - INFO - Successfully initialized H3DataLoader from GEO-INFER-SPACE.
2025-08-07 18:10:41,793 - geo_infer_place.core.unified_backend - INFO - Loading region data from cache: output/data/cache/region_cache_4e2b5626c8c4ca7a05c736003fae87ed.json
2025-08-07 18:10:41,793 - geo_infer_place.core.unified_backend - INFO - ✅ Loaded 7749 hexagons from cache
2025-08-07 18:10:41,793 - geo_infer_place.core.unified_backend - INFO - Using cached region data
2025-08-07 18:10:42,343 - geo_infer_space.core.unified_backend - INFO - Successfully initialized H3DataLoader from GEO-INFER-SPACE.
2025-08-07 18:10:42,343 - geo_infer_place.core.unified_backend - ERROR - No county geometries could be loaded or defined. Cannot define a target region.
2025-08-07 18:10:42,343 - geo_infer_space.core.unified_backend - INFO - UnifiedH3Backend initialized for 'Cascadia' with 0 active modules at H3 resolution 8
2025-08-07 18:10:42,343 - geo_infer_space.core.unified_backend - INFO - Active modules: []
2025-08-07 18:10:42,343 - geo_infer_space.core.unified_backend - INFO - Defined 0 total target hexagons across 0 areas.
2025-08-07 18:10:42,343 - geo_infer_space.utils.config_loader - INFO - Config loader initialized with directory: /Users/4d/Documents/GitHub/GEO-INFER/GEO-INFER-SPACE/src/config
2025-08-07 18:10:42,343 - geo_infer_space.utils.config_loader - WARNING - Location config not found: /Users/4d/Documents/GitHub/GEO-INFER/GEO-INFER-SPACE/src/config/cascadia.yaml
2025-08-07 18:10:42,343 - geo_infer_space.utils.config_loader - DEBUG - Configuration validation passed
2025-08-07 18:10:42,343 - geo_infer_place.core.unified_backend - INFO - ✅ Cascadia configuration loaded successfully
2025-08-07 18:10:42,343 - geo_infer_place.core.unified_backend - INFO - Loading county geometries with boundary loader...
2025-08-07 18:10:42,352 - county_boundary_loader - INFO - Loaded county boundaries configuration from /Users/4d/Documents/GitHub/GEO-INFER/GEO-INFER-PLACE/locations/cascadia/config/county_boundaries.yaml
2025-08-07 18:10:42,352 - county_boundary_loader - INFO - Loaded GeoJSON geometry for ca_del_norte from /Users/4d/Documents/GitHub/GEO-INFER/GEO-INFER-PLACE/locations/cascadia/config/ca_del_norte_boundary.geojson
2025-08-07 18:10:42,353 - geo_infer_place.core.unified_backend - INFO - Successfully loaded county geometries using boundary loader
2025-08-07 18:10:42,353 - geo_infer_place.core.unified_backend - INFO - Generating hexagons for Del_Norte, CA using SPACE utilities...
2025-08-07 18:10:42,353 - geo_infer_place.core.unified_backend - DEBUG - Geometry type: <class 'dict'>, Geometry: {'type': 'Polygon', 'coordinates': [[[-124.5, 41.4], [-124.5, 42.0], [-123.5, 42.0], [-123.5, 41.4], [-124.5, 41.4]]]}
2025-08-07 18:10:42,357 - geo_infer_place.core.unified_backend - INFO - Generated 7749 hexagons for Del_Norte, CA
2025-08-07 18:10:42,359 - geo_infer_place.core.unified_backend - INFO - ✅ Generated 7749 H3 hexagons using SPACE utilities
2025-08-07 18:10:42,359 - geo_infer_place.core.unified_backend - INFO - Enhanced CascadianAgriculturalH3Backend initialized for 'Cascadia' with 0 active modules at H3 resolution 8
2025-08-07 18:10:42,359 - geo_infer_place.core.unified_backend - INFO - Active modules: []
2025-08-07 18:10:42,359 - geo_infer_place.core.unified_backend - INFO - Defined 7749 total target hexagons across 1 states.
2025-08-07 18:10:42,359 - geo_infer_place.core.unified_backend - INFO - SPACE integration: Spatial processor, data integrator, and visualization engine available
2025-08-07 18:10:42,359 - utils.data_processor - INFO - ✅ Shared backend created with 7749 target hexagons
2025-08-07 18:10:42,359 - utils.enhanced_data_manager - INFO - Enhanced Data Manager initialized with H3 resolution 8
2025-08-07 18:10:42,359 - utils.enhanced_data_manager - INFO - SPACE H3 utilities available: True
2025-08-07 18:10:42,359 - utils.enhanced_h3_fusion - INFO - Enhanced H3 Fusion initialized with resolution 8
2025-08-07 18:10:42,359 - utils.enhanced_h3_fusion - INFO - SPACE H3 utilities available: True
2025-08-07 18:10:42,359 - utils.enhanced_h3_fusion - INFO - Spatial analysis enabled: False
2025-08-07 18:10:42,359 - utils.enhanced_h3_fusion - INFO - Fusion cache directory: output/data/cache/fusion
2025-08-07 18:10:42,360 - selenium.webdriver.common.selenium_manager - DEBUG - Selenium Manager binary found at: /Users/4d/.pyenv/versions/3.12.11/lib/python3.12/site-packages/selenium/webdriver/common/macos/selenium-manager
2025-08-07 18:10:42,360 - selenium.webdriver.common.selenium_manager - DEBUG - Executing process: /Users/4d/.pyenv/versions/3.12.11/lib/python3.12/site-packages/selenium/webdriver/common/macos/selenium-manager --browser chrome --debug --language-binding python --output json
2025-08-07 18:10:42,436 - selenium.webdriver.common.selenium_manager - DEBUG - chromedriver not found in PATH
2025-08-07 18:10:42,436 - selenium.webdriver.common.selenium_manager - DEBUG - chrome detected at /Applications/Google Chrome.app/Contents/MacOS/Google Chrome
2025-08-07 18:10:42,436 - selenium.webdriver.common.selenium_manager - DEBUG - Running command: /Applications/Google\ Chrome.app/Contents/MacOS/Google\ Chrome --version
2025-08-07 18:10:42,436 - selenium.webdriver.common.selenium_manager - DEBUG - Output: "Google Chrome 139.0.7258.66 "
2025-08-07 18:10:42,436 - selenium.webdriver.common.selenium_manager - DEBUG - Detected browser: chrome 139.0.7258.66
2025-08-07 18:10:42,436 - selenium.webdriver.common.selenium_manager - DEBUG - Required driver: chromedriver 139.0.7258.66
2025-08-07 18:10:42,436 - selenium.webdriver.common.selenium_manager - DEBUG - chromedriver 139.0.7258.66 already in the cache
2025-08-07 18:10:42,436 - selenium.webdriver.common.selenium_manager - DEBUG - Driver path: /Users/4d/.cache/selenium/chromedriver/mac-arm64/139.0.7258.66/chromedriver
2025-08-07 18:10:42,436 - selenium.webdriver.common.selenium_manager - DEBUG - Browser path: /Applications/Google Chrome.app/Contents/MacOS/Google Chrome
2025-08-07 18:10:42,440 - selenium.webdriver.common.service - DEBUG - Started executable: `/Users/4d/.cache/selenium/chromedriver/mac-arm64/139.0.7258.66/chromedriver` in a child process with pid: 53499 using 0 to output -3
2025-08-07 18:10:42,452 - selenium.webdriver.remote.remote_connection - DEBUG - POST http://localhost:51797/session {'capabilities': {'firstMatch': [{}], 'alwaysMatch': {'browserName': 'chrome', 'pageLoadStrategy': <PageLoadStrategy.normal: 'normal'>, 'browserVersion': None, 'goog:chromeOptions': {'extensions': [], 'binary': '/Applications/Google Chrome.app/Contents/MacOS/Google Chrome', 'args': ['--headless', '--no-sandbox', '--disable-dev-shm-usage', '--disable-gpu', '--window-size=1920,1080']}}}}
2025-08-07 18:10:42,453 - urllib3.connectionpool - DEBUG - Starting new HTTP connection (1): localhost:51797
2025-08-07 18:10:42,786 - urllib3.connectionpool - DEBUG - http://localhost:51797 "POST /session HTTP/1.1" 200 890
2025-08-07 18:10:42,786 - selenium.webdriver.remote.remote_connection - DEBUG - Remote response: status=200 | data={"value":{"capabilities":{"acceptInsecureCerts":false,"browserName":"chrome","browserVersion":"139.0.7258.66","chrome":{"chromedriverVersion":"139.0.7258.66 (a62d329947691f76c376a873eae39f56381103c8-refs/branch-heads/7258@{#2226})","userDataDir":"/var/folders/vc/rgmbpjpj0dbg61vr54xjskc80000gn/T/.org.chromium.Chromium.HVzme2"},"fedcm:accounts":true,"goog:chromeOptions":{"debuggerAddress":"localhost:51802"},"networkConnectionEnabled":false,"pageLoadStrategy":"normal","platformName":"mac","proxy":{},"setWindowRect":true,"strictFileInteractability":false,"timeouts":{"implicit":0,"pageLoad":300000,"script":30000},"unhandledPromptBehavior":"dismiss and notify","webauthn:extension:credBlob":true,"webauthn:extension:largeBlob":true,"webauthn:extension:minPinLength":true,"webauthn:extension:prf":true,"webauthn:virtualAuthenticators":true},"sessionId":"5f74b2e564bd53650be8f7b2e6736d95"}} | headers=HTTPHeaderDict({'Content-Length': '890', 'Content-Type': 'application/json; charset=utf-8', 'cache-control': 'no-cache'})
2025-08-07 18:10:42,786 - selenium.webdriver.remote.remote_connection - DEBUG - Finished Request
2025-08-07 18:10:42,787 - selenium.webdriver.remote.remote_connection - DEBUG - POST http://localhost:51797/session/5f74b2e564bd53650be8f7b2e6736d95/timeouts {'implicit': 10000}
2025-08-07 18:10:42,787 - urllib3.connectionpool - DEBUG - http://localhost:51797 "POST /session/5f74b2e564bd53650be8f7b2e6736d95/timeouts HTTP/1.1" 200 14
2025-08-07 18:10:42,787 - selenium.webdriver.remote.remote_connection - DEBUG - Remote response: status=200 | data={"value":null} | headers=HTTPHeaderDict({'Content-Length': '14', 'Content-Type': 'application/json; charset=utf-8', 'cache-control': 'no-cache'})
2025-08-07 18:10:42,787 - selenium.webdriver.remote.remote_connection - DEBUG - Finished Request
2025-08-07 18:10:42,787 - utils.real_data_acquisition - INFO - Web driver initialized successfully
2025-08-07 18:10:42,787 - utils.real_data_acquisition - INFO - Real Data Acquisition system initialized
2025-08-07 18:10:42,787 - utils.comprehensive_visualization - INFO - Comprehensive Visualization Engine initialized
2025-08-07 18:10:42,788 - utils.enhanced_h3_fusion - INFO - ✅ H3 operations validation completed successfully
2025-08-07 18:10:42,788 - __main__ - INFO - H3 validation result: {'h3_api_version': '4.x', 'space_integration': True, 'operations_tested': ['latlng_to_cell', 'cell_to_latlng', 'cell_to_latlng_boundary', 'geo_to_cells', 'grid_disk', 'cell_area', 'is_valid_cell'], 'errors': [], 'warnings': []}
2025-08-07 18:10:42,788 - zoning.geo_infer_zoning - INFO - Initialized GeoInferZoning module with real OSC H3 v4 integration.
2025-08-07 18:10:42,788 - __main__ - INFO - ✅ Zoning module initialized with enhanced data management
2025-08-07 18:10:42,788 - current_use.data_sources - INFO - Initialized CascadianCurrentUseDataSources
2025-08-07 18:10:42,788 - current_use.geo_infer_current_use - INFO - Initialized GeoInferCurrentUse module with real OSC H3 v4 integration.
2025-08-07 18:10:42,788 - __main__ - INFO - ✅ Current use module initialized with enhanced data management
2025-08-07 18:10:42,788 - ownership.geo_infer_ownership - INFO - Initialized GeoInferOwnership module with real OSC H3 v4 integration.
2025-08-07 18:10:42,788 - __main__ - INFO - ✅ Ownership module initialized with enhanced data management
2025-08-07 18:10:42,789 - improvements.data_sources - INFO - Initialized CascadianImprovementsDataSources.
2025-08-07 18:10:42,789 - improvements.geo_infer_improvements - INFO - Initialized GeoInferImprovements module.
2025-08-07 18:10:42,789 - __main__ - INFO - ✅ Improvements module initialized with enhanced data management
2025-08-07 18:10:42,789 - __main__ - INFO - ✅ Updated shared backend with 4 active modules
2025-08-07 18:10:42,789 - __main__ - INFO - 🚀 Starting enhanced comprehensive analysis with real data acquisition and H3 geospatial fusion...
2025-08-07 18:10:42,789 - __main__ - INFO - 📊 Processing module: zoning
2025-08-07 18:10:42,789 - cascadia.processing.real_data_acquisition - INFO - 🚀 PROCESSING START - Zoning Data Acquisition
2025-08-07 18:10:42,789 - cascadia.processing.real_data_acquisition - INFO -    Module: real_data_acquisition
2025-08-07 18:10:42,789 - cascadia.processing.real_data_acquisition - INFO -    Parameters: {'sources': ['Del Norte County', 'California State']}
2025-08-07 18:10:42,789 - selenium.webdriver.remote.remote_connection - DEBUG - POST http://localhost:51797/session/5f74b2e564bd53650be8f7b2e6736d95/url {'url': 'https://www.co.del-norte.ca.us/departments/planning-building'}
2025-08-07 18:10:44,332 - urllib3.connectionpool - DEBUG - http://localhost:51797 "POST /session/5f74b2e564bd53650be8f7b2e6736d95/url HTTP/1.1" 200 14
2025-08-07 18:10:44,332 - selenium.webdriver.remote.remote_connection - DEBUG - Remote response: status=200 | data={"value":null} | headers=HTTPHeaderDict({'Content-Length': '14', 'Content-Type': 'application/json; charset=utf-8', 'cache-control': 'no-cache'})
2025-08-07 18:10:44,332 - selenium.webdriver.remote.remote_connection - DEBUG - Finished Request
2025-08-07 18:10:44,332 - selenium.webdriver.remote.remote_connection - DEBUG - POST http://localhost:51797/session/5f74b2e564bd53650be8f7b2e6736d95/elements {'using': 'tag name', 'value': 'a'}
2025-08-07 18:10:44,338 - urllib3.connectionpool - DEBUG - http://localhost:51797 "POST /session/5f74b2e564bd53650be8f7b2e6736d95/elements HTTP/1.1" 200 3519
2025-08-07 18:10:44,340 - selenium.webdriver.remote.remote_connection - DEBUG - Remote response: status=200 | data={"value":[{"element-6066-11e4-a52e-4f735466cecf":"f.C96F900EF465EA860FFB0E02BAABAB2C.d.700C8AE0CB284DC267458FD2AE73FD81.e.53"},{"element-6066-11e4-a52e-4f735466cecf":"f.C96F900EF465EA860FFB0E02BAABAB2C.d.700C8AE0CB284DC267458FD2AE73FD81.e.54"},{"element-6066-11e4-a52e-4f735466cecf":"f.C96F900EF465EA860FFB0E02BAABAB2C.d.700C8AE0CB284DC267458FD2AE73FD81.e.55"},{"element-6066-11e4-a52e-4f735466cecf":"f.C96F900EF465EA860FFB0E02BAABAB2C.d.700C8AE0CB284DC267458FD2AE73FD81.e.56"},{"element-6066-11e4-a52e-4f735466cecf":"f.C96F900EF465EA860FFB0E02BAABAB2C.d.700C8AE0CB284DC267458FD2AE73FD81.e.57"},{"element-6066-11e4-a52e-4f735466cecf":"f.C96F900EF465EA860FFB0E02BAABAB2C.d.700C8AE0CB284DC267458FD2AE73FD81.e.58"},{"element-6066-11e4-a52e-4f735466cecf":"f.C96F900EF465EA860FFB0E02BAABAB2C.d.700C8AE0CB284DC267458FD2AE73FD81.e.59"},{"element-6066-11e4-a52e-4f735466cecf":"f.C96F900EF465EA860FFB0E02BAABAB2C.d.700C8AE0CB284DC267458FD2AE73FD81.e.60"},{"element-6066-11e4-a52e-4f735466cecf":"f.C96F900EF465EA860FFB0E02BAABAB2C.d.700C8AE0CB284DC267458FD2AE73FD81.e.61"},{"element-6066-11e4-a52e-4f735466cecf":"f.C96F900EF465EA860FFB0E02BAABAB2C.d.700C8AE0CB284DC267458FD2AE73FD81.e.62"},{"element-6066-11e4-a52e-4f735466cecf":"f.C96F900EF465EA860FFB0E02BAABAB2C.d.700C8AE0CB284DC267458FD2AE73FD81.e.63"},{"element-6066-11e4-a52e-4f735466cecf":"f.C96F900EF465EA860FFB0E02BAABAB2C.d.700C8AE0CB284DC267458FD2AE73FD81.e.64"},{"element-6066-11e4-a52e-4f735466cecf":"f.C96F900EF465EA860FFB0E02BAABAB2C.d.700C8AE0CB284DC267458FD2AE73FD81.e.65"},{"element-6066-11e4-a52e-4f735466cecf":"f.C96F900EF465EA860FFB0E02BAABAB2C.d.700C8AE0CB284DC267458FD2AE73FD81.e.66"},{"element-6066-11e4-a52e-4f735466cecf":"f.C96F900EF465EA860FFB0E02BAABAB2C.d.700C8AE0CB284DC267458FD2AE73FD81.e.67"},{"element-6066-11e4-a52e-4f735466cecf":"f.C96F900EF465EA860FFB0E02BAABAB2C.d.700C8AE0CB284DC267458FD2AE73FD81.e.4"},{"element-6066-11e4-a52e-4f735466cecf":"f.C96F900EF465EA860FFB0E02BAABAB2C.d.700C8AE0CB284DC267458FD2AE73FD81.e.3"},{"element-6066-11e4-a52e-4f735466cecf":"f.C96F900EF465EA860FFB0E02BAABAB2C.d.700C8AE0CB284DC267458FD2AE73FD81.e.38"},{"element-6066-11e4-a52e-4f735466cecf":"f.C96F900EF465EA860FFB0E02BAABAB2C.d.700C8AE0CB284DC267458FD2AE73FD81.e.68"},{"element-6066-11e4-a52e-4f735466cecf":"f.C96F900EF465EA860FFB0E02BAABAB2C.d.700C8AE0CB284DC267458FD2AE73FD81.e.69"},{"element-6066-11e4-a52e-4f735466cecf":"f.C96F900EF465EA860FFB0E02BAABAB2C.d.700C8AE0CB284DC267458FD2AE73FD81.e.70"},{"element-6066-11e4-a52e-4f735466cecf":"f.C96F900EF465EA860FFB0E02BAABAB2C.d.700C8AE0CB284DC267458FD2AE73FD81.e.71"},{"element-6066-11e4-a52e-4f735466cecf":"f.C96F900EF465EA860FFB0E02BAABAB2C.d.700C8AE0CB284DC267458FD2AE73FD81.e.72"},{"element-6066-11e4-a52e-4f735466cecf":"f.C96F900EF465EA860FFB0E02BAABAB2C.d.700C8AE0CB284DC267458FD2AE73FD81.e.40"},{"element-6066-11e4-a52e-4f735466cecf":"f.C96F900EF465EA860FFB0E02BAABAB2C.d.700C8AE0CB284DC267458FD2AE73FD81.e.41"},{"element-6066-11e4-a52e-4f735466cecf":"f.C96F900EF465EA860FFB0E02BAABAB2C.d.700C8AE0CB284DC267458FD2AE73FD81.e.73"},{"element-6066-11e4-a52e-4f735466cecf":"f.C96F900EF465EA860FFB0E02BAABAB2C.d.700C8AE0CB284DC267458FD2AE73FD81.e.74"},{"element-6066-11e4-a52e-4f735466cecf":"f.C96F900EF465EA860FFB0E02BAABAB2C.d.700C8AE0CB284DC267458FD2AE73FD81.e.75"},{"element-6066-11e4-a52e-4f735466cecf":"f.C96F900EF465EA860FFB0E02BAABAB2C.d.700C8AE0CB284DC267458FD2AE73FD81.e.76"},{"element-6066-11e4-a52e-4f735466cecf":"f.C96F900EF465EA860FFB0E02BAABAB2C.d.700C8AE0CB284DC267458FD2AE73FD81.e.77"}]} | headers=HTTPHeaderDict({'Content-Length': '3519', 'Content-Type': 'application/json; charset=utf-8', 'cache-control': 'no-cache'})
2025-08-07 18:10:44,340 - selenium.webdriver.remote.remote_connection - DEBUG - Finished Request
2025-08-07 18:10:44,340 - selenium.webdriver.remote.remote_connection - DEBUG - GET http://localhost:51797/session/5f74b2e564bd53650be8f7b2e6736d95/element/f.C96F900EF465EA860FFB0E02BAABAB2C.d.700C8AE0CB284DC267458FD2AE73FD81.e.53/text {}
2025-08-07 18:10:44,346 - urllib3.connectionpool - DEBUG - http://localhost:51797 "GET /session/5f74b2e564bd53650be8f7b2e6736d95/element/f.C96F900EF465EA860FFB0E02BAABAB2C.d.700C8AE0CB284DC267458FD2AE73FD81.e.53/text HTTP/1.1" 200 12
2025-08-07 18:10:44,349 - selenium.webdriver.remote.remote_connection - DEBUG - Remote response: status=200 | data={"value":""} | headers=HTTPHeaderDict({'Content-Length': '12', 'Content-Type': 'application/json; charset=utf-8', 'cache-control': 'no-cache'})
2025-08-07 18:10:44,349 - selenium.webdriver.remote.remote_connection - DEBUG - Finished Request
2025-08-07 18:10:44,349 - selenium.webdriver.remote.remote_connection - DEBUG - GET http://localhost:51797/session/5f74b2e564bd53650be8f7b2e6736d95/element/f.C96F900EF465EA860FFB0E02BAABAB2C.d.700C8AE0CB284DC267458FD2AE73FD81.e.54/text {}
2025-08-07 18:10:44,352 - urllib3.connectionpool - DEBUG - http://localhost:51797 "GET /session/5f74b2e564bd53650be8f7b2e6736d95/element/f.C96F900EF465EA860FFB0E02BAABAB2C.d.700C8AE0CB284DC267458FD2AE73FD81.e.54/text HTTP/1.1" 200 12
2025-08-07 18:10:44,353 - selenium.webdriver.remote.remote_connection - DEBUG - Remote response: status=200 | data={"value":""} | headers=HTTPHeaderDict({'Content-Length': '12', 'Content-Type': 'application/json; charset=utf-8', 'cache-control': 'no-cache'})
2025-08-07 18:10:44,353 - selenium.webdriver.remote.remote_connection - DEBUG - Finished Request
2025-08-07 18:10:44,353 - selenium.webdriver.remote.remote_connection - DEBUG - GET http://localhost:51797/session/5f74b2e564bd53650be8f7b2e6736d95/element/f.C96F900EF465EA860FFB0E02BAABAB2C.d.700C8AE0CB284DC267458FD2AE73FD81.e.55/text {}
2025-08-07 18:10:44,356 - urllib3.connectionpool - DEBUG - http://localhost:51797 "GET /session/5f74b2e564bd53650be8f7b2e6736d95/element/f.C96F900EF465EA860FFB0E02BAABAB2C.d.700C8AE0CB284DC267458FD2AE73FD81.e.55/text HTTP/1.1" 200 12
2025-08-07 18:10:44,356 - selenium.webdriver.remote.remote_connection - DEBUG - Remote response: status=200 | data={"value":""} | headers=HTTPHeaderDict({'Content-Length': '12', 'Content-Type': 'application/json; charset=utf-8', 'cache-control': 'no-cache'})
2025-08-07 18:10:44,356 - selenium.webdriver.remote.remote_connection - DEBUG - Finished Request
2025-08-07 18:10:44,356 - selenium.webdriver.remote.remote_connection - DEBUG - GET http://localhost:51797/session/5f74b2e564bd53650be8f7b2e6736d95/element/f.C96F900EF465EA860FFB0E02BAABAB2C.d.700C8AE0CB284DC267458FD2AE73FD81.e.56/text {}
2025-08-07 18:10:44,359 - urllib3.connectionpool - DEBUG - http://localhost:51797 "GET /session/5f74b2e564bd53650be8f7b2e6736d95/element/f.C96F900EF465EA860FFB0E02BAABAB2C.d.700C8AE0CB284DC267458FD2AE73FD81.e.56/text HTTP/1.1" 200 12
2025-08-07 18:10:44,359 - selenium.webdriver.remote.remote_connection - DEBUG - Remote response: status=200 | data={"value":""} | headers=HTTPHeaderDict({'Content-Length': '12', 'Content-Type': 'application/json; charset=utf-8', 'cache-control': 'no-cache'})
2025-08-07 18:10:44,359 - selenium.webdriver.remote.remote_connection - DEBUG - Finished Request
2025-08-07 18:10:44,359 - selenium.webdriver.remote.remote_connection - DEBUG - GET http://localhost:51797/session/5f74b2e564bd53650be8f7b2e6736d95/element/f.C96F900EF465EA860FFB0E02BAABAB2C.d.700C8AE0CB284DC267458FD2AE73FD81.e.57/text {}
2025-08-07 18:10:44,361 - urllib3.connectionpool - DEBUG - http://localhost:51797 "GET /session/5f74b2e564bd53650be8f7b2e6736d95/element/f.C96F900EF465EA860FFB0E02BAABAB2C.d.700C8AE0CB284DC267458FD2AE73FD81.e.57/text HTTP/1.1" 200 12
2025-08-07 18:10:44,361 - selenium.webdriver.remote.remote_connection - DEBUG - Remote response: status=200 | data={"value":""} | headers=HTTPHeaderDict({'Content-Length': '12', 'Content-Type': 'application/json; charset=utf-8', 'cache-control': 'no-cache'})
2025-08-07 18:10:44,361 - selenium.webdriver.remote.remote_connection - DEBUG - Finished Request
2025-08-07 18:10:44,361 - selenium.webdriver.remote.remote_connection - DEBUG - GET http://localhost:51797/session/5f74b2e564bd53650be8f7b2e6736d95/element/f.C96F900EF465EA860FFB0E02BAABAB2C.d.700C8AE0CB284DC267458FD2AE73FD81.e.58/text {}
2025-08-07 18:10:44,364 - urllib3.connectionpool - DEBUG - http://localhost:51797 "GET /session/5f74b2e564bd53650be8f7b2e6736d95/element/f.C96F900EF465EA860FFB0E02BAABAB2C.d.700C8AE0CB284DC267458FD2AE73FD81.e.58/text HTTP/1.1" 200 12
2025-08-07 18:10:44,364 - selenium.webdriver.remote.remote_connection - DEBUG - Remote response: status=200 | data={"value":""} | headers=HTTPHeaderDict({'Content-Length': '12', 'Content-Type': 'application/json; charset=utf-8', 'cache-control': 'no-cache'})
2025-08-07 18:10:44,364 - selenium.webdriver.remote.remote_connection - DEBUG - Finished Request
2025-08-07 18:10:44,364 - selenium.webdriver.remote.remote_connection - DEBUG - GET http://localhost:51797/session/5f74b2e564bd53650be8f7b2e6736d95/element/f.C96F900EF465EA860FFB0E02BAABAB2C.d.700C8AE0CB284DC267458FD2AE73FD81.e.59/text {}
2025-08-07 18:10:44,367 - urllib3.connectionpool - DEBUG - http://localhost:51797 "GET /session/5f74b2e564bd53650be8f7b2e6736d95/element/f.C96F900EF465EA860FFB0E02BAABAB2C.d.700C8AE0CB284DC267458FD2AE73FD81.e.59/text HTTP/1.1" 200 29
2025-08-07 18:10:44,367 - selenium.webdriver.remote.remote_connection - DEBUG - Remote response: status=200 | data={"value":"Planning Division"} | headers=HTTPHeaderDict({'Content-Length': '29', 'Content-Type': 'application/json; charset=utf-8', 'cache-control': 'no-cache'})
2025-08-07 18:10:44,367 - selenium.webdriver.remote.remote_connection - DEBUG - Finished Request
2025-08-07 18:10:44,367 - selenium.webdriver.remote.remote_connection - DEBUG - GET http://localhost:51797/session/5f74b2e564bd53650be8f7b2e6736d95/element/f.C96F900EF465EA860FFB0E02BAABAB2C.d.700C8AE0CB284DC267458FD2AE73FD81.e.60/text {}
2025-08-07 18:10:44,369 - urllib3.connectionpool - DEBUG - http://localhost:51797 "GET /session/5f74b2e564bd53650be8f7b2e6736d95/element/f.C96F900EF465EA860FFB0E02BAABAB2C.d.700C8AE0CB284DC267458FD2AE73FD81.e.60/text HTTP/1.1" 200 36
2025-08-07 18:10:44,369 - selenium.webdriver.remote.remote_connection - DEBUG - Remote response: status=200 | data={"value":"Accessory Dwelling Units"} | headers=HTTPHeaderDict({'Content-Length': '36', 'Content-Type': 'application/json; charset=utf-8', 'cache-control': 'no-cache'})
2025-08-07 18:10:44,369 - selenium.webdriver.remote.remote_connection - DEBUG - Finished Request
2025-08-07 18:10:44,369 - selenium.webdriver.remote.remote_connection - DEBUG - GET http://localhost:51797/session/5f74b2e564bd53650be8f7b2e6736d95/element/f.C96F900EF465EA860FFB0E02BAABAB2C.d.700C8AE0CB284DC267458FD2AE73FD81.e.61/text {}
2025-08-07 18:10:44,372 - urllib3.connectionpool - DEBUG - http://localhost:51797 "GET /session/5f74b2e564bd53650be8f7b2e6736d95/element/f.C96F900EF465EA860FFB0E02BAABAB2C.d.700C8AE0CB284DC267458FD2AE73FD81.e.61/text HTTP/1.1" 200 34
2025-08-07 18:10:44,373 - selenium.webdriver.remote.remote_connection - DEBUG - Remote response: status=200 | data={"value":"Bid/Proposal Documents"} | headers=HTTPHeaderDict({'Content-Length': '34', 'Content-Type': 'application/json; charset=utf-8', 'cache-control': 'no-cache'})
2025-08-07 18:10:44,373 - selenium.webdriver.remote.remote_connection - DEBUG - Finished Request
2025-08-07 18:10:44,373 - selenium.webdriver.remote.remote_connection - DEBUG - GET http://localhost:51797/session/5f74b2e564bd53650be8f7b2e6736d95/element/f.C96F900EF465EA860FFB0E02BAABAB2C.d.700C8AE0CB284DC267458FD2AE73FD81.e.62/text {}
2025-08-07 18:10:44,375 - urllib3.connectionpool - DEBUG - http://localhost:51797 "GET /session/5f74b2e564bd53650be8f7b2e6736d95/element/f.C96F900EF465EA860FFB0E02BAABAB2C.d.700C8AE0CB284DC267458FD2AE73FD81.e.62/text HTTP/1.1" 200 21
2025-08-07 18:10:44,375 - selenium.webdriver.remote.remote_connection - DEBUG - Remote response: status=200 | data={"value":"Documents"} | headers=HTTPHeaderDict({'Content-Length': '21', 'Content-Type': 'application/json; charset=utf-8', 'cache-control': 'no-cache'})
2025-08-07 18:10:44,375 - selenium.webdriver.remote.remote_connection - DEBUG - Finished Request
2025-08-07 18:10:44,375 - selenium.webdriver.remote.remote_connection - DEBUG - GET http://localhost:51797/session/5f74b2e564bd53650be8f7b2e6736d95/element/f.C96F900EF465EA860FFB0E02BAABAB2C.d.700C8AE0CB284DC267458FD2AE73FD81.e.63/text {}
2025-08-07 18:10:44,377 - urllib3.connectionpool - DEBUG - http://localhost:51797 "GET /session/5f74b2e564bd53650be8f7b2e6736d95/element/f.C96F900EF465EA860FFB0E02BAABAB2C.d.700C8AE0CB284DC267458FD2AE73FD81.e.63/text HTTP/1.1" 200 30
2025-08-07 18:10:44,377 - selenium.webdriver.remote.remote_connection - DEBUG - Remote response: status=200 | data={"value":"Forms and Handouts"} | headers=HTTPHeaderDict({'Content-Length': '30', 'Content-Type': 'application/json; charset=utf-8', 'cache-control': 'no-cache'})
2025-08-07 18:10:44,377 - selenium.webdriver.remote.remote_connection - DEBUG - Finished Request
2025-08-07 18:10:44,378 - selenium.webdriver.remote.remote_connection - DEBUG - GET http://localhost:51797/session/5f74b2e564bd53650be8f7b2e6736d95/element/f.C96F900EF465EA860FFB0E02BAABAB2C.d.700C8AE0CB284DC267458FD2AE73FD81.e.64/text {}
2025-08-07 18:10:44,380 - urllib3.connectionpool - DEBUG - http://localhost:51797 "GET /session/5f74b2e564bd53650be8f7b2e6736d95/element/f.C96F900EF465EA860FFB0E02BAABAB2C.d.700C8AE0CB284DC267458FD2AE73FD81.e.64/text HTTP/1.1" 200 29
2025-08-07 18:10:44,380 - selenium.webdriver.remote.remote_connection - DEBUG - Remote response: status=200 | data={"value":"Housing Resources"} | headers=HTTPHeaderDict({'Content-Length': '29', 'Content-Type': 'application/json; charset=utf-8', 'cache-control': 'no-cache'})
2025-08-07 18:10:44,380 - selenium.webdriver.remote.remote_connection - DEBUG - Finished Request
2025-08-07 18:10:44,380 - selenium.webdriver.remote.remote_connection - DEBUG - GET http://localhost:51797/session/5f74b2e564bd53650be8f7b2e6736d95/element/f.C96F900EF465EA860FFB0E02BAABAB2C.d.700C8AE0CB284DC267458FD2AE73FD81.e.65/text {}
2025-08-07 18:10:44,383 - urllib3.connectionpool - DEBUG - http://localhost:51797 "GET /session/5f74b2e564bd53650be8f7b2e6736d95/element/f.C96F900EF465EA860FFB0E02BAABAB2C.d.700C8AE0CB284DC267458FD2AE73FD81.e.65/text HTTP/1.1" 200 38
2025-08-07 18:10:44,383 - selenium.webdriver.remote.remote_connection - DEBUG - Remote response: status=200 | data={"value":"Planning Commission Agenda"} | headers=HTTPHeaderDict({'Content-Length': '38', 'Content-Type': 'application/json; charset=utf-8', 'cache-control': 'no-cache'})
2025-08-07 18:10:44,383 - selenium.webdriver.remote.remote_connection - DEBUG - Finished Request
2025-08-07 18:10:44,383 - selenium.webdriver.remote.remote_connection - DEBUG - GET http://localhost:51797/session/5f74b2e564bd53650be8f7b2e6736d95/element/f.C96F900EF465EA860FFB0E02BAABAB2C.d.700C8AE0CB284DC267458FD2AE73FD81.e.66/text {}
2025-08-07 18:10:44,385 - urllib3.connectionpool - DEBUG - http://localhost:51797 "GET /session/5f74b2e564bd53650be8f7b2e6736d95/element/f.C96F900EF465EA860FFB0E02BAABAB2C.d.700C8AE0CB284DC267458FD2AE73FD81.e.66/text HTTP/1.1" 200 40
2025-08-07 18:10:44,385 - selenium.webdriver.remote.remote_connection - DEBUG - Remote response: status=200 | data={"value":"Planning Commission Meetings"} | headers=HTTPHeaderDict({'Content-Length': '40', 'Content-Type': 'application/json; charset=utf-8', 'cache-control': 'no-cache'})
2025-08-07 18:10:44,385 - selenium.webdriver.remote.remote_connection - DEBUG - Finished Request
2025-08-07 18:10:44,385 - selenium.webdriver.remote.remote_connection - DEBUG - GET http://localhost:51797/session/5f74b2e564bd53650be8f7b2e6736d95/element/f.C96F900EF465EA860FFB0E02BAABAB2C.d.700C8AE0CB284DC267458FD2AE73FD81.e.67/text {}
2025-08-07 18:10:44,388 - urllib3.connectionpool - DEBUG - http://localhost:51797 "GET /session/5f74b2e564bd53650be8f7b2e6736d95/element/f.C96F900EF465EA860FFB0E02BAABAB2C.d.700C8AE0CB284DC267458FD2AE73FD81.e.67/text HTTP/1.1" 200 39
2025-08-07 18:10:44,388 - selenium.webdriver.remote.remote_connection - DEBUG - Remote response: status=200 | data={"value":"2022 - 2030 Housing Element"} | headers=HTTPHeaderDict({'Content-Length': '39', 'Content-Type': 'application/json; charset=utf-8', 'cache-control': 'no-cache'})
2025-08-07 18:10:44,388 - selenium.webdriver.remote.remote_connection - DEBUG - Finished Request
2025-08-07 18:10:44,388 - selenium.webdriver.remote.remote_connection - DEBUG - GET http://localhost:51797/session/5f74b2e564bd53650be8f7b2e6736d95/element/f.C96F900EF465EA860FFB0E02BAABAB2C.d.700C8AE0CB284DC267458FD2AE73FD81.e.4/text {}
2025-08-07 18:10:44,390 - urllib3.connectionpool - DEBUG - http://localhost:51797 "GET /session/5f74b2e564bd53650be8f7b2e6736d95/element/f.C96F900EF465EA860FFB0E02BAABAB2C.d.700C8AE0CB284DC267458FD2AE73FD81.e.4/text HTTP/1.1" 200 51
2025-08-07 18:10:44,390 - selenium.webdriver.remote.remote_connection - DEBUG - Remote response: status=200 | data={"value":"2022 - 2030 Housing Element Information"} | headers=HTTPHeaderDict({'Content-Length': '51', 'Content-Type': 'application/json; charset=utf-8', 'cache-control': 'no-cache'})
2025-08-07 18:10:44,390 - selenium.webdriver.remote.remote_connection - DEBUG - Finished Request
2025-08-07 18:10:44,390 - selenium.webdriver.remote.remote_connection - DEBUG - GET http://localhost:51797/session/5f74b2e564bd53650be8f7b2e6736d95/element/f.C96F900EF465EA860FFB0E02BAABAB2C.d.700C8AE0CB284DC267458FD2AE73FD81.e.3/text {}
2025-08-07 18:10:44,393 - urllib3.connectionpool - DEBUG - http://localhost:51797 "GET /session/5f74b2e564bd53650be8f7b2e6736d95/element/f.C96F900EF465EA860FFB0E02BAABAB2C.d.700C8AE0CB284DC267458FD2AE73FD81.e.3/text HTTP/1.1" 200 83
2025-08-07 18:10:44,393 - selenium.webdriver.remote.remote_connection - DEBUG - Remote response: status=200 | data={"value":"SB 35 Streamlined Multifamily Review and SB 330 Preliminary Application"} | headers=HTTPHeaderDict({'Content-Length': '83', 'Content-Type': 'application/json; charset=utf-8', 'cache-control': 'no-cache'})
2025-08-07 18:10:44,393 - selenium.webdriver.remote.remote_connection - DEBUG - Finished Request
2025-08-07 18:10:44,393 - selenium.webdriver.remote.remote_connection - DEBUG - GET http://localhost:51797/session/5f74b2e564bd53650be8f7b2e6736d95/element/f.C96F900EF465EA860FFB0E02BAABAB2C.d.700C8AE0CB284DC267458FD2AE73FD81.e.38/text {}
2025-08-07 18:10:44,395 - urllib3.connectionpool - DEBUG - http://localhost:51797 "GET /session/5f74b2e564bd53650be8f7b2e6736d95/element/f.C96F900EF465EA860FFB0E02BAABAB2C.d.700C8AE0CB284DC267458FD2AE73FD81.e.38/text HTTP/1.1" 200 25
2025-08-07 18:10:44,395 - selenium.webdriver.remote.remote_connection - DEBUG - Remote response: status=200 | data={"value":"Website Links"} | headers=HTTPHeaderDict({'Content-Length': '25', 'Content-Type': 'application/json; charset=utf-8', 'cache-control': 'no-cache'})
2025-08-07 18:10:44,395 - selenium.webdriver.remote.remote_connection - DEBUG - Finished Request
2025-08-07 18:10:44,395 - selenium.webdriver.remote.remote_connection - DEBUG - GET http://localhost:51797/session/5f74b2e564bd53650be8f7b2e6736d95/element/f.C96F900EF465EA860FFB0E02BAABAB2C.d.700C8AE0CB284DC267458FD2AE73FD81.e.68/text {}
2025-08-07 18:10:44,398 - urllib3.connectionpool - DEBUG - http://localhost:51797 "GET /session/5f74b2e564bd53650be8f7b2e6736d95/element/f.C96F900EF465EA860FFB0E02BAABAB2C.d.700C8AE0CB284DC267458FD2AE73FD81.e.68/text HTTP/1.1" 200 12
2025-08-07 18:10:44,398 - selenium.webdriver.remote.remote_connection - DEBUG - Remote response: status=200 | data={"value":""} | headers=HTTPHeaderDict({'Content-Length': '12', 'Content-Type': 'application/json; charset=utf-8', 'cache-control': 'no-cache'})
2025-08-07 18:10:44,398 - selenium.webdriver.remote.remote_connection - DEBUG - Finished Request
2025-08-07 18:10:44,398 - selenium.webdriver.remote.remote_connection - DEBUG - GET http://localhost:51797/session/5f74b2e564bd53650be8f7b2e6736d95/element/f.C96F900EF465EA860FFB0E02BAABAB2C.d.700C8AE0CB284DC267458FD2AE73FD81.e.69/text {}
2025-08-07 18:10:44,400 - urllib3.connectionpool - DEBUG - http://localhost:51797 "GET /session/5f74b2e564bd53650be8f7b2e6736d95/element/f.C96F900EF465EA860FFB0E02BAABAB2C.d.700C8AE0CB284DC267458FD2AE73FD81.e.69/text HTTP/1.1" 200 39
2025-08-07 18:10:44,400 - selenium.webdriver.remote.remote_connection - DEBUG - Remote response: status=200 | data={"value":"planning@co.del-norte.ca.us"} | headers=HTTPHeaderDict({'Content-Length': '39', 'Content-Type': 'application/json; charset=utf-8', 'cache-control': 'no-cache'})
2025-08-07 18:10:44,400 - selenium.webdriver.remote.remote_connection - DEBUG - Finished Request
2025-08-07 18:10:44,400 - selenium.webdriver.remote.remote_connection - DEBUG - GET http://localhost:51797/session/5f74b2e564bd53650be8f7b2e6736d95/element/f.C96F900EF465EA860FFB0E02BAABAB2C.d.700C8AE0CB284DC267458FD2AE73FD81.e.70/text {}
2025-08-07 18:10:44,403 - urllib3.connectionpool - DEBUG - http://localhost:51797 "GET /session/5f74b2e564bd53650be8f7b2e6736d95/element/f.C96F900EF465EA860FFB0E02BAABAB2C.d.700C8AE0CB284DC267458FD2AE73FD81.e.70/text HTTP/1.1" 200 32
2025-08-07 18:10:44,403 - selenium.webdriver.remote.remote_connection - DEBUG - Remote response: status=200 | data={"value":"Phone (707) 464-7254"} | headers=HTTPHeaderDict({'Content-Length': '32', 'Content-Type': 'application/json; charset=utf-8', 'cache-control': 'no-cache'})
2025-08-07 18:10:44,403 - selenium.webdriver.remote.remote_connection - DEBUG - Finished Request
2025-08-07 18:10:44,403 - selenium.webdriver.remote.remote_connection - DEBUG - GET http://localhost:51797/session/5f74b2e564bd53650be8f7b2e6736d95/element/f.C96F900EF465EA860FFB0E02BAABAB2C.d.700C8AE0CB284DC267458FD2AE73FD81.e.71/text {}
2025-08-07 18:10:44,405 - urllib3.connectionpool - DEBUG - http://localhost:51797 "GET /session/5f74b2e564bd53650be8f7b2e6736d95/element/f.C96F900EF465EA860FFB0E02BAABAB2C.d.700C8AE0CB284DC267458FD2AE73FD81.e.71/text HTTP/1.1" 200 26
2025-08-07 18:10:44,405 - selenium.webdriver.remote.remote_connection - DEBUG - Remote response: status=200 | data={"value":"Get Directions"} | headers=HTTPHeaderDict({'Content-Length': '26', 'Content-Type': 'application/json; charset=utf-8', 'cache-control': 'no-cache'})
2025-08-07 18:10:44,406 - selenium.webdriver.remote.remote_connection - DEBUG - Finished Request
2025-08-07 18:10:44,406 - selenium.webdriver.remote.remote_connection - DEBUG - GET http://localhost:51797/session/5f74b2e564bd53650be8f7b2e6736d95/element/f.C96F900EF465EA860FFB0E02BAABAB2C.d.700C8AE0CB284DC267458FD2AE73FD81.e.72/text {}
2025-08-07 18:10:44,408 - urllib3.connectionpool - DEBUG - http://localhost:51797 "GET /session/5f74b2e564bd53650be8f7b2e6736d95/element/f.C96F900EF465EA860FFB0E02BAABAB2C.d.700C8AE0CB284DC267458FD2AE73FD81.e.72/text HTTP/1.1" 200 16
2025-08-07 18:10:44,408 - selenium.webdriver.remote.remote_connection - DEBUG - Remote response: status=200 | data={"value":"Home"} | headers=HTTPHeaderDict({'Content-Length': '16', 'Content-Type': 'application/json; charset=utf-8', 'cache-control': 'no-cache'})
2025-08-07 18:10:44,408 - selenium.webdriver.remote.remote_connection - DEBUG - Finished Request
2025-08-07 18:10:44,408 - selenium.webdriver.remote.remote_connection - DEBUG - GET http://localhost:51797/session/5f74b2e564bd53650be8f7b2e6736d95/element/f.C96F900EF465EA860FFB0E02BAABAB2C.d.700C8AE0CB284DC267458FD2AE73FD81.e.40/text {}
2025-08-07 18:10:44,410 - urllib3.connectionpool - DEBUG - http://localhost:51797 "GET /session/5f74b2e564bd53650be8f7b2e6736d95/element/f.C96F900EF465EA860FFB0E02BAABAB2C.d.700C8AE0CB284DC267458FD2AE73FD81.e.40/text HTTP/1.1" 200 23
2025-08-07 18:10:44,410 - selenium.webdriver.remote.remote_connection - DEBUG - Remote response: status=200 | data={"value":"Departments"} | headers=HTTPHeaderDict({'Content-Length': '23', 'Content-Type': 'application/json; charset=utf-8', 'cache-control': 'no-cache'})
2025-08-07 18:10:44,410 - selenium.webdriver.remote.remote_connection - DEBUG - Finished Request
2025-08-07 18:10:44,410 - selenium.webdriver.remote.remote_connection - DEBUG - GET http://localhost:51797/session/5f74b2e564bd53650be8f7b2e6736d95/element/f.C96F900EF465EA860FFB0E02BAABAB2C.d.700C8AE0CB284DC267458FD2AE73FD81.e.41/text {}
2025-08-07 18:10:44,413 - urllib3.connectionpool - DEBUG - http://localhost:51797 "GET /session/5f74b2e564bd53650be8f7b2e6736d95/element/f.C96F900EF465EA860FFB0E02BAABAB2C.d.700C8AE0CB284DC267458FD2AE73FD81.e.41/text HTTP/1.1" 200 29
2025-08-07 18:10:44,413 - selenium.webdriver.remote.remote_connection - DEBUG - Remote response: status=200 | data={"value":"Planning Division"} | headers=HTTPHeaderDict({'Content-Length': '29', 'Content-Type': 'application/json; charset=utf-8', 'cache-control': 'no-cache'})
2025-08-07 18:10:44,413 - selenium.webdriver.remote.remote_connection - DEBUG - Finished Request
2025-08-07 18:10:44,413 - selenium.webdriver.remote.remote_connection - DEBUG - GET http://localhost:51797/session/5f74b2e564bd53650be8f7b2e6736d95/element/f.C96F900EF465EA860FFB0E02BAABAB2C.d.700C8AE0CB284DC267458FD2AE73FD81.e.73/text {}
2025-08-07 18:10:44,415 - urllib3.connectionpool - DEBUG - http://localhost:51797 "GET /session/5f74b2e564bd53650be8f7b2e6736d95/element/f.C96F900EF465EA860FFB0E02BAABAB2C.d.700C8AE0CB284DC267458FD2AE73FD81.e.73/text HTTP/1.1" 200 46
2025-08-07 18:10:44,415 - selenium.webdriver.remote.remote_connection - DEBUG - Remote response: status=200 | data={"value":"Planning Commission Public Comment"} | headers=HTTPHeaderDict({'Content-Length': '46', 'Content-Type': 'application/json; charset=utf-8', 'cache-control': 'no-cache'})
2025-08-07 18:10:44,415 - selenium.webdriver.remote.remote_connection - DEBUG - Finished Request
2025-08-07 18:10:44,415 - selenium.webdriver.remote.remote_connection - DEBUG - GET http://localhost:51797/session/5f74b2e564bd53650be8f7b2e6736d95/element/f.C96F900EF465EA860FFB0E02BAABAB2C.d.700C8AE0CB284DC267458FD2AE73FD81.e.74/text {}
2025-08-07 18:10:44,418 - urllib3.connectionpool - DEBUG - http://localhost:51797 "GET /session/5f74b2e564bd53650be8f7b2e6736d95/element/f.C96F900EF465EA860FFB0E02BAABAB2C.d.700C8AE0CB284DC267458FD2AE73FD81.e.74/text HTTP/1.1" 200 49
2025-08-07 18:10:44,418 - selenium.webdriver.remote.remote_connection - DEBUG - Remote response: status=200 | data={"value":"981 H Street\nCrescent City, CA 95531"} | headers=HTTPHeaderDict({'Content-Length': '49', 'Content-Type': 'application/json; charset=utf-8', 'cache-control': 'no-cache'})
2025-08-07 18:10:44,418 - selenium.webdriver.remote.remote_connection - DEBUG - Finished Request
2025-08-07 18:10:44,418 - selenium.webdriver.remote.remote_connection - DEBUG - GET http://localhost:51797/session/5f74b2e564bd53650be8f7b2e6736d95/element/f.C96F900EF465EA860FFB0E02BAABAB2C.d.700C8AE0CB284DC267458FD2AE73FD81.e.75/text {}
2025-08-07 18:10:44,420 - urllib3.connectionpool - DEBUG - http://localhost:51797 "GET /session/5f74b2e564bd53650be8f7b2e6736d95/element/f.C96F900EF465EA860FFB0E02BAABAB2C.d.700C8AE0CB284DC267458FD2AE73FD81.e.75/text HTTP/1.1" 200 25
2025-08-07 18:10:44,420 - selenium.webdriver.remote.remote_connection - DEBUG - Remote response: status=200 | data={"value":"Accessibility"} | headers=HTTPHeaderDict({'Content-Length': '25', 'Content-Type': 'application/json; charset=utf-8', 'cache-control': 'no-cache'})
2025-08-07 18:10:44,420 - selenium.webdriver.remote.remote_connection - DEBUG - Finished Request
2025-08-07 18:10:44,420 - selenium.webdriver.remote.remote_connection - DEBUG - GET http://localhost:51797/session/5f74b2e564bd53650be8f7b2e6736d95/element/f.C96F900EF465EA860FFB0E02BAABAB2C.d.700C8AE0CB284DC267458FD2AE73FD81.e.76/text {}
2025-08-07 18:10:44,423 - urllib3.connectionpool - DEBUG - http://localhost:51797 "GET /session/5f74b2e564bd53650be8f7b2e6736d95/element/f.C96F900EF465EA860FFB0E02BAABAB2C.d.700C8AE0CB284DC267458FD2AE73FD81.e.76/text HTTP/1.1" 200 22
2025-08-07 18:10:44,423 - selenium.webdriver.remote.remote_connection - DEBUG - Remote response: status=200 | data={"value":"Contact Us"} | headers=HTTPHeaderDict({'Content-Length': '22', 'Content-Type': 'application/json; charset=utf-8', 'cache-control': 'no-cache'})
2025-08-07 18:10:44,423 - selenium.webdriver.remote.remote_connection - DEBUG - Finished Request
2025-08-07 18:10:44,423 - selenium.webdriver.remote.remote_connection - DEBUG - GET http://localhost:51797/session/5f74b2e564bd53650be8f7b2e6736d95/element/f.C96F900EF465EA860FFB0E02BAABAB2C.d.700C8AE0CB284DC267458FD2AE73FD81.e.77/text {}
2025-08-07 18:10:44,425 - urllib3.connectionpool - DEBUG - http://localhost:51797 "GET /session/5f74b2e564bd53650be8f7b2e6736d95/element/f.C96F900EF465EA860FFB0E02BAABAB2C.d.700C8AE0CB284DC267458FD2AE73FD81.e.77/text HTTP/1.1" 200 29
2025-08-07 18:10:44,425 - selenium.webdriver.remote.remote_connection - DEBUG - Remote response: status=200 | data={"value":"Website By EvoGov"} | headers=HTTPHeaderDict({'Content-Length': '29', 'Content-Type': 'application/json; charset=utf-8', 'cache-control': 'no-cache'})
2025-08-07 18:10:44,425 - selenium.webdriver.remote.remote_connection - DEBUG - Finished Request
2025-08-07 18:10:44,429 - urllib3.connectionpool - DEBUG - Starting new HTTPS connection (1): data.ca.gov:443
2025-08-07 18:10:44,971 - urllib3.connectionpool - DEBUG - https://data.ca.gov:443 "GET /api/3/action/package_show?id=zoning-data HTTP/1.1" 404 None
2025-08-07 18:10:44,972 - cascadia.data.real_data_acquisition - ERROR - ⚠️  FALLBACK DATA USED - Module: real_data_acquisition
2025-08-07 18:10:44,972 - cascadia.data.real_data_acquisition - ERROR -    Original Source: zoning_data_acquisition
2025-08-07 18:10:44,972 - cascadia.data.real_data_acquisition - ERROR -    Fallback Reason: No real zoning data available
2025-08-07 18:10:44,972 - cascadia.data.real_data_acquisition - ERROR -    Fallback Type: synthetic_zoning
2025-08-07 18:10:44,972 - cascadia.data.real_data_acquisition - ERROR -    Limitations: ['Using generated test data', 'No real zoning boundaries']
2025-08-07 18:10:45,016 - pyogrio._io - INFO - Created 50 records
2025-08-07 18:10:45,016 - __main__ - INFO - ⚠️ Using synthetic data for zoning
2025-08-07 18:10:45,016 - cascadia.processing.data_manager - INFO - 🚀 PROCESSING START - Data Acquisition
2025-08-07 18:10:45,016 - cascadia.processing.data_manager - INFO -    Module: data_manager
2025-08-07 18:10:45,016 - cascadia.processing.data_manager - INFO -    Parameters: {'module': 'zoning', 'force_refresh': False}
2025-08-07 18:10:45,016 - cascadia.data.data_manager - WARNING - 🧪 SYNTHETIC DATA GENERATED - Module: data_manager
2025-08-07 18:10:45,016 - cascadia.data.data_manager - WARNING -    Reason: Using cached synthetic data
2025-08-07 18:10:45,016 - cascadia.data.data_manager - WARNING -    Parameters: {'module': 'zoning', 'file_size_mb': 0.000732421875}
2025-08-07 18:10:45,016 - cascadia.data.data_manager - WARNING -    Row Count: 0
2025-08-07 18:10:45,016 - cascadia.data.data_manager - WARNING -    Coverage Area: 0.00 km²
2025-08-07 18:10:45,016 - cascadia.data.data_manager - WARNING -    Geometry Types: ['Unknown']
2025-08-07 18:10:45,016 - cascadia.processing.data_manager - INFO - ✅ PROCESSING COMPLETE - Data Acquisition
2025-08-07 18:10:45,016 - cascadia.processing.data_manager - INFO -    Duration: 0.00s
2025-08-07 18:10:45,016 - cascadia.processing.data_manager - INFO -    source: cached_synthetic
2025-08-07 18:10:45,016 - cascadia.processing.data_manager - INFO -    module: zoning
2025-08-07 18:10:45,016 - cascadia.processing.data_manager - INFO - 🚀 PROCESSING START - H3 Processing
2025-08-07 18:10:45,016 - cascadia.processing.data_manager - INFO -    Module: data_manager
2025-08-07 18:10:45,016 - cascadia.processing.data_manager - INFO -    Parameters: {'module': 'zoning', 'data_path': 'output/zoning/data/synthetic/synthetic_zoning_data.geojson', 'target_hexagons_count': 7749}
2025-08-07 18:10:45,021 - cascadia.processing.data_manager - INFO -    Step: H3 Processing
2025-08-07 18:10:45,021 - cascadia.processing.data_manager - INFO -      action: cache_invalid
2025-08-07 18:10:45,021 - cascadia.processing.data_manager - INFO -      module: zoning
2025-08-07 18:10:45,021 - cascadia.processing.data_manager - INFO -    Step: H3 Processing
2025-08-07 18:10:45,021 - cascadia.processing.data_manager - INFO -      action: processing_to_h3
2025-08-07 18:10:45,021 - cascadia.processing.data_manager - INFO -      module: zoning
2025-08-07 18:10:45,163 - utils.enhanced_data_manager - INFO - [zoning] ✅ Processed 2 features to 2584 H3 hexagons
2025-08-07 18:10:45,177 - cascadia.data.data_manager - INFO - 🔷 H3 PROCESSING - Module: data_manager
2025-08-07 18:10:45,177 - cascadia.data.data_manager - INFO -    Input Features: 2
2025-08-07 18:10:45,177 - cascadia.data.data_manager - INFO -    Output Hexagons: 2,584
2025-08-07 18:10:45,177 - cascadia.data.data_manager - INFO -    Coverage: 33.3%
2025-08-07 18:10:45,177 - cascadia.data.data_manager - INFO -    Processing Time: 0.16s
2025-08-07 18:10:45,177 - cascadia.processing.data_manager - INFO - ✅ PROCESSING COMPLETE - H3 Processing
2025-08-07 18:10:45,177 - cascadia.processing.data_manager - INFO -    Duration: 0.16s
2025-08-07 18:10:45,177 - cascadia.processing.data_manager - INFO -    source: new_processing
2025-08-07 18:10:45,177 - cascadia.processing.data_manager - INFO -    module: zoning
2025-08-07 18:10:45,177 - cascadia.processing.data_manager - INFO -    input_features: 2
2025-08-07 18:10:45,177 - cascadia.processing.data_manager - INFO -    output_hexagons: 2584
2025-08-07 18:10:45,180 - __main__ - INFO - 📋 zoning data quality: 0.00
2025-08-07 18:10:45,180 - __main__ - INFO - 📊 Processing module: current_use
2025-08-07 18:10:45,180 - cascadia.processing.real_data_acquisition - INFO - 🚀 PROCESSING START - Current Use Data Acquisition
2025-08-07 18:10:45,180 - cascadia.processing.real_data_acquisition - INFO -    Module: real_data_acquisition
2025-08-07 18:10:45,181 - cascadia.processing.real_data_acquisition - INFO -    Parameters: {'sources': ['USDA Cropland Data Layer', 'California Department of Conservation']}
2025-08-07 18:10:45,784 - cascadia.data.real_data_acquisition - ERROR - ⚠️  FALLBACK DATA USED - Module: real_data_acquisition
2025-08-07 18:10:45,784 - cascadia.data.real_data_acquisition - ERROR -    Original Source: current_use_data_acquisition
2025-08-07 18:10:45,784 - cascadia.data.real_data_acquisition - ERROR -    Fallback Reason: Exception: '/vsizip/output/real_data/usda_cropland_data.zip' not recognized as being in a supported file format.; It might help to specify the correct driver explicitly by prefixing the file path with '<DRIVER>:', e.g. 'CSV:path'.
2025-08-07 18:10:45,784 - cascadia.data.real_data_acquisition - ERROR -    Fallback Type: synthetic_current_use
2025-08-07 18:10:45,784 - cascadia.data.real_data_acquisition - ERROR -    Limitations: ['Data acquisition failed', 'Using generated test data']
2025-08-07 18:10:45,796 - pyogrio._io - INFO - Created 100 records
2025-08-07 18:10:45,796 - __main__ - INFO - ⚠️ Using synthetic data for current_use
2025-08-07 18:10:45,796 - cascadia.processing.data_manager - INFO - 🚀 PROCESSING START - Data Acquisition
2025-08-07 18:10:45,797 - cascadia.processing.data_manager - INFO -    Module: data_manager
2025-08-07 18:10:45,797 - cascadia.processing.data_manager - INFO -    Parameters: {'module': 'current_use', 'force_refresh': False}
2025-08-07 18:10:45,797 - cascadia.data.data_manager - WARNING - 🧪 SYNTHETIC DATA GENERATED - Module: data_manager
2025-08-07 18:10:45,797 - cascadia.data.data_manager - WARNING -    Reason: Using cached synthetic data
2025-08-07 18:10:45,797 - cascadia.data.data_manager - WARNING -    Parameters: {'module': 'current_use', 'file_size_mb': 0.0008020401000976562}
2025-08-07 18:10:45,797 - cascadia.data.data_manager - WARNING -    Row Count: 0
2025-08-07 18:10:45,797 - cascadia.data.data_manager - WARNING -    Coverage Area: 0.00 km²
2025-08-07 18:10:45,797 - cascadia.data.data_manager - WARNING -    Geometry Types: ['Unknown']
2025-08-07 18:10:45,797 - cascadia.processing.data_manager - INFO - ✅ PROCESSING COMPLETE - Data Acquisition
2025-08-07 18:10:45,797 - cascadia.processing.data_manager - INFO -    Duration: 0.00s
2025-08-07 18:10:45,797 - cascadia.processing.data_manager - INFO -    source: cached_synthetic
2025-08-07 18:10:45,797 - cascadia.processing.data_manager - INFO -    module: current_use
2025-08-07 18:10:45,797 - cascadia.processing.data_manager - INFO - 🚀 PROCESSING START - H3 Processing
2025-08-07 18:10:45,797 - cascadia.processing.data_manager - INFO -    Module: data_manager
2025-08-07 18:10:45,797 - cascadia.processing.data_manager - INFO -    Parameters: {'module': 'current_use', 'data_path': 'output/current_use/data/synthetic/synthetic_current_use_data.geojson', 'target_hexagons_count': 7749}
2025-08-07 18:10:45,800 - cascadia.processing.data_manager - INFO -    Step: H3 Processing
2025-08-07 18:10:45,801 - cascadia.processing.data_manager - INFO -      action: cache_invalid
2025-08-07 18:10:45,801 - cascadia.processing.data_manager - INFO -      module: current_use
2025-08-07 18:10:45,801 - cascadia.processing.data_manager - INFO -    Step: H3 Processing
2025-08-07 18:10:45,801 - cascadia.processing.data_manager - INFO -      action: processing_to_h3
2025-08-07 18:10:45,801 - cascadia.processing.data_manager - INFO -      module: current_use
2025-08-07 18:10:45,904 - utils.enhanced_data_manager - INFO - [current_use] ✅ Processed 2 features to 1551 H3 hexagons
2025-08-07 18:10:45,914 - cascadia.data.data_manager - INFO - 🔷 H3 PROCESSING - Module: data_manager
2025-08-07 18:10:45,914 - cascadia.data.data_manager - INFO -    Input Features: 2
2025-08-07 18:10:45,914 - cascadia.data.data_manager - INFO -    Output Hexagons: 1,551
2025-08-07 18:10:45,914 - cascadia.data.data_manager - INFO -    Coverage: 20.0%
2025-08-07 18:10:45,914 - cascadia.data.data_manager - INFO -    Processing Time: 0.12s
2025-08-07 18:10:45,914 - cascadia.processing.data_manager - INFO - ✅ PROCESSING COMPLETE - H3 Processing
2025-08-07 18:10:45,914 - cascadia.processing.data_manager - INFO -    Duration: 0.12s
2025-08-07 18:10:45,914 - cascadia.processing.data_manager - INFO -    source: new_processing
2025-08-07 18:10:45,914 - cascadia.processing.data_manager - INFO -    module: current_use
2025-08-07 18:10:45,914 - cascadia.processing.data_manager - INFO -    input_features: 2
2025-08-07 18:10:45,914 - cascadia.processing.data_manager - INFO -    output_hexagons: 1551
2025-08-07 18:10:45,916 - __main__ - INFO - 📋 current_use data quality: 0.00
2025-08-07 18:10:45,916 - __main__ - INFO - 📊 Processing module: ownership
2025-08-07 18:10:45,916 - __main__ - INFO - ✅ Using real data for ownership: ownership/data/empirical/empirical_ownership_data.geojson
2025-08-07 18:10:45,916 - cascadia.processing.data_manager - INFO - 🚀 PROCESSING START - H3 Processing
2025-08-07 18:10:45,916 - cascadia.processing.data_manager - INFO -    Module: data_manager
2025-08-07 18:10:45,916 - cascadia.processing.data_manager - INFO -    Parameters: {'module': 'ownership', 'data_path': 'ownership/data/empirical/empirical_ownership_data.geojson', 'target_hexagons_count': 7749}
2025-08-07 18:10:45,917 - cascadia.processing.data_manager - INFO -    Step: H3 Processing
2025-08-07 18:10:45,917 - cascadia.processing.data_manager - INFO -      action: cache_invalid
2025-08-07 18:10:45,917 - cascadia.processing.data_manager - INFO -      module: ownership
2025-08-07 18:10:45,917 - cascadia.processing.data_manager - INFO -    Step: H3 Processing
2025-08-07 18:10:45,917 - cascadia.processing.data_manager - INFO -      action: processing_to_h3
2025-08-07 18:10:45,917 - cascadia.processing.data_manager - INFO -      module: ownership
2025-08-07 18:10:45,952 - utils.enhanced_data_manager - INFO - [ownership] ✅ Processed 50 features to 594 H3 hexagons
2025-08-07 18:10:45,955 - cascadia.data.data_manager - INFO - 🔷 H3 PROCESSING - Module: data_manager
2025-08-07 18:10:45,955 - cascadia.data.data_manager - INFO -    Input Features: 50
2025-08-07 18:10:45,955 - cascadia.data.data_manager - INFO -    Output Hexagons: 594
2025-08-07 18:10:45,956 - cascadia.data.data_manager - INFO -    Coverage: 7.7%
2025-08-07 18:10:45,956 - cascadia.data.data_manager - INFO -    Processing Time: 0.04s
2025-08-07 18:10:45,956 - cascadia.processing.data_manager - INFO - ✅ PROCESSING COMPLETE - H3 Processing
2025-08-07 18:10:45,956 - cascadia.processing.data_manager - INFO -    Duration: 0.04s
2025-08-07 18:10:45,956 - cascadia.processing.data_manager - INFO -    source: new_processing
2025-08-07 18:10:45,956 - cascadia.processing.data_manager - INFO -    module: ownership
2025-08-07 18:10:45,956 - cascadia.processing.data_manager - INFO -    input_features: 50
2025-08-07 18:10:45,956 - cascadia.processing.data_manager - INFO -    output_hexagons: 594
2025-08-07 18:10:45,957 - __main__ - INFO - 📋 ownership data quality: 0.00
2025-08-07 18:10:45,957 - __main__ - INFO - 📊 Processing module: improvements
2025-08-07 18:10:45,957 - __main__ - INFO - ✅ Using real data for improvements: improvements/data/empirical/empirical_improvements_data.geojson
2025-08-07 18:10:45,957 - cascadia.processing.data_manager - INFO - 🚀 PROCESSING START - H3 Processing
2025-08-07 18:10:45,957 - cascadia.processing.data_manager - INFO -    Module: data_manager
2025-08-07 18:10:45,957 - cascadia.processing.data_manager - INFO -    Parameters: {'module': 'improvements', 'data_path': 'improvements/data/empirical/empirical_improvements_data.geojson', 'target_hexagons_count': 7749}
2025-08-07 18:10:45,957 - cascadia.processing.data_manager - INFO -    Step: H3 Processing
2025-08-07 18:10:45,957 - cascadia.processing.data_manager - INFO -      action: cache_invalid
2025-08-07 18:10:45,957 - cascadia.processing.data_manager - INFO -      module: improvements
2025-08-07 18:10:45,957 - cascadia.processing.data_manager - INFO -    Step: H3 Processing
2025-08-07 18:10:45,957 - cascadia.processing.data_manager - INFO -      action: processing_to_h3
2025-08-07 18:10:45,957 - cascadia.processing.data_manager - INFO -      module: improvements
2025-08-07 18:10:45,967 - utils.enhanced_data_manager - INFO - [improvements] ✅ Processed 100 features to 49 H3 hexagons
2025-08-07 18:10:45,968 - cascadia.data.data_manager - INFO - 🔷 H3 PROCESSING - Module: data_manager
2025-08-07 18:10:45,968 - cascadia.data.data_manager - INFO -    Input Features: 100
2025-08-07 18:10:45,968 - cascadia.data.data_manager - INFO -    Output Hexagons: 49
2025-08-07 18:10:45,968 - cascadia.data.data_manager - INFO -    Coverage: 0.6%
2025-08-07 18:10:45,968 - cascadia.data.data_manager - INFO -    Processing Time: 0.01s
2025-08-07 18:10:45,968 - cascadia.processing.data_manager - INFO - ✅ PROCESSING COMPLETE - H3 Processing
2025-08-07 18:10:45,968 - cascadia.processing.data_manager - INFO -    Duration: 0.01s
2025-08-07 18:10:45,968 - cascadia.processing.data_manager - INFO -    source: new_processing
2025-08-07 18:10:45,968 - cascadia.processing.data_manager - INFO -    module: improvements
2025-08-07 18:10:45,968 - cascadia.processing.data_manager - INFO -    input_features: 100
2025-08-07 18:10:45,968 - cascadia.processing.data_manager - INFO -    output_hexagons: 49
2025-08-07 18:10:45,968 - __main__ - INFO - 📋 improvements data quality: 0.00
2025-08-07 18:10:45,968 - __main__ - INFO - 🔗 Performing enhanced H3 geospatial fusion...
2025-08-07 18:10:45,998 - utils.enhanced_h3_fusion - INFO - Loaded fusion cache: output/data/cache/fusion/fused_res8_3f5d22116bfb8caa.json (3298 hexes)
2025-08-07 18:10:45,998 - __main__ - INFO - 🔬 Running final analysis on fused data...
2025-08-07 18:10:46,046 - geo_infer_place.core.unified_backend - INFO - Calculating enhanced agricultural redevelopment potential scores with SPACE integration...
2025-08-07 18:10:46,158 - geo_infer_place.core.unified_backend - INFO - ✅ Calculated enhanced redevelopment scores for 7749 hexagons with SPACE integration.
2025-08-07 18:10:46,161 - __main__ - INFO - 🎨 Creating comprehensive visualizations...
2025-08-07 18:10:46,161 - cascadia.visualization.comprehensive_viz - INFO - 🎨 VISUALIZATION CREATED - Interactive H3 Map
2025-08-07 18:10:46,161 - cascadia.visualization.comprehensive_viz - INFO -    Module: comprehensive_viz
2025-08-07 18:10:46,161 - cascadia.visualization.comprehensive_viz - INFO -    Data Sources: ['zoning', 'current_use', 'ownership', 'improvements']
2025-08-07 18:10:46,161 - cascadia.visualization.comprehensive_viz - INFO -    Hexagon Count: 5,000
2025-08-07 18:10:46,161 - cascadia.visualization.comprehensive_viz - INFO -    Layers: ['zoning', 'current_use', 'ownership', 'improvements']
2025-08-07 18:10:46,161 - cascadia.visualization.comprehensive_viz - INFO -    Interactive Features: ['Layer Toggles', 'Data Filtering', 'Hexagon Selection', 'Export Capabilities', 'Real-time Analysis']
2025-08-07 18:10:48,572 - cascadia.visualization.comprehensive_viz - INFO - 🎨 VISUALIZATION CREATED - Interactive H3 Map
2025-08-07 18:10:48,572 - cascadia.visualization.comprehensive_viz - INFO -    Module: comprehensive_viz
2025-08-07 18:10:48,572 - cascadia.visualization.comprehensive_viz - INFO -    Data Sources: ['zoning', 'current_use', 'ownership', 'improvements']
2025-08-07 18:10:48,572 - cascadia.visualization.comprehensive_viz - INFO -    Hexagon Count: 5,000
2025-08-07 18:10:48,572 - cascadia.visualization.comprehensive_viz - INFO -    Layers: ['zoning', 'current_use', 'ownership', 'improvements']
2025-08-07 18:10:48,572 - cascadia.visualization.comprehensive_viz - INFO -    Interactive Features: ['Layer Toggles', 'Data Filtering', 'Hexagon Selection', 'Export Capabilities', 'Real-time Analysis']
2025-08-07 18:10:48,572 - utils.comprehensive_visualization - INFO - Interactive H3 map created: output/visualizations/interactive/cascadia_interactive_map.html
2025-08-07 18:10:49,243 - utils.comprehensive_visualization - INFO - Static visualizations created: 4 files
2025-08-07 18:10:49,634 - utils.comprehensive_visualization - INFO - Visualization data exported: 4 files
2025-08-07 18:10:49,635 - __main__ - INFO - ✅ Comprehensive visualizations created
2025-08-07 18:10:49,635 - __main__ - INFO -    Interactive Map: output/visualizations/interactive/cascadia_interactive_map.html
2025-08-07 18:10:49,635 - __main__ - INFO -    Static Visualizations: 4 files
2025-08-07 18:10:49,635 - __main__ - INFO -    Export Files: 4 files
2025-08-07 18:10:49,636 - utils.reporting_engine - INFO - ✅ Data provenance manifest written: output/cascadia_data_provenance_20250807_181049.json
2025-08-07 18:10:49,639 - utils.data_processor - INFO - Step 4: Exporting analysis results...
2025-08-07 18:10:50,034 - geo_infer_place.core.unified_backend - INFO - ✅ Enhanced GeoJSON export completed with 7749 features
2025-08-07 18:10:50,036 - geo_infer_place.core.unified_backend - INFO - ✅ Successfully exported enhanced unified data to output/cascadia_unified_data_20250807_181049.geojson
2025-08-07 18:10:50,036 - utils.data_processor - INFO - ✅ Successfully exported enhanced unified data to output/cascadia_unified_data_20250807_181049.geojson
2025-08-07 18:10:50,038 - utils.data_processor - INFO - Exported redevelopment scores to output/cascadia_redevelopment_scores_20250807_181049.json
2025-08-07 18:10:50,039 - utils.data_processor - INFO - Exported summary to output/cascadia_summary_20250807_181049.json
2025-08-07 18:10:50,039 - utils.data_processor - INFO - Creating efficient visualization alternatives...
2025-08-07 18:10:50,039 - utils.data_processor - WARNING - Datashader not available: No module named 'datashader'
2025-08-07 18:10:50,039 - utils.deepscatter_visualization - INFO - Creating Deepscatter visualizations...
2025-08-07 18:10:50,039 - geo_infer_place.core.unified_backend - INFO - Calculating enhanced agricultural redevelopment potential scores with SPACE integration...
2025-08-07 18:10:50,170 - geo_infer_place.core.unified_backend - INFO - ✅ Calculated enhanced redevelopment scores for 7749 hexagons with SPACE integration.
2025-08-07 18:10:50,170 - utils.deepscatter_visualization - INFO - Preparing H3 data for Deepscatter visualization...
2025-08-07 18:10:50,178 - utils.deepscatter_visualization - INFO - Prepared 7749 data points for Deepscatter
2025-08-07 18:10:50,179 - utils.deepscatter_visualization - INFO - Creating Deepscatter HTML visualization...
2025-08-07 18:10:50,193 - utils.deepscatter_visualization - INFO - Deepscatter HTML visualization saved to: output/cascadia_deepscatter_visualization.html
2025-08-07 18:10:50,193 - utils.deepscatter_visualization - INFO - Creating lightweight CSV export...
2025-08-07 18:10:50,219 - utils.deepscatter_visualization - INFO - Lightweight CSV export saved to: output/cascadia_lightweight_data.csv
2025-08-07 18:10:50,219 - utils.deepscatter_visualization - INFO - Deepscatter visualizations created successfully
2025-08-07 18:10:50,219 - utils.data_processor - INFO - ✅ Deepscatter visualizations created successfully
2025-08-07 18:10:50,220 - utils.static_visualization - INFO - Creating static visualization plots...
2025-08-07 18:10:50,220 - geo_infer_place.core.unified_backend - INFO - Calculating enhanced agricultural redevelopment potential scores with SPACE integration...
2025-08-07 18:10:50,355 - geo_infer_place.core.unified_backend - INFO - ✅ Calculated enhanced redevelopment scores for 7749 hexagons with SPACE integration.
2025-08-07 18:10:50,355 - utils.static_visualization - INFO - Creating summary statistics...
2025-08-07 18:10:50,369 - utils.static_visualization - INFO - Summary statistics created for 7749 hexagons
2025-08-07 18:10:50,370 - utils.static_visualization - INFO - Creating data export for external visualization...
2025-08-07 18:10:50,372 - utils.static_visualization - INFO - Data export created with 1550 sampled points
2025-08-07 18:10:50,390 - utils.static_visualization - INFO - Static visualizations created successfully
2025-08-07 18:10:50,390 - utils.data_processor - INFO - ✅ Static plots created successfully
2025-08-07 18:10:50,390 - utils.data_processor - INFO - 📊 Data export completed in 0.8 seconds
2025-08-07 18:10:50,390 - __main__ - INFO - 📊 Generating lightweight static visualizations...
2025-08-07 18:10:50,391 - utils.static_visualization - INFO - Creating static visualization plots...
2025-08-07 18:10:50,391 - geo_infer_place.core.unified_backend - INFO - Calculating enhanced agricultural redevelopment potential scores with SPACE integration...
2025-08-07 18:10:50,520 - geo_infer_place.core.unified_backend - INFO - ✅ Calculated enhanced redevelopment scores for 7749 hexagons with SPACE integration.
2025-08-07 18:10:50,520 - utils.static_visualization - INFO - Creating summary statistics...
2025-08-07 18:10:50,533 - utils.static_visualization - INFO - Summary statistics created for 7749 hexagons
2025-08-07 18:10:50,534 - utils.static_visualization - INFO - Creating data export for external visualization...
2025-08-07 18:10:50,535 - utils.static_visualization - INFO - Data export created with 1550 sampled points
2025-08-07 18:10:50,554 - utils.static_visualization - INFO - Static visualizations created successfully
2025-08-07 18:10:50,555 - __main__ - INFO - ✅ Lightweight visualizations created
2025-08-07 18:10:50,555 - __main__ - INFO - 📊 Generating Deepscatter visualizations...
2025-08-07 18:10:50,555 - utils.deepscatter_visualization - INFO - Creating Deepscatter visualizations...
2025-08-07 18:10:50,555 - geo_infer_place.core.unified_backend - INFO - Calculating enhanced agricultural redevelopment potential scores with SPACE integration...
2025-08-07 18:10:50,688 - geo_infer_place.core.unified_backend - INFO - ✅ Calculated enhanced redevelopment scores for 7749 hexagons with SPACE integration.
2025-08-07 18:10:50,688 - utils.deepscatter_visualization - INFO - Preparing H3 data for Deepscatter visualization...
2025-08-07 18:10:50,698 - utils.deepscatter_visualization - INFO - Prepared 7749 data points for Deepscatter
2025-08-07 18:10:50,698 - utils.deepscatter_visualization - INFO - Creating Deepscatter HTML visualization...
2025-08-07 18:10:50,711 - utils.deepscatter_visualization - INFO - Deepscatter HTML visualization saved to: output/cascadia_deepscatter_visualization.html
2025-08-07 18:10:50,711 - utils.deepscatter_visualization - INFO - Creating lightweight CSV export...
2025-08-07 18:10:50,737 - utils.deepscatter_visualization - INFO - Lightweight CSV export saved to: output/cascadia_lightweight_data.csv
2025-08-07 18:10:50,737 - utils.deepscatter_visualization - INFO - Deepscatter visualizations created successfully
2025-08-07 18:10:50,737 - __main__ - INFO - ✅ Deepscatter visualizations created
2025-08-07 18:10:50,737 - utils.reporting_engine - INFO - Generating enhanced analysis report to output/cascadia_analysis_report_20250807_181050.md...
2025-08-07 18:10:50,738 - utils.reporting_engine - INFO - ✅ Analysis report generated: output/cascadia_analysis_report_20250807_181050.md
2025-08-07 18:10:50,738 - __main__ - INFO - 📋 Analysis report: output/cascadia_analysis_report_20250807_181050.md
2025-08-07 18:10:50,738 - __main__ - INFO - ✅ Cascadia analysis completed successfully!
2025-08-07 18:10:50,738 - selenium.webdriver.remote.remote_connection - DEBUG - DELETE http://localhost:51797/session/5f74b2e564bd53650be8f7b2e6736d95 {}
2025-08-07 18:10:50,790 - selenium.webdriver.remote.remote_connection - DEBUG - Remote response: status=200 | data={"value":null} | headers=HTTPHeaderDict({'Content-Length': '14', 'Content-Type': 'application/json; charset=utf-8', 'cache-control': 'no-cache'})
2025-08-07 18:10:50,790 - selenium.webdriver.remote.remote_connection - DEBUG - Finished Request
