2025-07-16 14:42:18,153 - SimpleActiveInference - INFO - Simple Active Inference Model - Comprehensive Analysis
2025-07-16 14:42:18,153 - SimpleActiveInference - INFO - ======================================================================
2025-07-16 14:42:18,153 - SimpleActiveInference - INFO - Starting Simple Active Inference Model with Enhanced Analysis
2025-07-16 14:42:18,153 - SimpleActiveInference - INFO - Demonstrating dynamic belief updating, policy selection, and pattern detection
2025-07-16 14:42:18,157 - geo_infer_act.api.interface - INFO - ActiveInferenceInterface initialized
2025-07-16 14:42:18,157 - geo_infer_act.api.interface - INFO - Created categorical model: simple_model
2025-07-16 14:42:18,157 - SimpleActiveInference - INFO - Created enhanced model: simple_model (type: categorical)
2025-07-16 14:42:18,157 - SimpleActiveInference - INFO - State dimensions: 4, Observation dimensions: 3
2025-07-16 14:42:18,158 - geo_infer_act.utils.analysis - INFO - ActiveInferenceAnalyzer initialized with output: /home/trim/Documents/GitHub/GEO-INFER/GEO-INFER-ACT/examples/output/simple
2025-07-16 14:42:18,158 - SimpleActiveInference - INFO - Initialized ActiveInferenceAnalyzer for comprehensive tracing
2025-07-16 14:42:18,158 - geo_infer_act.api.interface - INFO - Set preferences for model simple_model
2025-07-16 14:42:18,158 - SimpleActiveInference - INFO - Set structured prior preferences: [0.2 0.6 0.2]
2025-07-16 14:42:18,158 - SimpleActiveInference - INFO - Initial beliefs:
2025-07-16 14:42:18,158 - SimpleActiveInference - INFO -   Exploration: 0.1912
2025-07-16 14:42:18,158 - SimpleActiveInference - INFO -   Exploitation: 0.1912
2025-07-16 14:42:18,158 - SimpleActiveInference - INFO -   Planning: 0.4265
2025-07-16 14:42:18,158 - SimpleActiveInference - INFO -   Rest: 0.1912
2025-07-16 14:42:18,159 - geo_infer_act.utils.analysis - DEBUG - Recorded step 1: FE=0.0792
2025-07-16 14:42:18,159 - SimpleActiveInference - INFO - Creating structured observation sequence for dynamic analysis...
2025-07-16 14:42:18,159 - SimpleActiveInference - INFO - Running simulation with comprehensive real-time analysis...
2025-07-16 14:42:18,159 - SimpleActiveInference - INFO - --------------------------------------------------
2025-07-16 14:42:18,159 - SimpleActiveInference - INFO - Step 1: Initial Search (exploration phase)
2025-07-16 14:42:18,159 - SimpleActiveInference - INFO -   Observation: [1 0 0] (Search)
2025-07-16 14:42:18,161 - SimpleActiveInference - INFO -   Pre-update beliefs: [0.19117647 0.19117647 0.42647059 0.19117647]
2025-07-16 14:42:18,161 - SimpleActiveInference - INFO -   Post-update beliefs: [0.21946282 0.16122753 0.465382   0.15392765]
2025-07-16 14:42:18,161 - SimpleActiveInference - INFO -   Belief entropy: 1.2711
2025-07-16 14:42:18,161 - SimpleActiveInference - INFO -   Surprise: 0.0000
2025-07-16 14:42:18,161 - SimpleActiveInference - INFO -   Information gain: 0.0413
2025-07-16 14:42:18,161 - SimpleActiveInference - INFO -   Free energy change: 0.0792 → 0.1235 (Δ=0.0443)
2025-07-16 14:42:18,161 - SimpleActiveInference - INFO -   Selected policy: 2 (prob: 0.264)
2025-07-16 14:42:18,162 - geo_infer_act.utils.analysis - DEBUG - Recorded step 2: FE=0.1235
2025-07-16 14:42:18,162 - SimpleActiveInference - INFO - 
2025-07-16 14:42:18,162 - SimpleActiveInference - INFO - Step 2: Continued Search (exploration phase)
2025-07-16 14:42:18,162 - SimpleActiveInference - INFO -   Observation: [1 0 0] (Search)
2025-07-16 14:42:18,163 - SimpleActiveInference - INFO -   Pre-update beliefs: [0.21946282 0.16122753 0.465382   0.15392765]
2025-07-16 14:42:18,163 - SimpleActiveInference - INFO -   Post-update beliefs: [0.24358178 0.13686913 0.49391262 0.12563647]
2025-07-16 14:42:18,163 - SimpleActiveInference - INFO -   Belief entropy: 1.2252
2025-07-16 14:42:18,163 - SimpleActiveInference - INFO -   Surprise: 0.0000
2025-07-16 14:42:18,163 - SimpleActiveInference - INFO -   Information gain: 0.0458
2025-07-16 14:42:18,163 - SimpleActiveInference - INFO -   Free energy change: 0.1235 → 0.1727 (Δ=0.0492)
2025-07-16 14:42:18,164 - SimpleActiveInference - INFO -   Selected policy: 3 (prob: 0.254)
2025-07-16 14:42:18,164 - geo_infer_act.utils.analysis - DEBUG - Recorded step 3: FE=0.1727
2025-07-16 14:42:18,164 - SimpleActiveInference - INFO - 
2025-07-16 14:42:18,164 - SimpleActiveInference - INFO - Step 3: First Discovery (exploitation phase)
2025-07-16 14:42:18,164 - SimpleActiveInference - INFO -   Observation: [0 1 0] (Success)
2025-07-16 14:42:18,165 - SimpleActiveInference - INFO -   Pre-update beliefs: [0.24358178 0.13686913 0.49391262 0.12563647]
2025-07-16 14:42:18,165 - SimpleActiveInference - INFO -   Post-update beliefs: [0.27490892 0.13497355 0.42349179 0.16662575]
2025-07-16 14:42:18,165 - SimpleActiveInference - INFO -   Belief entropy: 1.2878
2025-07-16 14:42:18,165 - SimpleActiveInference - INFO -   Surprise: 0.0000
2025-07-16 14:42:18,165 - SimpleActiveInference - INFO -   Information gain: 0.0000
2025-07-16 14:42:18,165 - SimpleActiveInference - INFO -   Free energy change: 0.1727 → 0.1056 (Δ=-0.0671)
2025-07-16 14:42:18,165 - SimpleActiveInference - INFO -   Selected policy: 2 (prob: 0.197)
2025-07-16 14:42:18,165 - geo_infer_act.utils.analysis - DEBUG - Recorded step 4: FE=0.1056
2025-07-16 14:42:18,165 - SimpleActiveInference - INFO - 
2025-07-16 14:42:18,165 - SimpleActiveInference - INFO - Step 4: Successful Exploitation (exploitation phase)
2025-07-16 14:42:18,165 - SimpleActiveInference - INFO -   Observation: [0 1 0] (Success)
2025-07-16 14:42:18,166 - SimpleActiveInference - INFO -   Pre-update beliefs: [0.27490892 0.13497355 0.42349179 0.16662575]
2025-07-16 14:42:18,166 - SimpleActiveInference - INFO -   Post-update beliefs: [0.2971002  0.13041756 0.36607236 0.20640988]
2025-07-16 14:42:18,166 - SimpleActiveInference - INFO -   Belief entropy: 1.3198
2025-07-16 14:42:18,166 - SimpleActiveInference - INFO -   Surprise: 0.0000
2025-07-16 14:42:18,166 - SimpleActiveInference - INFO -   Information gain: 0.0000
2025-07-16 14:42:18,166 - SimpleActiveInference - INFO -   Free energy change: 0.1056 → 0.0713 (Δ=-0.0344)
2025-07-16 14:42:18,166 - SimpleActiveInference - INFO -   Selected policy: 0 (prob: 0.170)
2025-07-16 14:42:18,166 - geo_infer_act.utils.analysis - DEBUG - Recorded step 5: FE=0.0713
2025-07-16 14:42:18,166 - SimpleActiveInference - INFO - 
2025-07-16 14:42:18,166 - SimpleActiveInference - INFO - Step 5: Transition/Rest (planning phase)
2025-07-16 14:42:18,166 - SimpleActiveInference - INFO -   Observation: [0 0 1] (Transition)
2025-07-16 14:42:18,167 - SimpleActiveInference - INFO -   Pre-update beliefs: [0.2971002  0.13041756 0.36607236 0.20640988]
2025-07-16 14:42:18,167 - SimpleActiveInference - INFO -   Post-update beliefs: [0.27476009 0.1334613  0.3401339  0.25164471]
2025-07-16 14:42:18,167 - SimpleActiveInference - INFO -   Belief entropy: 1.3377
2025-07-16 14:42:18,167 - SimpleActiveInference - INFO -   Surprise: 0.0000
2025-07-16 14:42:18,167 - SimpleActiveInference - INFO -   Information gain: 0.0000
2025-07-16 14:42:18,167 - SimpleActiveInference - INFO -   Free energy change: 0.0713 → 0.0521 (Δ=-0.0192)
2025-07-16 14:42:18,167 - SimpleActiveInference - INFO -   Selected policy: 0 (prob: 0.211)
2025-07-16 14:42:18,167 - geo_infer_act.utils.analysis - DEBUG - Recorded step 6: FE=0.0521
2025-07-16 14:42:18,167 - SimpleActiveInference - INFO - 
2025-07-16 14:42:18,167 - SimpleActiveInference - INFO - Step 6: New Search Phase (exploration phase)
2025-07-16 14:42:18,167 - SimpleActiveInference - INFO -   Observation: [1 0 0] (Search)
2025-07-16 14:42:18,168 - SimpleActiveInference - INFO -   Pre-update beliefs: [0.27476009 0.1334613  0.3401339  0.25164471]
2025-07-16 14:42:18,168 - SimpleActiveInference - INFO -   Post-update beliefs: [0.30547941 0.11728214 0.36676264 0.21047581]
2025-07-16 14:42:18,168 - SimpleActiveInference - INFO -   Belief entropy: 1.3095
2025-07-16 14:42:18,168 - SimpleActiveInference - INFO -   Surprise: 0.0000
2025-07-16 14:42:18,168 - SimpleActiveInference - INFO -   Information gain: 0.0282
2025-07-16 14:42:18,168 - SimpleActiveInference - INFO -   Free energy change: 0.0521 → 0.0823 (Δ=0.0303)
2025-07-16 14:42:18,168 - SimpleActiveInference - INFO -   Selected policy: 1 (prob: 0.158)
2025-07-16 14:42:18,168 - geo_infer_act.utils.analysis - DEBUG - Recorded step 7: FE=0.0823
2025-07-16 14:42:18,168 - SimpleActiveInference - INFO - 
2025-07-16 14:42:18,168 - SimpleActiveInference - INFO - Step 7: Quick Rediscovery (exploitation phase)
2025-07-16 14:42:18,168 - SimpleActiveInference - INFO -   Observation: [0 1 0] (Success)
2025-07-16 14:42:18,169 - SimpleActiveInference - INFO -   Pre-update beliefs: [0.30547941 0.11728214 0.36676264 0.21047581]
2025-07-16 14:42:18,169 - SimpleActiveInference - INFO -   Post-update beliefs: [0.31889513 0.11283143 0.32200222 0.24627122]
2025-07-16 14:42:18,169 - SimpleActiveInference - INFO -   Belief entropy: 1.3206
2025-07-16 14:42:18,169 - SimpleActiveInference - INFO -   Surprise: 0.0000
2025-07-16 14:42:18,169 - SimpleActiveInference - INFO -   Information gain: 0.0000
2025-07-16 14:42:18,169 - SimpleActiveInference - INFO -   Free energy change: 0.0823 → 0.0704 (Δ=-0.0120)
2025-07-16 14:42:18,169 - SimpleActiveInference - INFO -   Selected policy: 1 (prob: 0.169)
2025-07-16 14:42:18,169 - geo_infer_act.utils.analysis - DEBUG - Recorded step 8: FE=0.0704
2025-07-16 14:42:18,169 - SimpleActiveInference - INFO - 
2025-07-16 14:42:18,169 - SimpleActiveInference - INFO - Step 8: Sustained Success (exploitation phase)
2025-07-16 14:42:18,169 - SimpleActiveInference - INFO -   Observation: [0 1 0] (Success)
2025-07-16 14:42:18,170 - SimpleActiveInference - INFO -   Pre-update beliefs: [0.31889513 0.11283143 0.32200222 0.24627122]
2025-07-16 14:42:18,170 - SimpleActiveInference - INFO -   Post-update beliefs: [0.32752713 0.10776553 0.2845846  0.28012274]
2025-07-16 14:42:18,170 - SimpleActiveInference - INFO -   Belief entropy: 1.3198
2025-07-16 14:42:18,170 - SimpleActiveInference - INFO -   Surprise: 0.0000
2025-07-16 14:42:18,170 - SimpleActiveInference - INFO -   Information gain: 0.0009
2025-07-16 14:42:18,170 - SimpleActiveInference - INFO -   Free energy change: 0.0704 → 0.0713 (Δ=0.0009)
2025-07-16 14:42:18,170 - SimpleActiveInference - INFO -   Selected policy: 1 (prob: 0.192)
2025-07-16 14:42:18,170 - geo_infer_act.utils.analysis - DEBUG - Recorded step 9: FE=0.0713
2025-07-16 14:42:18,170 - SimpleActiveInference - INFO - 
2025-07-16 14:42:18,170 - SimpleActiveInference - INFO - Step 9: Strategic Rest (planning phase)
2025-07-16 14:42:18,171 - SimpleActiveInference - INFO -   Observation: [0 0 1] (Transition)
2025-07-16 14:42:18,171 - SimpleActiveInference - INFO -   Pre-update beliefs: [0.32752713 0.10776553 0.2845846  0.28012274]
2025-07-16 14:42:18,171 - SimpleActiveInference - INFO -   Post-update beliefs: [0.30175493 0.10884049 0.2672549  0.32214968]
2025-07-16 14:42:18,171 - SimpleActiveInference - INFO -   Belief entropy: 1.3205
2025-07-16 14:42:18,171 - SimpleActiveInference - INFO -   Surprise: 0.0000
2025-07-16 14:42:18,171 - SimpleActiveInference - INFO -   Information gain: 0.0000
2025-07-16 14:42:18,171 - SimpleActiveInference - INFO -   Free energy change: 0.0713 → 0.0705 (Δ=-0.0008)
2025-07-16 14:42:18,171 - SimpleActiveInference - INFO -   Selected policy: 3 (prob: 0.190)
2025-07-16 14:42:18,171 - geo_infer_act.utils.analysis - DEBUG - Recorded step 10: FE=0.0705
2025-07-16 14:42:18,172 - SimpleActiveInference - INFO - 
2025-07-16 14:42:18,172 - SimpleActiveInference - INFO - Step 10: Exploration Again (exploration phase)
2025-07-16 14:42:18,172 - SimpleActiveInference - INFO -   Observation: [1 0 0] (Search)
2025-07-16 14:42:18,172 - SimpleActiveInference - INFO -   Pre-update beliefs: [0.30175493 0.10884049 0.2672549  0.32214968]
2025-07-16 14:42:18,172 - SimpleActiveInference - INFO -   Post-update beliefs: [0.3362028  0.09810598 0.29238079 0.27331043]
2025-07-16 14:42:18,172 - SimpleActiveInference - INFO -   Belief entropy: 1.3083
2025-07-16 14:42:18,172 - SimpleActiveInference - INFO -   Surprise: 0.0000
2025-07-16 14:42:18,172 - SimpleActiveInference - INFO -   Information gain: 0.0122
2025-07-16 14:42:18,172 - SimpleActiveInference - INFO -   Free energy change: 0.0705 → 0.0836 (Δ=0.0131)
2025-07-16 14:42:18,172 - SimpleActiveInference - INFO -   Selected policy: 0 (prob: 0.195)
2025-07-16 14:42:18,172 - geo_infer_act.utils.analysis - DEBUG - Recorded step 11: FE=0.0836
2025-07-16 14:42:18,173 - SimpleActiveInference - INFO - 
2025-07-16 14:42:18,173 - SimpleActiveInference - INFO - Step 11: Efficient Discovery (exploitation phase)
2025-07-16 14:42:18,173 - SimpleActiveInference - INFO -   Observation: [0 1 0] (Success)
2025-07-16 14:42:18,173 - SimpleActiveInference - INFO -   Pre-update beliefs: [0.3362028  0.09810598 0.29238079 0.27331043]
2025-07-16 14:42:18,174 - SimpleActiveInference - INFO -   Post-update beliefs: [0.34115768 0.09398314 0.25987041 0.30498877]
2025-07-16 14:42:18,174 - SimpleActiveInference - INFO -   Belief entropy: 1.3015
2025-07-16 14:42:18,174 - SimpleActiveInference - INFO -   Surprise: 0.0000
2025-07-16 14:42:18,174 - SimpleActiveInference - INFO -   Information gain: 0.0068
2025-07-16 14:42:18,174 - SimpleActiveInference - INFO -   Free energy change: 0.0836 → 0.0909 (Δ=0.0073)
2025-07-16 14:42:18,174 - SimpleActiveInference - INFO -   Selected policy: 3 (prob: 0.192)
2025-07-16 14:42:18,174 - geo_infer_act.utils.analysis - DEBUG - Recorded step 12: FE=0.0909
2025-07-16 14:42:18,174 - SimpleActiveInference - INFO - 
2025-07-16 14:42:18,174 - SimpleActiveInference - INFO - Step 12: Optimization (exploitation phase)
2025-07-16 14:42:18,174 - SimpleActiveInference - INFO -   Observation: [0 1 0] (Success)
2025-07-16 14:42:18,175 - SimpleActiveInference - INFO -   Pre-update beliefs: [0.34115768 0.09398314 0.25987041 0.30498877]
2025-07-16 14:42:18,176 - SimpleActiveInference - INFO -   Post-update beliefs: [0.34323602 0.08967504 0.23240682 0.33468212]
2025-07-16 14:42:18,176 - SimpleActiveInference - INFO -   Belief entropy: 1.2888
2025-07-16 14:42:18,176 - SimpleActiveInference - INFO -   Surprise: 0.0000
2025-07-16 14:42:18,176 - SimpleActiveInference - INFO -   Information gain: 0.0127
2025-07-16 14:42:18,176 - SimpleActiveInference - INFO -   Free energy change: 0.0909 → 0.1046 (Δ=0.0136)
2025-07-16 14:42:18,176 - SimpleActiveInference - INFO -   Selected policy: 3 (prob: 0.247)
2025-07-16 14:42:18,177 - geo_infer_act.utils.analysis - DEBUG - Recorded step 13: FE=0.1046
2025-07-16 14:42:18,177 - SimpleActiveInference - INFO - 
2025-07-16 14:42:18,177 - SimpleActiveInference - INFO - Performing comprehensive post-simulation analysis...
2025-07-16 14:42:18,177 - geo_infer_act.utils.analysis - INFO - Analyzing perception patterns...
2025-07-16 14:42:18,182 - geo_infer_act.utils.analysis - INFO - Analysis saved to /home/trim/Documents/GitHub/GEO-INFER/GEO-INFER-ACT/examples/output/simple/analysis/perception_analysis.json
2025-07-16 14:42:18,182 - geo_infer_act.utils.analysis - INFO - Perception pattern analysis completed
2025-07-16 14:42:18,182 - geo_infer_act.utils.analysis - INFO - Analyzing action selection patterns...
2025-07-16 14:42:18,183 - geo_infer_act.utils.analysis - INFO - Analysis saved to /home/trim/Documents/GitHub/GEO-INFER/GEO-INFER-ACT/examples/output/simple/analysis/action_selection_analysis.json
2025-07-16 14:42:18,183 - geo_infer_act.utils.analysis - INFO - Action selection pattern analysis completed
2025-07-16 14:42:18,183 - geo_infer_act.utils.analysis - INFO - Analyzing Variational Free Energy patterns...
2025-07-16 14:42:18,184 - geo_infer_act.utils.analysis - INFO - Analysis saved to /home/trim/Documents/GitHub/GEO-INFER/GEO-INFER-ACT/examples/output/simple/analysis/free_energy_analysis.json
2025-07-16 14:42:18,184 - geo_infer_act.utils.analysis - INFO - Free Energy pattern analysis completed
2025-07-16 14:42:18,184 - SimpleActiveInference - INFO - PERCEPTION ANALYSIS:
2025-07-16 14:42:18,184 - SimpleActiveInference - INFO -   Analysis completed: 5 components analyzed
2025-07-16 14:42:18,184 - SimpleActiveInference - INFO - ACTION SELECTION ANALYSIS:
2025-07-16 14:42:18,184 - SimpleActiveInference - INFO -   Analysis completed: 5 components analyzed
2025-07-16 14:42:18,184 - SimpleActiveInference - INFO - FREE ENERGY ANALYSIS:
2025-07-16 14:42:18,184 - SimpleActiveInference - INFO -   Analysis completed: 5 components analyzed
2025-07-16 14:42:18,185 - SimpleActiveInference - INFO - Running advanced pattern detection...
2025-07-16 14:42:18,186 - SimpleActiveInference - INFO - ADVANCED PATTERN ANALYSIS:
2025-07-16 14:42:18,186 - SimpleActiveInference - INFO -   Belief stationarity: {'is_stationary': False, 'stationarity_score': 0.0}
2025-07-16 14:42:18,186 - SimpleActiveInference - INFO -   Belief periodicity: {'is_periodic': False, 'period': 0, 'strength': 0.0}
2025-07-16 14:42:18,186 - SimpleActiveInference - INFO -   Belief complexity: 0.387
2025-07-16 14:42:18,186 - SimpleActiveInference - INFO -   Free energy convergence: {'converged': True, 'convergence_step': 12, 'final_variance': 0.0009999348531260922, 'convergence_rate': 0.07692307692307693}
2025-07-16 14:42:18,186 - SimpleActiveInference - INFO -   Free energy stationarity: {'is_stationary': False, 'stationarity_score': 0.0}
2025-07-16 14:42:18,186 - SimpleActiveInference - INFO - Creating comprehensive visualizations...
2025-07-16 14:42:21,172 - geo_infer_act.utils.visualization - INFO - Perception analysis saved to /home/trim/Documents/GitHub/GEO-INFER/GEO-INFER-ACT/examples/output/simple
2025-07-16 14:42:21,938 - geo_infer_act.utils.visualization - INFO - Action analysis saved to /home/trim/Documents/GitHub/GEO-INFER/GEO-INFER-ACT/examples/output/simple
2025-07-16 14:42:24,221 - geo_infer_act.utils.visualization - INFO - Interpretability dashboard saved to /home/trim/Documents/GitHub/GEO-INFER/GEO-INFER-ACT/examples/output/simple
2025-07-16 14:42:26,669 - SimpleActiveInference - INFO - Exporting data and generating reports...
2025-07-16 14:42:26,676 - geo_infer_act.utils.analysis - INFO - Traces saved to CSV files in /home/trim/Documents/GitHub/GEO-INFER/GEO-INFER-ACT/examples/output/simple/data
2025-07-16 14:42:26,676 - geo_infer_act.utils.analysis - INFO - Generating comprehensive analysis report...
2025-07-16 14:42:26,676 - geo_infer_act.utils.analysis - INFO - Analyzing perception patterns...
2025-07-16 14:42:26,684 - geo_infer_act.utils.analysis - INFO - Analysis saved to /home/trim/Documents/GitHub/GEO-INFER/GEO-INFER-ACT/examples/output/simple/analysis/perception_analysis.json
2025-07-16 14:42:26,685 - geo_infer_act.utils.analysis - INFO - Perception pattern analysis completed
2025-07-16 14:42:26,685 - geo_infer_act.utils.analysis - INFO - Analyzing action selection patterns...
2025-07-16 14:42:26,686 - geo_infer_act.utils.analysis - INFO - Analysis saved to /home/trim/Documents/GitHub/GEO-INFER/GEO-INFER-ACT/examples/output/simple/analysis/action_selection_analysis.json
2025-07-16 14:42:26,686 - geo_infer_act.utils.analysis - INFO - Action selection pattern analysis completed
2025-07-16 14:42:26,686 - geo_infer_act.utils.analysis - INFO - Analyzing Variational Free Energy patterns...
2025-07-16 14:42:26,687 - geo_infer_act.utils.analysis - INFO - Analysis saved to /home/trim/Documents/GitHub/GEO-INFER/GEO-INFER-ACT/examples/output/simple/analysis/free_energy_analysis.json
2025-07-16 14:42:26,687 - geo_infer_act.utils.analysis - INFO - Free Energy pattern analysis completed
2025-07-16 14:42:26,688 - geo_infer_act.utils.analysis - INFO - Comprehensive report saved to /home/trim/Documents/GitHub/GEO-INFER/GEO-INFER-ACT/examples/output/simple/comprehensive_report.md
2025-07-16 14:42:26,688 - SimpleActiveInference - INFO - 
======================================================================
2025-07-16 14:42:26,688 - SimpleActiveInference - INFO - COMPREHENSIVE SIMPLE MODEL ANALYSIS COMPLETE
2025-07-16 14:42:26,688 - SimpleActiveInference - INFO - ======================================================================
2025-07-16 14:42:26,688 - SimpleActiveInference - INFO - BELIEF EVOLUTION SUMMARY:
2025-07-16 14:42:26,688 - SimpleActiveInference - INFO -   Exploration: 0.1912 → 0.3432 (Δ=+0.1521)
2025-07-16 14:42:26,688 - SimpleActiveInference - INFO -   Exploitation: 0.1912 → 0.0897 (Δ=-0.1015)
2025-07-16 14:42:26,688 - SimpleActiveInference - INFO -   Planning: 0.4265 → 0.2324 (Δ=-0.1941)
2025-07-16 14:42:26,688 - SimpleActiveInference - INFO -   Rest: 0.1912 → 0.3347 (Δ=+0.1435)
2025-07-16 14:42:26,688 - SimpleActiveInference - INFO - 
BELIEF UNCERTAINTY ANALYSIS:
2025-07-16 14:42:26,688 - SimpleActiveInference - INFO -   Initial entropy: 1.3124
2025-07-16 14:42:26,688 - SimpleActiveInference - INFO -   Final entropy: 1.2888
2025-07-16 14:42:26,688 - SimpleActiveInference - INFO -   Entropy change: -0.0236
2025-07-16 14:42:26,688 - SimpleActiveInference - INFO - 
FREE ENERGY ANALYSIS:
2025-07-16 14:42:26,688 - SimpleActiveInference - INFO -   Initial: 0.0792
2025-07-16 14:42:26,688 - SimpleActiveInference - INFO -   Final: 0.1046
2025-07-16 14:42:26,689 - SimpleActiveInference - INFO -   Total reduction: -0.0253
2025-07-16 14:42:26,689 - SimpleActiveInference - INFO -   Minimization efficiency: -31.9%
2025-07-16 14:42:26,689 - SimpleActiveInference - INFO - 
PERFORMANCE METRICS:
2025-07-16 14:42:26,689 - SimpleActiveInference - INFO -   Average surprise: 0.0000
2025-07-16 14:42:26,689 - SimpleActiveInference - INFO -   Average information gain: 0.0123
2025-07-16 14:42:26,689 - SimpleActiveInference - INFO -   Total information gain: 0.1480
2025-07-16 14:42:26,689 - SimpleActiveInference - INFO -   Learning efficiency: 0.0123 per step
2025-07-16 14:42:26,689 - SimpleActiveInference - INFO - 
QUALITY ASSESSMENTS:
2025-07-16 14:42:26,689 - SimpleActiveInference - INFO -   Perception quality: 0.000/1.0
2025-07-16 14:42:26,689 - SimpleActiveInference - INFO -   Action quality: 0.000/1.0
2025-07-16 14:42:26,689 - SimpleActiveInference - INFO -   Free energy quality: 0.000/1.0
2025-07-16 14:42:26,689 - SimpleActiveInference - INFO - 
OUTPUTS GENERATED:
2025-07-16 14:42:26,689 - SimpleActiveInference - INFO -   Analysis data: /home/trim/Documents/GitHub/GEO-INFER/GEO-INFER-ACT/examples/output/simple/simple_model_data.csv
2025-07-16 14:42:26,689 - SimpleActiveInference - INFO -   Comprehensive report: /home/trim/Documents/GitHub/GEO-INFER/GEO-INFER-ACT/examples/output/simple/analysis_report.txt
2025-07-16 14:42:26,689 - SimpleActiveInference - INFO -   Visualizations: /home/trim/Documents/GitHub/GEO-INFER/GEO-INFER-ACT/examples/output/simple/*.png
2025-07-16 14:42:26,689 - SimpleActiveInference - INFO -   Log file: Multiple .log files in /home/trim/Documents/GitHub/GEO-INFER/GEO-INFER-ACT/examples/output/simple
2025-07-16 14:42:26,689 - SimpleActiveInference - INFO - 
FEATURES DEMONSTRATED:
2025-07-16 14:42:26,689 - SimpleActiveInference - INFO - • Comprehensive belief dynamics tracking and analysis
2025-07-16 14:42:26,689 - SimpleActiveInference - INFO - • Real-time perception pattern detection and quality assessment
2025-07-16 14:42:26,689 - SimpleActiveInference - INFO - • Advanced action selection analysis with convergence detection
2025-07-16 14:42:26,689 - SimpleActiveInference - INFO - • Free energy minimization efficiency analysis
2025-07-16 14:42:26,690 - SimpleActiveInference - INFO - • Information-theoretic learning metrics and pattern detection
2025-07-16 14:42:26,690 - SimpleActiveInference - INFO - • Multi-phase behavioral analysis and interpretation
2025-07-16 14:42:26,690 - SimpleActiveInference - INFO - • Professional visualization suite with interpretability dashboards
2025-07-16 14:42:26,690 - SimpleActiveInference - INFO - • Automated pattern detection and convergence analysis
2025-07-16 14:42:26,690 - SimpleActiveInference - INFO - • Comprehensive data export and reporting capabilities
2025-07-16 14:42:26,690 - SimpleActiveInference - INFO - 
Simple Active Inference model with comprehensive analysis complete!
2025-07-16 14:42:26,690 - SimpleActiveInference - INFO - Total steps analyzed: 13
2025-07-16 14:42:26,690 - SimpleActiveInference - INFO - Analysis completed successfully at: 2025-07-16 14:42:26
