2025-07-17 05:09:37 - h3_active_inference - INFO - === Starting Comprehensive H3 Active Inference Simulation ===
2025-07-17 05:09:37 - h3_active_inference - INFO - Output directory: output/h3/20250717_050937
2025-07-17 05:09:37 - h3_active_inference - INFO - Simulation parameters: timesteps=15, h3_resolution=8
2025-07-17 05:09:37 - h3_active_inference - INFO - Created H3 boundary: {'coordinates': [[[[-122.5, 37.7], [-122.5, 37.8], [-122.3, 37.8], [-122.3, 37.7], [-122.5, 37.7]]]]}
2025-07-17 05:09:37 - h3_active_inference - INFO - Initializing multi-agent model
2025-07-17 05:09:37 - h3_active_inference - INFO - Enabling H3 spatial modeling
2025-07-17 05:09:37 - h3_active_inference - INFO - H3 spatial model enabled with 4 cells
2025-07-17 05:09:37 - h3_active_inference - INFO - H3 cells: ['8828309405fffff', '88283091abfffff', '8828308153fffff', '882830875bfffff']
2025-07-17 05:09:37 - h3_active_inference - INFO - Starting H3 lattice simulation
2025-07-17 05:09:37 - h3_active_inference - DEBUG - Processing timestep 1/15
2025-07-17 05:09:37 - h3_active_inference - INFO - Timestep 1: mean_fe=0.9426, cells=4
2025-07-17 05:09:37 - h3_active_inference - DEBUG - Processing timestep 2/15
2025-07-17 05:09:37 - h3_active_inference - INFO - Timestep 2: mean_fe=1.0683, cells=4
2025-07-17 05:09:37 - h3_active_inference - DEBUG - Processing timestep 3/15
2025-07-17 05:09:37 - h3_active_inference - INFO - Timestep 3: mean_fe=1.2647, cells=4
2025-07-17 05:09:37 - h3_active_inference - DEBUG - Processing timestep 4/15
2025-07-17 05:09:37 - h3_active_inference - INFO - Timestep 4: mean_fe=1.3904, cells=4
2025-07-17 05:09:37 - h3_active_inference - DEBUG - Processing timestep 5/15
2025-07-17 05:09:37 - h3_active_inference - INFO - Timestep 5: mean_fe=1.3989, cells=4
2025-07-17 05:09:37 - h3_active_inference - DEBUG - Processing timestep 6/15
2025-07-17 05:09:37 - h3_active_inference - INFO - Timestep 6: mean_fe=1.4120, cells=4
2025-07-17 05:09:37 - h3_active_inference - DEBUG - Processing timestep 7/15
2025-07-17 05:09:37 - h3_active_inference - INFO - Timestep 7: mean_fe=1.4767, cells=4
2025-07-17 05:09:37 - h3_active_inference - DEBUG - Processing timestep 8/15
2025-07-17 05:09:37 - h3_active_inference - INFO - Timestep 8: mean_fe=1.5579, cells=4
2025-07-17 05:09:37 - h3_active_inference - DEBUG - Processing timestep 9/15
2025-07-17 05:09:37 - h3_active_inference - INFO - Timestep 9: mean_fe=1.5862, cells=4
2025-07-17 05:09:37 - h3_active_inference - DEBUG - Processing timestep 10/15
2025-07-17 05:09:37 - h3_active_inference - INFO - Timestep 10: mean_fe=1.5873, cells=4
2025-07-17 05:09:37 - h3_active_inference - DEBUG - Processing timestep 11/15
2025-07-17 05:09:37 - h3_active_inference - INFO - Timestep 11: mean_fe=1.5901, cells=4
2025-07-17 05:09:37 - h3_active_inference - DEBUG - Processing timestep 12/15
2025-07-17 05:09:37 - h3_active_inference - INFO - Timestep 12: mean_fe=1.5980, cells=4
2025-07-17 05:09:37 - h3_active_inference - DEBUG - Processing timestep 13/15
2025-07-17 05:09:37 - h3_active_inference - INFO - Timestep 13: mean_fe=1.6054, cells=4
2025-07-17 05:09:37 - h3_active_inference - DEBUG - Processing timestep 14/15
2025-07-17 05:09:37 - h3_active_inference - INFO - Timestep 14: mean_fe=1.6076, cells=4
2025-07-17 05:09:37 - h3_active_inference - DEBUG - Processing timestep 15/15
2025-07-17 05:09:37 - h3_active_inference - INFO - Timestep 15: mean_fe=1.6076, cells=4
2025-07-17 05:09:37 - h3_active_inference - INFO - Simulation completed successfully
2025-07-17 05:09:37 - h3_active_inference - INFO - Starting comprehensive analysis
2025-07-17 05:09:37 - h3_active_inference - INFO - Starting comprehensive analysis of H3 simulation results
2025-07-17 05:09:37 - h3_active_inference - DEBUG - Analyzing spatial patterns
2025-07-17 05:09:37 - h3_active_inference - DEBUG - Analyzing temporal patterns
2025-07-17 05:09:37 - h3_active_inference - DEBUG - Analyzing convergence patterns
2025-07-17 05:09:37 - h3_active_inference - DEBUG - Analyzing H3 network properties
2025-07-17 05:09:37 - h3_active_inference - INFO - Enhanced analysis complete. Results saved to output/h3/20250717_050937/comprehensive_analysis.json
2025-07-17 05:09:37 - h3_active_inference - INFO - Creating comprehensive visualizations
2025-07-17 05:09:37 - h3_active_inference - INFO - Creating comprehensive visualizations
2025-07-17 05:09:37 - h3_active_inference - INFO - Creating H3 grid animation
2025-07-17 05:09:39 - h3_active_inference - INFO - Creating interactive dashboard
2025-07-17 05:09:45 - h3_active_inference - INFO - All visualizations created in output/h3/20250717_050937/visualizations
2025-07-17 05:09:45 - h3_active_inference - INFO - Exporting simulation data
2025-07-17 05:09:45 - h3_active_inference - INFO - Exporting simulation data
2025-07-17 05:09:45 - h3_active_inference - INFO - Data exported to output/h3/20250717_050937/data
2025-07-17 05:09:45 - h3_active_inference - INFO - Total records: 60
2025-07-17 05:09:45 - h3_active_inference - INFO - === SIMULATION SUMMARY ===
2025-07-17 05:09:45 - h3_active_inference - INFO - Timesteps: 15
2025-07-17 05:09:45 - h3_active_inference - INFO - Cells: 4
2025-07-17 05:09:45 - h3_active_inference - INFO - Total FE reduction: -2.6599
2025-07-17 05:09:45 - h3_active_inference - INFO - Final mean FE: 1.6076
2025-07-17 05:09:45 - h3_active_inference - INFO - Convergence achieved: True
2025-07-17 05:09:45 - h3_active_inference - INFO - === OUTPUT FILES ===
2025-07-17 05:09:45 - h3_active_inference - INFO - Main output directory: output/h3/20250717_050937
2025-07-17 05:09:45 - h3_active_inference - INFO - Visualizations: output/h3/20250717_050937/visualizations/
2025-07-17 05:09:45 - h3_active_inference - INFO - Data exports: output/h3/20250717_050937/data/
2025-07-17 05:09:45 - h3_active_inference - INFO - Logs: output/h3/20250717_050937/h3_simulation.log
2025-07-17 05:09:45 - h3_active_inference - INFO - === H3 Active Inference Simulation Completed Successfully ===
