2025-07-27 18:34:59,199 - __main__ - INFO - Enhanced Cascadia Analysis Framework initialized with SPACE integration
2025-07-27 18:34:59,200 - __main__ - INFO - Log file: output/cascadia_analysis_20250727_183459.log
2025-07-27 18:34:59,200 - __main__ - INFO - 🚀 Starting Enhanced Cascadia Analysis Framework with SPACE Integration
2025-07-27 18:34:59,200 - __main__ - INFO - Arguments: {'resolution': 8, 'output_dir': './output', 'export_format': 'geojson', 'counties': 'CA:Lassen', 'modules': 'all', 'verbose': True, 'check_deps': False, 'enhanced_viz': False, 'real_time': False, 'spatial_analysis': False, 'generate_dashboard': False}
2025-07-27 18:34:59,247 - __main__ - INFO - Loaded analysis configuration from config/analysis_config.yaml
2025-07-27 18:34:59,247 - __main__ - INFO - Target counties: {'CA': ['Lassen'], 'OR': [], 'WA': []}
2025-07-27 18:34:59,247 - __main__ - INFO - Active modules: ['zoning', 'current_use', 'ownership', 'improvements']
2025-07-27 18:34:59,247 - __main__ - INFO - 🔧 Creating shared backend for all modules...
2025-07-27 18:35:02,136 - geo_infer_place.core.unified_backend - INFO - Successfully initialized H3DataLoader from GEO-INFER-SPACE.
2025-07-27 18:35:02,137 - geo_infer_place.core.unified_backend - INFO - Generating new region data (not in cache)
2025-07-27 18:35:02,137 - geo_infer_place.core.unified_backend - INFO - Loading county geometries with boundary loader...
2025-07-27 18:35:02,174 - county_boundary_loader - INFO - Loaded county boundaries configuration from /home/trim/Documents/GitHub/GEO-INFER/GEO-INFER-PLACE/locations/cascadia/config/county_boundaries.yaml
2025-07-27 18:35:02,174 - county_boundary_loader - INFO - Loaded GeoJSON geometry for ca_lassen from /home/trim/Documents/GitHub/GEO-INFER/GEO-INFER-PLACE/locations/cascadia/config/ca_lassen_boundary.geojson
2025-07-27 18:35:02,174 - geo_infer_place.core.unified_backend - INFO - Successfully loaded county geometries using boundary loader
2025-07-27 18:35:02,175 - geo_infer_place.core.unified_backend - INFO - Generating hexagons for Lassen, CA using SPACE utilities...
2025-07-27 18:35:02,175 - geo_infer_place.core.unified_backend - DEBUG - Geometry type: <class 'dict'>, Geometry: {'type': 'Polygon', 'coordinates': [[[-121.5, 40.0], [-119.5, 40.0], [-119.5, 41.2], [-121.5, 41.2], [-121.5, 40.0]]]}
2025-07-27 18:35:02,289 - geo_infer_place.core.unified_backend - INFO - Generated 30021 hexagons for Lassen, CA
2025-07-27 18:35:02,352 - geo_infer_place.core.unified_backend - INFO - ✅ Generated 30021 H3 hexagons using SPACE utilities
2025-07-27 18:35:02,354 - geo_infer_place.core.unified_backend - WARNING - Failed to save to cache: 'list' object has no attribute 'items'
2025-07-27 18:35:02,355 - geo_infer_place.core.unified_backend - DEBUG - Cache error details: Traceback (most recent call last):
  File "/home/trim/Documents/GitHub/GEO-INFER/GEO-INFER-PLACE/src/geo_infer_place/core/unified_backend.py", line 269, in _save_to_cache
    for county, geom in counties.items():
AttributeError: 'list' object has no attribute 'items'

2025-07-27 18:35:02,355 - geo_infer_place.core.unified_backend - WARNING - Failed to initialize UnifiedH3Backend: 'list' object has no attribute 'keys'
2025-07-27 18:35:02,356 - geo_infer_space.utils.config_loader - INFO - Config loader initialized with directory: /home/trim/Documents/GitHub/GEO-INFER/GEO-INFER-SPACE/src/config
2025-07-27 18:35:02,356 - geo_infer_space.utils.config_loader - WARNING - Location config not found: /home/trim/Documents/GitHub/GEO-INFER/GEO-INFER-SPACE/src/config/cascadia.yaml
2025-07-27 18:35:02,356 - geo_infer_space.utils.config_loader - DEBUG - Configuration validation passed
2025-07-27 18:35:02,356 - geo_infer_place.core.unified_backend - INFO - ✅ Cascadia configuration loaded successfully
2025-07-27 18:35:02,356 - geo_infer_place.core.unified_backend - INFO - Loading county geometries with boundary loader...
2025-07-27 18:35:02,387 - county_boundary_loader - INFO - Loaded county boundaries configuration from /home/trim/Documents/GitHub/GEO-INFER/GEO-INFER-PLACE/locations/cascadia/config/county_boundaries.yaml
2025-07-27 18:35:02,388 - county_boundary_loader - INFO - Loaded GeoJSON geometry for ca_lassen from /home/trim/Documents/GitHub/GEO-INFER/GEO-INFER-PLACE/locations/cascadia/config/ca_lassen_boundary.geojson
2025-07-27 18:35:02,388 - geo_infer_place.core.unified_backend - INFO - Successfully loaded county geometries using boundary loader
2025-07-27 18:35:02,389 - geo_infer_place.core.unified_backend - INFO - Generating hexagons for Lassen, CA using SPACE utilities...
2025-07-27 18:35:02,389 - geo_infer_place.core.unified_backend - DEBUG - Geometry type: <class 'dict'>, Geometry: {'type': 'Polygon', 'coordinates': [[[-121.5, 40.0], [-119.5, 40.0], [-119.5, 41.2], [-121.5, 41.2], [-121.5, 40.0]]]}
2025-07-27 18:35:02,506 - geo_infer_place.core.unified_backend - INFO - Generated 30021 hexagons for Lassen, CA
2025-07-27 18:35:02,575 - geo_infer_place.core.unified_backend - INFO - ✅ Generated 30021 H3 hexagons using SPACE utilities
2025-07-27 18:35:02,578 - geo_infer_place.core.unified_backend - INFO - Enhanced CascadianAgriculturalH3Backend initialized for 'Cascadia' with 0 active modules at H3 resolution 8
2025-07-27 18:35:02,580 - geo_infer_place.core.unified_backend - INFO - Active modules: []
2025-07-27 18:35:02,580 - geo_infer_place.core.unified_backend - INFO - Defined 30021 total target hexagons across 1 states.
2025-07-27 18:35:02,581 - geo_infer_place.core.unified_backend - INFO - SPACE integration: Spatial processor, data integrator, and visualization engine available
2025-07-27 18:35:02,588 - __main__ - INFO - ✅ Shared backend created with 30021 target hexagons
2025-07-27 18:35:02,589 - zoning.geo_infer_zoning - INFO - Initialized GeoInferZoning module.
2025-07-27 18:35:02,589 - __main__ - INFO - ✅ Zoning module initialized
2025-07-27 18:35:02,589 - current_use.data_sources - INFO - Initialized CascadianCurrentUseDataSources
2025-07-27 18:35:02,589 - current_use.geo_infer_current_use - INFO - Initialized GeoInferCurrentUse module.
2025-07-27 18:35:02,590 - __main__ - INFO - ✅ Current use module initialized
2025-07-27 18:35:02,590 - ownership.geo_infer_ownership - INFO - Initialized GeoInferOwnership module.
2025-07-27 18:35:02,591 - __main__ - INFO - ✅ Ownership module initialized
2025-07-27 18:35:02,591 - improvements.data_sources - INFO - Initialized CascadianImprovementsDataSources.
2025-07-27 18:35:02,591 - improvements.geo_infer_improvements - INFO - Initialized GeoInferImprovements module.
2025-07-27 18:35:02,591 - __main__ - INFO - ✅ Improvements module initialized
2025-07-27 18:35:02,591 - __main__ - INFO - ✅ Updated shared backend with 4 active modules
2025-07-27 18:35:02,591 - __main__ - INFO - Step 1: Running comprehensive analysis across all modules...
2025-07-27 18:35:02,608 - geo_infer_place.core.unified_backend - INFO - Starting enhanced comprehensive analysis with SPACE integration...
2025-07-27 18:35:02,609 - geo_infer_place.core.unified_backend - INFO - --- Processing Module: ZONING with SPACE integration ---
2025-07-27 18:35:02,609 - geo_infer_space.core.base_module - INFO - [zoning] No cached H3 data found. Starting data acquisition...
2025-07-27 18:35:02,610 - zoning.data_sources - INFO - [zoning] Raw data file already exists at output/data/zoning/raw_zoning_data.geojson. Skipping download.
2025-07-27 18:35:02,610 - geo_infer_place.core.unified_backend - ERROR - ❌ Failed to process module ZONING: 'CascadianAgriculturalH3Backend' object has no attribute 'h3_loader'
Traceback (most recent call last):
  File "/home/trim/Documents/GitHub/GEO-INFER/GEO-INFER-PLACE/src/geo_infer_place/core/unified_backend.py", line 612, in run_comprehensive_analysis
    result = module.run_analysis()
  File "/home/trim/Documents/GitHub/GEO-INFER/GEO-INFER-SPACE/src/geo_infer_space/core/base_module.py", line 148, in run_analysis
    h3_data = self.process_to_h3(raw_data_path)
  File "/home/trim/Documents/GitHub/GEO-INFER/GEO-INFER-SPACE/src/geo_infer_space/core/base_module.py", line 78, in process_to_h3
    if not self.backend.h3_loader:
AttributeError: 'CascadianAgriculturalH3Backend' object has no attribute 'h3_loader'
2025-07-27 18:35:02,616 - geo_infer_place.core.unified_backend - INFO - --- Processing Module: CURRENT_USE with SPACE integration ---
2025-07-27 18:35:02,616 - geo_infer_space.core.base_module - INFO - [current_use] No cached H3 data found. Starting data acquisition...
2025-07-27 18:35:02,617 - geo_infer_place.core.unified_backend - ERROR - ❌ Failed to process module CURRENT_USE: 'CascadianAgriculturalH3Backend' object has no attribute 'h3_loader'
Traceback (most recent call last):
  File "/home/trim/Documents/GitHub/GEO-INFER/GEO-INFER-PLACE/src/geo_infer_place/core/unified_backend.py", line 612, in run_comprehensive_analysis
    result = module.run_analysis()
  File "/home/trim/Documents/GitHub/GEO-INFER/GEO-INFER-SPACE/src/geo_infer_space/core/base_module.py", line 148, in run_analysis
    h3_data = self.process_to_h3(raw_data_path)
  File "/home/trim/Documents/GitHub/GEO-INFER/GEO-INFER-SPACE/src/geo_infer_space/core/base_module.py", line 78, in process_to_h3
    if not self.backend.h3_loader:
AttributeError: 'CascadianAgriculturalH3Backend' object has no attribute 'h3_loader'
2025-07-27 18:35:02,622 - geo_infer_place.core.unified_backend - INFO - --- Processing Module: OWNERSHIP with SPACE integration ---
2025-07-27 18:35:02,622 - geo_infer_space.core.base_module - INFO - [ownership] No cached H3 data found. Starting data acquisition...
2025-07-27 18:35:02,623 - ownership.geo_infer_ownership - INFO - Acquiring raw ownership/parcel data...
2025-07-27 18:35:06,530 - ownership.data_sources - WARNING - No parcel data was loaded from any ArcGIS service.
2025-07-27 18:35:06,556 - ownership.geo_infer_ownership - WARNING - No parcel data found for target area
2025-07-27 18:35:06,557 - geo_infer_space.core.base_module - ERROR - [ownership] Raw data acquisition failed. Aborting module processing.
2025-07-27 18:35:06,558 - geo_infer_place.core.unified_backend - INFO - ✅ Successfully processed module: OWNERSHIP
2025-07-27 18:35:06,558 - geo_infer_place.core.unified_backend - INFO - --- Processing Module: IMPROVEMENTS with SPACE integration ---
2025-07-27 18:35:06,559 - geo_infer_space.core.base_module - INFO - [improvements] No cached H3 data found. Starting data acquisition...
2025-07-27 18:35:06,560 - improvements.geo_infer_improvements - INFO - Acquiring raw improvements/buildings data...
2025-07-27 18:35:10,458 - improvements.data_sources - INFO - Processing Zillow ZHVI data...
2025-07-27 18:35:14,681 - improvements.data_sources - INFO - Reading zip code boundaries from /home/trim/Documents/GitHub/GEO-INFER/GEO-INFER-PLACE/locations/cascadia/improvements/../../../data/improvements/tl_2023_us_zcta520/tl_2023_us_zcta520.shp
2025-07-27 18:35:21,948 - improvements.data_sources - INFO - GeoJSON file already exists for CA, skipping download.
2025-07-27 18:35:21,973 - improvements.data_sources - INFO - Loading building footprints for CA within bounding box: (39.99537491773318, -121.50605373377839, 41.2045927454531, -119.49402629538726)...
