2025-07-27 18:33:43,948 - __main__ - INFO - Enhanced Cascadia Analysis Framework initialized with SPACE integration
2025-07-27 18:33:43,948 - __main__ - INFO - Log file: output/cascadia_analysis_20250727_183343.log
2025-07-27 18:33:43,949 - __main__ - INFO - 🚀 Starting Enhanced Cascadia Analysis Framework with SPACE Integration
2025-07-27 18:33:43,949 - __main__ - INFO - Arguments: {'resolution': 8, 'output_dir': './output', 'export_format': 'geojson', 'counties': 'all', 'modules': 'all', 'verbose': True, 'check_deps': True, 'enhanced_viz': False, 'real_time': False, 'spatial_analysis': False, 'generate_dashboard': False}
2025-07-27 18:33:43,950 - __main__ - INFO - 🔍 Checking dependencies with enhanced SPACE integration...
2025-07-27 18:33:43,950 - __main__ - INFO - ✅ numpy
2025-07-27 18:33:43,951 - __main__ - INFO - ✅ pandas
2025-07-27 18:33:43,952 - __main__ - INFO - ✅ geopandas
2025-07-27 18:33:43,952 - __main__ - INFO - ✅ folium
2025-07-27 18:33:43,952 - __main__ - INFO - ✅ h3
2025-07-27 18:33:43,953 - __main__ - INFO - ✅ shapely
2025-07-27 18:33:43,954 - __main__ - INFO - ✅ requests
2025-07-27 18:33:43,956 - __main__ - INFO - ✅ yaml
2025-07-27 18:33:43,956 - __main__ - INFO - ✅ branca
2025-07-27 18:33:43,963 - git.cmd - DEBUG - Popen(['git', 'cat-file', '--batch-check'], cwd=/home/trim/Documents/GitHub/GEO-INFER/GEO-INFER-SPACE/repo/osc-geo-h3grid-srv, stdin=<valid stream>, shell=False, universal_newlines=False)
2025-07-27 18:33:43,976 - git.cmd - DEBUG - Popen(['git', 'cat-file', '--batch'], cwd=/home/trim/Documents/GitHub/GEO-INFER/GEO-INFER-SPACE/repo/osc-geo-h3grid-srv, stdin=<valid stream>, shell=False, universal_newlines=False)
2025-07-27 18:33:43,986 - git.cmd - DEBUG - Popen(['git', 'remote', 'get-url', '--all', 'origin'], cwd=/home/trim/Documents/GitHub/GEO-INFER/GEO-INFER-SPACE/repo/osc-geo-h3grid-srv, stdin=None, shell=False, universal_newlines=False)
2025-07-27 18:33:44,002 - git.cmd - DEBUG - Popen(['git', 'cat-file', '--batch-check'], cwd=/home/trim/Documents/GitHub/GEO-INFER/GEO-INFER-SPACE/repo/osc-geo-h3loader-cli, stdin=<valid stream>, shell=False, universal_newlines=False)
2025-07-27 18:33:44,013 - git.cmd - DEBUG - Popen(['git', 'cat-file', '--batch'], cwd=/home/trim/Documents/GitHub/GEO-INFER/GEO-INFER-SPACE/repo/osc-geo-h3loader-cli, stdin=<valid stream>, shell=False, universal_newlines=False)
2025-07-27 18:33:44,024 - git.cmd - DEBUG - Popen(['git', 'remote', 'get-url', '--all', 'origin'], cwd=/home/trim/Documents/GitHub/GEO-INFER/GEO-INFER-SPACE/repo/osc-geo-h3loader-cli, stdin=None, shell=False, universal_newlines=False)
2025-07-27 18:33:44,033 - __main__ - ERROR - ❌ SPACE integration check failed: 'IntegrationStatus' object has no attribute 'is_ready'
2025-07-27 18:33:44,034 - __main__ - INFO - ✅ Dependency check complete
2025-07-27 18:33:44,034 - __main__ - INFO - ✅ All dependencies satisfied
