2025-07-27 18:10:08,083 - __main__ - INFO - Enhanced Cascadia Analysis Framework initialized with SPACE integration
2025-07-27 18:10:08,084 - __main__ - INFO - Log file: output/cascadia_analysis_20250727_181008.log
2025-07-27 18:10:08,084 - __main__ - INFO - 🚀 Starting Enhanced Cascadia Analysis Framework with SPACE Integration
2025-07-27 18:10:08,084 - __main__ - INFO - Arguments: {'resolution': 8, 'output_dir': './output', 'export_format': 'geojson', 'counties': 'all', 'modules': 'all', 'verbose': True, 'check_deps': False, 'enhanced_viz': False, 'real_time': False, 'spatial_analysis': True, 'generate_dashboard': True}
2025-07-27 18:10:08,084 - __main__ - INFO - Initializing SPACE spatial processor...
2025-07-27 18:10:08,084 - __main__ - INFO - ✅ Spatial processor initialized successfully
2025-07-27 18:10:08,084 - __main__ - INFO - ✅ Spatial processor initialized
2025-07-27 18:10:08,084 - __main__ - INFO - Initializing SPACE visualization engine...
2025-07-27 18:10:08,084 - geo_infer_space.core.visualization_engine - INFO - InteractiveVisualizationEngine initialized
2025-07-27 18:10:08,085 - geo_infer_space.core.visualization_engine - INFO - Location center: (41.500, -124.000)
2025-07-27 18:10:08,085 - geo_infer_space.core.visualization_engine - INFO - H3 resolution: 8
2025-07-27 18:10:08,085 - __main__ - INFO - ✅ Visualization engine initialized successfully
2025-07-27 18:10:08,085 - __main__ - INFO - ✅ Visualization engine initialized
2025-07-27 18:10:08,130 - __main__ - INFO - Loaded analysis configuration from config/analysis_config.yaml
2025-07-27 18:10:08,131 - __main__ - INFO - Target counties: {'CA': ['Lassen'], 'OR': [], 'WA': []}
2025-07-27 18:10:08,131 - __main__ - INFO - Active modules: ['zoning', 'current_use', 'ownership', 'improvements']
2025-07-27 18:10:08,131 - __main__ - INFO - 🔧 Creating shared backend for all modules...
2025-07-27 18:10:11,074 - geo_infer_place.core.unified_backend - INFO - Successfully initialized H3DataLoader from GEO-INFER-SPACE.
2025-07-27 18:10:11,075 - geo_infer_place.core.unified_backend - INFO - Generating new region data (not in cache)
2025-07-27 18:10:11,076 - geo_infer_place.core.unified_backend - INFO - Loading county geometries with boundary loader...
2025-07-27 18:10:11,099 - county_boundary_loader - INFO - Loaded county boundaries configuration from /home/trim/Documents/GitHub/GEO-INFER/GEO-INFER-PLACE/locations/cascadia/config/county_boundaries.yaml
2025-07-27 18:10:11,194 - county_boundary_loader - INFO - Loaded geometry for ca_lassen from /home/trim/Documents/GitHub/GEO-INFER/GEO-INFER-PLACE/locations/cascadia/config/ca_lassen_boundary.geojson
2025-07-27 18:10:11,195 - geo_infer_place.core.unified_backend - INFO - Loaded 1 county geometries using boundary loader
2025-07-27 18:10:11,195 - geo_infer_place.core.unified_backend - INFO - Generating hexagons for Lassen, CA using SPACE utilities...
2025-07-27 18:10:11,195 - geo_infer_place.core.unified_backend - DEBUG - Geometry type: <class 'shapely.geometry.polygon.Polygon'>, Geometry: POLYGON ((-121.5 40, -119.5 40, -119.5 41.2, -121.5 41.2, -121.5 40))
2025-07-27 18:10:11,195 - geo_infer_place.core.unified_backend - DEBUG - Converted to GeoJSON: {'type': 'Polygon', 'coordinates': (((-121.5, 40.0), (-119.5, 40.0), (-119.5, 41.2), (-121.5, 41.2), (-121.5, 40.0)),)}
2025-07-27 18:10:11,358 - geo_infer_place.core.unified_backend - INFO - Generated 30021 hexagons for Lassen, CA
2025-07-27 18:10:11,444 - geo_infer_place.core.unified_backend - INFO - ✅ Generated 30021 H3 hexagons using SPACE utilities
2025-07-27 18:10:11,450 - geo_infer_place.core.unified_backend - WARNING - Failed to save to cache: 'list' object has no attribute 'items'
2025-07-27 18:10:11,453 - geo_infer_place.core.unified_backend - DEBUG - Cache error details: Traceback (most recent call last):
  File "/home/trim/Documents/GitHub/GEO-INFER/GEO-INFER-PLACE/src/geo_infer_place/core/unified_backend.py", line 269, in _save_to_cache
    for county, geom in counties.items():
AttributeError: 'list' object has no attribute 'items'

2025-07-27 18:10:11,454 - geo_infer_place.core.unified_backend - WARNING - Failed to initialize UnifiedH3Backend: 'list' object has no attribute 'keys'
2025-07-27 18:10:11,454 - geo_infer_space.utils.config_loader - INFO - Config loader initialized with directory: /home/trim/Documents/GitHub/GEO-INFER/GEO-INFER-SPACE/src/config
2025-07-27 18:10:11,455 - geo_infer_space.utils.config_loader - WARNING - Location config not found: /home/trim/Documents/GitHub/GEO-INFER/GEO-INFER-SPACE/src/config/cascadia.yaml
2025-07-27 18:10:11,456 - geo_infer_space.utils.config_loader - DEBUG - Configuration validation passed
2025-07-27 18:10:11,456 - geo_infer_place.core.unified_backend - INFO - ✅ Cascadia configuration loaded successfully
2025-07-27 18:10:11,456 - geo_infer_place.core.unified_backend - INFO - Loading county geometries with boundary loader...
2025-07-27 18:10:11,522 - county_boundary_loader - INFO - Loaded county boundaries configuration from /home/trim/Documents/GitHub/GEO-INFER/GEO-INFER-PLACE/locations/cascadia/config/county_boundaries.yaml
2025-07-27 18:10:11,527 - county_boundary_loader - INFO - Loaded geometry for ca_lassen from /home/trim/Documents/GitHub/GEO-INFER/GEO-INFER-PLACE/locations/cascadia/config/ca_lassen_boundary.geojson
2025-07-27 18:10:11,528 - geo_infer_place.core.unified_backend - INFO - Loaded 1 county geometries using boundary loader
2025-07-27 18:10:11,529 - geo_infer_place.core.unified_backend - INFO - Generating hexagons for Lassen, CA using SPACE utilities...
2025-07-27 18:10:11,529 - geo_infer_place.core.unified_backend - DEBUG - Geometry type: <class 'shapely.geometry.polygon.Polygon'>, Geometry: POLYGON ((-121.5 40, -119.5 40, -119.5 41.2, -121.5 41.2, -121.5 40))
2025-07-27 18:10:11,529 - geo_infer_place.core.unified_backend - DEBUG - Converted to GeoJSON: {'type': 'Polygon', 'coordinates': (((-121.5, 40.0), (-119.5, 40.0), (-119.5, 41.2), (-121.5, 41.2), (-121.5, 40.0)),)}
2025-07-27 18:10:11,668 - geo_infer_place.core.unified_backend - INFO - Generated 30021 hexagons for Lassen, CA
2025-07-27 18:10:11,720 - geo_infer_place.core.unified_backend - INFO - ✅ Generated 30021 H3 hexagons using SPACE utilities
2025-07-27 18:10:11,722 - geo_infer_place.core.unified_backend - INFO - Enhanced CascadianAgriculturalH3Backend initialized for 'Cascadia' with 0 active modules at H3 resolution 8
2025-07-27 18:10:11,723 - geo_infer_place.core.unified_backend - INFO - Active modules: []
2025-07-27 18:10:11,723 - geo_infer_place.core.unified_backend - INFO - Defined 30021 total target hexagons across 1 states.
2025-07-27 18:10:11,723 - geo_infer_place.core.unified_backend - INFO - SPACE integration: Spatial processor, data integrator, and visualization engine available
2025-07-27 18:10:11,726 - __main__ - INFO - ✅ Shared backend created with 30021 target hexagons
2025-07-27 18:10:11,727 - zoning.geo_infer_zoning - INFO - Initialized GeoInferZoning module.
2025-07-27 18:10:11,727 - __main__ - INFO - ✅ Zoning module initialized
2025-07-27 18:10:11,728 - current_use.data_sources - INFO - Initialized CascadianCurrentUseDataSources
2025-07-27 18:10:11,728 - current_use.geo_infer_current_use - INFO - Initialized GeoInferCurrentUse module.
2025-07-27 18:10:11,731 - __main__ - INFO - ✅ Current use module initialized
2025-07-27 18:10:11,739 - ownership.geo_infer_ownership - INFO - Initialized GeoInferOwnership module.
2025-07-27 18:10:11,739 - __main__ - INFO - ✅ Ownership module initialized
2025-07-27 18:10:11,739 - improvements.data_sources - INFO - Initialized CascadianImprovementsDataSources.
2025-07-27 18:10:11,740 - improvements.geo_infer_improvements - INFO - Initialized GeoInferImprovements module.
2025-07-27 18:10:11,740 - __main__ - INFO - ✅ Improvements module initialized
2025-07-27 18:10:11,740 - __main__ - INFO - ✅ Updated shared backend with 4 active modules
2025-07-27 18:10:11,740 - __main__ - INFO - Step 1: Running comprehensive analysis across all modules...
2025-07-27 18:10:11,747 - geo_infer_place.core.unified_backend - INFO - Starting enhanced comprehensive analysis with SPACE integration...
2025-07-27 18:10:11,747 - geo_infer_place.core.unified_backend - INFO - --- Processing Module: ZONING with SPACE integration ---
2025-07-27 18:10:11,747 - geo_infer_space.core.base_module - INFO - [zoning] No cached H3 data found. Starting data acquisition...
2025-07-27 18:10:11,747 - zoning.data_sources - INFO - [zoning] Raw data file already exists at output/data/zoning/raw_zoning_data.geojson. Skipping download.
2025-07-27 18:10:11,747 - geo_infer_place.core.unified_backend - ERROR - ❌ Failed to process module ZONING: 'CascadianAgriculturalH3Backend' object has no attribute 'h3_loader'
Traceback (most recent call last):
  File "/home/trim/Documents/GitHub/GEO-INFER/GEO-INFER-PLACE/src/geo_infer_place/core/unified_backend.py", line 552, in run_comprehensive_analysis
    result = module.run_analysis()
  File "/home/trim/Documents/GitHub/GEO-INFER/GEO-INFER-SPACE/src/geo_infer_space/core/base_module.py", line 148, in run_analysis
    h3_data = self.process_to_h3(raw_data_path)
  File "/home/trim/Documents/GitHub/GEO-INFER/GEO-INFER-SPACE/src/geo_infer_space/core/base_module.py", line 78, in process_to_h3
    if not self.backend.h3_loader:
AttributeError: 'CascadianAgriculturalH3Backend' object has no attribute 'h3_loader'
2025-07-27 18:10:11,750 - geo_infer_place.core.unified_backend - INFO - --- Processing Module: CURRENT_USE with SPACE integration ---
2025-07-27 18:10:11,750 - geo_infer_space.core.base_module - INFO - [current_use] No cached H3 data found. Starting data acquisition...
2025-07-27 18:10:11,765 - geo_infer_place.core.unified_backend - ERROR - ❌ Failed to process module CURRENT_USE: 'CascadianAgriculturalH3Backend' object has no attribute 'h3_loader'
Traceback (most recent call last):
  File "/home/trim/Documents/GitHub/GEO-INFER/GEO-INFER-PLACE/src/geo_infer_place/core/unified_backend.py", line 552, in run_comprehensive_analysis
    result = module.run_analysis()
  File "/home/trim/Documents/GitHub/GEO-INFER/GEO-INFER-SPACE/src/geo_infer_space/core/base_module.py", line 148, in run_analysis
    h3_data = self.process_to_h3(raw_data_path)
  File "/home/trim/Documents/GitHub/GEO-INFER/GEO-INFER-SPACE/src/geo_infer_space/core/base_module.py", line 78, in process_to_h3
    if not self.backend.h3_loader:
AttributeError: 'CascadianAgriculturalH3Backend' object has no attribute 'h3_loader'
2025-07-27 18:10:11,767 - geo_infer_place.core.unified_backend - INFO - --- Processing Module: OWNERSHIP with SPACE integration ---
2025-07-27 18:10:11,767 - geo_infer_space.core.base_module - INFO - [ownership] No cached H3 data found. Starting data acquisition...
2025-07-27 18:10:11,768 - ownership.geo_infer_ownership - INFO - Acquiring raw ownership/parcel data...
2025-07-27 18:10:15,439 - ownership.data_sources - WARNING - No parcel data was loaded from any ArcGIS service.
2025-07-27 18:10:15,465 - ownership.geo_infer_ownership - WARNING - No parcel data found for target area
2025-07-27 18:10:15,466 - geo_infer_space.core.base_module - ERROR - [ownership] Raw data acquisition failed. Aborting module processing.
2025-07-27 18:10:15,466 - geo_infer_place.core.unified_backend - INFO - ✅ Successfully processed module: OWNERSHIP
2025-07-27 18:10:15,466 - geo_infer_place.core.unified_backend - INFO - --- Processing Module: IMPROVEMENTS with SPACE integration ---
2025-07-27 18:10:15,466 - geo_infer_space.core.base_module - INFO - [improvements] No cached H3 data found. Starting data acquisition...
2025-07-27 18:10:15,466 - improvements.geo_infer_improvements - INFO - Acquiring raw improvements/buildings data...
2025-07-27 18:10:18,514 - improvements.data_sources - INFO - Processing Zillow ZHVI data...
2025-07-27 18:10:22,428 - improvements.data_sources - INFO - Reading zip code boundaries from /home/trim/Documents/GitHub/GEO-INFER/GEO-INFER-PLACE/locations/cascadia/improvements/../../../data/improvements/tl_2023_us_zcta520/tl_2023_us_zcta520.shp
2025-07-27 18:10:29,881 - improvements.data_sources - INFO - GeoJSON file already exists for CA, skipping download.
2025-07-27 18:10:29,908 - improvements.data_sources - INFO - Loading building footprints for CA within bounding box: (39.99537491773318, -121.50605373377839, 41.2045927454531, -119.49402629538726)...
2025-07-27 18:17:37,937 - improvements.data_sources - INFO - No buildings found for CA in the target area.
2025-07-27 18:17:37,939 - improvements.data_sources - INFO - GeoJSON file already exists for OR, skipping download.
2025-07-27 18:17:37,939 - improvements.data_sources - INFO - Loading building footprints for OR within bounding box: (39.99537491773318, -121.50605373377839, 41.2045927454531, -119.49402629538726)...
2025-07-27 18:18:43,658 - improvements.data_sources - INFO - No buildings found for OR in the target area.
2025-07-27 18:18:43,659 - improvements.data_sources - WARNING - No improvements data was loaded from real sources. Falling back to mock data.
2025-07-27 18:18:43,660 - improvements.data_sources - WARNING - Generating fully mock improvements data as a fallback.
2025-07-27 18:18:47,158 - pyogrio._io - INFO - Created 500 records
2025-07-27 18:18:47,159 - improvements.geo_infer_improvements - INFO - Cached 500 improvements to output/data/improvements/raw_improvements_data.geojson
2025-07-27 18:18:47,159 - geo_infer_place.core.unified_backend - ERROR - ❌ Failed to process module IMPROVEMENTS: 'CascadianAgriculturalH3Backend' object has no attribute 'h3_loader'
Traceback (most recent call last):
  File "/home/trim/Documents/GitHub/GEO-INFER/GEO-INFER-PLACE/src/geo_infer_place/core/unified_backend.py", line 552, in run_comprehensive_analysis
    result = module.run_analysis()
  File "/home/trim/Documents/GitHub/GEO-INFER/GEO-INFER-SPACE/src/geo_infer_space/core/base_module.py", line 148, in run_analysis
    h3_data = self.process_to_h3(raw_data_path)
  File "/home/trim/Documents/GitHub/GEO-INFER/GEO-INFER-SPACE/src/geo_infer_space/core/base_module.py", line 78, in process_to_h3
    if not self.backend.h3_loader:
AttributeError: 'CascadianAgriculturalH3Backend' object has no attribute 'h3_loader'
2025-07-27 18:18:47,161 - geo_infer_place.core.unified_backend - INFO - Aggregating results from all modules using SPACE utilities...
2025-07-27 18:18:47,887 - geo_infer_place.core.unified_backend - INFO - ✅ Aggregated data for 30021 hexagons from 4 modules using SPACE utilities.
2025-07-27 18:18:47,888 - geo_infer_place.core.unified_backend - INFO - Performing enhanced spatial analysis with SPACE utilities...
2025-07-27 18:18:47,888 - geo_infer_place.core.unified_backend - INFO - Performing spatial analysis with SPACE integration...
2025-07-27 18:18:47,888 - geo_infer_place.core.unified_backend - INFO - Analyzing spatial correlations between modules...
2025-07-27 18:18:48,061 - geo_infer_place.core.unified_backend - DEBUG - Spatial correlation zoning-current_use: nan
2025-07-27 18:18:48,069 - geo_infer_place.core.unified_backend - DEBUG - Spatial correlation zoning-ownership: nan
2025-07-27 18:18:48,077 - geo_infer_place.core.unified_backend - DEBUG - Spatial correlation zoning-improvements: nan
2025-07-27 18:18:48,084 - geo_infer_place.core.unified_backend - DEBUG - Spatial correlation current_use-ownership: nan
2025-07-27 18:18:48,094 - geo_infer_place.core.unified_backend - DEBUG - Spatial correlation current_use-improvements: nan
2025-07-27 18:18:48,104 - geo_infer_place.core.unified_backend - DEBUG - Spatial correlation ownership-improvements: nan
2025-07-27 18:18:48,105 - geo_infer_place.core.unified_backend - INFO - ✅ Calculated 6 spatial correlations
2025-07-27 18:18:48,106 - geo_infer_place.core.unified_backend - INFO - Analyzing hotspots using SPACE utilities...
2025-07-27 18:18:48,154 - geo_infer_place.core.unified_backend - INFO - ✅ Identified 0 hotspots with threshold 0.000
2025-07-27 18:18:48,155 - geo_infer_place.core.unified_backend - INFO - Analyzing spatial relationships using SPACE spatial processor...
2025-07-27 18:18:51,313 - geo_infer_place.core.unified_backend - INFO - ✅ Spatial relationship analysis completed for 30021 features
2025-07-27 18:18:51,368 - geo_infer_place.core.unified_backend - INFO - ✅ Spatial analysis completed successfully
2025-07-27 18:18:51,369 - geo_infer_place.core.unified_backend - INFO - ✅ Enhanced comprehensive analysis complete. All module data has been aggregated and spatially analyzed.
2025-07-27 18:18:51,370 - __main__ - INFO - 📊 Comprehensive analysis completed in 519.6 seconds
2025-07-27 18:18:51,371 - __main__ - INFO - Step 2: Calculating agricultural redevelopment potential...
2025-07-27 18:18:51,371 - geo_infer_place.core.unified_backend - INFO - Calculating enhanced agricultural redevelopment potential scores with SPACE integration...
2025-07-27 18:18:55,474 - geo_infer_place.core.unified_backend - INFO - ✅ Calculated enhanced redevelopment scores for 30021 hexagons with SPACE integration.
2025-07-27 18:18:55,480 - __main__ - INFO - 📊 Redevelopment calculation completed in 4.1 seconds
2025-07-27 18:18:55,480 - __main__ - INFO - Step 3: Generating comprehensive summary...
2025-07-27 18:18:55,586 - __main__ - INFO - 📊 Summary generation completed in 0.1 seconds
2025-07-27 18:18:55,592 - __main__ - INFO - 📊 Total analysis time: 523.9 seconds
2025-07-27 18:18:55,593 - __main__ - INFO - Step 4: Exporting analysis results...
2025-07-27 18:19:05,756 - geo_infer_place.core.unified_backend - INFO - ✅ Enhanced GeoJSON export completed with 30021 features
2025-07-27 18:19:05,786 - geo_infer_place.core.unified_backend - INFO - ✅ Successfully exported enhanced unified data to output/cascadia_unified_data_20250727_181855.geojson
2025-07-27 18:19:05,803 - __main__ - INFO - 📊 Data export completed in 10.2 seconds
2025-07-27 18:19:08,103 - __main__ - INFO - Exported redevelopment scores to output/cascadia_redevelopment_scores_20250727_181855.json
2025-07-27 18:19:08,104 - __main__ - INFO - Exported summary to output/cascadia_summary_20250727_181855.json
2025-07-27 18:19:08,104 - __main__ - INFO - Step 5: Generating enhanced analysis reports and dashboards...
2025-07-27 18:19:08,105 - __main__ - INFO - Generating enhanced analysis report to output/cascadia_analysis_report_20250727_181855.md...
2025-07-27 18:19:08,106 - __main__ - INFO - ✅ Analysis report generated: output/cascadia_analysis_report_20250727_181855.md
2025-07-27 18:19:08,106 - __main__ - INFO - Generating spatial analysis report with SPACE integration...
2025-07-27 18:19:08,107 - __main__ - INFO - Initializing SPACE spatial processor...
2025-07-27 18:19:08,107 - __main__ - INFO - ✅ Spatial processor initialized successfully
2025-07-27 18:19:08,267 - __main__ - INFO - ✅ Spatial analysis report generated: output/cascadia_spatial_analysis_20250727_181908.md
2025-07-27 18:19:08,268 - __main__ - INFO - Spatial analysis report: output/cascadia_spatial_analysis_20250727_181908.md
2025-07-27 18:19:08,268 - __main__ - INFO - 🎨 Generating enhanced interactive dashboard with SPACE visualization...
2025-07-27 18:19:08,268 - geo_infer_place.core.unified_backend - INFO - Calculating enhanced agricultural redevelopment potential scores with SPACE integration...
2025-07-27 18:19:12,956 - geo_infer_place.core.unified_backend - INFO - ✅ Calculated enhanced redevelopment scores for 30021 hexagons with SPACE integration.
2025-07-27 18:19:12,958 - geo_infer_space.core.visualization_engine - INFO - 🎨 Creating comprehensive interactive dashboard...
2025-07-27 18:19:12,967 - geo_infer_space.core.visualization_engine - INFO - Adding cross-domain integration layers...
2025-07-27 18:19:13,757 - geo_infer_space.core.visualization_engine - INFO - ✅ Comprehensive dashboard saved to: output/comprehensive_dashboard_20250727_181913.html
2025-07-27 18:19:13,758 - __main__ - INFO - ✅ Enhanced dashboard generated: output/comprehensive_dashboard_20250727_181913.html
2025-07-27 18:19:13,758 - __main__ - INFO - Enhanced dashboard: output/comprehensive_dashboard_20250727_181913.html
