2025-07-28 08:20:18,132 - __main__ - INFO - Enhanced Cascadia Analysis Framework initialized with SPACE integration
2025-07-28 08:20:18,132 - __main__ - INFO - Log file: output/cascadia_analysis_20250728_082018.log
2025-07-28 08:20:18,132 - __main__ - INFO - 🚀 Starting Enhanced Cascadia Analysis Framework with SPACE Integration
2025-07-28 08:20:18,132 - __main__ - INFO - Arguments: {'resolution': 8, 'output_dir': './output', 'export_format': 'geojson', 'counties': 'all', 'modules': 'all', 'verbose': True, 'check_deps': False, 'enhanced_viz': False, 'real_time': False, 'spatial_analysis': True, 'generate_dashboard': True}
2025-07-28 08:20:18,133 - __main__ - INFO - Initializing SPACE spatial processor...
2025-07-28 08:20:18,133 - __main__ - INFO - ✅ Spatial processor initialized successfully
2025-07-28 08:20:18,133 - __main__ - INFO - ✅ Spatial processor initialized
2025-07-28 08:20:18,133 - __main__ - INFO - Initializing SPACE visualization engine...
2025-07-28 08:20:18,133 - geo_infer_space.core.visualization_engine - INFO - InteractiveVisualizationEngine initialized
2025-07-28 08:20:18,133 - geo_infer_space.core.visualization_engine - INFO - Location center: (41.500, -124.000)
2025-07-28 08:20:18,133 - geo_infer_space.core.visualization_engine - INFO - H3 resolution: 8
2025-07-28 08:20:18,133 - __main__ - INFO - ✅ Visualization engine initialized successfully
2025-07-28 08:20:18,133 - __main__ - INFO - ✅ Visualization engine initialized
2025-07-28 08:20:18,173 - __main__ - INFO - Loaded analysis configuration from config/analysis_config.yaml
2025-07-28 08:20:18,174 - __main__ - INFO - Target counties: {'CA': ['Del Norte'], 'OR': []}
2025-07-28 08:20:18,174 - __main__ - INFO - Active modules: ['zoning', 'current_use', 'ownership', 'improvements']
2025-07-28 08:20:18,174 - __main__ - INFO - 🔧 Creating shared backend for all modules...
2025-07-28 08:20:20,764 - geo_infer_place.core.unified_backend - INFO - Successfully initialized H3DataLoader from GEO-INFER-SPACE.
2025-07-28 08:20:20,766 - geo_infer_place.core.unified_backend - INFO - Generating new region data (not in cache)
2025-07-28 08:20:20,767 - geo_infer_place.core.unified_backend - INFO - Loading county geometries with boundary loader...
2025-07-28 08:20:20,818 - county_boundary_loader - INFO - Loaded county boundaries configuration from /home/trim/Documents/GitHub/GEO-INFER/GEO-INFER-PLACE/locations/cascadia/config/county_boundaries.yaml
2025-07-28 08:20:20,819 - county_boundary_loader - INFO - Loaded GeoJSON geometry for ca_del_norte from /home/trim/Documents/GitHub/GEO-INFER/GEO-INFER-PLACE/locations/cascadia/config/ca_del_norte_boundary.geojson
2025-07-28 08:20:20,819 - geo_infer_place.core.unified_backend - INFO - Successfully loaded county geometries using boundary loader
2025-07-28 08:20:20,819 - geo_infer_place.core.unified_backend - INFO - Generating hexagons for Del_Norte, CA using SPACE utilities...
2025-07-28 08:20:20,819 - geo_infer_place.core.unified_backend - DEBUG - Geometry type: <class 'dict'>, Geometry: {'type': 'Polygon', 'coordinates': [[[-124.5, 41.4], [-124.5, 42.0], [-123.5, 42.0], [-123.5, 41.4], [-124.5, 41.4]]]}
2025-07-28 08:20:20,843 - geo_infer_place.core.unified_backend - INFO - Generated 7749 hexagons for Del_Norte, CA
2025-07-28 08:20:20,852 - geo_infer_place.core.unified_backend - INFO - ✅ Generated 7749 H3 hexagons using SPACE utilities
2025-07-28 08:20:20,853 - geo_infer_place.core.unified_backend - WARNING - Failed to save to cache: 'list' object has no attribute 'items'
2025-07-28 08:20:20,855 - geo_infer_place.core.unified_backend - DEBUG - Cache error details: Traceback (most recent call last):
  File "/home/trim/Documents/GitHub/GEO-INFER/GEO-INFER-PLACE/src/geo_infer_place/core/unified_backend.py", line 271, in _save_to_cache
    for county, geom in counties.items():
AttributeError: 'list' object has no attribute 'items'

2025-07-28 08:20:20,855 - geo_infer_place.core.unified_backend - WARNING - Failed to initialize UnifiedH3Backend: 'list' object has no attribute 'keys'
2025-07-28 08:20:20,855 - geo_infer_space.utils.config_loader - INFO - Config loader initialized with directory: /home/trim/Documents/GitHub/GEO-INFER/GEO-INFER-SPACE/src/config
2025-07-28 08:20:20,856 - geo_infer_space.utils.config_loader - WARNING - Location config not found: /home/trim/Documents/GitHub/GEO-INFER/GEO-INFER-SPACE/src/config/cascadia.yaml
2025-07-28 08:20:20,856 - geo_infer_space.utils.config_loader - DEBUG - Configuration validation passed
2025-07-28 08:20:20,856 - geo_infer_place.core.unified_backend - INFO - ✅ Cascadia configuration loaded successfully
2025-07-28 08:20:20,856 - geo_infer_place.core.unified_backend - INFO - Loading county geometries with boundary loader...
2025-07-28 08:20:20,893 - county_boundary_loader - INFO - Loaded county boundaries configuration from /home/trim/Documents/GitHub/GEO-INFER/GEO-INFER-PLACE/locations/cascadia/config/county_boundaries.yaml
2025-07-28 08:20:20,894 - county_boundary_loader - INFO - Loaded GeoJSON geometry for ca_del_norte from /home/trim/Documents/GitHub/GEO-INFER/GEO-INFER-PLACE/locations/cascadia/config/ca_del_norte_boundary.geojson
2025-07-28 08:20:20,894 - geo_infer_place.core.unified_backend - INFO - Successfully loaded county geometries using boundary loader
2025-07-28 08:20:20,894 - geo_infer_place.core.unified_backend - INFO - Generating hexagons for Del_Norte, CA using SPACE utilities...
2025-07-28 08:20:20,895 - geo_infer_place.core.unified_backend - DEBUG - Geometry type: <class 'dict'>, Geometry: {'type': 'Polygon', 'coordinates': [[[-124.5, 41.4], [-124.5, 42.0], [-123.5, 42.0], [-123.5, 41.4], [-124.5, 41.4]]]}
2025-07-28 08:20:20,927 - geo_infer_place.core.unified_backend - INFO - Generated 7749 hexagons for Del_Norte, CA
2025-07-28 08:20:20,936 - geo_infer_place.core.unified_backend - INFO - ✅ Generated 7749 H3 hexagons using SPACE utilities
2025-07-28 08:20:20,937 - geo_infer_place.core.unified_backend - INFO - Enhanced CascadianAgriculturalH3Backend initialized for 'Cascadia' with 0 active modules at H3 resolution 8
2025-07-28 08:20:20,938 - geo_infer_place.core.unified_backend - INFO - Active modules: []
2025-07-28 08:20:20,938 - geo_infer_place.core.unified_backend - INFO - Defined 7749 total target hexagons across 1 states.
2025-07-28 08:20:20,938 - geo_infer_place.core.unified_backend - INFO - SPACE integration: Spatial processor, data integrator, and visualization engine available
2025-07-28 08:20:20,940 - __main__ - INFO - ✅ Shared backend created with 7749 target hexagons
2025-07-28 08:20:20,940 - zoning.geo_infer_zoning - INFO - Initialized GeoInferZoning module with real OSC H3 v4 integration.
2025-07-28 08:20:20,940 - __main__ - INFO - ✅ Zoning module initialized
2025-07-28 08:20:20,941 - current_use.data_sources - INFO - Initialized CascadianCurrentUseDataSources
2025-07-28 08:20:20,941 - current_use.geo_infer_current_use - INFO - Initialized GeoInferCurrentUse module with real OSC H3 v4 integration.
2025-07-28 08:20:20,941 - __main__ - INFO - ✅ Current use module initialized
2025-07-28 08:20:20,942 - ownership.geo_infer_ownership - INFO - Initialized GeoInferOwnership module with real OSC H3 v4 integration.
2025-07-28 08:20:20,942 - __main__ - INFO - ✅ Ownership module initialized
2025-07-28 08:20:20,942 - improvements.data_sources - INFO - Initialized CascadianImprovementsDataSources.
2025-07-28 08:20:20,942 - improvements.geo_infer_improvements - INFO - Initialized GeoInferImprovements module.
2025-07-28 08:20:20,942 - __main__ - INFO - ✅ Improvements module initialized
2025-07-28 08:20:20,942 - __main__ - INFO - ✅ Updated shared backend with 4 active modules
2025-07-28 08:20:20,943 - __main__ - INFO - Step 1: Running comprehensive analysis across all modules...
2025-07-28 08:20:20,943 - __main__ - INFO - 🔍 Starting comprehensive data acquisition and processing tracking...
2025-07-28 08:20:20,952 - __main__ - INFO - 📊 Starting comprehensive analysis with real data tracking...
2025-07-28 08:20:20,952 - __main__ - INFO - 🔍 Pre-analysis data check for zoning module...
2025-07-28 08:20:20,953 - __main__ - INFO -   📁 zoning: Found 1 data files
2025-07-28 08:20:20,953 - __main__ - INFO -     📄 raw_zoning_data.geojson
2025-07-28 08:20:20,953 - __main__ - INFO - 🔍 Pre-analysis data check for current_use module...
2025-07-28 08:20:20,954 - __main__ - INFO -   📁 current_use: Found 1 data files
2025-07-28 08:20:20,954 - __main__ - INFO -     📄 raw_current_use_data.geojson
2025-07-28 08:20:20,954 - __main__ - INFO - 🔍 Pre-analysis data check for ownership module...
2025-07-28 08:20:20,954 - __main__ - INFO -   📁 ownership: Found 1 data files
2025-07-28 08:20:20,954 - __main__ - INFO -     📄 raw_ownership_data.geojson
2025-07-28 08:20:20,954 - __main__ - INFO - 🔍 Pre-analysis data check for improvements module...
2025-07-28 08:20:20,954 - __main__ - INFO -   📁 improvements: Found 1 data files
2025-07-28 08:20:20,954 - __main__ - INFO -     📄 raw_improvements_data.geojson
2025-07-28 08:20:20,955 - geo_infer_place.core.unified_backend - INFO - Starting enhanced comprehensive analysis with SPACE integration...
2025-07-28 08:20:20,955 - geo_infer_place.core.unified_backend - INFO - --- Processing Module: ZONING with SPACE integration ---
2025-07-28 08:20:20,955 - geo_infer_place.core.unified_backend - INFO - [zoning] Starting real data acquisition...
2025-07-28 08:20:20,955 - zoning.geo_infer_zoning - INFO - [zoning] 🔍 Acquiring raw zoning data...
2025-07-28 08:20:20,955 - zoning.geo_infer_zoning - INFO - [zoning] ✅ Found empirical zoning data: output/data/empirical_zoning_data.geojson
2025-07-28 08:20:20,955 - geo_infer_place.core.unified_backend - INFO - [zoning] ✅ Raw data acquired: output/data/empirical_zoning_data.geojson (1420 bytes)
2025-07-28 08:20:20,955 - geo_infer_place.core.unified_backend - INFO - [zoning] Starting module analysis...
2025-07-28 08:20:20,955 - geo_infer_space.core.base_module - INFO - [zoning] 🚀 Starting real data analysis workflow...
2025-07-28 08:20:20,956 - geo_infer_space.core.base_module - INFO - [zoning] 📁 No cached H3 data found. Starting real data acquisition...
2025-07-28 08:20:20,956 - geo_infer_space.core.base_module - INFO - [zoning] 🔍 Acquiring raw data...
2025-07-28 08:20:20,956 - zoning.geo_infer_zoning - INFO - [zoning] 🔍 Acquiring raw zoning data...
2025-07-28 08:20:20,956 - zoning.geo_infer_zoning - INFO - [zoning] ✅ Found empirical zoning data: output/data/empirical_zoning_data.geojson
2025-07-28 08:20:20,956 - geo_infer_space.core.base_module - INFO - [zoning] ✅ Raw data acquired: output/data/empirical_zoning_data.geojson (1420 bytes)
2025-07-28 08:20:20,956 - geo_infer_space.core.base_module - INFO - [zoning] 🔄 Processing raw data to H3...
2025-07-28 08:20:20,957 - geo_infer_space.core.base_module - INFO - [zoning] 🔄 Using direct H3 processing for output/data/empirical_zoning_data.geojson
2025-07-28 08:20:20,957 - geo_infer_space.core.base_module - INFO - [zoning] 🔄 Using direct H3 processing for output/data/empirical_zoning_data.geojson
2025-07-28 08:20:20,957 - geo_infer_space.core.base_module - INFO - [zoning] 🔄 Starting direct H3 processing for output/data/empirical_zoning_data.geojson
2025-07-28 08:20:20,957 - geo_infer_space.core.base_module - INFO - [zoning] 📁 Loading GeoJSON data...
2025-07-28 08:20:21,034 - geo_infer_space.core.base_module - INFO - [zoning] 📊 Loaded 2 features for direct processing
2025-07-28 08:20:21,034 - geo_infer_space.core.base_module - INFO - [zoning] 🔄 Processing features...
2025-07-28 08:20:21,036 - geo_infer_space.core.base_module - WARNING - [zoning] ⚠️ H3 conversion failed for feature 0: Unrecognized type: <class 'list'>
2025-07-28 08:20:21,037 - geo_infer_space.core.base_module - WARNING - [zoning] ⚠️ H3 conversion failed for feature 1: Unrecognized type: <class 'list'>
2025-07-28 08:20:21,037 - geo_infer_space.core.base_module - INFO - [zoning] ✅ Direct processing completed:
2025-07-28 08:20:21,037 - geo_infer_space.core.base_module - INFO - [zoning]   📊 Processed features: 0
2025-07-28 08:20:21,037 - geo_infer_space.core.base_module - INFO - [zoning]   ❌ Failed features: 2
2025-07-28 08:20:21,037 - geo_infer_space.core.base_module - INFO - [zoning]   🎯 H3 cells generated: 0
2025-07-28 08:20:21,037 - geo_infer_space.core.base_module - ERROR - [zoning] ❌ Direct H3 processing failed
2025-07-28 08:20:21,037 - geo_infer_space.core.base_module - ERROR - [zoning] ❌ Direct H3 processing failed
2025-07-28 08:20:21,037 - geo_infer_space.core.base_module - WARNING - [zoning] ⚠️ H3 processing returned empty data
2025-07-28 08:20:21,038 - geo_infer_space.core.base_module - WARNING - [zoning] ⚠️ No H3 data available for final analysis
2025-07-28 08:20:21,038 - geo_infer_space.core.base_module - INFO - [zoning] 📊 ANALYSIS SUMMARY:
2025-07-28 08:20:21,038 - geo_infer_space.core.base_module - INFO - [zoning]   - Cached data used: False
2025-07-28 08:20:21,038 - geo_infer_space.core.base_module - INFO - [zoning]   - Raw data acquired: True
2025-07-28 08:20:21,038 - geo_infer_space.core.base_module - INFO - [zoning]   - H3 cells processed: 0
2025-07-28 08:20:21,038 - geo_infer_space.core.base_module - INFO - [zoning]   - Final analysis completed: False
2025-07-28 08:20:21,038 - geo_infer_space.core.base_module - INFO - [zoning]   - Final results: 0 hexagons
2025-07-28 08:20:21,038 - geo_infer_space.core.base_module - ERROR - [zoning] ❌ CRITICAL: No final results generated!
2025-07-28 08:20:21,038 - geo_infer_space.core.base_module - ERROR - [zoning] 🔍 This indicates a fundamental processing failure.
2025-07-28 08:20:21,038 - geo_infer_space.core.base_module - ERROR - [zoning] 🔍 Check data sources, file paths, and analysis logic.
2025-07-28 08:20:21,038 - geo_infer_place.core.unified_backend - WARNING - [zoning] ⚠️ Analysis returned empty result
2025-07-28 08:20:21,038 - geo_infer_place.core.unified_backend - INFO - [zoning] 📊 Module processing summary:
2025-07-28 08:20:21,039 - geo_infer_place.core.unified_backend - INFO - [zoning]   - Raw data acquired: True
2025-07-28 08:20:21,039 - geo_infer_place.core.unified_backend - INFO - [zoning]   - H3 cells processed: 0
2025-07-28 08:20:21,039 - geo_infer_place.core.unified_backend - INFO - [zoning]   - Final analysis completed: False
2025-07-28 08:20:21,039 - geo_infer_place.core.unified_backend - INFO - ✅ Successfully processed module: ZONING
2025-07-28 08:20:21,039 - geo_infer_place.core.unified_backend - INFO - --- Processing Module: CURRENT_USE with SPACE integration ---
2025-07-28 08:20:21,039 - geo_infer_place.core.unified_backend - INFO - [current_use] Starting real data acquisition...
2025-07-28 08:20:21,039 - current_use.geo_infer_current_use - INFO - [current_use] 🔍 Acquiring raw current use data...
2025-07-28 08:20:21,039 - current_use.geo_infer_current_use - INFO - [current_use] ✅ Found empirical current use data: output/data/empirical_current_use_data.geojson
2025-07-28 08:20:21,040 - geo_infer_place.core.unified_backend - INFO - [current_use] ✅ Raw data acquired: output/data/empirical_current_use_data.geojson (2201 bytes)
2025-07-28 08:20:21,040 - geo_infer_place.core.unified_backend - INFO - [current_use] Starting module analysis...
2025-07-28 08:20:21,040 - geo_infer_space.core.base_module - INFO - [current_use] 🚀 Starting real data analysis workflow...
2025-07-28 08:20:21,040 - geo_infer_space.core.base_module - INFO - [current_use] 📁 No cached H3 data found. Starting real data acquisition...
2025-07-28 08:20:21,040 - geo_infer_space.core.base_module - INFO - [current_use] 🔍 Acquiring raw data...
2025-07-28 08:20:21,040 - current_use.geo_infer_current_use - INFO - [current_use] 🔍 Acquiring raw current use data...
2025-07-28 08:20:21,040 - current_use.geo_infer_current_use - INFO - [current_use] ✅ Found empirical current use data: output/data/empirical_current_use_data.geojson
2025-07-28 08:20:21,040 - geo_infer_space.core.base_module - INFO - [current_use] ✅ Raw data acquired: output/data/empirical_current_use_data.geojson (2201 bytes)
2025-07-28 08:20:21,040 - geo_infer_space.core.base_module - INFO - [current_use] 🔄 Processing raw data to H3...
2025-07-28 08:20:21,041 - geo_infer_space.core.base_module - INFO - [current_use] 🔄 Using direct H3 processing for output/data/empirical_current_use_data.geojson
2025-07-28 08:20:21,041 - geo_infer_space.core.base_module - INFO - [current_use] 🔄 Using direct H3 processing for output/data/empirical_current_use_data.geojson
2025-07-28 08:20:21,041 - geo_infer_space.core.base_module - INFO - [current_use] 🔄 Starting direct H3 processing for output/data/empirical_current_use_data.geojson
2025-07-28 08:20:21,041 - geo_infer_space.core.base_module - INFO - [current_use] 📁 Loading GeoJSON data...
2025-07-28 08:20:21,049 - geo_infer_space.core.base_module - INFO - [current_use] 📊 Loaded 3 features for direct processing
2025-07-28 08:20:21,049 - geo_infer_space.core.base_module - INFO - [current_use] 🔄 Processing features...
2025-07-28 08:20:21,051 - geo_infer_space.core.base_module - WARNING - [current_use] ⚠️ H3 conversion failed for feature 0: Unrecognized type: <class 'list'>
2025-07-28 08:20:21,052 - geo_infer_space.core.base_module - WARNING - [current_use] ⚠️ H3 conversion failed for feature 1: Unrecognized type: <class 'list'>
2025-07-28 08:20:21,053 - geo_infer_space.core.base_module - WARNING - [current_use] ⚠️ H3 conversion failed for feature 2: Unrecognized type: <class 'list'>
2025-07-28 08:20:21,053 - geo_infer_space.core.base_module - INFO - [current_use] ✅ Direct processing completed:
2025-07-28 08:20:21,053 - geo_infer_space.core.base_module - INFO - [current_use]   📊 Processed features: 0
2025-07-28 08:20:21,053 - geo_infer_space.core.base_module - INFO - [current_use]   ❌ Failed features: 3
2025-07-28 08:20:21,053 - geo_infer_space.core.base_module - INFO - [current_use]   🎯 H3 cells generated: 0
2025-07-28 08:20:21,053 - geo_infer_space.core.base_module - ERROR - [current_use] ❌ Direct H3 processing failed
2025-07-28 08:20:21,054 - geo_infer_space.core.base_module - ERROR - [current_use] ❌ Direct H3 processing failed
2025-07-28 08:20:21,054 - geo_infer_space.core.base_module - WARNING - [current_use] ⚠️ H3 processing returned empty data
2025-07-28 08:20:21,054 - geo_infer_space.core.base_module - WARNING - [current_use] ⚠️ No H3 data available for final analysis
2025-07-28 08:20:21,054 - geo_infer_space.core.base_module - INFO - [current_use] 📊 ANALYSIS SUMMARY:
2025-07-28 08:20:21,054 - geo_infer_space.core.base_module - INFO - [current_use]   - Cached data used: False
2025-07-28 08:20:21,054 - geo_infer_space.core.base_module - INFO - [current_use]   - Raw data acquired: True
2025-07-28 08:20:21,054 - geo_infer_space.core.base_module - INFO - [current_use]   - H3 cells processed: 0
2025-07-28 08:20:21,054 - geo_infer_space.core.base_module - INFO - [current_use]   - Final analysis completed: False
2025-07-28 08:20:21,054 - geo_infer_space.core.base_module - INFO - [current_use]   - Final results: 0 hexagons
2025-07-28 08:20:21,054 - geo_infer_space.core.base_module - ERROR - [current_use] ❌ CRITICAL: No final results generated!
2025-07-28 08:20:21,054 - geo_infer_space.core.base_module - ERROR - [current_use] 🔍 This indicates a fundamental processing failure.
2025-07-28 08:20:21,055 - geo_infer_space.core.base_module - ERROR - [current_use] 🔍 Check data sources, file paths, and analysis logic.
2025-07-28 08:20:21,055 - geo_infer_place.core.unified_backend - WARNING - [current_use] ⚠️ Analysis returned empty result
2025-07-28 08:20:21,055 - geo_infer_place.core.unified_backend - INFO - [current_use] 📊 Module processing summary:
2025-07-28 08:20:21,055 - geo_infer_place.core.unified_backend - INFO - [current_use]   - Raw data acquired: True
2025-07-28 08:20:21,055 - geo_infer_place.core.unified_backend - INFO - [current_use]   - H3 cells processed: 0
2025-07-28 08:20:21,055 - geo_infer_place.core.unified_backend - INFO - [current_use]   - Final analysis completed: False
2025-07-28 08:20:21,055 - geo_infer_place.core.unified_backend - INFO - ✅ Successfully processed module: CURRENT_USE
2025-07-28 08:20:21,055 - geo_infer_place.core.unified_backend - INFO - --- Processing Module: OWNERSHIP with SPACE integration ---
2025-07-28 08:20:21,055 - geo_infer_place.core.unified_backend - INFO - [ownership] Starting real data acquisition...
2025-07-28 08:20:21,055 - ownership.geo_infer_ownership - INFO - [ownership] 🔍 Acquiring raw ownership data...
2025-07-28 08:20:21,055 - ownership.geo_infer_ownership - INFO - [ownership] ✅ Found empirical ownership data: output/data/empirical_ownership_data.geojson
2025-07-28 08:20:21,056 - geo_infer_place.core.unified_backend - INFO - [ownership] ✅ Raw data acquired: output/data/empirical_ownership_data.geojson (43591 bytes)
2025-07-28 08:20:21,056 - geo_infer_place.core.unified_backend - INFO - [ownership] Starting module analysis...
2025-07-28 08:20:21,056 - geo_infer_space.core.base_module - INFO - [ownership] 🚀 Starting real data analysis workflow...
2025-07-28 08:20:21,056 - geo_infer_space.core.base_module - INFO - [ownership] 📁 No cached H3 data found. Starting real data acquisition...
2025-07-28 08:20:21,056 - geo_infer_space.core.base_module - INFO - [ownership] 🔍 Acquiring raw data...
2025-07-28 08:20:21,056 - ownership.geo_infer_ownership - INFO - [ownership] 🔍 Acquiring raw ownership data...
2025-07-28 08:20:21,056 - ownership.geo_infer_ownership - INFO - [ownership] ✅ Found empirical ownership data: output/data/empirical_ownership_data.geojson
2025-07-28 08:20:21,056 - geo_infer_space.core.base_module - INFO - [ownership] ✅ Raw data acquired: output/data/empirical_ownership_data.geojson (43591 bytes)
2025-07-28 08:20:21,056 - geo_infer_space.core.base_module - INFO - [ownership] 🔄 Processing raw data to H3...
2025-07-28 08:20:21,057 - geo_infer_space.core.base_module - INFO - [ownership] 🔄 Using direct H3 processing for output/data/empirical_ownership_data.geojson
2025-07-28 08:20:21,057 - geo_infer_space.core.base_module - INFO - [ownership] 🔄 Using direct H3 processing for output/data/empirical_ownership_data.geojson
2025-07-28 08:20:21,057 - geo_infer_space.core.base_module - INFO - [ownership] 🔄 Starting direct H3 processing for output/data/empirical_ownership_data.geojson
2025-07-28 08:20:21,057 - geo_infer_space.core.base_module - INFO - [ownership] 📁 Loading GeoJSON data...
2025-07-28 08:20:21,068 - geo_infer_space.core.base_module - INFO - [ownership] 📊 Loaded 50 features for direct processing
2025-07-28 08:20:21,068 - geo_infer_space.core.base_module - INFO - [ownership] 🔄 Processing features...
2025-07-28 08:20:21,069 - geo_infer_space.core.base_module - WARNING - [ownership] ⚠️ H3 conversion failed for feature 0: Unrecognized type: <class 'list'>
2025-07-28 08:20:21,070 - geo_infer_space.core.base_module - WARNING - [ownership] ⚠️ H3 conversion failed for feature 1: Unrecognized type: <class 'list'>
2025-07-28 08:20:21,071 - geo_infer_space.core.base_module - WARNING - [ownership] ⚠️ H3 conversion failed for feature 2: Unrecognized type: <class 'list'>
2025-07-28 08:20:21,072 - geo_infer_space.core.base_module - WARNING - [ownership] ⚠️ H3 conversion failed for feature 3: Unrecognized type: <class 'list'>
2025-07-28 08:20:21,072 - geo_infer_space.core.base_module - WARNING - [ownership] ⚠️ H3 conversion failed for feature 4: Unrecognized type: <class 'list'>
2025-07-28 08:20:21,073 - geo_infer_space.core.base_module - WARNING - [ownership] ⚠️ H3 conversion failed for feature 5: Unrecognized type: <class 'list'>
2025-07-28 08:20:21,073 - geo_infer_space.core.base_module - WARNING - [ownership] ⚠️ H3 conversion failed for feature 6: Unrecognized type: <class 'list'>
2025-07-28 08:20:21,074 - geo_infer_space.core.base_module - WARNING - [ownership] ⚠️ H3 conversion failed for feature 7: Unrecognized type: <class 'list'>
2025-07-28 08:20:21,074 - geo_infer_space.core.base_module - WARNING - [ownership] ⚠️ H3 conversion failed for feature 8: Unrecognized type: <class 'list'>
2025-07-28 08:20:21,075 - geo_infer_space.core.base_module - WARNING - [ownership] ⚠️ H3 conversion failed for feature 9: Unrecognized type: <class 'list'>
2025-07-28 08:20:21,076 - geo_infer_space.core.base_module - WARNING - [ownership] ⚠️ H3 conversion failed for feature 10: Unrecognized type: <class 'list'>
2025-07-28 08:20:21,076 - geo_infer_space.core.base_module - WARNING - [ownership] ⚠️ H3 conversion failed for feature 11: Unrecognized type: <class 'list'>
2025-07-28 08:20:21,077 - geo_infer_space.core.base_module - WARNING - [ownership] ⚠️ H3 conversion failed for feature 12: Unrecognized type: <class 'list'>
2025-07-28 08:20:21,078 - geo_infer_space.core.base_module - WARNING - [ownership] ⚠️ H3 conversion failed for feature 13: Unrecognized type: <class 'list'>
2025-07-28 08:20:21,079 - geo_infer_space.core.base_module - WARNING - [ownership] ⚠️ H3 conversion failed for feature 14: Unrecognized type: <class 'list'>
2025-07-28 08:20:21,080 - geo_infer_space.core.base_module - WARNING - [ownership] ⚠️ H3 conversion failed for feature 15: Unrecognized type: <class 'list'>
2025-07-28 08:20:21,081 - geo_infer_space.core.base_module - WARNING - [ownership] ⚠️ H3 conversion failed for feature 16: Unrecognized type: <class 'list'>
2025-07-28 08:20:21,081 - geo_infer_space.core.base_module - WARNING - [ownership] ⚠️ H3 conversion failed for feature 17: Unrecognized type: <class 'list'>
2025-07-28 08:20:21,082 - geo_infer_space.core.base_module - WARNING - [ownership] ⚠️ H3 conversion failed for feature 18: Unrecognized type: <class 'list'>
2025-07-28 08:20:21,082 - geo_infer_space.core.base_module - WARNING - [ownership] ⚠️ H3 conversion failed for feature 19: Unrecognized type: <class 'list'>
2025-07-28 08:20:21,083 - geo_infer_space.core.base_module - WARNING - [ownership] ⚠️ H3 conversion failed for feature 20: Unrecognized type: <class 'list'>
2025-07-28 08:20:21,084 - geo_infer_space.core.base_module - WARNING - [ownership] ⚠️ H3 conversion failed for feature 21: Unrecognized type: <class 'list'>
2025-07-28 08:20:21,084 - geo_infer_space.core.base_module - WARNING - [ownership] ⚠️ H3 conversion failed for feature 22: Unrecognized type: <class 'list'>
2025-07-28 08:20:21,085 - geo_infer_space.core.base_module - WARNING - [ownership] ⚠️ H3 conversion failed for feature 23: Unrecognized type: <class 'list'>
2025-07-28 08:20:21,086 - geo_infer_space.core.base_module - WARNING - [ownership] ⚠️ H3 conversion failed for feature 24: Unrecognized type: <class 'list'>
2025-07-28 08:20:21,086 - geo_infer_space.core.base_module - WARNING - [ownership] ⚠️ H3 conversion failed for feature 25: Unrecognized type: <class 'list'>
2025-07-28 08:20:21,087 - geo_infer_space.core.base_module - WARNING - [ownership] ⚠️ H3 conversion failed for feature 26: Unrecognized type: <class 'list'>
2025-07-28 08:20:21,088 - geo_infer_space.core.base_module - WARNING - [ownership] ⚠️ H3 conversion failed for feature 27: Unrecognized type: <class 'list'>
2025-07-28 08:20:21,088 - geo_infer_space.core.base_module - WARNING - [ownership] ⚠️ H3 conversion failed for feature 28: Unrecognized type: <class 'list'>
2025-07-28 08:20:21,089 - geo_infer_space.core.base_module - WARNING - [ownership] ⚠️ H3 conversion failed for feature 29: Unrecognized type: <class 'list'>
2025-07-28 08:20:21,090 - geo_infer_space.core.base_module - WARNING - [ownership] ⚠️ H3 conversion failed for feature 30: Unrecognized type: <class 'list'>
2025-07-28 08:20:21,090 - geo_infer_space.core.base_module - WARNING - [ownership] ⚠️ H3 conversion failed for feature 31: Unrecognized type: <class 'list'>
2025-07-28 08:20:21,091 - geo_infer_space.core.base_module - WARNING - [ownership] ⚠️ H3 conversion failed for feature 32: Unrecognized type: <class 'list'>
2025-07-28 08:20:21,092 - geo_infer_space.core.base_module - WARNING - [ownership] ⚠️ H3 conversion failed for feature 33: Unrecognized type: <class 'list'>
2025-07-28 08:20:21,092 - geo_infer_space.core.base_module - WARNING - [ownership] ⚠️ H3 conversion failed for feature 34: Unrecognized type: <class 'list'>
2025-07-28 08:20:21,093 - geo_infer_space.core.base_module - WARNING - [ownership] ⚠️ H3 conversion failed for feature 35: Unrecognized type: <class 'list'>
2025-07-28 08:20:21,093 - geo_infer_space.core.base_module - WARNING - [ownership] ⚠️ H3 conversion failed for feature 36: Unrecognized type: <class 'list'>
2025-07-28 08:20:21,094 - geo_infer_space.core.base_module - WARNING - [ownership] ⚠️ H3 conversion failed for feature 37: Unrecognized type: <class 'list'>
2025-07-28 08:20:21,095 - geo_infer_space.core.base_module - WARNING - [ownership] ⚠️ H3 conversion failed for feature 38: Unrecognized type: <class 'list'>
2025-07-28 08:20:21,095 - geo_infer_space.core.base_module - WARNING - [ownership] ⚠️ H3 conversion failed for feature 39: Unrecognized type: <class 'list'>
2025-07-28 08:20:21,096 - geo_infer_space.core.base_module - WARNING - [ownership] ⚠️ H3 conversion failed for feature 40: Unrecognized type: <class 'list'>
2025-07-28 08:20:21,097 - geo_infer_space.core.base_module - WARNING - [ownership] ⚠️ H3 conversion failed for feature 41: Unrecognized type: <class 'list'>
2025-07-28 08:20:21,098 - geo_infer_space.core.base_module - WARNING - [ownership] ⚠️ H3 conversion failed for feature 42: Unrecognized type: <class 'list'>
2025-07-28 08:20:21,098 - geo_infer_space.core.base_module - WARNING - [ownership] ⚠️ H3 conversion failed for feature 43: Unrecognized type: <class 'list'>
2025-07-28 08:20:21,099 - geo_infer_space.core.base_module - WARNING - [ownership] ⚠️ H3 conversion failed for feature 44: Unrecognized type: <class 'list'>
2025-07-28 08:20:21,100 - geo_infer_space.core.base_module - WARNING - [ownership] ⚠️ H3 conversion failed for feature 45: Unrecognized type: <class 'list'>
2025-07-28 08:20:21,100 - geo_infer_space.core.base_module - WARNING - [ownership] ⚠️ H3 conversion failed for feature 46: Unrecognized type: <class 'list'>
2025-07-28 08:20:21,101 - geo_infer_space.core.base_module - WARNING - [ownership] ⚠️ H3 conversion failed for feature 47: Unrecognized type: <class 'list'>
2025-07-28 08:20:21,101 - geo_infer_space.core.base_module - WARNING - [ownership] ⚠️ H3 conversion failed for feature 48: Unrecognized type: <class 'list'>
2025-07-28 08:20:21,102 - geo_infer_space.core.base_module - WARNING - [ownership] ⚠️ H3 conversion failed for feature 49: Unrecognized type: <class 'list'>
2025-07-28 08:20:21,102 - geo_infer_space.core.base_module - INFO - [ownership] ✅ Direct processing completed:
2025-07-28 08:20:21,102 - geo_infer_space.core.base_module - INFO - [ownership]   📊 Processed features: 0
2025-07-28 08:20:21,102 - geo_infer_space.core.base_module - INFO - [ownership]   ❌ Failed features: 50
2025-07-28 08:20:21,102 - geo_infer_space.core.base_module - INFO - [ownership]   🎯 H3 cells generated: 0
2025-07-28 08:20:21,102 - geo_infer_space.core.base_module - ERROR - [ownership] ❌ Direct H3 processing failed
2025-07-28 08:20:21,103 - geo_infer_space.core.base_module - ERROR - [ownership] ❌ Direct H3 processing failed
2025-07-28 08:20:21,103 - geo_infer_space.core.base_module - WARNING - [ownership] ⚠️ H3 processing returned empty data
2025-07-28 08:20:21,103 - geo_infer_space.core.base_module - WARNING - [ownership] ⚠️ No H3 data available for final analysis
2025-07-28 08:20:21,103 - geo_infer_space.core.base_module - INFO - [ownership] 📊 ANALYSIS SUMMARY:
2025-07-28 08:20:21,103 - geo_infer_space.core.base_module - INFO - [ownership]   - Cached data used: False
2025-07-28 08:20:21,103 - geo_infer_space.core.base_module - INFO - [ownership]   - Raw data acquired: True
2025-07-28 08:20:21,103 - geo_infer_space.core.base_module - INFO - [ownership]   - H3 cells processed: 0
2025-07-28 08:20:21,103 - geo_infer_space.core.base_module - INFO - [ownership]   - Final analysis completed: False
2025-07-28 08:20:21,103 - geo_infer_space.core.base_module - INFO - [ownership]   - Final results: 0 hexagons
2025-07-28 08:20:21,103 - geo_infer_space.core.base_module - ERROR - [ownership] ❌ CRITICAL: No final results generated!
2025-07-28 08:20:21,103 - geo_infer_space.core.base_module - ERROR - [ownership] 🔍 This indicates a fundamental processing failure.
2025-07-28 08:20:21,103 - geo_infer_space.core.base_module - ERROR - [ownership] 🔍 Check data sources, file paths, and analysis logic.
2025-07-28 08:20:21,104 - geo_infer_place.core.unified_backend - WARNING - [ownership] ⚠️ Analysis returned empty result
2025-07-28 08:20:21,104 - geo_infer_place.core.unified_backend - INFO - [ownership] 📊 Module processing summary:
2025-07-28 08:20:21,104 - geo_infer_place.core.unified_backend - INFO - [ownership]   - Raw data acquired: True
2025-07-28 08:20:21,104 - geo_infer_place.core.unified_backend - INFO - [ownership]   - H3 cells processed: 0
2025-07-28 08:20:21,104 - geo_infer_place.core.unified_backend - INFO - [ownership]   - Final analysis completed: False
2025-07-28 08:20:21,104 - geo_infer_place.core.unified_backend - INFO - ✅ Successfully processed module: OWNERSHIP
2025-07-28 08:20:21,104 - geo_infer_place.core.unified_backend - INFO - --- Processing Module: IMPROVEMENTS with SPACE integration ---
2025-07-28 08:20:21,104 - geo_infer_place.core.unified_backend - INFO - [improvements] Starting real data acquisition...
2025-07-28 08:20:21,104 - improvements.geo_infer_improvements - INFO - [improvements] 🔍 Acquiring raw improvements data...
2025-07-28 08:20:21,104 - improvements.geo_infer_improvements - INFO - [improvements] ✅ Found empirical improvements data: output/data/empirical_improvements_data.geojson
2025-07-28 08:20:21,104 - geo_infer_place.core.unified_backend - INFO - [improvements] ✅ Raw data acquired: output/data/empirical_improvements_data.geojson (88059 bytes)
2025-07-28 08:20:21,105 - geo_infer_place.core.unified_backend - INFO - [improvements] Starting module analysis...
2025-07-28 08:20:21,105 - geo_infer_space.core.base_module - INFO - [improvements] 🚀 Starting real data analysis workflow...
2025-07-28 08:20:21,105 - geo_infer_space.core.base_module - INFO - [improvements] 📁 No cached H3 data found. Starting real data acquisition...
2025-07-28 08:20:21,105 - geo_infer_space.core.base_module - INFO - [improvements] 🔍 Acquiring raw data...
2025-07-28 08:20:21,105 - improvements.geo_infer_improvements - INFO - [improvements] 🔍 Acquiring raw improvements data...
2025-07-28 08:20:21,105 - improvements.geo_infer_improvements - INFO - [improvements] ✅ Found empirical improvements data: output/data/empirical_improvements_data.geojson
2025-07-28 08:20:21,105 - geo_infer_space.core.base_module - INFO - [improvements] ✅ Raw data acquired: output/data/empirical_improvements_data.geojson (88059 bytes)
2025-07-28 08:20:21,105 - geo_infer_space.core.base_module - INFO - [improvements] 🔄 Processing raw data to H3...
2025-07-28 08:20:21,105 - geo_infer_space.core.base_module - INFO - [improvements] 🔄 Using direct H3 processing for output/data/empirical_improvements_data.geojson
2025-07-28 08:20:21,106 - geo_infer_space.core.base_module - INFO - [improvements] 🔄 Using direct H3 processing for output/data/empirical_improvements_data.geojson
2025-07-28 08:20:21,106 - geo_infer_space.core.base_module - INFO - [improvements] 🔄 Starting direct H3 processing for output/data/empirical_improvements_data.geojson
2025-07-28 08:20:21,106 - geo_infer_space.core.base_module - INFO - [improvements] 📁 Loading GeoJSON data...
2025-07-28 08:20:21,121 - geo_infer_space.core.base_module - INFO - [improvements] 📊 Loaded 100 features for direct processing
2025-07-28 08:20:21,121 - geo_infer_space.core.base_module - INFO - [improvements] 🔄 Processing features...
2025-07-28 08:20:21,123 - geo_infer_space.core.base_module - WARNING - [improvements] ⚠️ H3 conversion failed for feature 0: Unrecognized type: <class 'list'>
2025-07-28 08:20:21,124 - geo_infer_space.core.base_module - WARNING - [improvements] ⚠️ H3 conversion failed for feature 1: Unrecognized type: <class 'list'>
2025-07-28 08:20:21,125 - geo_infer_space.core.base_module - WARNING - [improvements] ⚠️ H3 conversion failed for feature 2: Unrecognized type: <class 'list'>
2025-07-28 08:20:21,125 - geo_infer_space.core.base_module - WARNING - [improvements] ⚠️ H3 conversion failed for feature 3: Unrecognized type: <class 'list'>
2025-07-28 08:20:21,126 - geo_infer_space.core.base_module - WARNING - [improvements] ⚠️ H3 conversion failed for feature 4: Unrecognized type: <class 'list'>
2025-07-28 08:20:21,127 - geo_infer_space.core.base_module - WARNING - [improvements] ⚠️ H3 conversion failed for feature 5: Unrecognized type: <class 'list'>
2025-07-28 08:20:21,128 - geo_infer_space.core.base_module - WARNING - [improvements] ⚠️ H3 conversion failed for feature 6: Unrecognized type: <class 'list'>
2025-07-28 08:20:21,129 - geo_infer_space.core.base_module - WARNING - [improvements] ⚠️ H3 conversion failed for feature 7: Unrecognized type: <class 'list'>
2025-07-28 08:20:21,130 - geo_infer_space.core.base_module - WARNING - [improvements] ⚠️ H3 conversion failed for feature 8: Unrecognized type: <class 'list'>
2025-07-28 08:20:21,131 - geo_infer_space.core.base_module - WARNING - [improvements] ⚠️ H3 conversion failed for feature 9: Unrecognized type: <class 'list'>
2025-07-28 08:20:21,133 - geo_infer_space.core.base_module - WARNING - [improvements] ⚠️ H3 conversion failed for feature 10: Unrecognized type: <class 'list'>
2025-07-28 08:20:21,133 - geo_infer_space.core.base_module - WARNING - [improvements] ⚠️ H3 conversion failed for feature 11: Unrecognized type: <class 'list'>
2025-07-28 08:20:21,134 - geo_infer_space.core.base_module - WARNING - [improvements] ⚠️ H3 conversion failed for feature 12: Unrecognized type: <class 'list'>
2025-07-28 08:20:21,135 - geo_infer_space.core.base_module - WARNING - [improvements] ⚠️ H3 conversion failed for feature 13: Unrecognized type: <class 'list'>
2025-07-28 08:20:21,136 - geo_infer_space.core.base_module - WARNING - [improvements] ⚠️ H3 conversion failed for feature 14: Unrecognized type: <class 'list'>
2025-07-28 08:20:21,136 - geo_infer_space.core.base_module - WARNING - [improvements] ⚠️ H3 conversion failed for feature 15: Unrecognized type: <class 'list'>
2025-07-28 08:20:21,137 - geo_infer_space.core.base_module - WARNING - [improvements] ⚠️ H3 conversion failed for feature 16: Unrecognized type: <class 'list'>
2025-07-28 08:20:21,138 - geo_infer_space.core.base_module - WARNING - [improvements] ⚠️ H3 conversion failed for feature 17: Unrecognized type: <class 'list'>
2025-07-28 08:20:21,138 - geo_infer_space.core.base_module - WARNING - [improvements] ⚠️ H3 conversion failed for feature 18: Unrecognized type: <class 'list'>
2025-07-28 08:20:21,139 - geo_infer_space.core.base_module - WARNING - [improvements] ⚠️ H3 conversion failed for feature 19: Unrecognized type: <class 'list'>
2025-07-28 08:20:21,140 - geo_infer_space.core.base_module - WARNING - [improvements] ⚠️ H3 conversion failed for feature 20: Unrecognized type: <class 'list'>
2025-07-28 08:20:21,141 - geo_infer_space.core.base_module - WARNING - [improvements] ⚠️ H3 conversion failed for feature 21: Unrecognized type: <class 'list'>
2025-07-28 08:20:21,142 - geo_infer_space.core.base_module - WARNING - [improvements] ⚠️ H3 conversion failed for feature 22: Unrecognized type: <class 'list'>
2025-07-28 08:20:21,143 - geo_infer_space.core.base_module - WARNING - [improvements] ⚠️ H3 conversion failed for feature 23: Unrecognized type: <class 'list'>
2025-07-28 08:20:21,143 - geo_infer_space.core.base_module - WARNING - [improvements] ⚠️ H3 conversion failed for feature 24: Unrecognized type: <class 'list'>
2025-07-28 08:20:21,144 - geo_infer_space.core.base_module - WARNING - [improvements] ⚠️ H3 conversion failed for feature 25: Unrecognized type: <class 'list'>
2025-07-28 08:20:21,145 - geo_infer_space.core.base_module - WARNING - [improvements] ⚠️ H3 conversion failed for feature 26: Unrecognized type: <class 'list'>
2025-07-28 08:20:21,146 - geo_infer_space.core.base_module - WARNING - [improvements] ⚠️ H3 conversion failed for feature 27: Unrecognized type: <class 'list'>
2025-07-28 08:20:21,147 - geo_infer_space.core.base_module - WARNING - [improvements] ⚠️ H3 conversion failed for feature 28: Unrecognized type: <class 'list'>
2025-07-28 08:20:21,148 - geo_infer_space.core.base_module - WARNING - [improvements] ⚠️ H3 conversion failed for feature 29: Unrecognized type: <class 'list'>
2025-07-28 08:20:21,148 - geo_infer_space.core.base_module - WARNING - [improvements] ⚠️ H3 conversion failed for feature 30: Unrecognized type: <class 'list'>
2025-07-28 08:20:21,149 - geo_infer_space.core.base_module - WARNING - [improvements] ⚠️ H3 conversion failed for feature 31: Unrecognized type: <class 'list'>
2025-07-28 08:20:21,150 - geo_infer_space.core.base_module - WARNING - [improvements] ⚠️ H3 conversion failed for feature 32: Unrecognized type: <class 'list'>
2025-07-28 08:20:21,150 - geo_infer_space.core.base_module - WARNING - [improvements] ⚠️ H3 conversion failed for feature 33: Unrecognized type: <class 'list'>
2025-07-28 08:20:21,151 - geo_infer_space.core.base_module - WARNING - [improvements] ⚠️ H3 conversion failed for feature 34: Unrecognized type: <class 'list'>
2025-07-28 08:20:21,152 - geo_infer_space.core.base_module - WARNING - [improvements] ⚠️ H3 conversion failed for feature 35: Unrecognized type: <class 'list'>
2025-07-28 08:20:21,153 - geo_infer_space.core.base_module - WARNING - [improvements] ⚠️ H3 conversion failed for feature 36: Unrecognized type: <class 'list'>
2025-07-28 08:20:21,153 - geo_infer_space.core.base_module - WARNING - [improvements] ⚠️ H3 conversion failed for feature 37: Unrecognized type: <class 'list'>
2025-07-28 08:20:21,154 - geo_infer_space.core.base_module - WARNING - [improvements] ⚠️ H3 conversion failed for feature 38: Unrecognized type: <class 'list'>
2025-07-28 08:20:21,155 - geo_infer_space.core.base_module - WARNING - [improvements] ⚠️ H3 conversion failed for feature 39: Unrecognized type: <class 'list'>
2025-07-28 08:20:21,155 - geo_infer_space.core.base_module - WARNING - [improvements] ⚠️ H3 conversion failed for feature 40: Unrecognized type: <class 'list'>
2025-07-28 08:20:21,156 - geo_infer_space.core.base_module - WARNING - [improvements] ⚠️ H3 conversion failed for feature 41: Unrecognized type: <class 'list'>
2025-07-28 08:20:21,156 - geo_infer_space.core.base_module - WARNING - [improvements] ⚠️ H3 conversion failed for feature 42: Unrecognized type: <class 'list'>
2025-07-28 08:20:21,157 - geo_infer_space.core.base_module - WARNING - [improvements] ⚠️ H3 conversion failed for feature 43: Unrecognized type: <class 'list'>
2025-07-28 08:20:21,158 - geo_infer_space.core.base_module - WARNING - [improvements] ⚠️ H3 conversion failed for feature 44: Unrecognized type: <class 'list'>
2025-07-28 08:20:21,159 - geo_infer_space.core.base_module - WARNING - [improvements] ⚠️ H3 conversion failed for feature 45: Unrecognized type: <class 'list'>
2025-07-28 08:20:21,159 - geo_infer_space.core.base_module - WARNING - [improvements] ⚠️ H3 conversion failed for feature 46: Unrecognized type: <class 'list'>
2025-07-28 08:20:21,160 - geo_infer_space.core.base_module - WARNING - [improvements] ⚠️ H3 conversion failed for feature 47: Unrecognized type: <class 'list'>
2025-07-28 08:20:21,160 - geo_infer_space.core.base_module - WARNING - [improvements] ⚠️ H3 conversion failed for feature 48: Unrecognized type: <class 'list'>
2025-07-28 08:20:21,161 - geo_infer_space.core.base_module - WARNING - [improvements] ⚠️ H3 conversion failed for feature 49: Unrecognized type: <class 'list'>
2025-07-28 08:20:21,161 - geo_infer_space.core.base_module - WARNING - [improvements] ⚠️ H3 conversion failed for feature 50: Unrecognized type: <class 'list'>
2025-07-28 08:20:21,161 - geo_infer_space.core.base_module - WARNING - [improvements] ⚠️ H3 conversion failed for feature 51: Unrecognized type: <class 'list'>
2025-07-28 08:20:21,162 - geo_infer_space.core.base_module - WARNING - [improvements] ⚠️ H3 conversion failed for feature 52: Unrecognized type: <class 'list'>
2025-07-28 08:20:21,162 - geo_infer_space.core.base_module - WARNING - [improvements] ⚠️ H3 conversion failed for feature 53: Unrecognized type: <class 'list'>
2025-07-28 08:20:21,163 - geo_infer_space.core.base_module - WARNING - [improvements] ⚠️ H3 conversion failed for feature 54: Unrecognized type: <class 'list'>
2025-07-28 08:20:21,163 - geo_infer_space.core.base_module - WARNING - [improvements] ⚠️ H3 conversion failed for feature 55: Unrecognized type: <class 'list'>
2025-07-28 08:20:21,164 - geo_infer_space.core.base_module - WARNING - [improvements] ⚠️ H3 conversion failed for feature 56: Unrecognized type: <class 'list'>
2025-07-28 08:20:21,165 - geo_infer_space.core.base_module - WARNING - [improvements] ⚠️ H3 conversion failed for feature 57: Unrecognized type: <class 'list'>
2025-07-28 08:20:21,166 - geo_infer_space.core.base_module - WARNING - [improvements] ⚠️ H3 conversion failed for feature 58: Unrecognized type: <class 'list'>
2025-07-28 08:20:21,167 - geo_infer_space.core.base_module - WARNING - [improvements] ⚠️ H3 conversion failed for feature 59: Unrecognized type: <class 'list'>
2025-07-28 08:20:21,167 - geo_infer_space.core.base_module - WARNING - [improvements] ⚠️ H3 conversion failed for feature 60: Unrecognized type: <class 'list'>
2025-07-28 08:20:21,168 - geo_infer_space.core.base_module - WARNING - [improvements] ⚠️ H3 conversion failed for feature 61: Unrecognized type: <class 'list'>
2025-07-28 08:20:21,169 - geo_infer_space.core.base_module - WARNING - [improvements] ⚠️ H3 conversion failed for feature 62: Unrecognized type: <class 'list'>
2025-07-28 08:20:21,170 - geo_infer_space.core.base_module - WARNING - [improvements] ⚠️ H3 conversion failed for feature 63: Unrecognized type: <class 'list'>
2025-07-28 08:20:21,170 - geo_infer_space.core.base_module - WARNING - [improvements] ⚠️ H3 conversion failed for feature 64: Unrecognized type: <class 'list'>
2025-07-28 08:20:21,171 - geo_infer_space.core.base_module - WARNING - [improvements] ⚠️ H3 conversion failed for feature 65: Unrecognized type: <class 'list'>
2025-07-28 08:20:21,171 - geo_infer_space.core.base_module - WARNING - [improvements] ⚠️ H3 conversion failed for feature 66: Unrecognized type: <class 'list'>
2025-07-28 08:20:21,172 - geo_infer_space.core.base_module - WARNING - [improvements] ⚠️ H3 conversion failed for feature 67: Unrecognized type: <class 'list'>
2025-07-28 08:20:21,172 - geo_infer_space.core.base_module - WARNING - [improvements] ⚠️ H3 conversion failed for feature 68: Unrecognized type: <class 'list'>
2025-07-28 08:20:21,173 - geo_infer_space.core.base_module - WARNING - [improvements] ⚠️ H3 conversion failed for feature 69: Unrecognized type: <class 'list'>
2025-07-28 08:20:21,174 - geo_infer_space.core.base_module - WARNING - [improvements] ⚠️ H3 conversion failed for feature 70: Unrecognized type: <class 'list'>
2025-07-28 08:20:21,175 - geo_infer_space.core.base_module - WARNING - [improvements] ⚠️ H3 conversion failed for feature 71: Unrecognized type: <class 'list'>
2025-07-28 08:20:21,175 - geo_infer_space.core.base_module - WARNING - [improvements] ⚠️ H3 conversion failed for feature 72: Unrecognized type: <class 'list'>
2025-07-28 08:20:21,176 - geo_infer_space.core.base_module - WARNING - [improvements] ⚠️ H3 conversion failed for feature 73: Unrecognized type: <class 'list'>
2025-07-28 08:20:21,177 - geo_infer_space.core.base_module - WARNING - [improvements] ⚠️ H3 conversion failed for feature 74: Unrecognized type: <class 'list'>
2025-07-28 08:20:21,177 - geo_infer_space.core.base_module - WARNING - [improvements] ⚠️ H3 conversion failed for feature 75: Unrecognized type: <class 'list'>
2025-07-28 08:20:21,177 - geo_infer_space.core.base_module - WARNING - [improvements] ⚠️ H3 conversion failed for feature 76: Unrecognized type: <class 'list'>
2025-07-28 08:20:21,178 - geo_infer_space.core.base_module - WARNING - [improvements] ⚠️ H3 conversion failed for feature 77: Unrecognized type: <class 'list'>
2025-07-28 08:20:21,178 - geo_infer_space.core.base_module - WARNING - [improvements] ⚠️ H3 conversion failed for feature 78: Unrecognized type: <class 'list'>
2025-07-28 08:20:21,179 - geo_infer_space.core.base_module - WARNING - [improvements] ⚠️ H3 conversion failed for feature 79: Unrecognized type: <class 'list'>
2025-07-28 08:20:21,179 - geo_infer_space.core.base_module - WARNING - [improvements] ⚠️ H3 conversion failed for feature 80: Unrecognized type: <class 'list'>
2025-07-28 08:20:21,180 - geo_infer_space.core.base_module - WARNING - [improvements] ⚠️ H3 conversion failed for feature 81: Unrecognized type: <class 'list'>
2025-07-28 08:20:21,181 - geo_infer_space.core.base_module - WARNING - [improvements] ⚠️ H3 conversion failed for feature 82: Unrecognized type: <class 'list'>
2025-07-28 08:20:21,181 - geo_infer_space.core.base_module - WARNING - [improvements] ⚠️ H3 conversion failed for feature 83: Unrecognized type: <class 'list'>
2025-07-28 08:20:21,182 - geo_infer_space.core.base_module - WARNING - [improvements] ⚠️ H3 conversion failed for feature 84: Unrecognized type: <class 'list'>
2025-07-28 08:20:21,183 - geo_infer_space.core.base_module - WARNING - [improvements] ⚠️ H3 conversion failed for feature 85: Unrecognized type: <class 'list'>
2025-07-28 08:20:21,183 - geo_infer_space.core.base_module - WARNING - [improvements] ⚠️ H3 conversion failed for feature 86: Unrecognized type: <class 'list'>
2025-07-28 08:20:21,184 - geo_infer_space.core.base_module - WARNING - [improvements] ⚠️ H3 conversion failed for feature 87: Unrecognized type: <class 'list'>
2025-07-28 08:20:21,184 - geo_infer_space.core.base_module - WARNING - [improvements] ⚠️ H3 conversion failed for feature 88: Unrecognized type: <class 'list'>
2025-07-28 08:20:21,185 - geo_infer_space.core.base_module - WARNING - [improvements] ⚠️ H3 conversion failed for feature 89: Unrecognized type: <class 'list'>
2025-07-28 08:20:21,186 - geo_infer_space.core.base_module - WARNING - [improvements] ⚠️ H3 conversion failed for feature 90: Unrecognized type: <class 'list'>
2025-07-28 08:20:21,186 - geo_infer_space.core.base_module - WARNING - [improvements] ⚠️ H3 conversion failed for feature 91: Unrecognized type: <class 'list'>
2025-07-28 08:20:21,186 - geo_infer_space.core.base_module - WARNING - [improvements] ⚠️ H3 conversion failed for feature 92: Unrecognized type: <class 'list'>
2025-07-28 08:20:21,187 - geo_infer_space.core.base_module - WARNING - [improvements] ⚠️ H3 conversion failed for feature 93: Unrecognized type: <class 'list'>
2025-07-28 08:20:21,187 - geo_infer_space.core.base_module - WARNING - [improvements] ⚠️ H3 conversion failed for feature 94: Unrecognized type: <class 'list'>
2025-07-28 08:20:21,188 - geo_infer_space.core.base_module - WARNING - [improvements] ⚠️ H3 conversion failed for feature 95: Unrecognized type: <class 'list'>
2025-07-28 08:20:21,188 - geo_infer_space.core.base_module - WARNING - [improvements] ⚠️ H3 conversion failed for feature 96: Unrecognized type: <class 'list'>
2025-07-28 08:20:21,189 - geo_infer_space.core.base_module - WARNING - [improvements] ⚠️ H3 conversion failed for feature 97: Unrecognized type: <class 'list'>
2025-07-28 08:20:21,190 - geo_infer_space.core.base_module - WARNING - [improvements] ⚠️ H3 conversion failed for feature 98: Unrecognized type: <class 'list'>
2025-07-28 08:20:21,191 - geo_infer_space.core.base_module - WARNING - [improvements] ⚠️ H3 conversion failed for feature 99: Unrecognized type: <class 'list'>
2025-07-28 08:20:21,191 - geo_infer_space.core.base_module - INFO - [improvements] ✅ Direct processing completed:
2025-07-28 08:20:21,191 - geo_infer_space.core.base_module - INFO - [improvements]   📊 Processed features: 0
2025-07-28 08:20:21,191 - geo_infer_space.core.base_module - INFO - [improvements]   ❌ Failed features: 100
2025-07-28 08:20:21,192 - geo_infer_space.core.base_module - INFO - [improvements]   🎯 H3 cells generated: 0
2025-07-28 08:20:21,192 - geo_infer_space.core.base_module - ERROR - [improvements] ❌ Direct H3 processing failed
2025-07-28 08:20:21,192 - geo_infer_space.core.base_module - ERROR - [improvements] ❌ Direct H3 processing failed
2025-07-28 08:20:21,192 - geo_infer_space.core.base_module - WARNING - [improvements] ⚠️ H3 processing returned empty data
2025-07-28 08:20:21,192 - geo_infer_space.core.base_module - WARNING - [improvements] ⚠️ No H3 data available for final analysis
2025-07-28 08:20:21,192 - geo_infer_space.core.base_module - INFO - [improvements] 📊 ANALYSIS SUMMARY:
2025-07-28 08:20:21,192 - geo_infer_space.core.base_module - INFO - [improvements]   - Cached data used: False
2025-07-28 08:20:21,192 - geo_infer_space.core.base_module - INFO - [improvements]   - Raw data acquired: True
2025-07-28 08:20:21,192 - geo_infer_space.core.base_module - INFO - [improvements]   - H3 cells processed: 0
2025-07-28 08:20:21,192 - geo_infer_space.core.base_module - INFO - [improvements]   - Final analysis completed: False
2025-07-28 08:20:21,192 - geo_infer_space.core.base_module - INFO - [improvements]   - Final results: 0 hexagons
2025-07-28 08:20:21,193 - geo_infer_space.core.base_module - ERROR - [improvements] ❌ CRITICAL: No final results generated!
2025-07-28 08:20:21,193 - geo_infer_space.core.base_module - ERROR - [improvements] 🔍 This indicates a fundamental processing failure.
2025-07-28 08:20:21,193 - geo_infer_space.core.base_module - ERROR - [improvements] 🔍 Check data sources, file paths, and analysis logic.
2025-07-28 08:20:21,193 - geo_infer_place.core.unified_backend - WARNING - [improvements] ⚠️ Analysis returned empty result
2025-07-28 08:20:21,193 - geo_infer_place.core.unified_backend - INFO - [improvements] 📊 Module processing summary:
2025-07-28 08:20:21,193 - geo_infer_place.core.unified_backend - INFO - [improvements]   - Raw data acquired: True
2025-07-28 08:20:21,193 - geo_infer_place.core.unified_backend - INFO - [improvements]   - H3 cells processed: 0
2025-07-28 08:20:21,193 - geo_infer_place.core.unified_backend - INFO - [improvements]   - Final analysis completed: False
2025-07-28 08:20:21,193 - geo_infer_place.core.unified_backend - INFO - ✅ Successfully processed module: IMPROVEMENTS
2025-07-28 08:20:21,193 - geo_infer_place.core.unified_backend - INFO - 📊 COMPREHENSIVE DATA ACQUISITION SUMMARY:
2025-07-28 08:20:21,193 - geo_infer_place.core.unified_backend - INFO - 📊 ZONING:
2025-07-28 08:20:21,193 - geo_infer_place.core.unified_backend - INFO -    - Raw data acquired: True
2025-07-28 08:20:21,193 - geo_infer_place.core.unified_backend - INFO -    - H3 cells processed: 0
2025-07-28 08:20:21,193 - geo_infer_place.core.unified_backend - INFO -    - Final analysis completed: False
2025-07-28 08:20:21,194 - geo_infer_place.core.unified_backend - INFO -    - Errors: 0
2025-07-28 08:20:21,194 - geo_infer_place.core.unified_backend - INFO - 📊 CURRENT_USE:
2025-07-28 08:20:21,194 - geo_infer_place.core.unified_backend - INFO -    - Raw data acquired: True
2025-07-28 08:20:21,194 - geo_infer_place.core.unified_backend - INFO -    - H3 cells processed: 0
2025-07-28 08:20:21,194 - geo_infer_place.core.unified_backend - INFO -    - Final analysis completed: False
2025-07-28 08:20:21,194 - geo_infer_place.core.unified_backend - INFO -    - Errors: 0
2025-07-28 08:20:21,194 - geo_infer_place.core.unified_backend - INFO - 📊 OWNERSHIP:
2025-07-28 08:20:21,194 - geo_infer_place.core.unified_backend - INFO -    - Raw data acquired: True
2025-07-28 08:20:21,194 - geo_infer_place.core.unified_backend - INFO -    - H3 cells processed: 0
2025-07-28 08:20:21,194 - geo_infer_place.core.unified_backend - INFO -    - Final analysis completed: False
2025-07-28 08:20:21,194 - geo_infer_place.core.unified_backend - INFO -    - Errors: 0
2025-07-28 08:20:21,194 - geo_infer_place.core.unified_backend - INFO - 📊 IMPROVEMENTS:
2025-07-28 08:20:21,194 - geo_infer_place.core.unified_backend - INFO -    - Raw data acquired: True
2025-07-28 08:20:21,194 - geo_infer_place.core.unified_backend - INFO -    - H3 cells processed: 0
2025-07-28 08:20:21,194 - geo_infer_place.core.unified_backend - INFO -    - Final analysis completed: False
2025-07-28 08:20:21,195 - geo_infer_place.core.unified_backend - INFO -    - Errors: 0
2025-07-28 08:20:21,195 - geo_infer_place.core.unified_backend - INFO - 📊 OVERALL SUMMARY:
2025-07-28 08:20:21,195 - geo_infer_place.core.unified_backend - INFO -    - Modules with data: 0/4
2025-07-28 08:20:21,195 - geo_infer_place.core.unified_backend - INFO -    - Total hexagons processed: 0
2025-07-28 08:20:21,195 - geo_infer_place.core.unified_backend - INFO -    - Target hexagons: 7749
2025-07-28 08:20:21,195 - geo_infer_place.core.unified_backend - ERROR - ❌ CRITICAL: No hexagons processed by any module!
2025-07-28 08:20:21,195 - geo_infer_place.core.unified_backend - ERROR - 🔍 This indicates a fundamental data acquisition or processing failure.
2025-07-28 08:20:21,195 - geo_infer_place.core.unified_backend - ERROR - 🔍 Check module data sources, file paths, and processing logic.
2025-07-28 08:20:21,195 - geo_infer_place.core.unified_backend - INFO - Aggregating results from all modules using SPACE utilities...
2025-07-28 08:20:21,429 - geo_infer_place.core.unified_backend - INFO - ✅ Aggregated data for 7749 hexagons from 4 modules using SPACE utilities.
2025-07-28 08:20:21,429 - geo_infer_place.core.unified_backend - INFO - Performing enhanced spatial analysis with SPACE utilities...
2025-07-28 08:20:21,429 - geo_infer_place.core.unified_backend - INFO - Performing spatial analysis with SPACE integration...
2025-07-28 08:20:21,429 - geo_infer_place.core.unified_backend - INFO - Analyzing spatial correlations between modules...
2025-07-28 08:20:21,457 - geo_infer_place.core.unified_backend - DEBUG - Spatial correlation zoning-current_use: nan
2025-07-28 08:20:21,459 - geo_infer_place.core.unified_backend - DEBUG - Spatial correlation zoning-ownership: nan
2025-07-28 08:20:21,460 - geo_infer_place.core.unified_backend - DEBUG - Spatial correlation zoning-improvements: nan
2025-07-28 08:20:21,461 - geo_infer_place.core.unified_backend - DEBUG - Spatial correlation current_use-ownership: nan
2025-07-28 08:20:21,463 - geo_infer_place.core.unified_backend - DEBUG - Spatial correlation current_use-improvements: nan
2025-07-28 08:20:21,464 - geo_infer_place.core.unified_backend - DEBUG - Spatial correlation ownership-improvements: nan
2025-07-28 08:20:21,465 - geo_infer_place.core.unified_backend - INFO - ✅ Calculated 6 spatial correlations
2025-07-28 08:20:21,465 - geo_infer_place.core.unified_backend - INFO - Analyzing hotspots using SPACE utilities...
2025-07-28 08:20:21,472 - geo_infer_place.core.unified_backend - INFO - ✅ Identified 0 hotspots with threshold 0.000
2025-07-28 08:20:21,473 - geo_infer_place.core.unified_backend - INFO - Analyzing spatial relationships using SPACE spatial processor...
2025-07-28 08:20:22,056 - geo_infer_place.core.unified_backend - INFO - ✅ Spatial relationship analysis completed for 7749 features
2025-07-28 08:20:22,074 - geo_infer_place.core.unified_backend - INFO - ✅ Spatial analysis completed successfully
2025-07-28 08:20:22,074 - geo_infer_place.core.unified_backend - INFO - ✅ Enhanced comprehensive analysis complete. All module data has been aggregated and spatially analyzed.
2025-07-28 08:20:22,075 - __main__ - INFO - 📊 Post-analysis data acquisition summary:
2025-07-28 08:20:22,076 - __main__ - INFO -   ✅ zoning: 1 processed data files
2025-07-28 08:20:22,076 - __main__ - INFO -   ✅ current_use: 1 processed data files
2025-07-28 08:20:22,076 - __main__ - INFO -   ✅ ownership: 1 processed data files
2025-07-28 08:20:22,077 - __main__ - INFO -   ✅ improvements: 1 processed data files
2025-07-28 08:20:22,077 - __main__ - INFO - 📊 Comprehensive analysis completed in 1.1 seconds
2025-07-28 08:20:22,077 - __main__ - INFO - 📊 Data acquisition summary: {'zoning': 1, 'current_use': 1, 'ownership': 1, 'improvements': 1}
2025-07-28 08:20:22,077 - __main__ - INFO - Step 2: Calculating agricultural redevelopment potential...
2025-07-28 08:20:22,077 - __main__ - INFO -   ✅ zoning: 1 hexagons with real data
2025-07-28 08:20:22,077 - __main__ - INFO -   ✅ current_use: 1 hexagons with real data
2025-07-28 08:20:22,077 - __main__ - INFO -   ✅ ownership: 1 hexagons with real data
2025-07-28 08:20:22,078 - __main__ - INFO -   ✅ improvements: 1 hexagons with real data
2025-07-28 08:20:22,078 - geo_infer_place.core.unified_backend - INFO - Calculating enhanced agricultural redevelopment potential scores with SPACE integration...
2025-07-28 08:20:22,833 - geo_infer_place.core.unified_backend - INFO - ✅ Calculated enhanced redevelopment scores for 7749 hexagons with SPACE integration.
2025-07-28 08:20:22,833 - __main__ - INFO - 📊 Redevelopment calculation completed in 0.8 seconds
2025-07-28 08:20:22,843 - __main__ - INFO - 📊 Redevelopment scores: min=0.108, max=0.108, mean=0.108
2025-07-28 08:20:22,844 - __main__ - INFO - 📊 Non-zero redevelopment scores: 7749 out of 7749
2025-07-28 08:20:22,844 - __main__ - INFO - Step 3: Generating comprehensive summary...
2025-07-28 08:20:22,864 - __main__ - INFO - 📊 Summary generated with 9 keys
2025-07-28 08:20:22,865 - __main__ - INFO - 📊 Modules analyzed: ['zoning', 'current_use', 'ownership', 'improvements']
2025-07-28 08:20:22,865 - __main__ - INFO - 📊 Total hexagons: 7749
2025-07-28 08:20:22,865 - __main__ - INFO - 📊 Summary generation completed in 0.0 seconds
2025-07-28 08:20:22,865 - __main__ - INFO - 📊 Total analysis time: 1.9 seconds
2025-07-28 08:20:22,866 - __main__ - INFO - Step 4: Exporting analysis results...
2025-07-28 08:20:24,993 - geo_infer_place.core.unified_backend - INFO - ✅ Enhanced GeoJSON export completed with 7749 features
2025-07-28 08:20:25,003 - geo_infer_place.core.unified_backend - INFO - ✅ Successfully exported enhanced unified data to output/cascadia_unified_data_20250728_082022.geojson
2025-07-28 08:20:25,008 - __main__ - INFO - 📊 Data export completed in 2.1 seconds
2025-07-28 08:20:25,452 - __main__ - INFO - Exported redevelopment scores to output/cascadia_redevelopment_scores_20250728_082022.json
2025-07-28 08:20:25,453 - __main__ - INFO - Exported summary to output/cascadia_summary_20250728_082022.json
2025-07-28 08:20:25,453 - __main__ - INFO - Step 5: Generating enhanced analysis reports and dashboards...
2025-07-28 08:20:25,453 - __main__ - INFO - Generating enhanced analysis report to output/cascadia_analysis_report_20250728_082022.md...
2025-07-28 08:20:25,453 - __main__ - INFO - ✅ Analysis report generated: output/cascadia_analysis_report_20250728_082022.md
2025-07-28 08:20:25,454 - __main__ - INFO - Generating spatial analysis report with SPACE integration...
2025-07-28 08:20:25,454 - __main__ - INFO - Initializing SPACE spatial processor...
2025-07-28 08:20:25,454 - __main__ - INFO - ✅ Spatial processor initialized successfully
2025-07-28 08:20:25,489 - __main__ - INFO - ✅ Spatial analysis report generated: output/cascadia_spatial_analysis_20250728_082025.md
2025-07-28 08:20:25,489 - __main__ - INFO - Spatial analysis report: output/cascadia_spatial_analysis_20250728_082025.md
2025-07-28 08:20:25,489 - __main__ - INFO - 🎨 Generating enhanced interactive dashboard with SPACE visualization...
2025-07-28 08:20:25,490 - geo_infer_place.core.unified_backend - INFO - Calculating enhanced agricultural redevelopment potential scores with SPACE integration...
2025-07-28 08:20:26,334 - geo_infer_place.core.unified_backend - INFO - ✅ Calculated enhanced redevelopment scores for 7749 hexagons with SPACE integration.
2025-07-28 08:20:26,334 - geo_infer_space.core.visualization_engine - INFO - 🎨 Creating comprehensive interactive dashboard...
2025-07-28 08:20:26,342 - geo_infer_space.core.visualization_engine - INFO - Adding cross-domain integration layers...
2025-07-28 08:20:26,741 - geo_infer_space.core.visualization_engine - INFO - ✅ Comprehensive dashboard saved to: output/comprehensive_dashboard_20250728_082026.html
2025-07-28 08:20:26,741 - __main__ - INFO - ✅ Enhanced dashboard generated: output/comprehensive_dashboard_20250728_082026.html
2025-07-28 08:20:26,741 - __main__ - INFO - Enhanced dashboard: output/comprehensive_dashboard_20250728_082026.html
2025-07-28 08:20:27,546 - geo_infer_place.core.unified_backend - INFO - Generating enhanced interactive dashboard centered at [-123.99991771994073, 41.69997581404757]...
