2025-07-27 18:09:21,224 - __main__ - INFO - Enhanced Cascadia Analysis Framework initialized with SPACE integration
2025-07-27 18:09:21,225 - __main__ - INFO - Log file: output/cascadia_analysis_20250727_180921.log
2025-07-27 18:09:21,225 - __main__ - INFO - 🚀 Starting Enhanced Cascadia Analysis Framework with SPACE Integration
2025-07-27 18:09:21,225 - __main__ - INFO - Arguments: {'resolution': 8, 'output_dir': './output', 'export_format': 'geojson', 'counties': 'all', 'modules': 'all', 'verbose': True, 'check_deps': False, 'enhanced_viz': False, 'real_time': False, 'spatial_analysis': True, 'generate_dashboard': True}
2025-07-27 18:09:21,225 - __main__ - INFO - Initializing SPACE spatial processor...
2025-07-27 18:09:21,225 - __main__ - INFO - ✅ Spatial processor initialized successfully
2025-07-27 18:09:21,225 - __main__ - INFO - ✅ Spatial processor initialized
2025-07-27 18:09:21,225 - __main__ - INFO - Initializing SPACE visualization engine...
2025-07-27 18:09:21,225 - geo_infer_space.core.visualization_engine - INFO - InteractiveVisualizationEngine initialized
2025-07-27 18:09:21,225 - geo_infer_space.core.visualization_engine - INFO - Location center: (41.500, -124.000)
2025-07-27 18:09:21,225 - geo_infer_space.core.visualization_engine - INFO - H3 resolution: 8
2025-07-27 18:09:21,226 - __main__ - INFO - ✅ Visualization engine initialized successfully
2025-07-27 18:09:21,226 - __main__ - INFO - ✅ Visualization engine initialized
2025-07-27 18:09:21,270 - __main__ - INFO - Loaded analysis configuration from config/analysis_config.yaml
2025-07-27 18:09:21,270 - __main__ - INFO - Target counties: {'CA': ['Lassen'], 'OR': [], 'WA': []}
2025-07-27 18:09:21,271 - __main__ - INFO - Active modules: ['zoning', 'current_use', 'ownership', 'improvements']
2025-07-27 18:09:21,271 - __main__ - INFO - 🔧 Creating shared backend for all modules...
2025-07-27 18:09:24,515 - geo_infer_place.core.unified_backend - INFO - Successfully initialized H3DataLoader from GEO-INFER-SPACE.
2025-07-27 18:09:24,520 - geo_infer_place.core.unified_backend - INFO - Generating new region data (not in cache)
2025-07-27 18:09:24,521 - geo_infer_place.core.unified_backend - INFO - Loading county geometries with boundary loader...
2025-07-27 18:09:24,595 - county_boundary_loader - INFO - Loaded county boundaries configuration from /home/trim/Documents/GitHub/GEO-INFER/GEO-INFER-PLACE/locations/cascadia/config/county_boundaries.yaml
2025-07-27 18:09:24,770 - county_boundary_loader - INFO - Loaded geometry for ca_lassen from /home/trim/Documents/GitHub/GEO-INFER/GEO-INFER-PLACE/locations/cascadia/config/ca_lassen_boundary.geojson
2025-07-27 18:09:24,771 - geo_infer_place.core.unified_backend - INFO - Loaded 1 county geometries using boundary loader
2025-07-27 18:09:24,771 - geo_infer_place.core.unified_backend - INFO - Generating hexagons for Lassen, CA using SPACE utilities...
2025-07-27 18:09:24,771 - geo_infer_place.core.unified_backend - DEBUG - Geometry type: <class 'shapely.geometry.polygon.Polygon'>, Geometry: POLYGON ((-121.5 40, -119.5 40, -119.5 41.2, -121.5 41.2, -121.5 40))
2025-07-27 18:09:24,777 - geo_infer_place.core.unified_backend - DEBUG - Converted to GeoJSON: {'type': 'Polygon', 'coordinates': (((-121.5, 40.0), (-119.5, 40.0), (-119.5, 41.2), (-121.5, 41.2), (-121.5, 40.0)),)}
2025-07-27 18:09:24,952 - geo_infer_place.core.unified_backend - INFO - Generated 30021 hexagons for Lassen, CA
2025-07-27 18:09:25,056 - geo_infer_place.core.unified_backend - INFO - ✅ Generated 30021 H3 hexagons using SPACE utilities
2025-07-27 18:09:25,066 - geo_infer_place.core.unified_backend - WARNING - Failed to save to cache: 'list' object has no attribute 'items'
2025-07-27 18:09:25,068 - geo_infer_place.core.unified_backend - WARNING - Failed to initialize UnifiedH3Backend: 'list' object has no attribute 'keys'
2025-07-27 18:09:25,069 - geo_infer_space.utils.config_loader - INFO - Config loader initialized with directory: /home/trim/Documents/GitHub/GEO-INFER/GEO-INFER-SPACE/src/config
2025-07-27 18:09:25,070 - geo_infer_space.utils.config_loader - WARNING - Location config not found: /home/trim/Documents/GitHub/GEO-INFER/GEO-INFER-SPACE/src/config/cascadia.yaml
2025-07-27 18:09:25,070 - geo_infer_space.utils.config_loader - DEBUG - Configuration validation passed
2025-07-27 18:09:25,072 - geo_infer_place.core.unified_backend - INFO - ✅ Cascadia configuration loaded successfully
2025-07-27 18:09:25,072 - geo_infer_place.core.unified_backend - INFO - Loading county geometries with boundary loader...
2025-07-27 18:09:25,124 - county_boundary_loader - INFO - Loaded county boundaries configuration from /home/trim/Documents/GitHub/GEO-INFER/GEO-INFER-PLACE/locations/cascadia/config/county_boundaries.yaml
2025-07-27 18:09:25,138 - county_boundary_loader - INFO - Loaded geometry for ca_lassen from /home/trim/Documents/GitHub/GEO-INFER/GEO-INFER-PLACE/locations/cascadia/config/ca_lassen_boundary.geojson
2025-07-27 18:09:25,139 - geo_infer_place.core.unified_backend - INFO - Loaded 1 county geometries using boundary loader
2025-07-27 18:09:25,139 - geo_infer_place.core.unified_backend - INFO - Generating hexagons for Lassen, CA using SPACE utilities...
2025-07-27 18:09:25,139 - geo_infer_place.core.unified_backend - DEBUG - Geometry type: <class 'shapely.geometry.polygon.Polygon'>, Geometry: POLYGON ((-121.5 40, -119.5 40, -119.5 41.2, -121.5 41.2, -121.5 40))
2025-07-27 18:09:25,144 - geo_infer_place.core.unified_backend - DEBUG - Converted to GeoJSON: {'type': 'Polygon', 'coordinates': (((-121.5, 40.0), (-119.5, 40.0), (-119.5, 41.2), (-121.5, 41.2), (-121.5, 40.0)),)}
2025-07-27 18:09:25,290 - geo_infer_place.core.unified_backend - INFO - Generated 30021 hexagons for Lassen, CA
2025-07-27 18:09:25,325 - geo_infer_place.core.unified_backend - INFO - ✅ Generated 30021 H3 hexagons using SPACE utilities
2025-07-27 18:09:25,327 - geo_infer_place.core.unified_backend - INFO - Enhanced CascadianAgriculturalH3Backend initialized for 'Cascadia' with 0 active modules at H3 resolution 8
2025-07-27 18:09:25,327 - geo_infer_place.core.unified_backend - INFO - Active modules: []
2025-07-27 18:09:25,328 - geo_infer_place.core.unified_backend - INFO - Defined 30021 total target hexagons across 1 states.
2025-07-27 18:09:25,328 - geo_infer_place.core.unified_backend - INFO - SPACE integration: Spatial processor, data integrator, and visualization engine available
2025-07-27 18:09:25,334 - __main__ - INFO - ✅ Shared backend created with 30021 target hexagons
2025-07-27 18:09:25,335 - __main__ - ERROR - ❌ Failed to initialize zoning module: 'CascadianAgriculturalH3Backend' object has no attribute 'base_data_dir'
2025-07-27 18:09:25,336 - __main__ - ERROR - ❌ Failed to initialize current use module: 'CascadianAgriculturalH3Backend' object has no attribute 'base_data_dir'
2025-07-27 18:09:25,336 - __main__ - ERROR - ❌ Failed to initialize ownership module: 'CascadianAgriculturalH3Backend' object has no attribute 'base_data_dir'
2025-07-27 18:09:25,336 - __main__ - ERROR - ❌ Failed to initialize improvements module: 'CascadianAgriculturalH3Backend' object has no attribute 'base_data_dir'
2025-07-27 18:09:25,337 - __main__ - ERROR - ❌ No modules could be initialized. Exiting.
